formulaire009-equation061.png 240
formulaire009-equation065.png 241
formulaire009-equation073.png 242
formulaire010-equation009.png 243
formulaire010-equation018.png 244
formulaire010-equation019.png 245
formulaire010-equation028.png 246
formulaire010-equation030.png 247
formulaire010-equation031.png 248
formulaire010-equation036.png 249
formulaire010-equation038.png 250
formulaire010-equation045.png 251
formulaire010-equation052.png 252
formulaire010-equation057.png 253
formulaire010-equation058.png 254
formulaire010-equation065.png 255
formulaire010-equation067.png 256
formulaire010-equation072.png 257
formulaire011-equation000.png 258
formulaire011-equation003.png 259
formulaire011-equation005.png 260
formulaire011-equation006.png 261
formulaire011-equation015.png 262
formulaire011-equation021.png 263
formulaire011-equation022.png 264
formulaire011-equation023.png 265
formulaire011-equation025.png 266
formulaire011-equation026.png 267
formulaire011-equation033.png 268
formulaire011-equation035.png 269
formulaire011-equation038.png 270
formulaire011-equation040.png 271
formulaire011-equation044.png 272
formulaire011-equation046.png 273
formulaire011-equation050.png 274
formulaire011-equation063.png 275
formulaire011-equation065.png 276
formulaire011-equation069.png 277
formulaire011-equation071.png 278
formulaire011-equation073.png 279
formulaire012-equation000.png 280
formulaire012-equation001.png 281
formulaire012-equation010.png 282
formulaire012-equation011.png 283
formulaire012-equation015.png 284
formulaire012-equation016.png 285
formulaire012-equation017.png 286
formulaire012-equation020.png 287
formulaire012-equation023.png 288
formulaire012-equation025.png 289
formulaire012-equation028.png 290
formulaire012-equation031.png 291
formulaire012-equation033.png 292
formulaire012-equation040.png 293
formulaire012-equation045.png 294
formulaire012-equation048.png 295
formulaire012-equation050.png 296
formulaire012-equation056.png 297
formulaire012-equation060.png 298
formulaire012-equation062.png 299
formulaire012-equation063.png 300
formulaire012-equation069.png 301
formulaire012-equation070.png 302
formulaire012-equation073.png 303
formulaire013-equation008.png 304
formulaire013-equation010.png 305
formulaire013-equation011.png 306
formulaire013-equation016.png 307
formulaire013-equation020.png 308
formulaire013-equation021.png 309
formulaire013-equation029.png 310
formulaire013-equation033.png 311
formulaire013-equation034.png 312
formulaire013-equation036.png 313
formulaire013-equation040.png 314
formulaire013-equation041.png 315
formulaire013-equation045.png 316
formulaire013-equation047.png 317
formulaire013-equation051.png 318
formulaire013-equation052.png 319
formulaire013-equation053.png 320
formulaire013-equation055.png 321
formulaire013-equation060.png 322
formulaire013-equation066.png 323
formulaire013-equation070.png 324
formulaire014-equation003.png 325
formulaire014-equation010.png 326
formulaire014-equation015.png 327
formulaire014-equation018.png 328
formulaire014-equation020.png 329
formulaire014-equation021.png 330
formulaire014-equation025.png 331
formulaire014-equation028.png 332
formulaire014-equation036.png 333
formulaire014-equation039.png 334
formulaire014-equation045.png 335
formulaire014-equation046.png 336
formulaire014-equation048.png 337
formulaire014-equation049.png 338
formulaire014-equation051.png 339
formulaire014-equation052.png 340
formulaire014-equation055.png 341
formulaire014-equation056.png 342
formulaire014-equation065.png 343
formulaire015-equation000.png 344
formulaire015-equation001.png 345
formulaire015-equation003.png 346
formulaire015-equation019.png 347
formulaire015-equation021.png 348
formulaire015-equation025.png 349
formulaire015-equation032.png 350
formulaire015-equation035.png 351
formulaire015-equation041.png 352
formulaire015-equation050.png 353
formulaire015-equation056.png 354
formulaire015-equation058.png 355
formulaire015-equation059.png 356
formulaire015-equation070.png 357
formulaire015-equation071.png 358
formulaire015-equation073.png 359
formulaire016-equation010.png 360
formulaire016-equation013.png 361
formulaire016-equation021.png 362
formulaire016-equation023.png 363
formulaire016-equation028.png 364
formulaire016-equation036.png 365
formulaire016-equation038.png 366
formulaire016-equation041.png 367
formulaire016-equation043.png 368
formulaire016-equation044.png 369
formulaire016-equation055.png 370
formulaire016-equation056.png 371
formulaire016-equation057.png 372
formulaire016-equation061.png 373
formulaire016-equation062.png 374
formulaire016-equation064.png 375
formulaire016-equation065.png 376
formulaire016-equation067.png 377
formulaire016-equation068.png 378
formulaire016-equation071.png 379
formulaire017-equation011.png 380
formulaire017-equation015.png 381
formulaire017-equation018.png 382
formulaire017-equation020.png 383
formulaire017-equation025.png 384
formulaire017-equation029.png 385
formulaire017-equation031.png 386
formulaire017-equation034.png 387
formulaire017-equation035.png 388
formulaire017-equation038.png 389
formulaire017-equation039.png 390
formulaire017-equation043.png 391
formulaire017-equation046.png 392
formulaire017-equation050.png 393
formulaire017-equation056.png 394
formulaire017-equation062.png 395
formulaire017-equation071.png 396
formulaire017-equation073.png 397
formulaire017-equation074.png 398
formulaire018-equation005.png 399
formulaire018-equation006.png 400
formulaire018-equation008.png 401
formulaire018-equation012.png 402
formulaire018-equation013.png 403
formulaire018-equation014.png 404
formulaire018-equation015.png 405
formulaire018-equation018.png 406
formulaire018-equation022.png 407
formulaire018-equation028.png 408
formulaire018-equation040.png 409
formulaire018-equation045.png 410
formulaire018-equation048.png 411
formulaire018-equation055.png 412
formulaire018-equation060.png 413
formulaire018-equation061.png 414
formulaire018-equation066.png 415
formulaire018-equation067.png 416
formulaire018-equation070.png 417
formulaire019-equation000.png 418
formulaire019-equation003.png 419
formulaire019-equation005.png 420
formulaire019-equation008.png 421
formulaire019-equation010.png 422
formulaire019-equation011.png 423
formulaire019-equation015.png 424
formulaire019-equation016.png 425
formulaire019-equation020.png 426
formulaire019-equation021.png 427
formulaire019-equation024.png 428
formulaire019-equation025.png 429
formulaire019-equation027.png 430
formulaire019-equation030.png 431
formulaire019-equation032.png 432
formulaire019-equation034.png 433
formulaire019-equation036.png 434
formulaire019-equation039.png 435
formulaire019-equation044.png 436
formulaire019-equation050.png 437
formulaire019-equation064.png 438
formulaire019-equation070.png 439
formulaire019-equation071.png 440
formulaire020-equation000.png 441
formulaire020-equation005.png 442
formulaire020-equation006.png 443
formulaire020-equation007.png 444
formulaire020-equation008.png 445
formulaire020-equation009.png 446
formulaire020-equation011.png 447
formulaire020-equation018.png 448
formulaire020-equation020.png 449
formulaire020-equation023.png 450
formulaire020-equation030.png 451
formulaire020-equation031.png 452
formulaire020-equation038.png 453
formulaire020-equation040.png 454
formulaire020-equation045.png 455
formulaire020-equation046.png 456
formulaire020-equation048.png 457
formulaire020-equation050.png 458
formulaire020-equation058.png 459
formulaire020-equation060.png 460
formulaire020-equation062.png 461
formulaire020-equation063.png 462
formulaire020-equation068.png 463
formulaire020-equation070.png 464
formulaire020-equation073.png 465
formulaire021-equation003.png 466
formulaire021-equation010.png 467
formulaire021-equation011.png 468
formulaire021-equation015.png 469
formulaire021-equation016.png 470
formulaire021-equation018.png 471
formulaire021-equation020.png 472
formulaire021-equation028.png 473
formulaire021-equation030.png 474
formulaire021-equation035.png 475
formulaire021-equation040.png 476
formulaire021-equation041.png 477
formulaire021-equation048.png 478
formulaire021-equation050.png 479
formulaire021-equation054.png 480
formulaire021-equation057.png 481
formulaire021-equation058.png 482
formulaire021-equation060.png 483
formulaire021-equation065.png 484
formulaire021-equation067.png 485
formulaire021-equation070.png 486
formulaire022-equation000.png 487
formulaire022-equation004.png 488
formulaire022-equation005.png 489
formulaire022-equation006.png 490
formulaire022-equation023.png 491
formulaire022-equation025.png 492
formulaire022-equation028.png 493
formulaire022-equation030.png 494
formulaire022-equation035.png 495
formulaire022-equation037.png 496
formulaire022-equation041.png 497
formulaire022-equation045.png 498
formulaire022-equation049.png 499
formulaire022-equation050.png 500
formulaire022-equation052.png 501
formulaire022-equation055.png 502
formulaire022-equation065.png 503
formulaire023-equation003.png 504
formulaire023-equation006.png 505
formulaire023-equation008.png 506
formulaire023-equation011.png 507
formulaire023-equation026.png 508
formulaire023-equation028.png 509
formulaire023-equation035.png 510
formulaire023-equation038.png 511
formulaire023-equation040.png 512
formulaire023-equation044.png 513
formulaire023-equation046.png 514
formulaire023-equation047.png 515
formulaire023-equation050.png 516
formulaire023-equation051.png 517
formulaire023-equation054.png 518
formulaire023-equation056.png 519
formulaire023-equation061.png 520
formulaire023-equation064.png 521
formulaire023-equation066.png 522
formulaire023-equation070.png 523
formulaire024-equation003.png 524
formulaire024-equation011.png 525
formulaire024-equation028.png 526
formulaire024-equation033.png 527
formulaire024-equation040.png 528
formulaire024-equation043.png 529
formulaire024-equation050.png 530
formulaire024-equation055.png 531
formulaire024-equation057.png 532
formulaire024-equation058.png 533
formulaire024-equation063.png 534
formulaire024-equation068.png 535
formulaire024-equation070.png 536
formulaire024-equation071.png 537
formulaire025-equation001.png 538
formulaire025-equation010.png 539
formulaire025-equation020.png 540
formulaire025-equation027.png 541
formulaire025-equation030.png 542
formulaire025-equation031.png 543
formulaire025-equation041.png 544
formulaire025-equation048.png 545
formulaire025-equation049.png 546
formulaire025-equation050.png 547
formulaire025-equation056.png 548
formulaire025-equation057.png 549
formulaire025-equation060.png 550
formulaire025-equation063.png 551
formulaire025-equation065.png 552
formulaire025-equation068.png 553
formulaire025-equation070.png 554
formulaire026-equation000.png 555
formulaire026-equation003.png 556
formulaire026-equation010.png 557
formulaire026-equation015.png 558
formulaire026-equation027.png 559
formulaire026-equation030.png 560
formulaire026-equation038.png 561
formulaire026-equation039.png 562
formulaire026-equation040.png 563
formulaire026-equation044.png 564
formulaire026-equation046.png 565
formulaire026-equation055.png 566
formulaire026-equation061.png 567
formulaire026-equation063.png 568
formulaire026-equation068.png 569
formulaire026-equation070.png 570
formulaire026-equation072.png 571
formulaire027-equation011.png 572
formulaire027-equation016.png 573
formulaire027-equation020.png 574
formulaire027-equation022.png 575
formulaire027-equation025.png 576
formulaire027-equation029.png 577
formulaire027-equation032.png 578
formulaire027-equation040.png 579
formulaire027-equation041.png 580
formulaire027-equation049.png 581
formulaire027-equation050.png 582
formulaire027-equation055.png 583
formulaire027-equation056.png 584
formulaire027-equation057.png 585
formulaire027-equation058.png 586
formulaire027-equation061.png 587
formulaire027-equation065.png 588
formulaire027-equation069.png 589
formulaire027-equation070.png 590
formulaire028-equation005.png 591
formulaire028-equation010.png 592
formulaire028-equation016.png 593
formulaire028-equation020.png 594
formulaire028-equation024.png 595
formulaire028-equation050.png 596
formulaire028-equation053.png 597
formulaire028-equation056.png 598
formulaire028-equation058.png 599
formulaire028-equation065.png 600
formulaire028-equation068.png 601
formulaire029-equation001.png 602
formulaire029-equation002.png 603
formulaire029-equation006.png 604
formulaire029-equation010.png 605
formulaire029-equation013.png 606
formulaire029-equation014.png 607
formulaire029-equation015.png 608
formulaire029-equation020.png 609
formulaire029-equation024.png 610
formulaire029-equation025.png 611
formulaire029-equation031.png 612
formulaire029-equation035.png 613
formulaire029-equation040.png 614
formulaire029-equation045.png 615
formulaire029-equation049.png 616
formulaire029-equation052.png 617
formulaire029-equation054.png 618
formulaire029-equation055.png 619
formulaire029-equation060.png 620
formulaire029-equation071.png 621
formulaire029-equation073.png 622
formulaire030-equation000.png 623
formulaire030-equation001.png 624
formulaire030-equation005.png 625
formulaire030-equation009.png 626
formulaire030-equation019.png 627
formulaire030-equation025.png 628
formulaire030-equation033.png 629
formulaire030-equation035.png 630
formulaire030-equation040.png 631
formulaire030-equation045.png 632
formulaire030-equation049.png 633
formulaire030-equation052.png 634
formulaire030-equation055.png 635
formulaire030-equation056.png 636
formulaire030-equation060.png 637
formulaire030-equation061.png 638
formulaire030-equation066.png 639
formulaire030-equation071.png 640
formulaire030-equation074.png 641
formulaire031-equation000.png 642
formulaire031-equation008.png 643
formulaire031-equation010.png 644
formulaire031-equation013.png 645
formulaire031-equation024.png 646
formulaire031-equation025.png 647
formulaire031-equation027.png 648
formulaire031-equation028.png 649
formulaire031-equation030.png 650
formulaire031-equation041.png 651
formulaire031-equation045.png 652
formulaire031-equation048.png 653
formulaire031-equation053.png 654
formulaire031-equation054.png 655
formulaire031-equation055.png 656
formulaire031-equation060.png 657
formulaire031-equation067.png 658
formulaire031-equation068.png 659
formulaire031-equation074.png 660
formulaire032-equation001.png 661
formulaire032-equation008.png 662
formulaire032-equation010.png 663
formulaire032-equation020.png 664
formulaire032-equation021.png 665
formulaire032-equation025.png 666
formulaire032-equation028.png 667
formulaire032-equation029.png 668
formulaire032-equation030.png 669
formulaire032-equation031.png 670
formulaire032-equation033.png 671
formulaire032-equation040.png 672
formulaire032-equation045.png 673
formulaire032-equation046.png 674
formulaire032-equation048.png 675
formulaire032-equation050.png 676
formulaire032-equation060.png 677
formulaire032-equation061.png 678
formulaire032-equation068.png 679
formulaire032-equation070.png 680
formulaire033-equation001.png 681
formulaire033-equation009.png 682
formulaire033-equation015.png 683
formulaire033-equation016.png 684
formulaire033-equation017.png 685
formulaire033-equation020.png 686
formulaire033-equation026.png 687
formulaire033-equation027.png 688
formulaire033-equation030.png 689
formulaire033-equation040.png 690
formulaire033-equation045.png 691
formulaire033-equation050.png 692
formulaire033-equation055.png 693
formulaire033-equation057.png 694
formulaire033-equation063.png 695
formulaire033-equation065.png 696
formulaire033-equation067.png 697
formulaire033-equation070.png 698
formulaire034-equation008.png 699
formulaire034-equation010.png 700
formulaire034-equation015.png 701
formulaire034-equation018.png 702
formulaire034-equation020.png 703
formulaire034-equation021.png 704
formulaire034-equation025.png 705
formulaire034-equation030.png 706
formulaire034-equation033.png 707
formulaire034-equation035.png 708
formulaire034-equation043.png 709
formulaire034-equation045.png 710
formulaire034-equation050.png 711
formulaire034-equation051.png 712
formulaire034-equation054.png 713
formulaire034-equation055.png 714
formulaire034-equation059.png 715
formulaire034-equation060.png 716
formulaire034-equation061.png 717
formulaire034-equation068.png 718
formulaire034-equation071.png 719
formulaire035-equation000.png 720
formulaire035-equation001.png 721
formulaire035-equation005.png 722
formulaire035-equation008.png 723
formulaire035-equation010.png 724
formulaire035-equation018.png 725
formulaire035-equation021.png 726
formulaire035-equation025.png 727
formulaire035-equation035.png 728
formulaire035-equation036.png 729
formulaire035-equation038.png 730
formulaire035-equation050.png 731
formulaire035-equation052.png 732
formulaire035-equation067.png 733
formulaire035-equation070.png 734
formulaire035-equation073.png 735
formulaire036-equation001.png 736
formulaire036-equation005.png 737
formulaire036-equation007.png 738
formulaire036-equation011.png 739
formulaire036-equation015.png 740
formulaire036-equation019.png 741
formulaire036-equation026.png 742
formulaire036-equation034.png 743
formulaire036-equation040.png 744
formulaire036-equation045.png 745
formulaire036-equation055.png 746
formulaire036-equation060.png 747
formulaire036-equation068.png 748
formulaire036-equation070.png 749
formulaire037-equation005.png 750
formulaire037-equation011.png 751
formulaire037-equation015.png 752
formulaire037-equation019.png 753
formulaire037-equation024.png 754
formulaire037-equation028.png 755
formulaire037-equation032.png 756
formulaire037-equation038.png 757
formulaire037-equation041.png 758
formulaire037-equation045.png 759
formulaire037-equation049.png 760
formulaire037-equation050.png 761
formulaire037-equation051.png 762
formulaire037-equation054.png 763
formulaire037-equation056.png 764
formulaire037-equation058.png 765
formulaire037-equation065.png 766
formulaire037-equation066.png 767
formulaire037-equation068.png 768
formulaire037-equation070.png 769
formulaire038-equation000.png 770
formulaire038-equation006.png 771
formulaire038-equation009.png 772
formulaire038-equation011.png 773
formulaire038-equation016.png 774
formulaire038-equation026.png 775
formulaire038-equation039.png 776
formulaire038-equation042.png 777
formulaire038-equation046.png 778
formulaire038-equation047.png 779
formulaire038-equation055.png 780
formulaire038-equation070.png 781
formulaire038-equation072.png 782
formulaire038-equation073.png 783
formulaire038-equation074.png 784
formulaire039-equation000.png 785
formulaire039-equation005.png 786
formulaire039-equation011.png 787
formulaire039-equation025.png 788
formulaire039-equation030.png 789
formulaire039-equation031.png 790
formulaire039-equation033.png 791
formulaire039-equation036.png 792
formulaire039-equation042.png 793
formulaire039-equation045.png 794
formulaire039-equation048.png 795
formulaire039-equation050.png 796
formulaire039-equation052.png 797
formulaire039-equation053.png 798
formulaire039-equation055.png 799
formulaire039-equation056.png 800
formulaire039-equation058.png 801
formulaire039-equation062.png 802
formulaire039-equation065.png 803
formulaire039-equation071.png 804
TrainData2_0_sub_20.png 805
TrainData2_0_sub_39.png 806
TrainData2_10_sub_20.png 807
TrainData2_10_sub_39.png 808
TrainData2_11_sub_20.png 809
TrainData2_11_sub_39.png 810
TrainData2_12_sub_20.png 811
TrainData2_12_sub_39.png 812
TrainData2_13_sub_20.png 813
TrainData2_13_sub_39.png 814
TrainData2_14_sub_20.png 815
TrainData2_14_sub_39.png 816
TrainData2_15_sub_20.png 817
TrainData2_15_sub_39.png 818
TrainData2_16_sub_20.png 819
TrainData2_16_sub_39.png 820
TrainData2_17_sub_20.png 821
TrainData2_17_sub_39.png 822
TrainData2_18_sub_20.png 823
TrainData2_18_sub_39.png 824
TrainData2_19_sub_20.png 825
TrainData2_19_sub_39.png 826
TrainData2_1_sub_20.png 827
TrainData2_1_sub_39.png 828
TrainData2_20_sub_20.png 829
TrainData2_20_sub_39.png 830
TrainData2_21_sub_20.png 831
TrainData2_21_sub_39.png 832
TrainData2_22_sub_20.png 833
TrainData2_22_sub_39.png 834
TrainData2_23_sub_20.png 835
TrainData2_23_sub_39.png 836
TrainData2_24_sub_20.png 837
TrainData2_24_sub_39.png 838
TrainData2_25_sub_20.png 839
TrainData2_25_sub_39.png 840
TrainData2_26_sub_20.png 841
TrainData2_26_sub_39.png 842
TrainData2_2_sub_20.png 843
TrainData2_2_sub_39.png 844
TrainData2_3_sub_20.png 845
TrainData2_3_sub_39.png 846
TrainData2_4_sub_20.png 847
TrainData2_4_sub_39.png 848
TrainData2_5_sub_20.png 849
TrainData2_5_sub_39.png 850
TrainData2_6_sub_20.png 851
TrainData2_6_sub_39.png 852
TrainData2_7_sub_20.png 853
TrainData2_7_sub_39.png 854
TrainData2_8_sub_20.png 855
TrainData2_8_sub_39.png 856
TrainData2_9_sub_20.png 857
TrainData2_9_sub_39.png 858
2009210-947-102.png 859
2009210-947-122.png 860
2009210-947-151.png 861
2009210-947-155.png 862
2009210-947-16.png 863
2009210-947-166.png 864
2009210-947-172.png 865
2009210-947-176.png 866
2009210-947-179.png 867
2009210-947-185.png 868
2009210-947-195.png 869
2009210-947-203.png 870
2009210-947-207.png 871
2009210-947-21.png 872
2009210-947-213.png 873
2009210-947-215.png 874
2009210-947-220.png 875
2009210-947-40.png 876
2009210-947-87.png 877
2009210-947-93.png 878
2009210-947-94.png 879
2009210-947-99.png 880
2009212-1031-109.png 881
2009212-1031-112.png 882
2009212-1031-116.png 883
2009212-1031-135.png 884
2009212-1031-14.png 885
2009212-1031-143.png 886
2009212-1031-15.png 887
2009212-1031-150.png 888
2009212-1031-16.png 889
2009212-1031-43.png 890
2009212-1031-45.png 891
2009212-1031-47.png 892
2009212-1031-63.png 893
2009212-1031-79.png 894
2009212-1031-86.png 895
2009212-952-100.png 896
2009212-952-11.png 897
2009212-952-114.png 898
2009212-952-33.png 899
2009212-952-39.png 900
2009212-952-49.png 901
2009212-952-76.png 902
2009212-952-82.png 903
2009213-137-114.png 904
2009213-137-131.png 905
2009213-137-145.png 906
2009213-137-149.png 907
2009213-137-159.png 908
2009213-137-160.png 909
2009213-137-166.png 910
2009213-137-171.png 911
2009213-137-187.png 912
2009213-137-210.png 913
2009213-137-213.png 914
2009213-137-236.png 915
2009213-137-241.png 916
2009213-137-247.png 917
2009213-137-47.png 918
2009213-137-49.png 919
2009213-137-51.png 920
2009213-137-69.png 921
2009213-137-81.png 922
2009213-139-139.png 923
2009213-139-152.png 924
2009213-139-178.png 925
2009213-139-205.png 926
2009213-139-211.png 927
2009213-139-221.png 928
2009213-139-228.png 929
2009213-139-23.png 930
2009213-139-232.png 931
2009213-139-233.png 932
2009213-139-33.png 933
2009213-139-45.png 934
200922-1017-102.png 935
200922-1017-124.png 936
200922-1017-142.png 937
200922-1017-143.png 938
200922-1017-145.png 939
200922-1017-148.png 940
200922-1017-151.png 941
200922-1017-49.png 942
200922-1017-75.png 943
200922-1017-86.png 944
200922-1017-90.png 945
200922-1017-93.png 946
200922-947-114.png 947
200922-947-120.png 948
200922-947-122.png 949
200922-947-129.png 950
200922-947-168.png 951
200922-947-176.png 952
200922-947-178.png 953
200922-947-180.png 954
200922-947-191.png 955
200922-947-200.png 956
200922-947-211.png 957
200922-947-216.png 958
200922-947-221.png 959
200922-947-227.png 960
200922-947-232.png 961
200922-947-40.png 962
200922-947-46.png 963
200922-947-49.png 964
200922-947-93.png 965
200922-947-98.png 966
200922-949-105.png 967
200922-949-109.png 968
200922-949-155.png 969
200922-949-158.png 970
200922-949-164.png 971
200922-949-175.png 972
200922-949-180.png 973
200922-949-191.png 974
200922-949-210.png 975
200922-949-216.png 976
200922-949-218.png 977
200922-949-221.png 978
200922-949-236.png 979
200922-949-243.png 980
200922-949-254.png 981
200922-949-266.png 982
200922-949-267.png 983
200922-949-40.png 984
200922-949-49.png 985
200922-949-63.png 986
200922-949-65.png 987
200922-949-91.png 988
200922-949-99.png 989
2009220-1327-115.png 990
2009220-1327-117.png 991
2009220-1327-121.png 992
2009220-1327-21.png 993
2009220-1327-23.png 994
2009220-1327-45.png 995
2009220-1327-52.png 996
2009220-1327-88.png 997
200923-1251-106.png 998
200923-1251-107.png 999
200923-1251-111.png 1000
200923-1251-115.png 1001
200923-1251-145.png 1002
200923-1251-175.png 1003
200923-1251-191.png 1004
200923-1251-199.png 1005
200923-1251-201.png 1006
200923-1251-210.png 1007
200923-1251-215.png 1008
200923-1251-226.png 1009
200923-1251-229.png 1010
200923-1251-245.png 1011
200923-1251-252.png 1012
200923-1251-263.png 1013
200923-1251-264.png 1014
200923-1251-5.png 1015
200923-1251-9.png 1016
200923-1253-101.png 1017
200923-1253-116.png 1018
200923-1253-130.png 1019
200923-1253-15.png 1020
200923-1253-161.png 1021
200923-1253-177.png 1022
200923-1253-186.png 1023
200923-1253-191.png 1024
200923-1253-200.png 1025
200923-1253-210.png 1026
200923-1253-211.png 1027
200923-1253-221.png 1028
200923-1253-222.png 1029
200923-1253-242.png 1030
200923-1253-244.png 1031
200923-1253-284.png 1032
200923-1253-289.png 1033
200923-1253-3.png 1034
200923-1254-10.png 1035
200923-1254-107.png 1036
200923-1254-119.png 1037
200923-1254-121.png 1038
200923-1254-141.png 1039
200923-1254-149.png 1040
200923-1254-153.png 1041
200923-1254-165.png 1042
200923-1254-166.png 1043
200923-1254-168.png 1044
200923-1254-169.png 1045
200923-1254-179.png 1046
200923-1254-191.png 1047
200923-1254-209.png 1048
200923-1254-21.png 1049
200923-1254-213.png 1050
200923-1254-214.png 1051
200923-1254-221.png 1052
200923-1254-242.png 1053
200923-1254-243.png 1054
200923-1254-250.png 1055
200923-1254-253.png 1056
200923-1254-254.png 1057
200923-1254-263.png 1058
200923-1254-264.png 1059
200923-1254-265.png 1060
200923-1254-272.png 1061
200923-1254-273.png 1062
200923-1254-283.png 1063
200923-1254-334.png 1064
200923-1254-346.png 1065
200923-1254-366.png 1066
200923-1254-380.png 1067
200923-1254-39.png 1068
200923-1254-4.png 1069
200923-1254-49.png 1070
200923-131-107.png 1071
200923-131-110.png 1072
200923-131-118.png 1073
200923-131-126.png 1074
200923-131-130.png 1075
200923-131-131.png 1076
200923-131-142.png 1077
200923-131-167.png 1078
200923-131-185.png 1079
200923-131-186.png 1080
200923-131-189.png 1081
200923-131-190.png 1082
200923-131-197.png 1083
200923-131-224.png 1084
200923-131-233.png 1085
200923-131-234.png 1086
200923-131-235.png 1087
200923-131-242.png 1088
200923-131-243.png 1089
200923-131-261.png 1090
200923-131-263.png 1091
200923-131-264.png 1092
200923-131-265.png 1093
200923-131-269.png 1094
200923-131-28.png 1095
200923-131-289.png 1096
200923-131-29.png 1097
200923-131-290.png 1098
200923-131-294.png 1099
200923-131-295.png 1100
200923-131-307.png 1101
200923-131-325.png 1102
200923-131-328.png 1103
200923-131-33.png 1104
200923-131-341.png 1105
200923-131-343.png 1106
200923-131-346.png 1107
200923-131-53.png 1108
200923-131-63.png 1109
200923-1553-117.png 1110
200923-1553-122.png 1111
200923-1553-130.png 1112
200923-1553-150.png 1113
200923-1553-151.png 1114
200923-1553-152.png 1115
200923-1553-167.png 1116
200923-1553-182.png 1117
200923-1553-183.png 1118
200923-1553-187.png 1119
200923-1553-188.png 1120
200923-1553-196.png 1121
200923-1553-213.png 1122
200923-1553-219.png 1123
200923-1553-220.png 1124
200923-1553-222.png 1125
200923-1553-227.png 1126
200923-1553-228.png 1127
200923-1553-237.png 1128
200923-1553-238.png 1129
200923-1553-251.png 1130
200923-1553-266.png 1131
200923-1553-269.png 1132
200923-1553-270.png 1133
200923-1553-309.png 1134
200923-1553-34.png 1135
200923-1553-51.png 1136
200923-1553-85.png 1137
200923-1553-89.png 1138
200923-1556-103.png 1139
200923-1556-153.png 1140
200923-1556-177.png 1141
200923-1556-190.png 1142
200923-1556-199.png 1143
200923-1556-207.png 1144
200923-1556-218.png 1145
200923-1556-22.png 1146
200923-1556-228.png 1147
200923-1556-23.png 1148
200923-1556-33.png 1149
200923-1556-49.png 1150
200923-1556-70.png 1151
200923-1556-71.png 1152
200923-1556-99.png 1153
200924-1312-114.png 1154
200924-1312-132.png 1155
200924-1312-15.png 1156
200924-1312-170.png 1157
200924-1312-192.png 1158
200924-1312-196.png 1159
200924-1312-215.png 1160
200924-1312-223.png 1161
200924-1312-289.png 1162
200924-1312-294.png 1163
200924-1312-305.png 1164
200924-1312-306.png 1165
200924-1312-307.png 1166
200924-1312-308.png 1167
200924-1312-33.png 1168
200924-1312-47.png 1169
200924-1312-49.png 1170
200924-1312-76.png 1171
200924-1312-9.png 1172
200924-1331-105.png 1173
200924-1331-106.png 1174
200924-1331-111.png 1175
200924-1331-112.png 1176
200924-1331-122.png 1177
200924-1331-158.png 1178
200924-1331-159.png 1179
200924-1331-182.png 1180
200924-1331-183.png 1181
200924-1331-186.png 1182
200924-1331-197.png 1183
200924-1331-201.png 1184
200924-1331-216.png 1185
200924-1331-220.png 1186
200924-1331-222.png 1187
200924-1331-239.png 1188
200924-1331-248.png 1189
200924-1331-259.png 1190
200924-1331-260.png 1191
200924-1331-261.png 1192
200924-1331-268.png 1193
200924-1331-52.png 1194
200924-1331-58.png 1195
200924-1331-88.png 1196
200925-1126-108.png 1197
200925-1126-132.png 1198
200925-1126-136.png 1199
200925-1126-156.png 1200
200925-1126-171.png 1201
200925-1126-176.png 1202
200925-1126-178.png 1203
200925-1126-184.png 1204
200925-1126-198.png 1205
200925-1126-49.png 1206
200925-1126-51.png 1207
200925-1126-69.png 1208
200925-1126-81.png 1209
200925-1126-83.png 1210
200925-1126-87.png 1211
200926-131-139.png 1212
200926-131-141.png 1213
200926-131-152.png 1214
200926-131-183.png 1215
200926-131-197.png 1216
200926-131-223.png 1217
200926-131-229.png 1218
200926-131-236.png 1219
200926-131-5.png 1220
200926-131-59.png 1221
200926-131-69.png 1222
200926-131-70.png 1223
200926-1550-11.png 1224
200926-1550-117.png 1225
200926-1550-126.png 1226
200926-1550-137.png 1227
200926-1550-144.png 1228
200926-1550-49.png 1229
200926-1617-121.png 1230
200926-1617-163.png 1231
200926-1617-193.png 1232
200926-1617-204.png 1233
200926-1617-214.png 1234
200926-1617-225.png 1235
200926-1617-246.png 1236
200926-1617-252.png 1237
200926-1617-253.png 1238
200926-1617-3.png 1239
200926-1617-47.png 1240
200926-1617-57.png 1241
