64 / (78 - 9 - 167) = -0.65
1+\frac{t}{100}
\frac{a^2}{b^2} = a^k
n=1500
X(t)=X(0)+\int_0^t X(s) ds
s = f(s_1,\ldots,s_n)
y^2=x^3-x
\frac{5}{n} = \frac{1}{a}+\frac{1}{b}+\frac{1}{c}
p_{1}^{\alpha_{1}}p_{2}^{\alpha_{2}}\ldots p_{k}^{\alpha_{k}}
x = \frac{z - 3}{-z - 3} = \frac{3 - z}{3 + z}
((86 - 91) / 120) - (30 / 71) \leq 0
h = - r
\gamma(0) = x
181 + 22 \geq 202
x_1(y)
\sum d(s)=2a
\frac1{g(y)} dy = f(x) dx
(n+3)
\theta=\frac{\alpha}{180}\pi
\cos^2\phi+\sin^2\phi = 1
14 \pm 173 + 86 - 61 + 178
14 + 54 - 116 \neq -12
\sin(x)
( k , -k )
172 - 111 - 55 - 187 \neq -83
m(n-1)
131 + 179 \neq -134
\alpha(z)
154 + 13 \leq 167
k_{tot} = k_1 + k_2 + k_3 + \ldots + k_n
\frac{p\pi}{q}
t = (2n+1) x
d(x + y)
((7 \div 3) \div 187) - 70 \neq -28
8\times 8=64
116 \pm (114 \div 196) - 19
c_i^0
v_x(df)
(36 / (128 - 153)) \times (112 / 22) = -7.33
\lim_{t \rightarrow t_0}\frac{y(t)}{x(t)} = a
\alpha_{i k_{i}}u^{k_{i}}(x_{i})
h = l + m + n
x^2 + y^2 + z^2 + w^2= a^2
n^2-3n+3
q=p^k
{ r(t) = (x(t),y(t))}
a^2 + b^2 = c^2
m_{ij}
n = \frac{c}{v_{\phi}}
c-\alpha u
m_1+m_2=m
a^{n-1}
\lim_{x\rightarrow-\infty}f(x) = -\infty
((26 \div 128) + 50) - (183 \div 29) \neq -6
\sum_{i=1}^p n_i = n
a=\frac{y}{x}
w_1=1
k_n=1
q_1+q_2+q_3=1
\alpha = \sqrt{2}
h(r) = \int_{-\infty}^{\infty} g(u) e^{iru} du
\cos^n\theta
X_0,\ldots,X_n
\cos (a + b) = \cos a \cos b - \sin a \sin b
{z = x - \frac{b}{3a}}
y = \frac { 1}{Y}
(1-j)(m-n) = (-1-j)a+jb+c
{4^5-4}
ax^{2} + 2bx + c = 0
2 + \sqrt{3}
23 \times (122 \times (2 / 65)) = 86.34
(29 - 24 + 169) \times 88 \leq -14431
c = \sqrt{a^2 + b^2} = \sqrt{2}
7 \times 73
x+a = y+a
x + n
dt_0 = \frac{ds}{c}
\frac{x-x_0}{u}=\frac{y-y_0}{v}=\frac{z-z_0}{w}
0\leq q_2
\sum_{k=1}^n k = \frac{n(n+1)}{2}
x_1 = -\frac{b}{2a } + p
h(z)
y(\alpha)=\alpha \theta(\alpha)
x^{19}-x^{18}-x^{17}+x^{2}-1
100 \pm 15 \times 16
\beta = \frac{v}{c}= \frac{b}{a}
2x_1
e^{at}
0\leq p \leq 1
u(0) = u_0
\sum x_n
lf=id_X
x=t^3
\gamma = 1 + \frac{1}{n}
y=x^{n}
c_1=a_{11}
\alpha_{1},\alpha_{2},\ldots,\alpha_{m}
v_x(f)
125 + 16 \neq 254
2^2 + 3^2 + 4^2
\lim_{X \rightarrow +\infty} \int_0^{X} f(x)dx
10^{-15}m
b_{0}=b
s = 3
(27 \times (161 + 51)) + ((131 + 177) \div 144) \geq 5725
177 / ((116 / 59) / (168 + 139)) \geq 27637
\alpha,\beta
d(p+1,0) = 0
h(f,\alpha) = \lim_{n \rightarrow + \infty} \frac{1}{qn}
au+bv=1
\lim_{x \rightarrow a}f(x) = 1
(a + b)^4 = a^4 + 4a^3b + 6a^2b^2 +4ab^3 + b^4
(c + d)^2 = 8
\sum_{i=1}^{6}{i^2} = 1^2 + 2^2 + 3^2 + 4^2 + 5^2 + 6^2
((51 \div 26) \times 143) + 79 \neq -91
117 \pm 85 \div 109
g(x)-t
\frac{\beta}{\alpha+1}
\int_{-\infty}^{+\infty} p_X(x) dx = 1
ua + vb = 1
144 \div (6 \times 124) \geq 0
\sum_{n=1}^\infty (\frac{1}{n+1} - \frac{1}{n})
c_i \neq c_j
\beta(3) = \frac{\pi^3}{32}
\alpha x(t)
X^n -a
x^4 - 4x^2 + 2
x_{k-1}
q = - 35
\sin(\pi - \theta) = \sin(\theta)
f(x) = \frac{1}{1+x}
123 \pm 95 + 125
18 \times 70 = 1260
(196 - 122) / 102 \leq 1
\gamma=\frac {7}{5}
(58 / 88) \times 190 \neq -105
i_2 = i_1 + i_s
a^{2} -2ab + b^{2} = (a-b)^{2}=(b-a)^{2}
y \neq x
q=2^n
(x^2+y^2)^2 - (a^2+2by)(x^2+y^2) + b^2 y^2 = 0
Y_{\alpha}(x)
c(s)
127 + 85 - 198 \geq 13
(a_{i,j})
\pi+e
54(u^3+v^3)+(162uv+90)(u+v)+95=0
\lim_{n \rightarrow \infty}(u_n - u_{n-1})= l
\cos(nx)
((15 \times 131) / 116) / ((75 \times 22) - 169) \neq 0
32 \pm 12 \times 15
\pi-t
u(n+1)
\pi-e
X^3 - X^2 -2X +1 = 0
2i\sin(\alpha)e^{i \alpha}-e^{2i \alpha}+1 = 0
(47 \times 111) + 85 \geq 5301
g(x)=e^{\sin(x)}(x+\cos(x)\sin(x))
((96 / 43) / 159) - (172 + 101 + 89 - 125) \neq -153
25 \times 100 \geq 2499
(u_0,\ldots, u_{n-1})
u_{20}
(138 + 115 - 7) / (97 - 168 - 2 - 173) \geq 1
x^3 - 1 = 0
(147 + 179) / ((176 + 21) / 23) \leq 38
\frac{1}{2^2 \times 5^3}
\frac{\alpha-1}{\alpha+\beta-2}
(162 / 155) + 6 = 7.05
u_{n + 2} = 2 u_{n + 1} + u_n
f_1, \ldots, f_m
u(z) = \lim_{n\rightarrow\infty}u_n(z)
((149 \div 120) \div 61) \div ((5 + 143) \times (159 - 58)) \neq 0
y+16=x
6 = 1^2 + 1^2 + 2^2
z_{n+1}=p(z_n)=(z_n)^2
\sqrt{5+2\sqrt{6} }
(b_{i,q_i})
-a^2
v = 1
X= \frac x{27}+\frac y{13}
2^{50}
(a,p)=1
s = b_k - \frac{b_k-b_{k-1}}{f(b_k)-f(b_{k-1})} f(b_k)
x^4 - 5x^2 + 5
6,07 \times 10^{-5}
e=0
n_1 = 3
1 - 1 + 1 - 1 + \ldots
a_p = p-n_p
\frac {x-10}{1} = 0,7
\frac{Y}{2}
65 + 28 + 151
a_\gamma b^\gamma = \sum_{i=1}^n a_ib^i
e_i(t)
b(1)
60 - 142 - 58 \leq -139
r = \sum_{i=k}^\infty a_i p^i
k=k_{m-1} 2^{m-1} + k_{m-2} 2^{m-2} + \ldots + k_1 2 + k_0
3x + 5 = 15
z=r(\cos\theta+i\sin\theta)
n_1 = -n_2
x^2 + xy - y^2 = \pm 1
1^2 + 2^2 + 5^2 + 10^2 = 130
d_{1,0}^{1} = \frac{-\sin \theta}{\sqrt{2}}
z=r e^{i\theta}
(p, p+2, p+4)
c_{0}(f)
((-1)^nn)
f(x) = a\sqrt{x}
f^{-1}(x) = \log_{a}(x)
p = p_t + p_c + p_n + p_e + p_r + p_v
e^{\alpha t}\sin \beta t
\log_2(2 e b)
(149 + (22 / 88)) - (58 / (18 / 4)) = 136.36
\frac{y_2x_2-y_1x_1}{n}
y(\phi)
\frac {1 + \frac { 3}{4}x + \frac { 1}{4}x^{2} + \frac 1{24}x^{3}}{1 - \frac { 1}{4}x}
uv = -\frac{5}{9}
((56 \times 52) \div 135) + (34 - (74 \times 92)) \geq -6752
174 + 43 = 217
a = 0,1
f(a i + b j + c k ) = \frac{1 + i + j + k }{2} (a i + b j + c k ) \frac{1 - i - j - k }{2}
y=z
p(z)
x^i = g^{ij} x_j
x_4 = -\sqrt{2}
\lim_{x \rightarrow 0} x^x=1
\frac{(a+c)h}{2}
\sqrt{2+\sqrt{2}}
a_0 = 52,917 720 859 (36)
q = k_i - k_d
v(1)=v(-1)=0
\beta(s)
x_{k+1}= x_{k}+\alpha_{k} p_{k}
(74 - 115 - 0 - 171) \times ((72 / 198) + 37) \leq 4857
93 + 62 + 79 \neq -126
y^{-1}
u_n = \frac{n^2 - n + 1}{n^2}
n-1
k=-\frac{1}{2}
1 + (d+1)(r-1)
u = (u_n)
a_0 = 2
ab + nc = 1
(154 / (93 / 140)) \times 112 \geq 25964
r=pgcd(k,n)
z_n = z - f(x_0 + \ldots + x_n)
((151 + 23) - (183 \times 126)) + 153 = -22731
x_k= y_k
(x_i,y_i)
p = a+b+c
(x, y, z)
\alpha,-\alpha
24 - 151 = -127
\theta_1,\ldots,\theta_g
(175 \times 132) - 184 \leq 22916
1s^2, 2s^2, 2p^6, 3s^2, 3p^2
g_a(r)=m-1
(81 + (38 + 107)) \div 151 \leq 78
k=-1
X_{p+1}
(2n - 1)^2
x^2-b^2=(x-b)(x+b)
\alpha_{11}
b \neq 0
p_{e}^{2} = (p_1-p_2)^2 + 2m_e c (p_1 - p_2)
75 - 35 - 86 + 96 \geq 221
c_{pd}
v_{14}
x = z\sqrt{b}
91 / 190 \geq 0
\frac{\sqrt{a^2-b^2}}{a}
X_{-j}
\sqrt{1-z^2}
a, b, c
g(z)=z^2f(z)
(X,Y)
2^{(n-1)}
\gamma(t)
c = 4
2^{m} \times 2{m}
i = i + 1
\beta_n=\beta_0+\frac{2n\pi}{d}
f^{(n)}(a)
f^{(n)}
\frac{4}{3} \pi abc
17-4^2+4^0
x^6-x^5-x^4+x^2-1
f(e^d) = (f(e))^d
u_{n+1}= (n+1)u_n
r_i, r^j, r^k
\phi(x)
z^1(X) = \sum_{i=1}^n x_ip_i^1
v_{10}
ax^2+2bxy+cy^2
f(x_0) = a_0
(n, p)
\frac{-b\pm\sqrt{b^2-4ac}}{2a}
\sin(- x) = -\sin(x)
f_{pm}
a_{i,j} = a_{i-1,j+1}
X + \frac { 1}{5}X = 21
p=0,1
64 = 2^6
f_2(s)=h(s,1-s,0)
\frac{p}{1-e} = a+c
e^{imx} - e^{-imx} = 2i\sin (mx)
89 \times (163 \times 40) \leq 580280
X_{ij}
n\times d
{\lim_{n \rightarrow +{\infty} }{{u}_{n}}}
\int{x^p(1-x)^q dx}
((192 - 28) / 154) / 188 \neq 0
z(X)
y_1 = \frac{1}{\sqrt{2}}
o_i=0
s^2+st = 1
\frac {1}{\cos^2{x}}
\frac{31}{50}= \frac t{100}
7 \pm (111 \div (28 + 23)) \times ((53 + 187) \times (179 \div 147))
a_c = \frac{v^2}{r} = \frac{4\pi^2r}{t^2}
e^{i \pi}=-1
v_s(t)=\frac{dx_s(t)}{dt}
\frac{dy}{dt}= y(a-by)
\frac{e^z}{z}
z = x + \frac {1}{x}
ax + by + cz + d=0
p_0, p_1 \ldots
\frac { 1}{4} aa+bb
(u_i^n)
f (x_0) = Y
(2-1-1)
k^{-3}
w^2(z)
a_1, b_1, a_2, b_2,\ldots a_g, b_g
a p_0+b q_0 = 1
x_2=\frac c{ax_1}
x_0=\sqrt{2-{\sqrt{2+{\sqrt{2+{\sqrt{2+{\sqrt{3}}}}}}}}}
a_{n+2}=a_n-q_{n+2}a_{n+1}
\frac{a^{m+1}}{m+1}
n^3 = n^{\log_{2}8}
1+2+3+\ldots+(n-1)+n
\frac{n+1}{2}
a_{i,j} = f(e_i,e_j)
f^n(x)
\pm i a
Y_1^{(n)}
g_{ij} = - a^2(t) \gamma_{ij}
f(z) = (z-z_j)^{n_j} g(z)
\frac{a}{b} + \frac{-a}{b} = \frac{0}{b^2}
b^1 = b
\frac { 2}{3} b\times f(b)
y-\phi_{ij}(x)
(130 \times (125 \times 85)) + 152 = 1381402
u_n = a^{n-n_0}(u_{n_0}- r)+r
a_{i,i}
a+0=a
y^2= ax^3 + bx^2 + cx + d
x=e^u
\frac{2}{\frac{1}{x}+\frac{1}{y}}
nY_1^{(n)}=k
e^{X}e^{Y}
g(y)=1
\cos(2t)
X^n - 1
(a x) (b y) = (a b) (x y)
x^5 + dx^2+ex+f
(122 - 103 + 141 - 33) \times ((22 \times 92) - (65 - 113)) \leq 263144
e^{ix} = \cos x + i \sin x
f = d^3a_2+3bd^2a_3 = 27i\sqrt{3}
f(x_p) = f(x_q) = 0
c = \sqrt{2}
(46 \div (10 - 189)) \times 144 \neq -3
( 3 , 4 , 5 )
\cos x + i \sin x=e^{ix}
w_{n+1}=xe^{-w_n}
u_0 (x)
y^2+a_1y+a_3=x^3+a-2x^2+a_4x+a_6
78 \pm 53 - 161
x( \theta )=a\sin(p\theta)
h_{n} = \frac{a}{\sqrt{2}} \times \sqrt{\frac{n+1}{n}}
2^{p - 1} - 1
148 \times 133 \leq 19684
x^5+x+a
f(0,t)
138 / ((129 \times 95) - 89) \neq 0
181 \pm (129 + 117) \div (61 + 180)
x^{-4}
y-x
c_1c_2
\frac{(2 d_1 + d_2 - 2) \sqrt{8 (d_2-4)}}{(d_2-6) \sqrt{d_1 (d_1 + d_2 -2)}}
p_{i,i+1}=1-p_{i,i-1}=p
(ab)
b_1=1
\alpha_{in}=x_{in}+ip_{in}
0 \pm 186 + 33 - 170 - 63
ds^2
a_{i,j}
e_1=0
z-1
10^n - k
(x,y,t)
h(a) = h(b) = 0
d_{p,j}^{(n)}
v, u_1, u_2
\beta(x)
100 + 189 \neq -81
(1 - \theta t)^{-k}
192 \pm 182 - 43
a = e^4a_3+4ce^3a_4
s^{n-3}
x = r \cos \theta
-a - b\sqrt{2}
\sin^2(x)
q^d-1
f(z)=\sum_{n=0}^{\infty}a_n(z-a)^n
e = \frac{(1 - j)}{2}
((57 + 88) \div 45) \times ((104 + 171) \div 77) \geq 11
y \in Y
17 \pm 88 / 194
154 \pm ((133 \times 31) + (1 - 193)) \times 165
(c_0, \ldots, c_i)
n_1 \sin(\theta_1) = n_2 \sin(\theta_2)
2i \pi
151 \pm 143 \div 97
(x-2)
p^{-v_p(r)}
2^n \times 2^n
(139 + 33 - 176) / ((132 - 98) / (187 + 36)) \neq -4
c = \sqrt{a^2-b^2}
x^a(p)
(2l+1)
f(x) = 2x ^2 + 4x - 5
X^4-1
p_{n+1} = ap_n + (1-b)q_n
122 / ((58 - 176) / (164 / 99)) = -1.71
(135 \times (168 \div 149)) + 67 = 219.21
\lim_{t \rightarrow t_0}\frac{y(t)}{x(t)} = \pm \infty
x^3-x-1
d^2pq(p^2-q^2)
(y_1,\ldots,y_{i-1},y_{i+1},\ldots,y_{n+1})
n=k+2t
p = n - k
178 + 61 \neq 565
(x_{i} - f_{i})= \frac {f_{i} \times f_{o}}{(x_{o}-f_{o})}
-90a_6a_5a_4+135a_6^2a_3=0
2x10^{19}
2 - 5i
\frac{b}{a}
s_0 = 2
2^n-1
189a_7a_4^2-315a_7a_5a_3+25a_5^3
r, \theta, \phi, t
135 \div 119 \geq 0
\lim_{x \rightarrow 1} f(x) =\lim_{x \rightarrow 1} \frac{x+4}{2x+1} = \frac { 5}{3}
d_{tc} = d_{a} + t_{br}
0=6(x-2)(x+1)
(n_1,n_2)
r _i(s)
\frac{e^{iat}}{n}\sum_{k=0}^{n-1}e^{ikt}
m = -1
(68 / (2 + 162)) \times 8 \geq 2
n_{i,j} \neq 0
a(u)
t_{ik}
((54 \times 109) \times 185) \times 158 \leq 172047780
x = \frac{0,155 \times 100}{0,183}
h(-r)=h(r)
w = x+iy
\sqrt{xd}
r = \alpha(\theta)
\sum_{k=0}^{m-1} k^n = 0^n + 1^n + 2^n + \ldots + {(m-1)}^n
25 - 82 \leq -56
a = re^{i\theta}
((180 - 0) \times (108 + 55)) \times 62 = 1819080
\exists x
g(u)=y(e^u)
\theta_2=-\theta_1
49 \pm (98 - 193) / (60 \times 119)
a_{n}=n^{-1}
((114 + 118) \times (114 \times 59)) + ((198 - 20) \times (56 / 168)) \neq -553173
a \neq -1
\phi_n(n)
\frac{25}{9} = \frac{1}{3^2} + \frac{2}{3} + 2
(1 + \alpha^{-1}\beta)^{-1} = \sum_{i=0}^{\infty} (-1)^{i}(\alpha^{-1}\beta)^{i}
10^{200}
d_n(x,y)
\frac{b}{\sqrt{1-e^2}}
\frac{1}{r^d}
w(z) = 1
x_{1} \times x_{2} \times \ldots \times x_{n}
x = 2 \times 70 + 3 \times 21 + 2 \times 15 = 233
p = \frac{{v_{0}}^{2} \sin(2\alpha)}{2a} + \sqrt{\frac{({v_{0}}^{2} \sin(2\alpha))^{2}}{4a^{2}}+ \frac{2z_{0}(v_{0} \cos\alpha)^{2}}{a}}
5\times 10^{19}
v(x)
f_1 + f_2
a=b=c
X_2 = 21
v_1, \ldots, v_n
(1-u)
\sin^2(x)(1-\sin^2(y))=\sin^2(y)(1-\sin^2(x))
65 \pm 56 \times ((58 + 87) \times (110 \div 35))
2=\frac{p^2}{q^2}
y(t) = t x_d(t)
6,807h + 7,703c - 8,245
w_n=f_n
189 \pm 159 \times (50 \times 99)
a^{ij} = g^{ik} g^{jl} a_{kl}
a(l)
138 / (178 / (128 + 166)) \geq 227
(10a_5a_3-4a_4^2) + 10a_5(a_2 - \frac{a_4a_3}{5a_5})^2 = 0
\frac{x^2+y^2}{a^2}-\frac{z^2}{b^2}=1
e^{-z} = \cos(z) - \sin(z)
(2-1)
e_{(1,0)} = \frac{y_2 - y_1}{x_2 - x_1}
\phi(u,v)
29 \div ((163 \div 146) \div 104) \leq 2701
(x_0, y_0, z_0)
((93 + 172) - (78 \times 26)) - (62 \times 81) \geq -6785
a^{\frac 1 n}
ds^2=dr^2+r^2d\theta^2+r^2\sin^2\theta d\phi^2
t\neq 0
\alpha = 3
\theta = \frac{2k \pi }{q}
k^{n+1} - { 0 }
k=f(a+h)-f(a)
4 \div 182 = 0.02
20 + 49 + 4 + 109 - 83 \neq -42
c^2 = a^2+b^2-2ab\cos\gamma
f(e_i) = y_i
\sin (nx)
p=2r+1
\frac{\sin x}{x}=\frac{\sin x-\sin 0}{x-0}
s_k=x_{k+1}-x_k
45 \times (39 \div 126) \neq 32
x \times (+ \infty)
24 \pm ((56 / 110) - (54 / 144)) - (22 + 104 + 30 - 77)
2n=40
19 \times 7 \leq 133
f(u_1) = u_2
X_0(n)
x_q = x
u(c)=\frac{1}{b-a}\int_a^b u(t)dt
\beta_{m}^{2}
x_i = x_j
1 + z = \frac{a_0}{a(t)}
u_{n+2}=u_n-q_{n+2}u_{n+1}
\sin(nx)=0
p = 4m + 1
\cos x = 1- \frac{x^2}{2} + o(x^3)
45 / 111 \geq 0
h_{10}(t) = t^3-2t^2+t
\theta^{3^{n}}
t_0 = \frac{x_0}{c}
pgcd(a,b)=ax_0+by_0
136 - 91 + 147 \geq -102
a^{3} + b^{3} = c^{3}
r_k=\frac{\int_{t_k}^{t_{k+1}}x p_X(x)}{\int_{t_k}^{t_{k+1}}p_X(x)}
99 \times 182 = 18018
g_n(x)
192 \times 183 = 35136
2 \pm \sqrt{2}
157 \times (50 \times (89 \times 18)) = 12575700
14 + 61 = 75
\sum x_i = 1
e^x = e(1 + (x - 1) + \frac{(x - 1)^2}{2} + o((x - 1)^2))
f(x,y)=1
(2 + 3i)
{({d t})^2} = \frac{l (d \theta)^2}{2g (\cos(\theta) - \cos(\theta_0))}
f(u)=f(u+0)=f(u)\times f(0)
(x+y)^2=x^2+y^2+ 2xy
ad - bc \neq 0
b = \sqrt{2}
a z_{ij}
(n + 2)
u_n = a q^{n - n_0}
2 \pi r h
c(x, y)
x^3+px+q=0
116 \div 145 = 0.80
d(p^2-q^2), 2pdq, d(p^2+q^2)
\frac{1}{3}\frac{1}{3}\gamma
b i + c j + d k
x_n=\frac{n^2}{n+1}
X \rightarrow k
(158 / 16) / 59 \leq 0
7^2 = 49
(22 + 197 + 138) \times 20 \geq 7139
s=(p_1+p_2)^2=(p_3+p_4)^2
i = f(u)
XY = YX
2^5+2+1
111 - 180 - 197 \leq -265
\frac{1 - q}{(u + q)^2} + u = 0
a+b
f(x) = ax^2+ bx + c
d(t)
x^3 - 3ax^2 + (3a^2 - 3bc)x + 3abc - a^3 - b^3 - c^3 = 0
95 \pm 119 \times (187 \div (39 + 24))
168 \pm (171 - 6) \div (24 \div 174)
a_n, b_n, c_n
u(x-x_0) + v(y-y_0)= 0
17 \div 66 = 0.26
5 / (37 + 36 + 8) = 0.06
u_{1} = \beta u_{2}
\sum_{i=1}^n k_i=\sum_{j=1}^m q_j
(f + g)(t_1, t_2, \ldots, t_n) = g(2t_1-1, t_2, \ldots, t_n)
130 \pm ((115 \div 148) - (140 + 60)) \times ((177 - 179) - (170 \div 75))
3\times(4\times x+1)\times (5\times x\times y-2)\times z
w(p(s(X),Y)) = 2w(s(X)) + w(Y) = 2 + 2w(X) + w(Y)
\pm\sum_{i=0}^{+\infty}(-1)^ia_i
x = 1
sn = 1
2\pi f
h_{ij}
\frac{x^2}{n_x^2} + \frac{y^2}{n_y^2} + \frac{z^2}{n_z^2} = 1
k_1, k_2, k_3, k_4
{e^t}X_t
t_{2n} = t_n
(X,p)
(x-x3)^2 + (y-y3)^2 = r^2
l_i(x_i) = 1
\alpha = \lim_{n \rightarrow \infty}\frac {d_{n}}{d_{n+1}}
151 \pm 58 - 162
115 \pm 170 / (87 - 149 - 158)
X^{max}
y_i=f(x_i)
v^{n}= \sum_{i=0}^{n-1} (-1)^{i}\alpha^{n-1-i}\beta^{i}
(n,e)
h(t) = \frac{1}{\pi t}
x_p^1
179 \times 188 = 33652
2^3 + 16^3 = 9^3 + 15^3 = 4 104
69 \times 15 = 1035
u_2(z)
f(u)=k
89 \times ((155 \times 50) \div 132) \neq -1372
\alpha b + \beta =0
2 \times 2-2 \times 1-2 \times 1=2 \times 1-1 \times 1-1 \times 1
0,09 + {i} 0,12
u_i(t,x_j)
((31 \div 52) - (21 \div 120)) \times 102 \geq 42
a - 1 = n
148 \pm 45 + ((191 \times 1) + (77 - 108))
166 - 147 - 56 = 75
\sqrt{a +b}
x(t) = x(t-1)
f(x) = 7x - 3
d_{2,-1}^{2} = - \frac{1 - \cos \theta}{2} \sin \theta
47 - 64 \leq -16
12 \pm ((29 \times 6) + 22) + ((47 \times 133) - (86 - 187))
ax^4 + bx^2 + c
0 \pm 145 - 35
f(z)=\sum_{n=-\infty}^{+\infty} a_n{(z-a)}^n
(45 - (106 \times 17)) / ((42 \times 37) - (42 \times 31)) = -6.97
m_gd_g
r=\frac{b}{1-a}
(176 + (115 \times 196)) / 67 = 339.04
42 \times 172 \geq 7223
((72 \times 113) \times 56) - (82 \times 96) \geq 447743
21-5\sqrt{21} + (15\sqrt{7}-21\sqrt{3})i
g_{uu}g_{vv}
27a_4a_1^2-72a_4a_2a_0+2a_2^3-9a_3a_2a_1+27a_3^2a_0=0
(56 \times (81 \div 141)) + (22 - 5) \geq 48
y = \frac{1}{x}
e_{(x+y,z)} - e_{(x,z)} - e_{(y,z)}
\frac{\beta}{\alpha-1}
(198 + 188) \times 158 \neq 2512
94 \times (11 / 146) = 7.08
\lim_{X \rightarrow +\infty} \frac{1- \cos(X)}{X}=0
g(u,v)=u+v
f(x) \leq 0
a = \frac{f(x_1) - f(x_2)} {x_1 - x_2}
t_{0}=r_{0}-0
((84 / 113) / 51) - 119 = -118.99
n_1+\ldots +n_{i-1}+1
0,25 \times 360
((41 / 59) \times 173) - 133 = -12.78
p+1+2\sqrt p
u_{n+1}
x+dx
\alpha = \frac{2 \pi}{365,25}
\frac{b-a}{n}\leq\alpha
u = f(x)
y = y_1 + \frac{1}{z}
\frac{1}{-1} = \frac{-1}{1}
a=0,84
168 \pm 19 + ((11 + 78) / (6 - 163))
(5n^2-n)+1
z= f(u) + g(v)
26 \pm (109 + 119 - 82) \div ((169 - 123) + (20 \div 175))
(x + 2)(ax^2 + bx + c) = ax^3 + (2a + b)x^2 + (2b+c)x + 2c = x^3 -5x - 2
27 q^2 - 27 q + 1
(n,0)
(x_1+y_1\sqrt{n})^k
1-e^2= \frac{p}{a}
4X^3 - 7X^2 + 3X - 5 = (X-2)(4X^2 + X + 5) + 5
z_2-z_1=h
\alpha = (\alpha_{1},\alpha_{2},\ldots,\alpha_{n})
g(X)=\sqrt{\sum_{i=1}^nf_i(x_i-X)^2}
z_2 = -(y_1 + y_3)(y_2 + y_4)
2^{k-1}(2^k - 1)
p^{\alpha} \neq 0
x(t_f) = 0
f(x_{i},\beta)
\phi_{a}(y)=1
a^2 - 2ab = (a - b)^2 - b^2
10^{3}
7 + 140 = 147
x \rightarrow a
2x^{3} + (1 - \sqrt{21})x^{2} - (1 + \sqrt{21})x + 5 + \sqrt{21}
j=\frac{g_2^3}{g_2^3-27g_3^2}
1-\frac{t}{100}
p(t)
Y^p-X^p
y^2=x^3-3x+2
a+c=b
p = n \times m
0+0=0
(X^3-1)^2=2
m_i = \frac{x_i+x_{i+1}}{2}
x^5=x+1
a_{k+1}
\frac { 1}{2} a + \sqrt{\frac { 1}{4} aa+bb}
x_iX_j-x_jX_i
125 + (30 + (34 \div 134)) \leq 155
a=\frac{b}{g(b)}
x_i=0
k = 239
(\gamma_n)
u_0=(0,0)
mn-1
t\times n_{a} = p\times n_{b}
-2x
dg_{\beta} = dg_{\alpha}
x^{2n+1}
42 - 85 - 18 \geq -25
f(x) = \frac{x^2-4}{4x^2}\frac{1}{x-2} = \frac{x+2}{4x^2}
1 + 19 - 147 + 100 = -227
(89 - (86 \times 4)) / ((196 / 168) + 125) \leq -1
xx^m=x^{m+1}
146 \pm 178 / ((170 \times 113) + 133)
a_{i}=a_{i+n}
10^m
\phi=\frac{\pi}{2p}
x^{3} - x^{2}\sqrt{7} + x + \frac{1}{\sqrt{7}}
y(t)-ax(t)
(a_i)
p=d_{i,j}^{(n)}
\frac{1}{1+x} = 1-x+x^2-x^3+\ldots+(-1)^nx^n+o(x^n)
2^{69}
10x^2\sqrt{5+2\sqrt{5}} + 5x - \sqrt{5+2\sqrt{5}}
j^2 = +1
q(x)=x_1^2+x_2^2+x_3^2-2x_1x_2-2x_2x_3-2x_3x_1
\sqrt{1-x}
g = 9,81
(X-1)\times c
x^3 - 18x - 35 = 0
j = -\frac{1}{2} + \frac{\sqrt{3}}{2}i
((133 \div 36) + 135) - ((38 \div 186) \times (33 \times 193)) = -1162.50
3-\alpha
\lim_{c \rightarrow a} \int f(t) dt
\frac { 6}{5}X = 21
b^3 = \frac{5}{54}
\phi_1(p)+\phi_2(p)
{f(x) = \sum_{n=0}^\infty {w^n s(2^{n}x)}}
\gamma_y(0)=y_1
\alpha\beta0
\phi(x,y)
u_1=au_0+b
184 + 176 + 13 - 98 \leq 275
186 / ((91 + 151) / (18 - 133)) = -88.39
1^2 + 7^2 + 6^2=86
f(z) \neq 0
4^2 = 2^4
6a + 2b = 2x + y
(118 / (2 / 131)) / 159 = 48.61
-a^{n} = - a\times a\times a\times \ldots \times a
X_{k\times 1}
((72 \div 58) - (26 \div 166)) \div 58 = 0.02
d_{i,j}
X=-\frac pe
u_1 = 3
2^{s+13}
h = \frac {1}{2} \times 9,81 \times 0,5^{2}
\sum_{i=1}^{m} \frac {(n_{i} - n \times p_{i})^{2}} {n \times p_{i}}
\sum a_k\theta_k=0
70 - (49 + (19 \times 22)) \geq -397
f(z) = (1+z^2)^{-1}
h(\theta)=0
t(z) = \frac{h_3 h_1}{h_3 h_0 - h_2 h_1} + \frac{h_3^2}{h_3 h_0 - h_2 h_1} z^{-1}
a_0=a
y=v\sin(u)
(184 - 188 - 158 + 135) / ((34 - 118) + (81 \times 20)) = -0.19
a(t+1)
77 / 167 \leq 0
u_n = \sum_{i=1}^n e_i
183 \times 99 \geq 18116
123 \pm (185 \div (36 \div 64)) \div 122
119 \div (16 - 46) \leq -3
f(s) = \sum_{n=0}^{\infty} \frac{a(n)}{n^{s}}
2,7\times 10^{44}
x^4 - 4x^3\sqrt{2} + 2x^2 + 4x\sqrt{2}+ 1
y = z x
a_{n-1}a_n=a_1
4pq^3
f_2, g_2
\sqrt {13}
\gamma^5=\gamma^0\gamma^1\gamma^2\gamma^3
2m-m=m
0,1234 \times 10^{56}
(\pm 1,\pm 1,0,0)
179 - 169 - 96 + 151 \geq 64
\sqrt{2} + 1
\lim_{x \rightarrow +\infty} a^x = 0
\frac {dx}{dt} = f(x)
p=p_e
\alpha(c)
10x = 3
f_0,\ldots,f_p
\cos\theta = \beta
b_{i_{j}}
((8 \div 130) \div (190 \times 12)) \times ((86 + 147) - (84 \div 0)) \neq 2147483647
(2 / (59 / 15)) - ((39 - 72) \times (18 \times 81)) \geq 48114
((191 / 111) - 187) + (93 - (22 / 189)) \geq -92
2na_na_{n-2}-(n-1)a_{n-1}^2 = 0
a_6 x^6 + a_5 x^5 + a_4 x^4 + a_3 x^3 + a_2 x^2 + a_1 x + a_0 = 0
q = \frac{2c}{5}
5x^{2} - 5x + 1 = 0
\frac{n_{1}}{a_{1}}- \frac{n_{2}}{a_{2}}=\frac{n_{1}-n_{2}}{c}
u_2 = 1
u_n=o(v_n)
\frac{2-p}{\sqrt{r q}}
f(x) = f(y)
x^{n-1}
\cos 2\phi = 2\cos^2 \phi - 1
r(s)
b_3t
3 = \sqrt{6+\sqrt{6+\sqrt{6+\sqrt{6+\ldots}}}}
\frac{(n-2)\pi}{n}
(x , y)
n = 0
k^m + n
\beta(z)
X^2 -2X - 1 = 0
2^2=2\times2
p^a = \pi = p
g(x) =\frac 1x
X = \sqrt{x}
h(t)=0
c = 12
a_{i,i-1}
\pi(\sqrt{n})
f(x) = \frac{x_b-x}{x_b-x_a} y_a + \frac{x-x_a}{x_b-x_a} y_b
o(1)
X\rightarrow p\rightarrow q
31 + 54 = 85
\gamma^{-1}
a^n = - p_{n-1}a^{n-1}b + \ldots + p_0b^n
aX^2-bX-a
76 \pm (102 + 150) \times 56
a_{n}=n^{-\beta}
\alpha_{13}
\frac{h}{k} = -\frac{3}{2}
m-g+1
\sum_p{\frac{1}{p^s}}
(1 + (47 \times 30)) \div ((49 \times 92) + 91) \neq 0
f(\alpha x_{1},\alpha x_{2}) = \alpha^{4} \times f(x_{1},x_{2})
\pi_x=(y,z)
a_2 a_3 = a_4
a_n=o(b_n)
h_2 + \frac{h_1 (h_3^2 + h_2^2)}{h_3 h_0 - h_2 h_1} = 0
1 - (-1)^d
\sum q_i c_i^0 = 0
\gamma = \infty
\gamma_{14}
\lim_{t\rightarrow t_0} y(t) = + \infty
u = -1 - \frac{5}{12} q + w
c_{12}
\alpha_{b,c}
\frac{(z-a)^n}{(\gamma(\theta)-a)^{n+1}}
r_1 + r_2
(166 - 122 + 32) + ((106 \div 30) \div (30 \div 18)) \geq 77
\frac{p}{q}
x=\phi_{ki}(z)
a \leq x \leq b
\frac{2}{3}n^3
(z-2xz+z^2)
\beta_{min}
\log_a x
x^2+x+1 = 0
\frac{x}{0}
r^2=x^2+y^2
e^{-\frac{2\pi i}{n}}
\sqrt{-2}\times\sqrt{-3}
r_{1}+r_{2}=- \frac{b}{a}
\lim (u_n) = +\infty
q=e^{2i\pi z}
t = k \sqrt{\frac{m}{q}}
g_i (x,y,z) = 0
f(0)=f(1)=x
\lim_{x \rightarrow a}\frac{f(x)}{g(x)} = 1
t^5 + t - a
e^{-1}
{ \frac {1 + \frac {7}{9}t^2 + \frac {64}{945}t^4}{1 + \frac {10}{9}t^2 + \frac 5{21}t^4}}
d_0 = x_0a + y_0b
a_{n+1} = o_{n}+ 2a_{n}= o_{n+1} + a_{n}
v(x)=\infty
f(x) = (1+x)^{-1}
z_1 = 1+\sqrt{2}
138 + 3 + 21 + 166 \leq 328
p_x = ap_{x - 1} + b
X=\frac{ad(c-b)-cb(a-d)}{ dc-ab}
\lim_{x \rightarrow - \infty}\frac{f(x)}{x} = \pm \infty
u(0) = u_1
(x + 1) (8x^3 - 4x^2 - 4x + 1)=0
f(st)=f(ts)
x_i^j=1
76 \pm ((41 + 118) \times 124) \times 130
y_p=x_{n_p}
2ik\pi
a = 3
non(\phi)
\frac{1}{x^3}-\frac{1}{x^4} = \frac{1}{x^4} \times (x-1)
((124 \div 106) + 132) + ((16 - 145) \times (100 \times 120)) \geq -1547867
\frac{a_1+\ldots+a_n}{b_1+\ldots+b_n}
((40 \times 102) \times 195) - (82 \times (142 \div 13)) \leq 794704
60 - 72 + 59 + 95 \geq 141
-3x
\alpha_{min}
4l^2 (1+\sqrt 2)(1+\sqrt{4-2\sqrt 2})
w=xyz
(x^{2} + 1)(x + 1)(x - 1)^{2} = 0
\frac {750}{27 706}
a_{tan} = r\alpha
(133 \times (176 / 67)) - ((119 \times 14) - 190) \geq -1127
f(0)=0
t = 18
\lim_{x\rightarrow 0} \log_a x = +\infty
\forall x,y
60 \times 0,3127=18,672
x^2-6x + 5 + 9 - 5 = 9 - 5
x_{(k)}
e^{i(n-k)x}e^{-ikx} = e^{i(n-2k)x}
10^{-6}
X_2 = \frac{-2 - 2i}{2} = -1 - i
a = c
\frac{f_1}{g_1}
\frac{p}{2}
\frac{1}{2}h
\frac{n}{m}
u^3 = 2 + \sqrt{-121} = 2 + 11\sqrt{-1}
a=-1
({p_1}, {p_2}, {d_1}, {p_3}, {d_2}, {d_3}, {d_4}, {p_4})
(\cos(x)+i\sin(x))^n = \cos(nx)+i \sin(nx)
k = i_2
(x^2-5)^2-24
\frac{3}{4}=\frac{3 \times 3\times 3\times 5}{4 \times 3\times 3\times 5}= \frac{135}{180}
\theta(t)
120 - 14 - 107 \leq 213
j^2 = -1-j
8y^3 - 4py^2 - 8ry + 4rp - q^2 = 0
(95 / 97) - 120 \neq -89
\frac{xy}{x}=\frac{y}{1}
x_1, x_2
77 + 113 \geq 189
\lim_{x \rightarrow - \infty}\frac{f(x)}{x} = a
r(n) = \sqrt{n}
n_x^2 + n_y^2 + n_z^2 = 1
f(h)
u = 1 - x^2
194 \div (130 \div (86 \div 47)) \leq 3
6+2b=12+6
\frac{d}{dx}f(x)=f(x)(1-f(x))
175 \times (162 \times 103) \leq 2920050
n^{(r)}
196 + (157 \times 67) \geq 10714
r = \frac {p}{2\pi}
(159 - 162 - 52) + ((128 / 169) - (14 \times 13)) = -132.24
1000 \times 1,1
((47 / 22) \times 109) \times (161 \times 6) = 224946.27
c(x, y) = h(x - y)
t_{ij}
\lim_{x \rightarrow - \infty}\frac{f(x)}{x} = a
((95 - 86) \times 35) \times 197 \neq -37879
n = k^2
{+\frac{\pi}{3}}
(2\sqrt{21}-9 )x^2+x+8-2\sqrt{21} = 0
\frac{z}{1}=\frac{x}{y}
\frac {y_{i+1}-y_i}{x_{i+1}-x_i}=f(x_i,y_i)
10^{8}
f=g
dt = \sqrt{\frac{l}{2g}}{\frac{d \theta}{\sqrt{\cos \theta -\cos \theta_0}}}
((18 / 6) \times 166) - (85 - 158) = 571
(s, x, y, z)
(\gamma_x(t),\gamma_y(t))
\frac{\pi}{4} = 1 - \frac{1}{3} + \frac{1}{5} - \frac{1}{7} + \ldots + \frac{(-1)^n}{2n+1} + \ldots=\sum_{k=0}^{\infty}\frac{(-1)^k}{2k+1}
a = \frac{(d_1 + d_2)}{2} = \frac{m(z_1 + z_2)}{2}
a= \sqrt{2}^{\sqrt2}
a_1 a_2 = a_3
\frac{9}{5}
w_i = k - a z_i + b z
j^2 = -1
a = \frac{v^2}{r}
u _1 = v _1
(q + pe^{it})^n
c\sqrt{1-\frac{v^2}{c^2}} = 0
\cos(\beta)
b_{2n+1}
y = a\times x
f(z)^2=z
125 = 5^{1 + 2}
(x^0, x^1, x^2, x^3)=(t, r, \theta, \phi)
y^2=\frac{x^3}{2a-x}
mc^2
\frac{df}{dx}
y = ax + b
p = \frac{2}{n - 1}
\sqrt{a^{2}}
z(X) = \sum_{i=1}^n x_ip_i + \sum_{i=1}^n\sum_{j=1}^n x_ix_jg_{ij}
\frac{d}{ds}c_n(f,s)=\frac{n}{s}c_n(f,s)
10^{46}
\theta_{min}
\pi(x) = m
129 \div 173 \leq 1
\cos(x) + \cos(x+\frac {2}{3}\pi) + \cos(x+\frac {4}{3}\pi)=0
(s,t)
a b c d
p=\frac{p_{\alpha} + p_{\beta}}{\sin \alpha + \sin \beta}
\frac{dv}{dt}
a + 0 = 0 + a = a
2^i=3^j
((126 \times 130) \times 162) \div (168 - 161 - 32) \neq -11542
\sqrt{a}\sqrt{b}=\sqrt{ab}
131 \pm (172 \times (28 \times 59)) + (73 + 61)
X_1, X_2, \ldots
\frac{1}{10}
\sqrt{zw}=\sqrt{z}\sqrt{w}
(120 - 69) - ((171 + 60) \times (24 / 97)) \neq 0
akb=-b(y-y_0)
(n-1)^{2}
\frac{e}{3}
(y + z) \times x = (y \times x)+(z \times x)
{m^2 s^{-3}}
a_i, a_j
169 / 163 \leq 1
\theta_0=\pi
\phi(s)
2 \times 3
a(v^2) = a((-v)^2)
b=a^2+c^2
\alpha^{n} + a_{n-1}\alpha^{n-1} + \ldots + a_{1}\alpha + a_{0} = 0
2^{n(n - 1)}
95 + ((138 \div 36) \div (86 \div 131)) \leq 101
Y(u)
(x+3)x
\beta = \cos(\theta)
199 - 151 = 48
\frac{4}{3}
d = kb
(b,a,a)
\lim_{x \rightarrow a}f(x) = l
z_2=\frac{1}{2}
\frac{\sqrt{0}}{2}
\theta=\theta_1\pm\theta_2
b_0=1
100 - X^2= 96
y_1 + u
18 = 2^1 3^2
(e_1, e_2, \ldots )
174 \div 7 \leq 25
x_i\neq 0
x_f = x_i + {v_i}{t} + \frac{1}{2}{at^2}
92 / 70 = 1.31
dt = dt_0
p=\frac{1}{\theta+1}
u_{18}
f^{-1}(x)=x-h(x)u
z=r(\cos\theta+i\sin\theta)
{ h = 800 km }
\frac{dp}{dt} = cp(1-p)-ep
(\frac1{b_n}\sum_{k=0}^n b_k u_k )
x - y
a^{x+y}=a^xa^y
d_{q2}^{2}+d_{23}^{2}+d_{34}^{2}
2^{60}
x \leq y
(140 / 16) \times 92 \leq 805
134 + (61 \times 66) \geq 4159
v_1v_2v_3
10^{-p}
p = 2n - 1
x( \theta )=a\sin(\theta)
170 \pm 8 \times 109
2^d \alpha
q = a 1 + b i + c j + d k
x^0, x^1, x^2, x^3
\frac{az^{-1} }{ (1-a z^{-1})^2 }
nY_2^{(n)}
f_0-f_1+f_2
x=x_0 \frac{y-y_0}{v}=\frac{z-z_0}{w}
- \frac{1}{r^2}
((3 - 90) - (149 \times 37)) - ((129 - 78) \div 15) \geq -5603
q(x)=x_1x_2+x_2x_3+x_1x_3
c_n=\frac{1}{n}\sum_{k=1}^n a_k=\frac{a_1+\ldots+a_n}{n}
x = \frac {1 }{ 2}gt^2
(143 - 135 - 191) / 53 \neq 1
((190 \div 196) \times (165 - 100)) \div (73 + (91 \times 97)) \leq 0
3^3 + 7^3 +1^3 = 371
p^{\beta-\alpha}
\lim_{x \rightarrow -\infty} \frac{1}{x^n} = \lim_{x \rightarrow +\infty} \frac{1}{x^n} = 0
38 + 147 \leq 185
k_1 = k_t = k
89 + 27 \leq 116
y_1(x)
h_2=\frac {f_2}{f}
\frac{1}{4}
252 = 28 \times 9
\beta(u)
\gamma_{jk}
192 - 166 \neq 12
(n-1)2^{n-4}
X_2 = -\frac{49}{4}
x^3 = 18x + 35
e^{X+Y}-e^{X} e^{Y}
f(i)
u^p=0
24 - 43 \neq 18
b_{15}
b-(a-b)
y = pgcd(x_a - x_b, n)
x = \frac{c}{d}
wc = vb
\beta_{n+1}
\sum_{i=1}^{36} i = 666
c=c+1
f(v, t)
r = \frac{x}{y}
n=5
n-2=3
19 \pm 128 / 132
n \log(n)
k_{1}=k_{2}
97 - 187 \geq -90
(x_0, \pm y_0)
\phi_c(n)
q = (1 - p)
113 + (75 \div (121 \times 51)) \geq 112
y_{n+1} = b x_n
c = 13
kw^{k-1}=0
(X - r_0)^2
a = \sqrt{b^2-c^2\sin^2\beta}+c\cos\beta
b^{-1}
j = -\frac{1}{2} + i \frac{\sqrt{3}}{2} = e^{i \frac{2\pi}{3}}
2^n-i
(165 / (165 + 146)) + ((116 \times 118) + 49) = 13737.53
(\beta_n)
(1-j)
(q_i,p_i)
((95 - 176) / (180 + 31)) / (179 - 160 - 99) \leq 0
\alpha=1
28 \pm ((16 / 183) - (157 \times 172)) \times 181
162 \pm (82 \div 175) - 78
x^2 - xy + y^2
\sum_{k=1}^4 k^2
45 - 152 + 149 \neq -98
(132 + 129 - 44) \div 102 \neq -2
x_n = 1
33 \times 163 \neq 3144
d^4x
\sum q_i c_i^0 = 0
a_n a_1=a_2
\beta = \frac{\beta_{1} - \beta_{2}}{\sqrt{3}}
f (x)
f(x) = 4x(1-x)
x^5 - 5x^4\sqrt{5+2\sqrt{5}} - 10x^3
\frac{ab}2
\frac{f_2}{g_2}
p^1 = p
u(x) = a(x+1)
8 + 104 - 8 = 104
e^{-x} +0,2x -1 = 0
(2n+1)^2=8m^2+1
\frac{l_2}{l_1} = \frac{l_3}{l_2}=\frac{l_1+l_2}{l_3}
f = d^5a_4+5bd^4a_5 = -32
\frac{a^2+ b^2-2m^2}{2}
r = 0,4 + 0,3\times 2^{n-1}
X= x_0 + Y
\int_a^c f(x) dx= \int_a^b f(x) dx+ \int_b^c f(x) dx
\sqrt{13h}
u_n=3u_{n-2}-u_{n-3}
\sqrt {-g} = t
y=\sin(t)
d=2
u(a)=u(b)=0
p_X(x)
\sqrt{29}
f(r, \theta) = r^2 (\cos \theta^2 + \sin \theta^2) = r^2
X_1 = 5
186 \pm (166 / (50 + 137)) \times 78
f(x)=\sum_{k=1}^{+\infty}\frac 1 k \sin (k^2 x)
n-i
\frac{d} {dx} ln(x)=\frac{1}{x}
v(a + i b) = a^2 + b^2
(f_n)
1245\times 26 - 279 \times 116 = 6
126 - 48 = 78
\log_c(a - b) = \log_c(c^{(\log_ca - \log_cb)} - 1 )+ \log_cb
(-a)^n = a^n
\frac {x-10}{11-10} = \frac {22-20,6}{22,6-20,6}
r = \sqrt{n}
x=10+0,7
189 \pm (124 \times 100) + 147
f(c) = 0
c = \sqrt{a^2+b^2-2ab\cos\gamma}
197 + 143 \geq 339
x = 3i
145 - ((12 - 128) \div (112 \div 37)) = 183.32
\sum_{i=1}^5 d_i^2=24
p = \frac{r^{n+1}}{b^n}
(62 \times (144 - 55)) \times ((143 \times 162) - 32) \geq 127653411
\sum p_i=1
nm^2
a,b,c,d
x^2 + 3x
1 + \log_k(\frac{k+1}{2})
tv = \sqrt{(90)^2 + (110,8)^2} = 142,7
60 = 2 \times 2 \times 3 \times 5
\lim_{n \rightarrow +\infty} (u_{2n+1}) = -\infty
5x - \frac { 1}{4}x + \frac { 1}{4} = 1
k=k+1
67 / 62 \geq 0
f_{a, b, c}( d)
q = u 1 + v i + w j + x k
(5, 7)
u^i = 0
u_n=u_{n_0}
(x_{k_n})
\phi(n)
m_1-m
184 \div (126 \times 37) \leq 0
y^5 + py + q
X(z)
\frac {1 + \frac { 3}{5} x + \frac 3{20}x^2 + \frac 1{60}x^3}{1 - \frac { 2}{5}x + \frac 1{20}x^2}
\frac{\sqrt{3}}{4}
x^5 - 10 q^2x = p
\lim_{x \rightarrow +\infty} x - \sqrt{x^2 - x} = \lim_{h \rightarrow 0}\frac{\frac{1}{2\sqrt{1-h}}}{1}
u(\theta_0,p)=0
o(h)
\sin \theta_{max} = \sqrt{n_c^2-n_g^2}
-\frac{1}{\pi}
1 \times 7 \times 13 \times 19 = 1729
a_3 = 32
(0, 0)
-f(x)g(x_0)+g(x_0)f(x)
x _{k+1} = x _k + \alpha_k s _k
((13 - 112) + (150 \times 198)) \div ((121 + 134) \times (178 - 177)) = 116.08
ds^2 = c^2dt^2 -dx^2 -dy^2 -dz^2
\frac{1-2p}{\sqrt{npq}}
u, v, w, x
u_{n+p} = a_0u_n + a_1u_{n+1} + \ldots+ a_{p-1}u_{n+p-1}
48 / 21 = 2.29
9=3^2
f_1(z)=\frac{(1+i)z}{2}
f^{(k)}(0)
\frac{du}{ds} = 0
y_{ijk}
6 = 2^1(2^2-1)
8 \times 5 = 40
(e_1, \ldots, e_n)
(c, d)
\cos^2(x)
y_{ij} = 1
i=(0,1)
c_1=g^k
c(t) = e^{tv}
44 \pm (8 - 142 - 48) \times (195 / 109)
(\pi_1,\ldots,\pi_g)
((198 / 159) + (163 / 135)) - ((135 \times 107) / (154 / 16)) \leq -1497
6x^3 - 6x^2 + 12x + 7=0
b = 2^n
((-1)^nn+n)
n=2^m
10a_5a_2 - 2a_4a_3 = 0
X^2 - 1 = -1 - (X + 1) + (X^2 + X + 1) = - p_1 - p_2 + p_3
f(x) = x^2
96 \times (0 - 53) \geq -5088
x^2+1
dx^3+(4e-c^2)x^2-2cdx-d^2 = 0
\frac1{n^{k+2}}
x_0, y_0, z_0
a=b^{\frac{q^d-1}{2}}
\sum_{i=1}^na_{ii}
x^n=z
\sum _{i=1} ^n \alpha _i ^2 = 1
w^5 = 1 - w
\frac{a}{p-a}
\sin(\pi z)
ac-b^2
24 / 125 = 0.19
\frac{1}{2}a p
(a, c)
1+\log_3(2)
\frac{1}{1-a z^{-1}}
x^n=r
s_1,\ldots,s_n
b_{n+1} = \frac{a_n+b_n}{2}
f(n,m)
k = \sin \frac{ \theta_0}{2}
-m\frac{v^2}{r}=-\frac{e^2}{r^2}
Y=X+a
p=m_2(q)
x^3 + 12x^2 - 9x - 1 = 0
f^{-1}(1)
\pi_1(X)
\frac {2\pi}{45}
{a_1}^q = (x_1 n+ b_1)^q
133 + 145 \neq -88
y=f(x,t)=x-vt
x(x(xx)) = (x(xx))x = (xx)(xx)
\sqrt{2}^{\sqrt{2}\times\sqrt{2}} = \sqrt{2}^2 =2
4 + 4 + 2 \times 6 = 20
X^7 + 1 = (X + 1)(X^3 + X + 1)(X^3 + X^2 + 1)
t=\frac\pi 2
f(x)=\sum_{n=-\infty}^{\infty} a_{n} = x^{\alpha_{n}}
n=\frac{f}{d}
\alpha\times\beta
(z^2 + y_0 - a_0z - b_0)(z^2 + y_0 + a_0z + b_0) = 0
f+g
6 \times 6 = 4 \times 9
\int_0^{+\infty}\frac{\sin(x)}{x} dx=\frac{\pi}{2}
\frac{x^{2}+y^{2}}{a^{2}}-\frac{z^{2}}{c^{2}}+1=0
1-q^k
X^4-1 = (X+i)(X-i)(X-1)(X+1)
\int_a^b f(x) dx\leq \int_a^b g(x) dx
k(x) = g(x)
x^{-1}=x^{d-1}
d(5,3) = 5
\frac{x^2+y^2}{a^2}-\frac{z^2}{c^2}-1=0
po\beta
\frac{1}{3}\pi^4
n^2 + n
143 \pm 191 \times 7
p_i = w_i
10^{6,5}
t=\frac{2v_0}{g}
y_p = -3
\frac{1}{r^n}
1 - 39 \neq 46
g(n,v)=0
111 + 48 + 51 \neq -148
y = \sqrt{x}
(124 + 103) / ((189 / 78) - 125) \leq -1
x_0=1
28 + ((173 + 12) \times 9) = 1693
x=-\sqrt{y-3}
xvx^{-1}
105 \pm 25 / 61
b_{i,n}(t)
((26 / 99) / 190) - ((135 \times 114) / 108) \geq -142
125a_5a_2^2-225a_5a_3a_1+27a_3^3-90a_4a_3a_2+135a_4^2a_1=0
X=Y+1
\phi(n)=(p-1)(q-1) = n + 1 - s
3n-5
u = \sum_{i=1}^k u_i
f(x,y) = a x^2 + 2c xy +b y^2 + 2dx +2ey +f = 0
65 + (140 \times 181) = 25405
60 - 136 \geq -76
x_1=0
y_1(x) = x^2
(a_1,\ldots,a_k)
x_{1} + x_{2} = - \frac { b}{a}
(n-2)\times (n-2)
k=2
\alpha + 0 = \alpha
37 + 10 \leq 47
3=-1^{2}+2^{2}-3^{2}-4^{2}+5^{2}
(u_1, u_2)
h_{z_i}
86 \div (18 + 21 + 141 + 2) = 0.47
\frac { a}{b} = c
X_{(m+1)}
\sum_{j=1}^i x_j^p \leq 9^p i
z^3(X) = \sum_{i=1}^n x_ip_i^3
\sum a_n(x)
x(t) = v_{0} \cos\alpha t
(X-a)(2X-b)
108 - (22 \times (17 + 135)) = -3236
f_p(X)=\frac{1}{1-f(p)X}
z^n = 1
(1, i, j, k)
\lim_{z\rightarrow z_0} f(z)=f(z_0)
x_1(t)
\sqrt {15}
\frac {1 }{ 3}n(2n^2 + 1)
(-1)^{n+1}
173 \pm ((198 \times 114) - (158 - 166)) \times 110
v_1 v_2 \ldots v_n
\lim (u_n) = -\infty
v(y)=y
4ac
((128 \times 82) \times 96) \times 17 = 17129472
a_n z^n
Y=\frac{1}{1+e^{-X}}
x=\alpha_{1} y_{1}+\ldots+\alpha_{i-1}y_{i-1}+\alpha_{i+1}y_{i+1}+\ldots \alpha_{x n+1}y_{n+1}
h=c_0+mf
3a + 2 \leq 5
y(x+kp)=(x+kp)^2-n
8X^2+94X-49=0
729 = 3^6
a_0=x
1 = \frac{p e^{\frac {p}{q}}}{q}
(-\sin(a), \cos(a))
154 \times 186 \leq 28644
\sum u_n
(x^2+1)\sin(x)
f(0)=-\frac{1}{2}
p=\frac {1}{2}(a+b+c)
\sin x = \frac{a}{\sqrt{1+a^{2}}}
v = v_i e _i
(m+1)\times(n+1)
a+b+c
46 \pm 171 + 190
z=x+i
a^{op}b^{op}=ba
\beta^y = \beta^z =0
\frac{\pi^2}{8} = \frac{1}{1^2} + \frac{1}{3^2} + \frac{1}{5^2} + \ldots + \frac{1}{(2n+1)^2} + \ldots=\sum_{k=0}^{\infty}\frac{1}{(2k+1)^2}
78 \pm 5 \times 47
\beta = \pi
\cos (\pi+t)=-\cos (t)
p(\theta) = (n+1) \sin\theta \cos^n\theta
10^{32}
(-\sin\phi\cos\theta,-\sin\phi\sin\theta,\cos\phi)
146 \times (101 + 157 - 181) = 11242
q + 1
4 = X^2
2^4 -1
k_1,\ldots,k_m
y+16
f(ab^{-1} - cd^{-1}) = 0
99 \pm (90 - 13) \times 82
m\frac{d^2 x}{dt^2}=f(x)
h(y)=1
u_2=a^2u_0+ab + b
127 \times (149 \div 81) \geq 233
x _{lb}
\frac{3p^2-3p+1}{pq}
g(x+4)=g(x)
\frac{a}{b}
\sin^2(x) = 1-\cos^2(x)
n^{p-2} = n^{-1}
((12 \div 10) \div 4) - 106 \neq 174
f_{uu}(1+f_v^2)- 2f_u f_v f_{uv} + f_{vv}(1+f_u^2) = 0
0 \pm 52 \times (169 + 196 - 58)
y = u_y(x)
125 \div 176 = 0.71
f(z)=\sum_{n=-\infty}^{\infty} a_n(f)z^n
r_1 - r_2
9 \pm 48 - ((181 - 94) \times 77)
m \leq m-r
a_n=\sin(2n x)
141 + 160 = 301
sp_{t}
7 \times 5 = 7 + 7 + 7 + 7 + 7 = 35
s_1,\ldots,s_k
20 + (96 \div 92) = 21.04
{ f(z) = z^{2}+1 }
19 \pm 71 / ((181 - 108) \times 72)
x_1 = 1
x_i = x_0 + ih
r (0)
\pi=\frac {2a}{lp}
(a - b)^3 = a^3 - 3a^2b + 3ab^2 - b^3
x_1x_2 = \frac ca
((117 \times 54) \div (141 \times 124)) - ((70 \div 193) \div 159) \geq 0
n=34
f(y^{(n)},\ldots,y)=0
\cos(\theta)= \frac{1-2}{1+2} = -\frac { 1}{3}
106 \pm ((89 - 15) / (196 + 74)) - 104
((13 \times 146) - 124) - 19 \geq 1754
(55 - 140 - 168) \times ((76 \div 77) - (162 \times 68)) \neq -116435
v_{x} = v_{0} \cos \alpha
q(t_f) = q_f
160 \pm 110 \times 46
1 \times 97 \geq 96
\phi_1,\phi_2
38 + 61 \leq 99
2 {k} {\pi}
h(a)=h(b)
(f_1,\ldots,f_p)
(141 - 19 + 96 - 71) \times (100 \times (15 \times 9)) = 1984500
68 \pm 171 \div 133
((104 - 162) \times 152) \times (79 + 106) \geq -1630960
r_k=t_k+\frac{q}{2}
136 \times (60 - 196 + 188) \geq 7071
187 \pm (153 \times (40 - 41)) - (76 \times 162)
\beta = \frac{u}{c}
r=\alpha
(r,\theta,\phi)
3 - ((37 \div 15) - (189 - 117)) \geq 72
((26 \times 146) \div (65 \div 164)) \div 118 = 81.17
a_5 = 14
((43 / 182) \times 6) \times 6 \geq 8
b_{13}
y=\phi_{ij}(x)
x^2 - x\sqrt{5} + 1
{\sqrt{2}-1}
n\rightarrow \infty
\log_2(4)
\frac{1}{1-x} = \sum_{i=0}^{n} x^{i}+ \frac{x^{n+1}}{1-x}
k_{ij}
x^{\alpha}e^{-x}
1 \leq e \leq v
h_{11}(t) = t^3-t^2
f(x) = (x + 1)(x^2 + 1)
\frac{1}{2} (1 \pm i)
u_{p} + u_{n-p} = u_0 + u_n
(39 \div 40) + (168 \times 122) \leq 20497
a_{n-2}
a_{n}(x)
\theta(p_c)=0
-h(1+t^2)
x + y
c_i = y^2 z^{m_i}
f(k_1)(h_2) = h_2
2^{18}
\sum a_n \cos(nx) + b_n \sin(nx)
(139 - 52) / 172 \leq 1
103 \pm 144 + 113 + 27
u_n = u_p q^{n - p}
x_1, x_2, \ldots, x_n
u\times v
x = (x_1, x_2, \ldots, x_n)
\frac{3}{4}
\frac{p}{q} = \frac{p_0}{q_0}
\lim_{x \rightarrow 0} \frac{e^x - 1}{x} = 1
\cos^2 \theta_1
\sqrt{b^2-4ac}
X_{n+2}
\beta_{n+1}=\beta_n
96 \pm 6 + 43 + 159 + 17 - 15
e _1, e _2, \ldots, e _n
x^2 + y^2
y(x) = 0
(x+1)^2
(90 / (42 \times 140)) + 80 \geq 79
\frac{3\sqrt{3}}{2}s^{2}
10^{58}
f_0(x)=x
p_2(s)
(2\sqrt{21}-9 )x^{2}+x+3\sqrt{21}-13-(5\sqrt{7}-7\sqrt{3})i = 0
(m, n)
X_0^i
5,1 \times 10^{18}
f(z)-1
\frac{p}{q}\leq a
d_{2,0}^{2} = \frac{\sqrt{6}}{4} \sin^2 \theta
q=\sum_{i=1}^rc_il_i^2
\sin (a + b) = \sin a \cos b + \cos a \sin b
a = m = \frac{n_2}{n_1}
a_n x^n + a_{n-1} x^{n-1} + \ldots + a_1 x^1 + a_0 = 0
351 = 3^3\times 13
p(x)\leq 1
5 \sqrt 5 + 2 \sqrt 2
m = m + i - e
y_1+\ldots+y_{n+1}=0
p = a (1 - e^2)
\gamma_{13}
69 + 42 = 111
d_{1,-1}^{1} = \frac{1-\cos \theta}{2}
146 \div (194 + 53) = 0.59
a, b, c, d, e
b = a \sqrt{1-e^2}
\pi_1(X,q)
Y = g(X) = \frac{1}{X}
73 / 36 \neq -2
p = k + 1
tv = \sqrt{(90)^2 + (106,8)^2} = 139,7
\frac{1}{x}=x - 1
u \neq 0
h_{fr}
(88 - 185 + 99) / 153 \neq 0
x^2-29y^2 = 1
x(6 - x) \leq 2x - 5
x^{2}=-25
\frac{1}{2} l (1+\sqrt 2)(1+\sqrt{4-2\sqrt 2})
95 \times 47 \leq 4465
t \rightarrow \infty
0 = (0, 0, \ldots, 0)
125 - 86 \neq 38
x=61-5=56
x^0 = ct
((177 - 72) \times (104 \times 164)) \div (79 \times (113 \times 18)) = 11.15
\frac{a\sqrt{5}}{2}h=\frac{a}{2}a
h_{k + q(k+1)}^2 - pk_{k + q(k+1)}^2 = (-1)^{q(k+1)}
v_{\phi}v_g \leq c^2
(z^{k+1})
i=0
e^{ix} = \cos(x) + i\sin(x)
\pm w( r, t)
93 \times 67 \neq 4755
h(t)
X^{3} - \sqrt{7}X^{2} - 7X - \sqrt{7} = 0
1+1=2
u=\cos(t)
\frac{n(n+1)}{2}+\frac{n(n-1)}{2}
f(1) = m_0
w ^{\alpha} = \frac{2}{\sqrt{3}} ( \cos ( \frac{\alpha \pi}{3} + \frac{\pi}{6} ) + w \sin \frac{\alpha \pi}{3} )
6 \times n + 1
f(\alpha) = \frac{1}{2 \pi}
a_{i,n}
\sqrt{1+x}
b_n=1
b^{op}
f(x) = X^2 - 4X - 5
p_1 + p_2 + p_3 = {p_1}^2 + {p_2}^2 + {p_3}^2 = 1
X^3-1
\frac{7}{10}
n_1+\ldots+n_{k-1}=n-1
x_3=(2,2)
x_i=ih+x_0
(121 + (120 \times 5)) \times (193 \times 27) \geq 3757130
X_0(p)
3,1415
v_n=\frac{1}{n}
\frac{d^{2}r}{dt^{2}}=-\alpha\frac{r}{r^{3}}
e^{ix}=1
\frac{1}{\sqrt{1-x^2}}
f(z)
88 + 122 = 210
f(s)=\sum_{n=1}^\infty{\frac{a_n}{n^s}}
\frac{(e^{i x} - e^{-i x})}{2} = i \sin(x)
f(y)
x^{11}-x^{10}-x^8-x^6-x^4-x^2-1
xy = \frac{c}{a}
h_e(z) = h_0 + h_2 z^{-1}
36 - 73 + 175 \leq 138
\beta = 1
a_i + b_i
(\frac { 1}{2} a) + \sqrt{(\frac { 1}{4} aa)+(bb)}
m_{n}(g_{\alpha}) = m_{n}(f)
y_i^{calc}
(\gamma )
f^{12}
((0 \div 5) - (40 \div 27)) - 48 = -49.48
f(x,y)
j^ku
y_k=f(x_{k+1})-f(x_k)
\cos(3a) = 4\cos^3(a) - 3 \cos(a)
168 - (134 \div 165) = 167.19
0=\int_a^a f(x) dx= \int_a^c f(x) dx+ \int_c^a f(x) dx
\frac{8\pi r}{q(r)}
{\sum_{k=1}^n c_k^s = 1}
a\sqrt{x} + bx + c
\int_{0}^{\infty}dx x^{n}
z^{k+1}
(i, j)
\gamma = \frac{1}{\sqrt{1-\beta^2}}
u_n=-3 n+1
p_c = \frac{a}{27b^2}
1=1^2
n=2^p
q(t)
15 \pm (12 - 10 - 29) \div 161
\lim_{n} \frac{1}{n} \sum_{k=0}^{n-1} f(X_k)
(h,k)=1
{a^{2k}}
\exists k, x_k
c = 8,5
m_2 = 1
\frac a x = b
x ( y + z) = x y + x z
30 \pm ((165 \div 5) - 111) + 166
u^3+v^3 = -\frac{95}{54}
9 \pm 98 - (28 \times 159)
2^2 + 1
\cos(a)\cos(b)
(198 + 134 - 77) / 171 \leq 1
Y=\frac{1}{1-e^{-X}}
f(x_1) \leq f(x_2)
4+\frac{1}{2+\frac{1}{1+\frac{1}{3+\frac{1}{1+ \frac{1}{2}}}}} = \frac{170}{39}
\alpha = \frac{n_e}{n_e+n_n}
c^2 = (a-b)^2+2ab
\pi_1,\ldots,\pi_g
n = 255
2\pi xy=t
x^2-r=0
17 - (81 / (9 \times 194)) \neq -16
\alpha+\gamma = \beta
\lim_{n}\sum_{k=1}^nb_{k}=b
(2,-1,1)
(1+t)^n=1 +tn+o(n)
m_1, m_2, m_3
152 + 156 \geq 307
107 - 110 - 60 \geq -63
\frac{d\theta}{dt}
\frac{\sqrt{5}-1}{4}
n \log_2 n
\frac{m l^2 (\frac{d \theta}{d t})^2}{2}-m g l \cos(\theta) = -m g l \cos (\theta_0)
x= c \times \beta
b_{n}-a_{n}
149 / (123 / (37 + 155)) \neq -258
(1+t)^n
y_i=0
y=b+ie
\lim_{n \rightarrow + \infty}u_n = -\infty
\lim_{n\rightarrow+\infty}\frac{b-a}{n}f(x_0)=0
\cos(\beta)=\sin(\alpha)
2e_1
136 \times (80 \times 23) \leq 250240
c(0) = 1
X^2 - 2\times\frac { 5}{4} X + 1 = 0
n_1\sin i_1 =n_2 \sin i_2
q_{n-1} = a_n
5+9+5=19
(p, g, h)
X_{n+k}
(-a)^n
u_n = u_{n_0} q^{n - n_0}
\sin (a - b) = \sin a \cos b - \cos a \sin b
3\times 4\times 5\times 6=360
4 \pi d^2
k_{eff}
d^3 u
\frac{a}{b}\frac{e}{f} + \frac{c}{d}\frac{e}{f}= \frac{(ad + cb)e}{bdf}
c_{ij} = \cos \theta_{ij}
\frac{dx}{dt} = -y
ev(p) = 10 \log (\frac{p}{1-p})
f_n = nf_0
y = a - b \cos(\theta)
86 \pm 179 + 173
\frac{1}{g}
f(x+r) = f(x)
x^{3} - 3x - 1
189 \pm 66 + ((169 \div 49) - (17 \div 76))
(2m-1)=9
1-x^2
y = \frac{d}{x}
s_k = r_1^k + \ldots + r_n^k
2y - 3 = 7
q \times p
(153 \times (29 - 55)) + ((135 + 107) / 17) \neq 529
(a^2+b^2)(q^2+p^2) = (aq+bp)^2 + (ap-bq)^2
14 \times 87 \neq -196
3^{n+1} + 2
\cos(2x)=\cos^2(x)-\sin^2(x)
l(1-\cos(\theta_0) )= (l-a)(1-\cos(\theta))
107 + (82 \div 108) \neq -90
\sum_{i=1}^n p_i=1
(x_1+b_1t, y_1-a_1t)
(1-j)m = c-ja
y_2 + y_4 = - \sqrt{z_2}
n \sin\alpha
f(n)=2+0= 2
(x_b, y_a)
z = t^2
t_{2}=r_{2}-t_{1}
a_ns_1 + a_{n-1} = 0
k=459
f(u, v, w) = f(u, w, v)
2^{70}
y_4 = -\frac{7i}{2}
n+1
(148 - 47) \times 62 \leq 6262
\frac{a}{4}
c-a
\alpha^2 + \beta^2 = 1
f(x)=\sqrt{x}-1
3\times e
118 \times 120 \neq -7084
\phi(a, 0, n+1)=\phi(n, 0, 0)
58 + 4 \geq 61
(f_1, \ldots, f_n)
( x ,w)
s_i s_j = s_j s_i
p^a = p
f(x) = \frac{x^2+3x-4}{2x^2-x-1}
u = 3 j
1,397162 \times 10^{316}
z_0 = \theta
\cos^2(x)=1-\sin^2(x)
s^{n-2}
6n(n - 1) + 1
e = \sqrt{\frac{a^2-b^2}{a^2}}
6^3+(-3)^3 = 4^3+5^3
({p_1}, {p_2}, {d_1}, {p_3}, {d_2}, {d_3}, {d_4})
p_1 + p_2 = p_3 + p_4
x^{\frac{1}{2} (1 + \frac{1}{2^{2}})}
37 \times 45 \geq 1664
u=x^2
u(x,y,z,t) = u (z, t)
r(l) = \infty
65 + ((128 \times 77) + (19 / 59)) \neq 556
(a + c)^2 = 12
X_1 = \frac{-2 + 2i}{2} = -1 + i
a^n-b^n
59 + 53 \neq -65
u_2=e_1-2e_2
u_2=12,1
2mn - m - n
x = 3
\frac {2}{15} \times 7 \times \frac {1} {11} = \frac {2 \times 7}{15} \times \frac {1}{11}
a_1\ldots a_g b_1\ldots b_g a_1^{-1}\ldots a_g^{-1} b_1^{-1}\ldots b_g^{-1}=1
t = 8
(193 - (197 \times 153)) \times 77 \neq -67534
(103 / (18 + 134)) + 109 \leq 110
10^{19}
12 \div 75 \geq 0
f({x},{\theta}_k)
139 \pm (184 \times (54 + 102)) + ((178 \div 169) + 27)
135 \div (70 - 39 - 143) \neq 2
(f_p)
f_j(e_i)
a_2=-1
\frac{a^2}{b^2} - 1
113 + (168 \div 86) \leq 115
x^{2} + 2x + 1 = 0
n_1 = n_2 = \frac{1}{2} n_e
f_{a, b, c}(b) = 0
\frac{a}{bc}
k+1
((111 - 190) + (31 \times 122)) \div ((96 \times 143) + (37 + 145)) \neq 0
2j+1
(1-t^n)a_n(t) = \frac {1-t^n}{n(1-t)} -t^n
b^2-4ac
g(gv,gw)=g(v,w)
110 - 175 \geq -65
133 + ((184 + 67) \div 123) = 135.04
d-1
d_{x_i}
y^2=1-x^2
z = (a-b) e^{it} + d e^{-i(q-1)t}
102 + 72 \geq 173
k \rightarrow \infty
i(t)
x^5 + ax + b = 0
10^{7}
178 / 41 \geq 3
0 \pm (74 - 162 + 60 - 0) + ((11 \times 157) / (128 + 70))
({d_1}, {d_2}, {d_3}, {d_4})
x^2 + y^2 =1
\gamma = \pi-\alpha-\beta
p^0 = 0
(r_ir_j)^\infty
z=0
\frac{1+\sqrt 5}{2}
(g^{-1})^{ij}
a^2-2ab
7\times 2
x^3 + 3x^2\sqrt{3} - 3x - \sqrt{3}
155 \pm ((11 \div 83) \div 94) \times ((24 \times 86) \times (97 \times 136))
59 - 135 + 125 \geq 48
x=\alpha_{1} y_{1}+\ldots+\alpha_{n+1}y_{n+1}
y = 0
2,48\times e
(m\times p)
\frac{2(n+\alpha)}{n+1}
\log(2)
\lim u_n = 0
a_ns_2 + a_{n-1}s_1 + 2a_{n-2} = 0
(\theta, \phi)
(k_2,l_2)
ap + bq
s_{deb}
y(z)
r=\sqrt{\theta}
4 \times 10^{26}
Y_3^2
872-91=881-100=781
\frac{36}{0,3}= 120
\int_a^b f
x_i = 2
46 \pm ((95 / 79) / 75) + (55 / 65)
\sum v_n
x^4 - 4x^3 - 14x^2 - 4x + 1
(\cos(a), \sin(a))
102 \times (136 / 164) \geq 84
(nxm)
\beta_{2}\ldots\beta_{n}
e^{(k)}
\phi(r,\theta)
5 = (\pm 2)^2 + (\pm 1)^2
\pm\sqrt{-1}
186 \pm 6 + 98 + 176 + 92
(j,k)
\alpha(t)
y(0) = 1
y_4 = \frac { 1}{2} (- \sqrt{z_1} - \sqrt{z_2} + \sqrt{z_3})
((145 / 135) + 172) \times 161 \leq 27865
y = ax^2
-\sin x
10^{15}
1^3 + 2^3 + 3^3 + \ldots + x^3 = y^2
x -x = 0
t_{\gamma}^{k}
f(x) = a^{b^x}
x^i - v^i t
k \leq 4
\sum \frac{f(n)}{n^s}
\frac{p_{m-1}}{q_{m-1}}
(7 - 77 - 78) / 166 \geq 0
a^n b^n c^n d^n
t^\frac{2}{3}
9\times2^X
\frac{3 h}{8} (f_0 + 3 f_1 + 3 f_2 + f_3)
y = x^\frac {1}{3}
x(t_f)
{x} = \sqrt {r^2 + a^2} \sin\theta\cos\phi
lh+lk
d_{fr}
170 \pm 3 \div (156 + 180)
z^3 - 6z^2 + 17z - 36 = 0
y(0) = \alpha_1
\frac{\alpha}{2}
r\rightarrow 0
\frac{(-1)^n}{\sqrt{n}}
x = -a
g(z) = \frac{az+b}{cz+d}
7 \times 154 \neq -1362
88 \pm 108 / ((48 \times 9) \times (89 / 160))
-\frac{101}{100}
b = \frac {4}{3} \pi \frac{ (2 r_0)^3 }{ 2 }
x=\sin(y)
26^{10}
0 X^3 + a_3 X^2 + (a_2 + a_3) X + (a_1 + a_2 + a_3)
x^2 - 2x + 5
50 \pm 151 \div 44
1-x
d(x,y) = 0
10^{68}
w^2 = -1 + w
e_{i_1}e_{i_2}\ldots e_{i_k}
\theta^{(0)}
a^{ij}
n_1+\ldots+n_j
\sin^2 \phi = 1 - n_x^2 - n_y^2
\lim_{x \rightarrow +\infty} \sqrt{x} = +\infty
-x_0^2 -x_1^2+ \sum_{i=2}^n x_i^2 = -\alpha^2
m_{1}=1
((109 - 164) + (122 / 14)) + (23 \times (196 + 81)) \geq 6324
(-a)^{n} = (-a)\times(-a)\times(-a)\times \ldots \times(-a)
r\sqrt 2
\phi_{lr}( r )
x_2(y)
\frac{7}{2}
ax^3 + bx^2 + cx + d
(f(a),f^{ (p)}(a),f^{ (q)}(a))
x^7-x^6-x^4-x^2-1
\sum_0^\infty \frac{1}{n^2}
-8x^{5}-8xy^{4}-6x^{3}y^{2}-48x^{3}z^{2}-52xy^{2}z^{2}-8xz^{4}
m_{ij} = 1
141 - 57 \leq 84
p^2\neq 0
\phi_p(x)=p\phi(px)
a + bm
8y^4+94y^2-49=0
x(t), y(t)
f(x,y)=\sqrt{x^2+y^2}
\int dx
\beta_0=1
x^4 + 6x^3\sqrt{3} + 8x^2 - 2x\sqrt{3} - 1
c^2t^2-x^2= -1
3^{p-1}
\alpha = \beta
f(x) = \frac{\sqrt x - 2}{x - 4} = \frac{u-2}{u^2 - 4}
\cos(- x) = \cos(x)
a, b
n^2 + 1
a_y = 0
p_n(z)
2\times e
165 \pm 117 - ((17 \times 177) \times 124)
67 - 132 - 181 - 194 = -52
u_n = u_{n-1} + u_{n-2}
f(x,y) = 2\sin(x) - 3y^3 + 5
124 / ((79 - 53) / 76) \neq 320
a=\frac{\pm 1}{\sqrt{1-\beta^2}}
a_{m_1}=a_{2{m_1}}
a \pm i b
\log_b (b) = 1
r \cos\theta
10 + 67 \leq 77
\frac{l_2}{l_1}
-\frac{h_3^2 + h_2^2}{h_3} = \frac{h_3}{h_3 h_0 - h_2 h_1}
1 + \frac{h^{2}}{r^{2}} = \frac{1}{\sin ^{2}\alpha}
3^n = 3 mod n
e^{i \theta}=\cos (\theta) + i \sin (\theta)
X \leq y
\pi(e_1)
\frac{1}{500}
(0,\pm 1,\pm 1,0)
x^{16}-x^{15}-x^{14}+x^2-1
\sqrt{x \times y} = \sqrt{x} \times \sqrt{y}
x^{-1} = \frac{1}{x}
Y=X^2
s^{-1}
\lim (u_n)
x + (-x) = 0
(p+q) \times (p+q)
x\rightarrow e^{sx}
q = a + bi + cj + dk
34 \pm 89 \times 128
((123 + 77) / 123) - ((172 \times 91) + (168 \times 62)) \neq 4960
f(x)=-x
x^3 - 3x + 1
143 \pm (124 \times (31 - 35)) \div 135
e_{t+1}
(51 - 53 + 31) - ((186 \times 21) \times (161 \div 103)) \neq -8248
u_{p_i,q_i}
196 + 68 + 7
v = v^i e _i
(x - 3)^2 = 4
g(v,v)=0
e^{(t+u)a}=e^{ta}\times e^{ua}
177 + 153 - 172 \leq 158
(37 - 5) / ((140 / 198) / 150) \geq 6788
\frac{s^2}{l^2}
3-i \sqrt{\frac {7} {2}}
\frac{-1 + i \sqrt{3}}{2}
b^{-\theta_0}
30X^3 - X^2 - 61X + 12 = 0
a_{1,j}
q = 1+\alpha(1-\cos \theta)
bc=h^2
(x - a)^2 + (y - b)^2 = r^2
(1,\alpha,\alpha^{2},\ldots,\alpha^{n-1})
t_k=t_{k-1}+q
u=1-m
\alpha\sqrt{n}
x = \frac{7 \times8}{5}
((63 \div 132) + 4) \div 96 = 0.05
x^2 - x - 1 = 0
(x_{n})
n=\sum_{i=1}^h d_i^2
y=zy_1
t_3 = -t_0
o((x - x_0)^n)
(196 \times (71 \div 166)) - 36 \neq 65
x^{\frac{1}{2} (1 + \frac{1}{2^2}) (1 + \frac{1}{2^4}) (1 + \frac{1}{2^8})}
t_0\leq t\leq t_1
x_{i2}
10^i r_0
x^2 - dy^2 =\pm 1
((169 \times 164) / 120) + (37 \times 103) \neq -3953
s(t)
X_1 = 10
p = \frac{(3k + 1)}{2}
(21 - 128) \times ((25 - 55) \times 50) \geq 160499
65 \times 197 \leq 12805
(24 \times 36) + 18 \leq 882
\alpha^2 y+ \beta^2x=1
ay + bx = c
(\pm 1,0,0,\pm 1)
u^{n} = \sum_{i=0}^{n-1} (-1)^{i}\beta^{n-1-i}\gamma^{i}
\frac{d cn(u)}{du} = -sn(u)dn(u)
114 \pm 51 \div ((162 - 110) \div (23 \times 1))
\theta(1)
i_{3} i_{1}=i_{2}
q^{i(0)}=q^i
145 \times ((98 \times 54) + 198) \geq 796049
x - n
a+b = b
54 - 127 \leq -72
v_2 = j^2{{e}}^{\frac{-2i\pi}{9}}
\int_a^b \phi
n=163
\pi r l
d_{fr}=d_{tc}+h_{fr}-t_{br}
(z_i)
(p, p+2, p+6)
\frac{u_{n+1}}{u_n}
\cos(\alpha)
2mgl
X_1,\ldots,X_p
n_s = \frac {60 f}{p}
83 \pm 164 + (11 + (166 \times 30))
\pi=\frac{2\pi}{2}
(2\sqrt{7} - 3\sqrt{3})x^3 + x^2 - (2\sqrt{7} - \sqrt{3})x + 1
167 \pm 137 + 159
a_1 v_1 b_1 + \ldots + a_n v_n b_n
197 \times (47 + 130 + 1 + 123) \leq 59297
(iii)
Y=0
u_{0} = a
\frac {1}{1}+\frac {1}{2}+\frac {1}{3}+\ldots+\frac1n
{10}^{47}
ac=1
y^2=x(x-a^p)(x+b^p)
(122 \div (197 + 94)) + ((126 \div 0) \times (179 - 97)) \neq 2147483647
(1-j)l_1 = c-jb
f^{-1}
x^4 - x^3\sqrt{2} - 3x^2 + 3x\sqrt{2} - 1
f(y)=ay(1-y)
2k+1
\int_a^b {x + z dz}
x=b
(a + b)^2 = a^2 + 2ab + b^2
\log_a b = \frac{\log_c b}{\log_c a}
x - y = x -y
125 \pm 140 + ((154 - 42) \times 178)
\sqrt{1+\frac{1}{\sqrt{2}}} +\sqrt{1-\frac{1}{\sqrt{2}}}
\theta_1(r)
n^{\log_2(3)}
p^3 = q
62 \pm 100 + (3 \times (0 + 40))
2X^2 + 5X - 3 = 0
\frac{n}{p^j}
2x^{4} + (1 + \sqrt{17})x^{3} - (3 - \sqrt{17})x^{2} + 2(2 - \sqrt{17})x - 2
1 = -1
16 = 2^4
X\rightarrow Y
\alpha,\gamma
a_k x^k
\cos(4a) = 8\cos^4(a) - 8\cos^2(a) +1
72 900 000 000 = 2^{8} 3^{6} 5^{8}
u_n=u_1+(n-1)r
((18 \div 123) + 123) \times (107 + (100 \div 142)) \geq 13262
46 \pm 172 \div (36 \div (146 \div 149))
(y_2-y_1)X-(x_2-x_1)Y=x_1y_2-x_2y_1
\frac {2}{b}=\frac1c+\frac1d
79 \pm (151 \times (153 + 129)) - (46 + 30)
\frac{1}{\sqrt{2}}
\lim_{a \rightarrow +\infty} \int_0^{a}\frac{\sin(x)}{x} dx
n(n+1)
\frac{f(x)}x=\sin\frac1x
f(x)e^{x^2}
p(s_i,s_j)
b_1=b_2=vrai
dx + ey +f =0
\gamma = 1,4
3+\frac{10}{70}
25 = 1+3\times 8 = 1 + 3 \times(2 + 3 \times 2)
(k-1) \theta
\frac{dx(t)}{dt} = f(x(t),t)
a_n=t_n - \frac{1}{2(n+1)}
k = 1
\frac1{g(y)} \frac{dy}{dx} = f(x)
(y - 1)(4y^2 + 2y - 1)^2 = 0
\alpha_{1} y_{1}+\ldots+\alpha_{i-1}y_{i-1}+\alpha_{i+1}y_{i+1}+\ldots+\alpha_{n+1}y_{n+1}
(i,j,k)
83 \pm ((179 \div 23) - (149 + 151)) \div 88
365+\frac{1}{4}-\frac{3}{400}=365,2425j
(\sqrt 5)^3 + (\sqrt 2)^3
u(\theta,p)
2^{m^p}
y(x)=x^2-n
\forall x \in X
j = a_1a_2a_3
\gamma^0=\beta
((65 + 197) \div 12) \div 190 \neq 0
95 - 135 \neq -5
r(u,v)
76 \pm (27 - 168) \div (192 + 138 - 159)
2\pi n
(18 + 22) \div 92 \neq 0
(175 \div (129 + 163)) \div 28 \leq 0
n(n^2 + 2)
a\leq b
(n-1)
\frac{n_2}{n_1}=1
f(x_0)
((64 / 69) \times 143) - (181 / 166) \geq 131
143 \div 178 \geq 0
\beta = (\beta_{1},\beta_{2},\ldots,\beta_{n})
{10}^{12}
85 - 187 + 67 - 45 - 80 \neq -14
\frac{\cos x + i \sin x}{e^{ix}}=1
\lim_{n \rightarrow +\infty} (u_n) = u_0
(p,l)
(q_k, p_k)
g_{ab}
f(x) = -4
b = 4
i\leq k-1
181 \times ((47 / 184) - 126) \neq 1039
m=10^4
16^{5}
j = s
72 \pm 78 - 187 + 0
2 x_{max}
{\sqrt{-1}}
z^2 - 2z - 1 = 0
(a^{b})^{c}
(x_2, y_2, z_2, t_2)
acx^{c-1}
4, 2, 1
x_{n+1}
u_{n+1} = \sqrt{u_nv_n}
X-2
o(x^{2n+1})=o(x^{2n+2})
e^{-x^2}
l_{1}=(3000,1)
\frac{dg_{i}}{ds}=\beta_{i}(g_{1},\ldots,g_{n})
\sqrt{(x)}
160 / (150 \times 157) = 0.01
\sin{42}
f_i(x^a)
\lim_{n \rightarrow +\infty} (u_n) = 0
179 \times ((10 - 77) \times (21 + 102)) \geq -1475139
X-x_0
2^8=256
y \neq 0
x^3 + x^2 - 2x - 1
x^5 - x + 1 = 0
f(x) \leq g(x)
4n^2 + 1
\frac{1}{10} = \frac{3}{5} - \frac{1}{2} = -1 + \frac{3}{5} + \frac{1}{2}
(p, r)
a = \alpha + i\beta
(72 \div 151) \div (10 \times 152) \leq 0
u_1 = e^{\frac{2i\pi}{9}}
\theta_2=\theta
f(0) = -1
p_{ij}
n^2 - n + 41
53,330+16 x 10^9
r\sqrt{\pi}
k \times n
\frac{1}{3}
\frac{1}{2}(3x^2-1)
x \times (- \infty)
f(x_\theta)
dy^3
f(r) = 0
(x_1, x_2, x_3, \ldots)+(y_1, y_2, y_3, \ldots) = (x_1+y_1, x_2+y_2, x_3+y_3, \ldots)
(uv^2b-uvwc) = 0
y_{1} + y_{3} = \sqrt{z_{2}}
a_2 x^2 + b_2 x + c_2
\gamma=\gamma_0
(y,s-1)
x=e^t
X=x+iy
p-1,p
xy^2 + ey = ax^3 + bx^2 + cx + d
\beta \cos(\theta)
v ^{(0)}
x,y,z
r = \alpha(\theta) \pm d
h_{00}(t) = 2t^3-3t^2+1
x^2-2
x^2 y
135a_6a_3^2-225a_6a_4a_2+27a_4^3-90a_5a_4a_3+125a_5^2a_2=0
r = x - y^n
a\times 10^{p}
u_5=(0,2)
110 - 84 \neq 1
48 \pm 159 + 131
r = \frac{p}{1+e} = a-c
(a_1 b_2 + a_2 b_1 + a_3 b_4 - a_4 b_3)^2
n(n+1+\alpha+\beta)
117 \pm 173 \times 33
q = -e
r_s(t)=\sqrt{(x-x_s(t))^2+y^2+z^2}
150 - ((69 / 77) / 26) \neq -107
2z^2 - 3z - 3 - \sqrt{2} = 0
y = \frac{1}{x^2 + 1}
\alpha \rightarrow f(\alpha)
2^{67} -1 = 193 707 721 \times 761 838 257 287
n = k+1
2^3 + 2^2 + 2^0
dp^3+4ep^2-c^2p^2-2cdp-d^2 = 0
u_n = \frac 1n
(166 + (93 \times 67)) - (64 + 127 + 176) \leq 6030
(k_n)
\int\frac{1}{y}+\frac{1}{1-y} dy=\int dx
(t, x, y, z) = x^a
w_{ij} = \frac{1}{n} \sum_{k=1}^p x_i^k x_j^k
\frac{h}{3} (f_0 + 4 f_1 + f_2)
p=\frac 1n
a\sqrt{2} - b = \frac {1}{2b + 1}
\frac{dz}{dt} = b + z(x-c)
x_2 = \frac{-1+i\sqrt{7}}{2}
y =\frac {-1 - 4x}{2}
166 - 31 = 135
y=f(x,\beta)
\frac{d}{dt}e^{X(t)} = \int_{0}^{1} e^{(1-\alpha) X(t)} \frac{dX(t)}{dt} e^{\alpha X(t)}d\alpha
((42 \times 193) \times (46 \times 197)) \times 31 \neq -1321701656
10^{-12}
\frac{t_{k+1}}{t_k}
c(\pi)
1 + 0i
a \times 0 = 0 \times a = 0
30 - 180 + 70 \neq 294
x=(x_1,\ldots,x_n)
(111 + (60 \times 191)) - (51 \times 114) \leq 5757
r \sin\theta
(n,1)
\forall x, f(x)
\frac{f_n(u)+f_n(v)}{2}
y=x+3
q=-\sum_{i=1}^sl_i^2+\sum_{i=s+1}^rl_i^2
\beta(t,\beta(s,x)) = \beta(t+s,x)
\phi(a, b, 0)=a+b
a^{m}\times a^{n}=a^{m+n}
10^{64}
6a^2
\theta \rightarrow - \theta
151 \times 148 \leq 22348
x_1,\ldots, x_n
k_1 = \sqrt{\frac{2}{3}}
d_{q2}
\frac {19x}4 = \frac { 3}{4}
((8 \times 96) \times (96 + 193)) - 113 \geq 221838
\int \frac{1}{h(y)} dy = \int g(x) dx
\log_ac
d(f)
q \neq 1
x^{2} + 4x + 1
u_{\beta} u^{\beta} = c^{2}
(Y,d_Y)
f(x) = x^{-3}
a=(x_a,y_a,z_a)
2^{10}
(4 \times 157) \times 65 \neq 24531
ds^2=dx^2+dy^2+dz^2
u_1 = 2
f(x) = \sqrt{x}
{\beta} {\sqrt n }
2 + 111 + 40 - 185 + 47 \neq 12
36 \times 137 = 4932
f(x)\leq a
m_1 = \frac{h(X_1) + \ldots + h(X_n)}{n}
r_{4} = -r_{0}-r_{1}-r_{2}-r_{3}
2\cos^2(\frac x2)
x^3-r=0
p_h-p
y(0) = y_0
k = n + m
g={g_x}
n=1
((2 + 120) / (45 \times 100)) \times 181 \geq 4
(126 \times 11) - (165 / 10) \leq 1370
z-2
h(\theta)
1,1 \times 10^{18}
X^3+b=aX
\frac{3}{7}
(158 \times 98) - 162 = 15322
\frac{\alpha}{p(p+\alpha)}
((168 \times 73) - (189 \div 45)) - 5 \neq -7922
40 - (134 - (144 \div 154)) \geq -93
\frac{\sin n}{n}
10^{-22}
1+{d-1}^{\frac {m}{2}-1}+m\sum_{i=0}^{\frac{m-4}{2}}(d-1)^i
198 \pm ((59 \times 30) - 90) - 188
a^2(a^4 - 6a^2 + 9) - 36 = -8a^2
p_n-p_1=s(k)
(x_1,\ldots,x_p)
x^1 = x
x = a_0 + \frac 1 {a_1 + \frac 1 {a_2 + \frac 1 {a_3+\ldots}}}
X_n=i
\alpha x^{\alpha-1}
71 + (13 \div 167) = 71.08
(41 + (114 \div 90)) \times 69 \neq -8535
141 - 57 \leq 84
yz=zy
2 + 2 = 4
ab=2
\frac {1}{\sqrt{1-\frac{v^2}{c^2}}}
z \pm ct
(x_a,y_a)
p^2+6p+5=0
(26 \times (109 + 4)) + (95 - 145 - 149) = 3037
2^7=128
\frac{d}{dt}
\lim_{h \rightarrow 0} \frac{f(z+h)-f(z)}{h}
6 \times 0,35
X = (x_1, x_2, \ldots, x_p)
(1 + 9 + 6 + 8 + 3)^3=19,683
x^2- \beta_g x + \gamma_g
((-1)^nn)
143 + (137 / (9 / 25)) \neq -320
f(0,y)
{v=-eu}
x^2 + 2x\sqrt{2} + 1
\theta_x,\theta_y,\theta_z
2x^3 + (1 - \sqrt{13})x^2 - 2x - 3 + \sqrt{13}
2 \log (n) = \log (n)^2
a_n = n a_{n-1} + (n-1) a_{n-2}
2x = f + y
\frac{4\pi}{7}
\frac{\pi^2}{3} s^2
f(xhx^{-1})=f(x)f(x^{-1})
a(n) = 3a(n-1) + 4a(n-2)
x^2=r
{1, i, j, k}
\theta + \pi
g(w)= \sum_{n=1}^\infty g_n w^n
0\leq l\leq k
(83 + 84) \div (138 + 183 + 99) \neq 0
q_j(0) \neq q_k(0)
a = \frac {c\sin\alpha}{\sin(\alpha+\beta)}
d = 0,036 \sqrt{f}
140 - ((175 + 16) / 168) \neq -114
e^{\alpha t}\cos\beta t
y=\frac{ax^{3}+bx^{2}+cx+d}{x}
a_5x^5 + a_4x^4 + a_3x^3 + a_2x^2 + a_1x^1 + a_0 = 0
h(f,\alpha)
r=r(\theta)
((98 + 150) + (76 \div 16)) + ((97 \div 92) \times 151) \neq 326
q\rightarrow0
(187 + 153 + 22) + (27 / (154 + 183)) \geq 361
x_1^2 + \ldots + x_i^2 - x_{i+1}^2 - \ldots - x_j^2 = x_n
2^{17}
10^{20}
(p_1,q_1) \leq (p_2,q_2)
\theta(x)
a_ns_3 + a_{n-1}s_2 + a_{n-2}s_1 + 3a_{n-3} = 0
x=\beta_{3}y_{3}+\ldots+\beta_{n+1}y_{n+1}
y=x\times x
10^{-n}
h(x)=f(x,y_{0}+t)-f(x,y_{0})
m + i
\beta_n+i\gamma_n
\sqrt{ \frac{1 + \sin^2 \alpha}{2}} = \cos \alpha
103 \pm (67 \div 175) \times 153
129 + 136 = 265
a d_1 \leq d_2 \leq b d_1
f(x,y,z)
\sqrt 3=\frac{11\alpha-\alpha^3}2
8y_{i+1}
j=1, 2
i_1(t)
a_{ij}^k
d = r
f(a_1) \leq f(a_2)
(131 + 77) / (61 + 21 + 14) \geq 1
18-19
q(x)=a_{11}x_1^2
f(x) = y_a + (x-x_a) \frac{y_b-y_a}{x_b-x_a}
\forall x\in X,(\alpha f)(x) = \alpha f(x)
f_{n+1}
(3 + 4)^3 = 343
x^3 + x^2 - x - 1
135 \div (70 - 39 - 143) \neq 2
2^{64}
x = \sum_{i = 0}^{n-1} x_i e^i
(n + 1)\times(m + 1)
p(b)
q+s =n
10^{3-4}
(155 + 132 - 68) \div 61 = 3.59
a^p - b^p = (a-b)(a^{p-1} + a^{p-2} b + \ldots + a b^{p-2} + b^{p-1} )
(r_2^n)
\theta = \phi
1 \pm 20 - 173
bd=Y
\frac{1}{\log_a(b)}
x^5 + cx^3 + dx^2 + ex + f
10r_k
\phi(p)
f(y)-f(x)=\int_x^yg(t)dt
2^{177}
\theta = \frac {n \times 360} {60 \times 1000}
(1+\frac{\theta_{0}^{2}}{16})
5^{5^5}+2
\cos^2 a + \sin^2 a = 1
3a_1a_2a_3x^3 + 3a_1a_2^2 x^2 + 3a_1^2a_2 x + 3a_1a_2a_0 = 0
a = -1 \times 9
\frac{z}{(z-1)^2}
91 + ((147 / 115) \times 97) \leq 215
z=e^{i\alpha}
0=\frac{d^2 y}{dx^2}
f_p(x)=4px(1-x)
148 - 141 \neq -4
((152 + 60) \div 51) \times 163 \neq -420
a+b+c=0
e = 2
57 + 117 \geq 173
x^7 + 7x^6dX + 21x^5dX^2 + 35x^4dX^3
(1-x)^{\alpha+1}(1+x)^{\beta+1}
m_{0}(g_{\alpha}) = m_{0}(f)
2\neq 0
d_{x^2-y^2}
\phi_{1,2}
X_ {i,j}
2^2=4
1 - \cos^{2}x = (1-\cos x)(1+\cos x)
a_i
2p x_1
\cos(a+b)= \cos(a) \cos(b) -\sin(a) \sin(b)
a^2 + ab + b^2
(n \times n)
