KME2G3_5_sub_30.png 0
KME2G3_17_sub_38.png 1
KME2G3_6_sub_38.png 2
TrainData2_2_sub_13.png 3
KME2G3_8_sub_95.png 4
TrainData2_10_sub_39.png 5
TrainData2_25_sub_46.png 6
TrainData2_5_sub_20.png 7
TrainData2_21_sub_29.png 8
KME2G3_14_sub_30.png 9
KME2G3_19_sub_22.png 10
KME2G3_17_sub_81.png 11
KME2G3_5_sub_96.png 12
TrainData2_10_sub_71.png 13
TrainData2_25_sub_17.png 14
TrainData2_18_sub_1.png 15
TrainData2_20_sub_39.png 16
KME2G3_30_sub_28.png 17
KME2G3_18_sub_35.png 18
TrainData2_22_sub_6.png 19
KME2G3_17_sub_95.png 20
TrainData2_9_sub_43.png 21
KME2G3_0_sub_35.png 22
TrainData2_17_sub_6.png 23
KME1G3_0_sub_10.png 24
TrainData2_22_sub_20.png 25
TrainData2_20_sub_51.png 26
TrainData2_14_sub_61.png 27
TrainData2_26_sub_11.png 28
KME1G3_12_sub_21.png 29
TrainData2_13_sub_11.png 30
TrainData2_18_sub_46.png 31
KME2G3_26_sub_38.png 32
TrainData2_1_sub_39.png 33
TrainData2_6_sub_33.png 34
KME2G3_13_sub_35.png 35
TrainData2_15_sub_98.png 36
KME1G3_0_sub_21.png 37
TrainData2_20_sub_29.png 38
TrainData2_15_sub_63.png 39
TrainData2_26_sub_29.png 40
TrainData2_8_sub_29.png 41
KME2G3_27_sub_74.png 42
TrainData2_7_sub_11.png 43
TrainData2_10_sub_63.png 44
KME2G3_23_sub_35.png 45
KME2G3_15_sub_30.png 46
TrainData1_2_sub_15.png 47
KME1G3_12_sub_10.png 48
TrainData2_1_sub_51.png 49
KME2G3_19_sub_30.png 50
TrainData2_5_sub_1.png 51
TrainData1_2_sub_21.png 52
KME2G3_8_sub_81.png 53
TrainData1_8_sub_15.png 54
KME2G3_19_sub_35.png 55
TrainData1_4_sub_3.png 56
KME2G3_23_sub_26.png 57
TrainData2_10_sub_33.png 58
KME1G3_10_sub_10.png 59
TrainData2_6_sub_1.png 60
TrainData2_13_sub_43.png 61
KME2G3_13_sub_65.png 62
TrainData2_4_sub_11.png 63
TrainData2_18_sub_41.png 64
KME2G3_23_sub_81.png 65
TrainData2_5_sub_43.png 66
KME2G3_1_sub_28.png 67
KME2G3_30_sub_81.png 68
TrainData1_8_sub_9.png 69
KME2G3_17_sub_65.png 70
KME2G3_21_sub_30.png 71
KME2G3_2_sub_30.png 72
TrainData2_24_sub_9.png 73
KME2G3_16_sub_81.png 74
KME2G3_3_sub_95.png 75
TrainData2_3_sub_13.png 76
TrainData2_1_sub_95.png 77
KME2G3_21_sub_35.png 78
KME2G3_10_sub_74.png 79
TrainData2_22_sub_13.png 80
TrainData2_10_sub_61.png 81
TrainData2_1_sub_17.png 82
TrainData2_23_sub_41.png 83
TrainData2_24_sub_1.png 84
TrainData2_15_sub_46.png 85
KME2G3_24_sub_35.png 86
KME2G3_24_sub_81.png 87
KME2G3_27_sub_95.png 88
TrainData1_4_sub_21.png 89
TrainData1_3_sub_21.png 90
KME2G3_29_sub_26.png 91
TrainData2_12_sub_1.png 92
TrainData2_26_sub_46.png 93
TrainData2_21_sub_1.png 94
KME2G3_9_sub_96.png 95
TrainData2_11_sub_17.png 96
TrainData2_17_sub_63.png 97
KME2G3_8_sub_30.png 98
TrainData2_19_sub_6.png 99
TrainData2_20_sub_43.png 100
TrainData2_8_sub_15.png 101
TrainData2_6_sub_51.png 102
KME2G3_13_sub_38.png 103
KME2G3_20_sub_95.png 104
TrainData2_17_sub_51.png 105
KME1G3_11_sub_21.png 106
TrainData2_18_sub_51.png 107
TrainData2_16_sub_73.png 108
TrainData2_10_sub_46.png 109
TrainData2_10_sub_41.png 110
KME2G3_3_sub_35.png 111
TrainData2_25_sub_13.png 112
TrainData1_4_sub_28.png 113
TrainData2_26_sub_9.png 114
TrainData1_2_sub_28.png 115
TrainData2_4_sub_88.png 116
TrainData2_7_sub_29.png 117
KME2G3_25_sub_81.png 118
TrainData2_9_sub_88.png 119
KME2G3_15_sub_22.png 120
KME2G3_9_sub_35.png 121
TrainData2_18_sub_33.png 122
KME2G3_2_sub_65.png 123
TrainData2_25_sub_6.png 124
TrainData2_4_sub_9.png 125
TrainData2_26_sub_73.png 126
TrainData2_16_sub_43.png 127
KME1G3_9_sub_21.png 128
TrainData1_7_sub_3.png 129
TrainData2_25_sub_20.png 130
TrainData1_1_sub_21.png 131
TrainData2_19_sub_17.png 132
TrainData2_11_sub_39.png 133
KME2G3_28_sub_26.png 134
KME2G3_2_sub_95.png 135
TrainData2_26_sub_6.png 136
TrainData1_0_sub_9.png 137
KME2G3_20_sub_96.png 138
KME2G3_7_sub_81.png 139
TrainData2_24_sub_98.png 140
KME1G3_2_sub_10.png 141
TrainData2_26_sub_98.png 142
KME2G3_15_sub_95.png 143
KME1G3_10_sub_22.png 144
KME2G3_14_sub_22.png 145
KME2G3_27_sub_26.png 146
TrainData2_26_sub_63.png 147
TrainData1_1_sub_28.png 148
TrainData2_4_sub_98.png 149
TrainData2_4_sub_63.png 150
TrainData2_19_sub_46.png 151
TrainData2_2_sub_88.png 152
TrainData2_17_sub_88.png 153
TrainData2_19_sub_33.png 154
TrainData1_3_sub_5.png 155
TrainData2_0_sub_43.png 156
TrainData2_3_sub_29.png 157
KME2G3_21_sub_95.png 158
TrainData2_20_sub_9.png 159
TrainData2_20_sub_6.png 160
KME2G3_2_sub_28.png 161
KME2G3_21_sub_81.png 162
TrainData1_1_sub_7.png 163
KME1G3_8_sub_10.png 164
TrainData2_1_sub_41.png 165
TrainData1_5_sub_1.png 166
TrainData2_14_sub_98.png 167
TrainData1_3_sub_28.png 168
TrainData2_20_sub_15.png 169
TrainData2_13_sub_88.png 170
KME2G3_28_sub_74.png 171
TrainData2_7_sub_88.png 172
TrainData2_17_sub_61.png 173
TrainData2_21_sub_51.png 174
TrainData1_5_sub_21.png 175
TrainData2_24_sub_20.png 176
KME2G3_17_sub_22.png 177
TrainData2_2_sub_33.png 178
KME2G3_22_sub_35.png 179
TrainData2_9_sub_98.png 180
TrainData2_17_sub_46.png 181
KME2G3_0_sub_22.png 182
KME1G3_5_sub_21.png 183
TrainData2_1_sub_20.png 184
TrainData2_14_sub_43.png 185
TrainData2_11_sub_43.png 186
KME2G3_29_sub_38.png 187
TrainData2_23_sub_43.png 188
TrainData2_19_sub_9.png 189
KME2G3_12_sub_74.png 190
KME2G3_25_sub_26.png 191
TrainData2_22_sub_15.png 192
TrainData2_8_sub_20.png 193
KME2G3_3_sub_81.png 194
TrainData2_20_sub_71.png 195
TrainData1_7_sub_7.png 196
KME2G3_23_sub_28.png 197
TrainData2_13_sub_13.png 198
KME2G3_15_sub_74.png 199
KME2G3_12_sub_65.png 200
KME2G3_0_sub_26.png 201
TrainData2_19_sub_51.png 202
TrainData1_7_sub_15.png 203
TrainData2_10_sub_17.png 204
TrainData2_8_sub_46.png 205
KME2G3_19_sub_65.png 206
TrainData2_8_sub_88.png 207
KME2G3_2_sub_81.png 208
TrainData2_24_sub_29.png 209
KME2G3_2_sub_35.png 210
TrainData1_3_sub_15.png 211
KME2G3_2_sub_38.png 212
KME2G3_10_sub_65.png 213
TrainData2_23_sub_51.png 214
KME2G3_26_sub_26.png 215
TrainData2_24_sub_11.png 216
KME2G3_10_sub_35.png 217
TrainData2_5_sub_88.png 218
TrainData2_10_sub_6.png 219
TrainData2_9_sub_95.png 220
TrainData2_13_sub_61.png 221
KME2G3_8_sub_38.png 222
TrainData2_0_sub_98.png 223
TrainData1_1_sub_9.png 224
TrainData1_7_sub_21.png 225
KME2G3_18_sub_38.png 226
TrainData1_6_sub_19.png 227
TrainData2_18_sub_88.png 228
TrainData2_19_sub_98.png 229
KME2G3_18_sub_22.png 230
TrainData2_18_sub_17.png 231
TrainData2_9_sub_39.png 232
TrainData2_14_sub_6.png 233
TrainData2_3_sub_71.png 234
TrainData2_0_sub_88.png 235
TrainData2_19_sub_15.png 236
KME2G3_4_sub_35.png 237
KME2G3_20_sub_35.png 238
KME2G3_15_sub_81.png 239
KME1G3_12_sub_22.png 240
TrainData2_16_sub_29.png 241
TrainData2_2_sub_63.png 242
TrainData2_25_sub_71.png 243
TrainData2_7_sub_61.png 244
TrainData2_12_sub_15.png 245
TrainData2_23_sub_33.png 246
TrainData2_3_sub_1.png 247
TrainData2_0_sub_63.png 248
TrainData2_3_sub_6.png 249
TrainData2_2_sub_9.png 250
TrainData2_20_sub_20.png 251
TrainData2_24_sub_17.png 252
TrainData2_6_sub_9.png 253
KME2G3_27_sub_35.png 254
TrainData2_8_sub_61.png 255
TrainData2_11_sub_13.png 256
TrainData2_26_sub_1.png 257
KME2G3_16_sub_96.png 258
TrainData2_4_sub_43.png 259
KME2G3_6_sub_30.png 260
TrainData2_22_sub_71.png 261
KME2G3_16_sub_26.png 262
KME2G3_26_sub_22.png 263
KME2G3_30_sub_96.png 264
TrainData2_8_sub_33.png 265
TrainData2_13_sub_17.png 266
KME2G3_3_sub_30.png 267
TrainData2_25_sub_61.png 268
TrainData1_3_sub_7.png 269
KME2G3_17_sub_74.png 270
TrainData2_21_sub_6.png 271
TrainData2_6_sub_43.png 272
KME2G3_29_sub_35.png 273
TrainData2_1_sub_11.png 274
TrainData2_19_sub_29.png 275
TrainData2_18_sub_98.png 276
TrainData2_26_sub_20.png 277
TrainData2_22_sub_11.png 278
TrainData2_8_sub_63.png 279
TrainData2_9_sub_20.png 280
KME2G3_22_sub_28.png 281
KME2G3_28_sub_30.png 282
TrainData2_11_sub_46.png 283
KME2G3_11_sub_30.png 284
TrainData1_0_sub_19.png 285
TrainData2_25_sub_9.png 286
KME2G3_9_sub_26.png 287
KME2G3_21_sub_28.png 288
KME2G3_26_sub_74.png 289
TrainData2_5_sub_13.png 290
TrainData2_0_sub_29.png 291
TrainData1_7_sub_1.png 292
TrainData2_25_sub_43.png 293
KME2G3_30_sub_74.png 294
TrainData2_9_sub_17.png 295
KME2G3_14_sub_65.png 296
KME2G3_5_sub_81.png 297
TrainData2_1_sub_33.png 298
KME1G3_9_sub_22.png 299
KME2G3_23_sub_74.png 300
KME2G3_22_sub_96.png 301
TrainData2_17_sub_13.png 302
TrainData2_22_sub_73.png 303
KME2G3_10_sub_30.png 304
KME2G3_24_sub_95.png 305
TrainData2_14_sub_46.png 306
TrainData2_5_sub_6.png 307
TrainData2_6_sub_61.png 308
TrainData2_2_sub_46.png 309
KME1G3_5_sub_10.png 310
KME2G3_1_sub_22.png 311
KME2G3_8_sub_35.png 312
TrainData2_25_sub_39.png 313
TrainData2_5_sub_46.png 314
TrainData2_15_sub_1.png 315
TrainData2_4_sub_39.png 316
TrainData2_7_sub_13.png 317
TrainData2_1_sub_13.png 318
KME1G3_1_sub_10.png 319
TrainData1_2_sub_1.png 320
TrainData2_6_sub_15.png 321
TrainData2_6_sub_71.png 322
KME2G3_13_sub_96.png 323
KME2G3_17_sub_28.png 324
KME2G3_29_sub_96.png 325
TrainData2_13_sub_71.png 326
TrainData2_2_sub_43.png 327
KME2G3_28_sub_95.png 328
KME2G3_12_sub_38.png 329
TrainData2_3_sub_98.png 330
TrainData2_4_sub_61.png 331
TrainData2_2_sub_17.png 332
TrainData2_6_sub_29.png 333
KME2G3_5_sub_35.png 334
TrainData2_21_sub_33.png 335
KME2G3_20_sub_74.png 336
TrainData1_6_sub_7.png 337
TrainData2_16_sub_13.png 338
KME2G3_30_sub_30.png 339
TrainData2_0_sub_95.png 340
TrainData2_14_sub_71.png 341
TrainData2_8_sub_1.png 342
TrainData2_23_sub_9.png 343
TrainData2_18_sub_20.png 344
TrainData2_9_sub_41.png 345
TrainData2_24_sub_95.png 346
TrainData2_1_sub_6.png 347
TrainData1_5_sub_3.png 348
TrainData2_5_sub_95.png 349
KME2G3_14_sub_96.png 350
TrainData2_23_sub_1.png 351
TrainData2_14_sub_29.png 352
KME2G3_20_sub_65.png 353
TrainData2_24_sub_61.png 354
KME2G3_22_sub_74.png 355
TrainData2_12_sub_6.png 356
KME2G3_24_sub_30.png 357
KME2G3_8_sub_96.png 358
TrainData2_0_sub_71.png 359
KME2G3_4_sub_38.png 360
KME2G3_25_sub_30.png 361
TrainData2_14_sub_63.png 362
TrainData2_19_sub_71.png 363
TrainData2_5_sub_41.png 364
TrainData2_3_sub_9.png 365
TrainData2_3_sub_33.png 366
TrainData2_12_sub_43.png 367
TrainData2_9_sub_6.png 368
KME2G3_5_sub_74.png 369
KME2G3_3_sub_74.png 370
TrainData2_9_sub_71.png 371
TrainData2_22_sub_39.png 372
KME2G3_11_sub_74.png 373
TrainData1_8_sub_19.png 374
KME2G3_22_sub_81.png 375
KME2G3_3_sub_65.png 376
TrainData2_9_sub_61.png 377
TrainData2_5_sub_73.png 378
TrainData2_26_sub_17.png 379
KME2G3_11_sub_95.png 380
KME2G3_7_sub_96.png 381
KME2G3_4_sub_65.png 382
TrainData2_21_sub_98.png 383
TrainData2_24_sub_33.png 384
KME2G3_19_sub_28.png 385
TrainData2_17_sub_17.png 386
KME2G3_15_sub_38.png 387
KME2G3_26_sub_96.png 388
KME2G3_4_sub_26.png 389
TrainData2_22_sub_1.png 390
TrainData1_0_sub_28.png 391
TrainData2_16_sub_33.png 392
TrainData2_12_sub_95.png 393
TrainData2_2_sub_11.png 394
TrainData2_25_sub_29.png 395
KME2G3_4_sub_30.png 396
KME2G3_7_sub_74.png 397
TrainData1_5_sub_5.png 398
TrainData2_12_sub_71.png 399
TrainData2_7_sub_9.png 400
TrainData2_14_sub_13.png 401
KME2G3_6_sub_74.png 402
KME2G3_19_sub_26.png 403
KME2G3_15_sub_96.png 404
KME2G3_29_sub_81.png 405
TrainData2_10_sub_88.png 406
KME2G3_7_sub_26.png 407
KME1G3_4_sub_21.png 408
TrainData2_9_sub_15.png 409
TrainData1_4_sub_1.png 410
TrainData2_15_sub_15.png 411
TrainData2_15_sub_43.png 412
TrainData2_15_sub_29.png 413
TrainData2_12_sub_46.png 414
TrainData2_23_sub_29.png 415
TrainData2_26_sub_88.png 416
KME2G3_1_sub_38.png 417
TrainData1_8_sub_5.png 418
KME2G3_6_sub_22.png 419
TrainData2_19_sub_88.png 420
TrainData2_1_sub_29.png 421
TrainData2_15_sub_41.png 422
TrainData2_5_sub_11.png 423
KME2G3_10_sub_22.png 424
TrainData2_2_sub_71.png 425
KME2G3_25_sub_96.png 426
TrainData2_11_sub_51.png 427
TrainData2_20_sub_61.png 428
TrainData2_17_sub_73.png 429
TrainData2_26_sub_39.png 430
KME2G3_28_sub_22.png 431
TrainData2_4_sub_1.png 432
KME2G3_12_sub_26.png 433
TrainData2_18_sub_39.png 434
KME2G3_25_sub_95.png 435
TrainData2_13_sub_39.png 436
KME2G3_11_sub_35.png 437
TrainData2_10_sub_9.png 438
TrainData2_0_sub_17.png 439
TrainData2_7_sub_17.png 440
TrainData2_5_sub_98.png 441
TrainData1_1_sub_1.png 442
TrainData2_12_sub_63.png 443
TrainData2_5_sub_15.png 444
TrainData2_22_sub_33.png 445
TrainData2_12_sub_11.png 446
KME2G3_15_sub_35.png 447
KME2G3_20_sub_38.png 448
TrainData2_12_sub_13.png 449
KME2G3_8_sub_74.png 450
KME2G3_8_sub_65.png 451
KME2G3_20_sub_22.png 452
TrainData2_17_sub_9.png 453
TrainData2_3_sub_61.png 454
KME2G3_23_sub_38.png 455
KME1G3_10_sub_21.png 456
KME2G3_11_sub_22.png 457
KME2G3_12_sub_81.png 458
KME2G3_19_sub_74.png 459
KME2G3_8_sub_26.png 460
TrainData2_12_sub_29.png 461
KME2G3_22_sub_30.png 462
TrainData2_0_sub_6.png 463
TrainData2_25_sub_63.png 464
TrainData2_19_sub_63.png 465
TrainData2_24_sub_39.png 466
TrainData2_22_sub_9.png 467
KME2G3_14_sub_26.png 468
KME2G3_16_sub_65.png 469
TrainData2_9_sub_73.png 470
KME1G3_0_sub_22.png 471
TrainData2_6_sub_11.png 472
TrainData1_2_sub_9.png 473
TrainData2_19_sub_95.png 474
TrainData2_8_sub_73.png 475
TrainData2_1_sub_15.png 476
TrainData2_15_sub_61.png 477
TrainData2_13_sub_95.png 478
TrainData2_7_sub_20.png 479
KME2G3_26_sub_95.png 480
TrainData2_12_sub_51.png 481
TrainData2_20_sub_41.png 482
TrainData2_10_sub_51.png 483
TrainData2_2_sub_29.png 484
TrainData2_24_sub_13.png 485
TrainData1_7_sub_5.png 486
KME2G3_30_sub_26.png 487
TrainData2_17_sub_43.png 488
KME1G3_2_sub_22.png 489
TrainData2_11_sub_9.png 490
TrainData2_6_sub_39.png 491
TrainData2_11_sub_63.png 492
KME2G3_22_sub_22.png 493
TrainData2_14_sub_20.png 494
KME2G3_26_sub_35.png 495
KME2G3_18_sub_26.png 496
KME2G3_16_sub_35.png 497
TrainData2_12_sub_41.png 498
KME2G3_9_sub_95.png 499
TrainData1_3_sub_1.png 500
KME2G3_7_sub_22.png 501
TrainData2_2_sub_98.png 502
TrainData1_1_sub_5.png 503
TrainData2_0_sub_33.png 504
KME2G3_13_sub_95.png 505
KME2G3_12_sub_95.png 506
TrainData2_16_sub_71.png 507
TrainData2_7_sub_95.png 508
KME2G3_22_sub_95.png 509
KME2G3_1_sub_30.png 510
TrainData2_11_sub_41.png 511
KME2G3_20_sub_30.png 512
TrainData2_14_sub_9.png 513
KME2G3_7_sub_28.png 514
TrainData2_13_sub_29.png 515
KME2G3_17_sub_35.png 516
TrainData1_0_sub_21.png 517
TrainData1_3_sub_9.png 518
TrainData2_17_sub_11.png 519
KME2G3_26_sub_81.png 520
TrainData2_21_sub_20.png 521
TrainData2_18_sub_71.png 522
KME2G3_16_sub_38.png 523
TrainData1_4_sub_19.png 524
KME2G3_0_sub_96.png 525
TrainData2_6_sub_63.png 526
TrainData2_22_sub_41.png 527
KME2G3_5_sub_22.png 528
TrainData2_14_sub_17.png 529
TrainData2_21_sub_73.png 530
KME2G3_28_sub_65.png 531
TrainData1_3_sub_19.png 532
TrainData2_26_sub_43.png 533
TrainData2_15_sub_73.png 534
KME2G3_4_sub_95.png 535
TrainData2_4_sub_6.png 536
TrainData2_2_sub_41.png 537
TrainData2_5_sub_17.png 538
TrainData2_20_sub_95.png 539
TrainData2_0_sub_61.png 540
TrainData2_3_sub_39.png 541
TrainData2_11_sub_88.png 542
TrainData2_23_sub_20.png 543
TrainData2_14_sub_1.png 544
TrainData2_4_sub_51.png 545
TrainData2_23_sub_39.png 546
TrainData2_13_sub_98.png 547
TrainData2_11_sub_29.png 548
TrainData2_13_sub_51.png 549
KME2G3_4_sub_74.png 550
KME2G3_24_sub_65.png 551
TrainData2_2_sub_1.png 552
TrainData2_10_sub_1.png 553
KME2G3_30_sub_65.png 554
TrainData2_2_sub_20.png 555
TrainData2_19_sub_61.png 556
KME2G3_0_sub_74.png 557
KME2G3_22_sub_26.png 558
TrainData2_3_sub_15.png 559
TrainData2_20_sub_98.png 560
TrainData2_16_sub_11.png 561
KME1G3_3_sub_22.png 562
TrainData2_15_sub_9.png 563
KME2G3_21_sub_74.png 564
TrainData2_12_sub_9.png 565
KME2G3_7_sub_65.png 566
TrainData2_4_sub_71.png 567
TrainData2_5_sub_29.png 568
TrainData2_24_sub_73.png 569
TrainData2_2_sub_95.png 570
TrainData2_4_sub_17.png 571
KME2G3_18_sub_30.png 572
KME2G3_18_sub_96.png 573
TrainData2_23_sub_73.png 574
KME2G3_0_sub_38.png 575
KME2G3_21_sub_96.png 576
KME2G3_10_sub_81.png 577
TrainData2_10_sub_95.png 578
KME2G3_5_sub_38.png 579
TrainData2_6_sub_73.png 580
KME2G3_14_sub_38.png 581
TrainData1_8_sub_7.png 582
KME2G3_30_sub_95.png 583
TrainData2_3_sub_63.png 584
TrainData1_5_sub_7.png 585
TrainData2_1_sub_43.png 586
TrainData2_9_sub_29.png 587
TrainData2_6_sub_13.png 588
TrainData2_25_sub_33.png 589
TrainData2_3_sub_17.png 590
TrainData2_26_sub_13.png 591
TrainData2_8_sub_43.png 592
TrainData2_19_sub_20.png 593
TrainData2_21_sub_11.png 594
KME2G3_14_sub_74.png 595
TrainData2_14_sub_33.png 596
TrainData2_17_sub_98.png 597
KME2G3_19_sub_38.png 598
KME2G3_17_sub_96.png 599
TrainData2_17_sub_71.png 600
TrainData2_0_sub_15.png 601
TrainData2_5_sub_51.png 602
TrainData2_19_sub_43.png 603
KME1G3_1_sub_21.png 604
TrainData2_6_sub_17.png 605
KME2G3_4_sub_81.png 606
KME2G3_24_sub_96.png 607
TrainData2_4_sub_73.png 608
TrainData2_8_sub_98.png 609
TrainData2_1_sub_1.png 610
KME2G3_19_sub_96.png 611
TrainData2_7_sub_51.png 612
TrainData2_1_sub_71.png 613
KME2G3_29_sub_22.png 614
KME2G3_28_sub_38.png 615
TrainData2_5_sub_71.png 616
KME2G3_6_sub_26.png 617
TrainData2_1_sub_63.png 618
KME2G3_9_sub_22.png 619
TrainData2_25_sub_41.png 620
KME2G3_12_sub_30.png 621
KME2G3_30_sub_38.png 622
TrainData2_13_sub_6.png 623
TrainData2_19_sub_73.png 624
KME2G3_25_sub_65.png 625
TrainData2_16_sub_88.png 626
TrainData2_4_sub_15.png 627
TrainData1_1_sub_19.png 628
KME2G3_0_sub_81.png 629
TrainData1_8_sub_3.png 630
KME2G3_27_sub_65.png 631
TrainData1_0_sub_3.png 632
KME2G3_0_sub_65.png 633
KME2G3_16_sub_28.png 634
TrainData2_14_sub_88.png 635
KME2G3_24_sub_38.png 636
TrainData2_20_sub_17.png 637
TrainData2_21_sub_43.png 638
TrainData2_11_sub_33.png 639
TrainData2_10_sub_43.png 640
TrainData2_16_sub_51.png 641
KME2G3_12_sub_22.png 642
KME1G3_6_sub_10.png 643
TrainData2_23_sub_13.png 644
KME2G3_18_sub_65.png 645
TrainData2_12_sub_39.png 646
TrainData2_10_sub_29.png 647
TrainData2_4_sub_95.png 648
TrainData2_7_sub_6.png 649
KME2G3_11_sub_81.png 650
TrainData1_6_sub_9.png 651
KME2G3_29_sub_65.png 652
TrainData2_26_sub_71.png 653
TrainData2_0_sub_11.png 654
KME2G3_1_sub_65.png 655
TrainData2_23_sub_46.png 656
KME2G3_29_sub_95.png 657
TrainData1_6_sub_1.png 658
TrainData2_26_sub_95.png 659
TrainData2_7_sub_46.png 660
TrainData2_21_sub_71.png 661
TrainData2_22_sub_63.png 662
TrainData2_20_sub_46.png 663
TrainData2_21_sub_9.png 664
TrainData2_13_sub_15.png 665
TrainData1_6_sub_28.png 666
KME1G3_11_sub_10.png 667
TrainData1_6_sub_5.png 668
TrainData2_13_sub_33.png 669
TrainData2_22_sub_88.png 670
TrainData2_12_sub_73.png 671
TrainData2_14_sub_15.png 672
KME2G3_9_sub_65.png 673
TrainData1_2_sub_5.png 674
TrainData2_10_sub_73.png 675
KME2G3_0_sub_30.png 676
TrainData2_6_sub_88.png 677
TrainData2_16_sub_61.png 678
TrainData2_13_sub_20.png 679
KME2G3_9_sub_30.png 680
TrainData2_18_sub_73.png 681
TrainData2_0_sub_51.png 682
TrainData2_15_sub_39.png 683
TrainData1_2_sub_19.png 684
TrainData2_19_sub_41.png 685
TrainData2_24_sub_6.png 686
KME2G3_13_sub_81.png 687
TrainData2_5_sub_33.png 688
TrainData2_0_sub_9.png 689
KME2G3_16_sub_22.png 690
KME2G3_4_sub_22.png 691
TrainData2_14_sub_39.png 692
TrainData2_11_sub_71.png 693
TrainData1_1_sub_15.png 694
KME2G3_20_sub_81.png 695
KME2G3_7_sub_30.png 696
TrainData2_21_sub_61.png 697
TrainData2_18_sub_95.png 698
TrainData2_22_sub_29.png 699
KME2G3_27_sub_96.png 700
TrainData2_11_sub_1.png 701
KME2G3_20_sub_28.png 702
KME2G3_12_sub_28.png 703
TrainData2_17_sub_1.png 704
TrainData2_5_sub_39.png 705
TrainData2_17_sub_39.png 706
TrainData2_11_sub_15.png 707
TrainData2_0_sub_41.png 708
KME2G3_6_sub_35.png 709
TrainData2_13_sub_9.png 710
TrainData2_13_sub_63.png 711
KME2G3_13_sub_26.png 712
TrainData2_23_sub_6.png 713
TrainData2_21_sub_13.png 714
TrainData2_0_sub_73.png 715
TrainData2_18_sub_29.png 716
TrainData2_16_sub_15.png 717
TrainData2_20_sub_11.png 718
TrainData2_22_sub_61.png 719
KME2G3_27_sub_30.png 720
TrainData1_8_sub_28.png 721
KME2G3_7_sub_38.png 722
KME1G3_8_sub_21.png 723
KME2G3_23_sub_22.png 724
TrainData2_9_sub_51.png 725
TrainData2_15_sub_13.png 726
KME2G3_6_sub_81.png 727
KME2G3_5_sub_95.png 728
KME2G3_3_sub_22.png 729
TrainData2_24_sub_46.png 730
KME2G3_1_sub_81.png 731
KME2G3_16_sub_74.png 732
TrainData2_16_sub_41.png 733
TrainData2_18_sub_43.png 734
TrainData2_19_sub_13.png 735
TrainData2_26_sub_61.png 736
TrainData2_23_sub_98.png 737
TrainData2_16_sub_1.png 738
TrainData2_18_sub_6.png 739
KME2G3_23_sub_30.png 740
TrainData2_16_sub_39.png 741
KME1G3_1_sub_22.png 742
TrainData2_4_sub_46.png 743
TrainData2_0_sub_20.png 744
KME1G3_7_sub_22.png 745
TrainData2_1_sub_9.png 746
TrainData2_11_sub_98.png 747
TrainData1_6_sub_21.png 748
KME2G3_9_sub_81.png 749
TrainData2_3_sub_43.png 750
TrainData2_3_sub_51.png 751
KME2G3_9_sub_74.png 752
TrainData2_20_sub_1.png 753
TrainData2_10_sub_13.png 754
TrainData2_21_sub_41.png 755
TrainData2_13_sub_1.png 756
TrainData2_21_sub_39.png 757
KME2G3_2_sub_74.png 758
TrainData2_6_sub_95.png 759
TrainData2_25_sub_11.png 760
TrainData2_10_sub_98.png 761
TrainData1_2_sub_7.png 762
KME1G3_11_sub_22.png 763
TrainData2_23_sub_61.png 764
KME2G3_13_sub_22.png 765
TrainData2_11_sub_61.png 766
TrainData2_25_sub_73.png 767
KME2G3_22_sub_38.png 768
TrainData1_3_sub_3.png 769
TrainData2_14_sub_41.png 770
TrainData2_2_sub_73.png 771
KME2G3_11_sub_26.png 772
TrainData2_1_sub_98.png 773
TrainData2_2_sub_39.png 774
TrainData2_1_sub_88.png 775
KME2G3_30_sub_22.png 776
KME2G3_28_sub_28.png 777
KME2G3_6_sub_96.png 778
TrainData2_7_sub_71.png 779
TrainData2_24_sub_88.png 780
TrainData2_26_sub_33.png 781
TrainData2_9_sub_33.png 782
TrainData2_7_sub_73.png 783
TrainData2_18_sub_63.png 784
TrainData2_8_sub_39.png 785
TrainData2_3_sub_20.png 786
TrainData2_20_sub_63.png 787
KME2G3_25_sub_38.png 788
KME2G3_6_sub_95.png 789
TrainData1_6_sub_3.png 790
KME2G3_1_sub_26.png 791
TrainData2_8_sub_6.png 792
KME2G3_17_sub_26.png 793
TrainData2_6_sub_20.png 794
KME1G3_6_sub_22.png 795
TrainData2_16_sub_9.png 796
KME2G3_10_sub_28.png 797
TrainData2_9_sub_1.png 798
TrainData2_18_sub_15.png 799
TrainData2_20_sub_73.png 800
KME1G3_7_sub_10.png 801
TrainData2_22_sub_51.png 802
TrainData2_21_sub_95.png 803
TrainData2_10_sub_20.png 804
KME2G3_27_sub_81.png 805
TrainData2_7_sub_98.png 806
TrainData2_25_sub_88.png 807
TrainData2_5_sub_9.png 808
KME2G3_23_sub_95.png 809
TrainData2_14_sub_73.png 810
TrainData2_24_sub_43.png 811
TrainData2_12_sub_33.png 812
KME2G3_28_sub_35.png 813
TrainData2_8_sub_95.png 814
TrainData2_7_sub_1.png 815
TrainData2_16_sub_17.png 816
TrainData1_5_sub_19.png 817
TrainData2_7_sub_33.png 818
KME2G3_15_sub_65.png 819
KME2G3_14_sub_35.png 820
TrainData2_16_sub_20.png 821
KME2G3_11_sub_28.png 822
TrainData1_8_sub_21.png 823
TrainData2_16_sub_95.png 824
KME2G3_22_sub_65.png 825
TrainData2_18_sub_61.png 826
TrainData2_22_sub_17.png 827
TrainData2_23_sub_88.png 828
TrainData1_6_sub_15.png 829
KME2G3_5_sub_28.png 830
TrainData2_11_sub_73.png 831
TrainData2_16_sub_63.png 832
KME1G3_8_sub_22.png 833
KME1G3_2_sub_21.png 834
TrainData2_10_sub_15.png 835
KME2G3_7_sub_95.png 836
TrainData2_24_sub_15.png 837
TrainData2_16_sub_6.png 838
KME2G3_10_sub_38.png 839
KME2G3_29_sub_30.png 840
TrainData2_14_sub_51.png 841
TrainData2_19_sub_11.png 842
TrainData2_12_sub_98.png 843
TrainData1_7_sub_28.png 844
TrainData2_24_sub_71.png 845
TrainData2_7_sub_39.png 846
TrainData2_15_sub_6.png 847
TrainData2_24_sub_41.png 848
