formulaire010-equation065.png 170
formulaire011-equation003.png 171
formulaire011-equation005.png 172
formulaire011-equation006.png 173
formulaire011-equation015.png 174
formulaire011-equation021.png 175
formulaire011-equation022.png 176
formulaire011-equation023.png 177
formulaire011-equation025.png 178
formulaire011-equation035.png 179
formulaire011-equation038.png 180
formulaire011-equation044.png 181
formulaire011-equation050.png 182
formulaire011-equation063.png 183
formulaire012-equation011.png 184
formulaire012-equation020.png 185
formulaire012-equation023.png 186
formulaire012-equation031.png 187
formulaire012-equation033.png 188
formulaire012-equation040.png 189
formulaire012-equation048.png 190
formulaire012-equation050.png 191
formulaire012-equation056.png 192
formulaire012-equation060.png 193
formulaire012-equation062.png 194
formulaire012-equation073.png 195
formulaire013-equation008.png 196
formulaire013-equation011.png 197
formulaire013-equation029.png 198
formulaire013-equation034.png 199
formulaire013-equation036.png 200
formulaire013-equation041.png 201
formulaire013-equation045.png 202
formulaire013-equation047.png 203
formulaire013-equation051.png 204
formulaire013-equation055.png 205
formulaire013-equation070.png 206
formulaire014-equation003.png 207
formulaire014-equation018.png 208
formulaire014-equation028.png 209
formulaire014-equation036.png 210
formulaire014-equation039.png 211
formulaire014-equation046.png 212
formulaire014-equation051.png 213
formulaire014-equation052.png 214
formulaire014-equation056.png 215
formulaire015-equation001.png 216
formulaire015-equation003.png 217
formulaire015-equation025.png 218
formulaire015-equation035.png 219
formulaire015-equation041.png 220
formulaire015-equation050.png 221
formulaire015-equation056.png 222
formulaire015-equation058.png 223
formulaire015-equation059.png 224
formulaire015-equation070.png 225
formulaire015-equation071.png 226
formulaire015-equation073.png 227
formulaire016-equation021.png 228
formulaire016-equation028.png 229
formulaire016-equation036.png 230
formulaire016-equation038.png 231
formulaire016-equation041.png 232
formulaire016-equation056.png 233
formulaire016-equation057.png 234
formulaire016-equation061.png 235
formulaire016-equation062.png 236
formulaire016-equation064.png 237
formulaire016-equation068.png 238
formulaire016-equation071.png 239
formulaire017-equation011.png 240
formulaire017-equation015.png 241
formulaire017-equation018.png 242
formulaire017-equation029.png 243
formulaire017-equation031.png 244
formulaire017-equation035.png 245
formulaire017-equation043.png 246
formulaire017-equation046.png 247
formulaire017-equation056.png 248
formulaire017-equation062.png 249
formulaire017-equation074.png 250
formulaire018-equation005.png 251
formulaire018-equation012.png 252
formulaire018-equation013.png 253
formulaire018-equation018.png 254
formulaire018-equation022.png 255
formulaire018-equation028.png 256
formulaire018-equation040.png 257
formulaire018-equation048.png 258
formulaire018-equation055.png 259
formulaire018-equation061.png 260
formulaire018-equation067.png 261
formulaire019-equation008.png 262
formulaire019-equation011.png 263
formulaire019-equation015.png 264
formulaire019-equation016.png 265
formulaire019-equation020.png 266
formulaire019-equation021.png 267
formulaire019-equation024.png 268
formulaire019-equation032.png 269
formulaire019-equation036.png 270
formulaire019-equation039.png 271
formulaire019-equation050.png 272
formulaire019-equation064.png 273
formulaire019-equation070.png 274
formulaire019-equation071.png 275
formulaire020-equation005.png 276
formulaire020-equation008.png 277
formulaire020-equation009.png 278
formulaire020-equation011.png 279
formulaire020-equation018.png 280
formulaire020-equation020.png 281
formulaire020-equation023.png 282
formulaire020-equation030.png 283
formulaire020-equation031.png 284
formulaire020-equation038.png 285
formulaire020-equation046.png 286
formulaire020-equation058.png 287
formulaire020-equation062.png 288
formulaire020-equation063.png 289
formulaire020-equation068.png 290
formulaire020-equation073.png 291
formulaire021-equation003.png 292
formulaire021-equation010.png 293
formulaire021-equation011.png 294
formulaire021-equation018.png 295
formulaire021-equation028.png 296
formulaire021-equation030.png 297
formulaire021-equation040.png 298
formulaire021-equation060.png 299
formulaire021-equation070.png 300
formulaire022-equation000.png 301
formulaire022-equation004.png 302
formulaire022-equation006.png 303
formulaire022-equation025.png 304
formulaire022-equation028.png 305
formulaire022-equation030.png 306
formulaire022-equation045.png 307
formulaire022-equation049.png 308
formulaire022-equation055.png 309
formulaire023-equation003.png 310
formulaire023-equation008.png 311
formulaire023-equation011.png 312
formulaire023-equation026.png 313
formulaire023-equation035.png 314
formulaire023-equation038.png 315
formulaire023-equation046.png 316
formulaire023-equation047.png 317
formulaire023-equation051.png 318
formulaire023-equation064.png 319
formulaire023-equation066.png 320
formulaire023-equation070.png 321
formulaire024-equation003.png 322
formulaire024-equation033.png 323
formulaire024-equation040.png 324
formulaire024-equation043.png 325
formulaire024-equation050.png 326
formulaire024-equation058.png 327
formulaire024-equation063.png 328
formulaire024-equation068.png 329
formulaire024-equation070.png 330
formulaire024-equation071.png 331
formulaire025-equation001.png 332
formulaire025-equation027.png 333
formulaire025-equation030.png 334
formulaire025-equation031.png 335
formulaire025-equation041.png 336
formulaire025-equation048.png 337
formulaire025-equation049.png 338
formulaire025-equation056.png 339
formulaire025-equation060.png 340
formulaire025-equation063.png 341
formulaire025-equation070.png 342
formulaire026-equation015.png 343
formulaire026-equation027.png 344
formulaire026-equation046.png 345
formulaire026-equation055.png 346
formulaire026-equation061.png 347
formulaire026-equation063.png 348
formulaire026-equation068.png 349
formulaire026-equation070.png 350
formulaire026-equation072.png 351
formulaire027-equation020.png 352
formulaire027-equation022.png 353
formulaire027-equation025.png 354
formulaire027-equation040.png 355
formulaire027-equation041.png 356
formulaire027-equation050.png 357
formulaire027-equation055.png 358
formulaire027-equation056.png 359
formulaire027-equation069.png 360
formulaire028-equation005.png 361
formulaire028-equation010.png 362
formulaire028-equation016.png 363
formulaire028-equation020.png 364
formulaire028-equation024.png 365
formulaire028-equation050.png 366
formulaire028-equation056.png 367
formulaire028-equation058.png 368
formulaire028-equation065.png 369
formulaire028-equation068.png 370
formulaire029-equation001.png 371
formulaire029-equation002.png 372
formulaire029-equation006.png 373
formulaire029-equation010.png 374
formulaire029-equation013.png 375
formulaire029-equation015.png 376
formulaire029-equation020.png 377
formulaire029-equation025.png 378
formulaire029-equation031.png 379
formulaire029-equation035.png 380
formulaire029-equation054.png 381
formulaire029-equation055.png 382
formulaire029-equation073.png 383
formulaire030-equation000.png 384
formulaire030-equation005.png 385
formulaire030-equation033.png 386
formulaire030-equation040.png 387
formulaire030-equation045.png 388
formulaire030-equation049.png 389
formulaire030-equation052.png 390
formulaire030-equation056.png 391
formulaire030-equation061.png 392
formulaire030-equation066.png 393
formulaire030-equation071.png 394
formulaire030-equation074.png 395
formulaire031-equation008.png 396
formulaire031-equation024.png 397
formulaire031-equation027.png 398
formulaire031-equation030.png 399
formulaire031-equation041.png 400
formulaire031-equation048.png 401
formulaire031-equation054.png 402
formulaire031-equation055.png 403
formulaire031-equation068.png 404
formulaire032-equation001.png 405
formulaire032-equation010.png 406
formulaire032-equation020.png 407
formulaire032-equation021.png 408
formulaire032-equation025.png 409
formulaire032-equation028.png 410
formulaire032-equation030.png 411
formulaire032-equation040.png 412
formulaire032-equation060.png 413
formulaire032-equation068.png 414
formulaire032-equation070.png 415
formulaire033-equation009.png 416
formulaire033-equation015.png 417
formulaire033-equation016.png 418
formulaire033-equation026.png 419
formulaire033-equation027.png 420
formulaire033-equation040.png 421
formulaire033-equation045.png 422
formulaire033-equation050.png 423
formulaire033-equation055.png 424
formulaire033-equation057.png 425
formulaire033-equation063.png 426
formulaire033-equation067.png 427
formulaire034-equation018.png 428
formulaire034-equation020.png 429
formulaire034-equation035.png 430
formulaire034-equation043.png 431
formulaire034-equation051.png 432
formulaire035-equation001.png 433
formulaire035-equation018.png 434
formulaire035-equation021.png 435
formulaire035-equation035.png 436
formulaire036-equation005.png 437
formulaire036-equation007.png 438
formulaire036-equation015.png 439
formulaire036-equation045.png 440
formulaire036-equation060.png 441
formulaire036-equation068.png 442
formulaire037-equation005.png 443
formulaire037-equation011.png 444
formulaire037-equation024.png 445
formulaire037-equation028.png 446
formulaire037-equation038.png 447
formulaire037-equation045.png 448
formulaire037-equation050.png 449
formulaire037-equation051.png 450
formulaire037-equation056.png 451
formulaire037-equation066.png 452
formulaire037-equation068.png 453
formulaire038-equation000.png 454
formulaire038-equation006.png 455
formulaire038-equation011.png 456
formulaire038-equation026.png 457
formulaire038-equation039.png 458
formulaire038-equation042.png 459
formulaire038-equation047.png 460
formulaire038-equation055.png 461
formulaire038-equation072.png 462
formulaire038-equation073.png 463
formulaire039-equation000.png 464
formulaire039-equation011.png 465
formulaire039-equation031.png 466
formulaire039-equation033.png 467
formulaire039-equation036.png 468
formulaire039-equation045.png 469
formulaire039-equation053.png 470
formulaire039-equation056.png 471
formulaire039-equation062.png 472
TrainData2_0_sub_20.png 473
TrainData2_10_sub_20.png 474
TrainData2_11_sub_20.png 475
TrainData2_12_sub_20.png 476
TrainData2_13_sub_20.png 477
TrainData2_14_sub_20.png 478
TrainData2_15_sub_20.png 479
TrainData2_16_sub_20.png 480
TrainData2_17_sub_20.png 481
TrainData2_18_sub_20.png 482
TrainData2_19_sub_20.png 483
TrainData2_1_sub_20.png 484
TrainData2_20_sub_20.png 485
TrainData2_21_sub_20.png 486
TrainData2_22_sub_20.png 487
TrainData2_23_sub_20.png 488
TrainData2_24_sub_20.png 489
TrainData2_25_sub_20.png 490
TrainData2_26_sub_20.png 491
TrainData2_2_sub_20.png 492
TrainData2_3_sub_20.png 493
TrainData2_4_sub_20.png 494
TrainData2_5_sub_20.png 495
TrainData2_6_sub_20.png 496
TrainData2_7_sub_20.png 497
TrainData2_8_sub_20.png 498
TrainData2_9_sub_20.png 499
2009210-947-102.png 500
2009210-947-122.png 501
2009210-947-151.png 502
2009210-947-155.png 503
2009210-947-16.png 504
2009210-947-166.png 505
2009210-947-172.png 506
2009210-947-176.png 507
2009210-947-179.png 508
2009210-947-185.png 509
2009210-947-195.png 510
2009210-947-203.png 511
2009210-947-207.png 512
2009210-947-21.png 513
2009210-947-215.png 514
2009210-947-220.png 515
2009210-947-40.png 516
2009210-947-87.png 517
2009210-947-93.png 518
2009210-947-94.png 519
2009210-947-99.png 520
2009212-1031-112.png 521
2009212-1031-14.png 522
2009212-1031-143.png 523
2009212-1031-15.png 524
2009212-1031-150.png 525
2009212-1031-16.png 526
2009212-1031-43.png 527
2009212-1031-45.png 528
2009212-1031-47.png 529
2009212-1031-63.png 530
2009212-1031-79.png 531
2009212-1031-86.png 532
2009212-952-100.png 533
2009212-952-11.png 534
2009212-952-114.png 535
2009212-952-33.png 536
2009212-952-76.png 537
2009212-952-82.png 538
2009213-137-114.png 539
2009213-137-131.png 540
2009213-137-145.png 541
2009213-137-149.png 542
2009213-137-159.png 543
2009213-137-160.png 544
2009213-137-166.png 545
2009213-137-171.png 546
2009213-137-187.png 547
2009213-137-210.png 548
2009213-137-236.png 549
2009213-137-241.png 550
2009213-137-247.png 551
2009213-137-47.png 552
2009213-137-51.png 553
2009213-137-69.png 554
2009213-137-81.png 555
2009213-139-139.png 556
2009213-139-152.png 557
2009213-139-205.png 558
2009213-139-211.png 559
2009213-139-221.png 560
2009213-139-228.png 561
2009213-139-232.png 562
2009213-139-233.png 563
2009213-139-45.png 564
200922-1017-102.png 565
200922-1017-124.png 566
200922-1017-142.png 567
200922-1017-143.png 568
200922-1017-145.png 569
200922-1017-148.png 570
200922-1017-151.png 571
200922-1017-75.png 572
200922-1017-86.png 573
200922-1017-90.png 574
200922-1017-93.png 575
200922-947-114.png 576
200922-947-120.png 577
200922-947-122.png 578
200922-947-129.png 579
200922-947-168.png 580
200922-947-176.png 581
200922-947-178.png 582
200922-947-191.png 583
200922-947-200.png 584
200922-947-211.png 585
200922-947-227.png 586
200922-947-40.png 587
200922-947-93.png 588
200922-947-98.png 589
200922-949-105.png 590
200922-949-109.png 591
200922-949-155.png 592
200922-949-158.png 593
200922-949-164.png 594
200922-949-175.png 595
200922-949-180.png 596
200922-949-191.png 597
200922-949-210.png 598
200922-949-216.png 599
200922-949-218.png 600
200922-949-221.png 601
200922-949-236.png 602
200922-949-243.png 603
200922-949-254.png 604
200922-949-266.png 605
200922-949-267.png 606
200922-949-40.png 607
200922-949-63.png 608
200922-949-65.png 609
200922-949-91.png 610
200922-949-99.png 611
2009220-1327-115.png 612
2009220-1327-117.png 613
2009220-1327-121.png 614
2009220-1327-21.png 615
2009220-1327-23.png 616
2009220-1327-52.png 617
2009220-1327-88.png 618
200923-1251-106.png 619
200923-1251-107.png 620
200923-1251-111.png 621
200923-1251-115.png 622
200923-1251-145.png 623
200923-1251-175.png 624
200923-1251-191.png 625
200923-1251-199.png 626
200923-1251-201.png 627
200923-1251-210.png 628
200923-1251-215.png 629
200923-1251-226.png 630
200923-1251-229.png 631
200923-1251-245.png 632
200923-1251-252.png 633
200923-1251-263.png 634
200923-1251-264.png 635
200923-1251-5.png 636
200923-1251-9.png 637
200923-1253-101.png 638
200923-1253-116.png 639
200923-1253-130.png 640
200923-1253-15.png 641
200923-1253-161.png 642
200923-1253-177.png 643
200923-1253-186.png 644
200923-1253-191.png 645
200923-1253-200.png 646
200923-1253-210.png 647
200923-1253-211.png 648
200923-1253-221.png 649
200923-1253-222.png 650
200923-1253-242.png 651
200923-1253-244.png 652
200923-1253-284.png 653
200923-1253-289.png 654
200923-1253-3.png 655
200923-1254-10.png 656
200923-1254-107.png 657
200923-1254-119.png 658
200923-1254-121.png 659
200923-1254-141.png 660
200923-1254-149.png 661
200923-1254-153.png 662
200923-1254-165.png 663
200923-1254-166.png 664
200923-1254-168.png 665
200923-1254-169.png 666
200923-1254-191.png 667
200923-1254-209.png 668
200923-1254-21.png 669
200923-1254-213.png 670
200923-1254-214.png 671
200923-1254-221.png 672
200923-1254-242.png 673
200923-1254-243.png 674
200923-1254-250.png 675
200923-1254-253.png 676
200923-1254-254.png 677
200923-1254-263.png 678
200923-1254-264.png 679
200923-1254-265.png 680
200923-1254-272.png 681
200923-1254-273.png 682
200923-1254-283.png 683
200923-1254-334.png 684
200923-1254-346.png 685
200923-1254-366.png 686
200923-1254-380.png 687
200923-1254-4.png 688
200923-131-107.png 689
200923-131-110.png 690
200923-131-118.png 691
200923-131-126.png 692
200923-131-130.png 693
200923-131-131.png 694
200923-131-142.png 695
200923-131-167.png 696
200923-131-185.png 697
200923-131-186.png 698
200923-131-189.png 699
200923-131-190.png 700
200923-131-197.png 701
200923-131-233.png 702
200923-131-234.png 703
200923-131-235.png 704
200923-131-242.png 705
200923-131-243.png 706
200923-131-261.png 707
200923-131-263.png 708
200923-131-264.png 709
200923-131-265.png 710
200923-131-269.png 711
200923-131-28.png 712
200923-131-289.png 713
200923-131-29.png 714
200923-131-290.png 715
200923-131-294.png 716
200923-131-295.png 717
200923-131-307.png 718
200923-131-325.png 719
200923-131-328.png 720
200923-131-33.png 721
200923-131-341.png 722
200923-131-343.png 723
200923-131-346.png 724
200923-131-53.png 725
200923-131-63.png 726
200923-1553-117.png 727
200923-1553-122.png 728
200923-1553-130.png 729
200923-1553-150.png 730
200923-1553-151.png 731
200923-1553-152.png 732
200923-1553-167.png 733
200923-1553-182.png 734
200923-1553-183.png 735
200923-1553-187.png 736
200923-1553-188.png 737
200923-1553-196.png 738
200923-1553-213.png 739
200923-1553-219.png 740
200923-1553-220.png 741
200923-1553-222.png 742
200923-1553-227.png 743
200923-1553-228.png 744
200923-1553-237.png 745
200923-1553-238.png 746
200923-1553-251.png 747
200923-1553-266.png 748
200923-1553-269.png 749
200923-1553-270.png 750
200923-1553-309.png 751
200923-1553-34.png 752
200923-1553-85.png 753
200923-1553-89.png 754
200923-1556-103.png 755
200923-1556-153.png 756
200923-1556-177.png 757
200923-1556-190.png 758
200923-1556-199.png 759
200923-1556-207.png 760
200923-1556-218.png 761
200923-1556-22.png 762
200923-1556-228.png 763
200923-1556-23.png 764
200923-1556-33.png 765
200923-1556-70.png 766
200923-1556-71.png 767
200923-1556-99.png 768
200924-1312-114.png 769
200924-1312-132.png 770
200924-1312-15.png 771
200924-1312-170.png 772
200924-1312-192.png 773
200924-1312-196.png 774
200924-1312-215.png 775
200924-1312-223.png 776
200924-1312-289.png 777
200924-1312-294.png 778
200924-1312-305.png 779
200924-1312-306.png 780
200924-1312-307.png 781
200924-1312-308.png 782
200924-1312-33.png 783
200924-1312-47.png 784
200924-1312-76.png 785
200924-1312-9.png 786
200924-1331-105.png 787
200924-1331-106.png 788
200924-1331-111.png 789
200924-1331-112.png 790
200924-1331-122.png 791
200924-1331-158.png 792
200924-1331-159.png 793
200924-1331-182.png 794
200924-1331-183.png 795
200924-1331-186.png 796
200924-1331-197.png 797
200924-1331-201.png 798
200924-1331-216.png 799
200924-1331-220.png 800
200924-1331-222.png 801
200924-1331-239.png 802
200924-1331-248.png 803
200924-1331-259.png 804
200924-1331-260.png 805
200924-1331-261.png 806
200924-1331-268.png 807
200924-1331-52.png 808
200924-1331-58.png 809
200924-1331-88.png 810
200925-1126-108.png 811
200925-1126-132.png 812
200925-1126-136.png 813
200925-1126-156.png 814
200925-1126-171.png 815
200925-1126-176.png 816
200925-1126-178.png 817
200925-1126-184.png 818
200925-1126-198.png 819
200925-1126-51.png 820
200925-1126-69.png 821
200925-1126-81.png 822
200925-1126-83.png 823
200925-1126-87.png 824
200926-131-141.png 825
200926-131-152.png 826
200926-131-183.png 827
200926-131-197.png 828
200926-131-229.png 829
200926-131-236.png 830
200926-131-5.png 831
200926-131-59.png 832
200926-131-69.png 833
200926-131-70.png 834
200926-1550-11.png 835
200926-1550-117.png 836
200926-1550-126.png 837
200926-1550-137.png 838
200926-1550-144.png 839
200926-1617-121.png 840
200926-1617-163.png 841
200926-1617-193.png 842
200926-1617-204.png 843
200926-1617-214.png 844
200926-1617-225.png 845
200926-1617-246.png 846
200926-1617-252.png 847
200926-1617-3.png 848
200926-1617-47.png 849
200926-1617-57.png 850
