37436.png 0
50043.png 1
82314.png 2
57179.png 3
33934.png 4
81131.png 5
77885.png 6
78878.png 7
74824.png 8
39773.png 9
55508.png 10
68587.png 11
55119.png 12
92116.png 13
44490.png 14
7924.png 15
60024.png 16
92161.png 17
32467.png 18
100464.png 19
38638.png 20
65597.png 21
90218.png 22
101919.png 23
81451.png 24
28728.png 25
29186.png 26
60181.png 27
77425.png 28
631.png 29
99069.png 30
61642.png 31
99829.png 32
95574.png 33
91850.png 34
61736.png 35
11645.png 36
56307.png 37
51342.png 38
23630.png 39
95150.png 40
64035.png 41
25810.png 42
88238.png 43
57744.png 44
66957.png 45
28692.png 46
59552.png 47
35730.png 48
27367.png 49
67452.png 50
70830.png 51
96607.png 52
68719.png 53
70269.png 54
42868.png 55
44970.png 56
50738.png 57
39148.png 58
28739.png 59
27109.png 60
11612.png 61
96521.png 62
19666.png 63
39640.png 64
6600.png 65
94697.png 66
61.png 67
50692.png 68
70548.png 69
92136.png 70
61060.png 71
32087.png 72
48497.png 73
10826.png 74
80568.png 75
73652.png 76
48786.png 77
34657.png 78
91186.png 79
12923.png 80
8906.png 81
63199.png 82
43054.png 83
86807.png 84
81672.png 85
69389.png 86
38995.png 87
52301.png 88
91468.png 89
47799.png 90
82425.png 91
76857.png 92
51033.png 93
57138.png 94
28079.png 95
29982.png 96
100014.png 97
26946.png 98
13646.png 99
49288.png 100
22628.png 101
102875.png 102
11709.png 103
93895.png 104
3353.png 105
86795.png 106
91069.png 107
1958.png 108
69334.png 109
14492.png 110
81416.png 111
92595.png 112
34735.png 113
95037.png 114
23860.png 115
47203.png 116
10667.png 117
93977.png 118
82184.png 119
70303.png 120
57590.png 121
19745.png 122
6095.png 123
11508.png 124
100699.png 125
37657.png 126
39971.png 127
6184.png 128
86297.png 129
58297.png 130
21500.png 131
43046.png 132
81135.png 133
8487.png 134
93295.png 135
82677.png 136
34123.png 137
63146.png 138
83566.png 139
50104.png 140
95506.png 141
38106.png 142
78118.png 143
100660.png 144
99576.png 145
15582.png 146
27093.png 147
41785.png 148
54675.png 149
46144.png 150
3542.png 151
2870.png 152
79473.png 153
21028.png 154
93293.png 155
67995.png 156
62132.png 157
14301.png 158
72145.png 159
8992.png 160
13740.png 161
40641.png 162
15639.png 163
94059.png 164
77014.png 165
44240.png 166
18449.png 167
22692.png 168
53548.png 169
25897.png 170
11195.png 171
35688.png 172
65731.png 173
37916.png 174
74186.png 175
70418.png 176
97848.png 177
46746.png 178
72516.png 179
27835.png 180
42175.png 181
68298.png 182
62346.png 183
96157.png 184
5886.png 185
78023.png 186
63176.png 187
31217.png 188
88349.png 189
56577.png 190
23596.png 191
25261.png 192
50635.png 193
67973.png 194
69731.png 195
22465.png 196
31424.png 197
15902.png 198
33077.png 199
49815.png 200
89092.png 201
74285.png 202
46555.png 203
103434.png 204
79945.png 205
26512.png 206
65089.png 207
68698.png 208
26202.png 209
89775.png 210
72893.png 211
18170.png 212
15966.png 213
30249.png 214
90707.png 215
60212.png 216
15821.png 217
100694.png 218
9310.png 219
57224.png 220
80067.png 221
43777.png 222
22066.png 223
56194.png 224
53903.png 225
35738.png 226
71218.png 227
42057.png 228
27557.png 229
94738.png 230
58795.png 231
52346.png 232
22135.png 233
14416.png 234
37494.png 235
50203.png 236
93381.png 237
39018.png 238
2570.png 239
71819.png 240
92520.png 241
10355.png 242
94807.png 243
87432.png 244
79312.png 245
69937.png 246
91993.png 247
91283.png 248
42328.png 249
6418.png 250
9493.png 251
21387.png 252
77572.png 253
100678.png 254
32578.png 255
61220.png 256
84374.png 257
61601.png 258
83932.png 259
71182.png 260
97502.png 261
92374.png 262
80492.png 263
4977.png 264
87855.png 265
100661.png 266
75690.png 267
12829.png 268
81833.png 269
65407.png 270
88132.png 271
58844.png 272
28747.png 273
12492.png 274
9558.png 275
66031.png 276
3664.png 277
30308.png 278
57472.png 279
76332.png 280
60624.png 281
69392.png 282
37702.png 283
58066.png 284
8650.png 285
34930.png 286
35782.png 287
94142.png 288
55294.png 289
29027.png 290
39093.png 291
22655.png 292
32211.png 293
82773.png 294
75104.png 295
19955.png 296
66039.png 297
50132.png 298
97699.png 299
99478.png 300
26650.png 301
30998.png 302
27399.png 303
47141.png 304
27443.png 305
32440.png 306
95858.png 307
15259.png 308
19118.png 309
47150.png 310
13809.png 311
24201.png 312
35166.png 313
91067.png 314
74673.png 315
40666.png 316
40093.png 317
66588.png 318
35266.png 319
26041.png 320
78948.png 321
47888.png 322
18596.png 323
88748.png 324
83680.png 325
33913.png 326
1222.png 327
70183.png 328
55500.png 329
30189.png 330
82875.png 331
37775.png 332
86472.png 333
51875.png 334
783.png 335
12384.png 336
39925.png 337
57478.png 338
102398.png 339
18696.png 340
91645.png 341
71838.png 342
85950.png 343
98268.png 344
87706.png 345
76621.png 346
2277.png 347
15257.png 348
62983.png 349
2459.png 350
14643.png 351
47485.png 352
4683.png 353
65163.png 354
11181.png 355
73765.png 356
48159.png 357
16927.png 358
96226.png 359
86711.png 360
31846.png 361
27476.png 362
92629.png 363
72224.png 364
85157.png 365
56107.png 366
46785.png 367
62154.png 368
53055.png 369
52218.png 370
15203.png 371
42550.png 372
20353.png 373
1999.png 374
29549.png 375
95749.png 376
33129.png 377
72913.png 378
11074.png 379
27470.png 380
79869.png 381
8719.png 382
8583.png 383
58437.png 384
23464.png 385
487.png 386
45567.png 387
41155.png 388
93562.png 389
54233.png 390
68596.png 391
10168.png 392
91846.png 393
72000.png 394
69305.png 395
1317.png 396
73297.png 397
46484.png 398
25891.png 399
91290.png 400
21628.png 401
95370.png 402
13642.png 403
3822.png 404
25223.png 405
24774.png 406
58409.png 407
80625.png 408
78066.png 409
31987.png 410
5971.png 411
63645.png 412
15686.png 413
48218.png 414
80035.png 415
86755.png 416
38921.png 417
90198.png 418
53905.png 419
36562.png 420
78876.png 421
51163.png 422
77375.png 423
58090.png 424
5937.png 425
61939.png 426
56564.png 427
4728.png 428
23099.png 429
33404.png 430
21137.png 431
26523.png 432
72661.png 433
77493.png 434
52946.png 435
56101.png 436
70680.png 437
60830.png 438
45205.png 439
71069.png 440
13095.png 441
52153.png 442
4660.png 443
80096.png 444
19187.png 445
89129.png 446
76736.png 447
36143.png 448
5960.png 449
98702.png 450
24560.png 451
56088.png 452
34238.png 453
48853.png 454
41241.png 455
27672.png 456
100756.png 457
90841.png 458
52887.png 459
87868.png 460
17487.png 461
63067.png 462
24025.png 463
28702.png 464
58480.png 465
16530.png 466
85812.png 467
2149.png 468
97985.png 469
10620.png 470
52112.png 471
16378.png 472
55939.png 473
96794.png 474
103430.png 475
3915.png 476
29506.png 477
26844.png 478
88713.png 479
26892.png 480
65915.png 481
69974.png 482
67822.png 483
25227.png 484
32064.png 485
25554.png 486
31121.png 487
65649.png 488
30421.png 489
85953.png 490
37357.png 491
29409.png 492
97362.png 493
51630.png 494
26059.png 495
47273.png 496
48146.png 497
28935.png 498
53089.png 499
38583.png 500
77313.png 501
82262.png 502
89692.png 503
102236.png 504
22051.png 505
44649.png 506
56737.png 507
67526.png 508
33350.png 509
92711.png 510
15050.png 511
65900.png 512
39657.png 513
50291.png 514
74436.png 515
75578.png 516
32117.png 517
76579.png 518
98631.png 519
97254.png 520
52852.png 521
20665.png 522
12710.png 523
5273.png 524
31555.png 525
22788.png 526
88233.png 527
16397.png 528
56824.png 529
686.png 530
83764.png 531
76293.png 532
18774.png 533
97294.png 534
27534.png 535
6486.png 536
2994.png 537
97422.png 538
72735.png 539
78258.png 540
32432.png 541
45407.png 542
49886.png 543
98746.png 544
91360.png 545
81995.png 546
12184.png 547
98327.png 548
102327.png 549
77044.png 550
23862.png 551
67221.png 552
6140.png 553
41133.png 554
56160.png 555
36204.png 556
10982.png 557
83553.png 558
90296.png 559
102654.png 560
58395.png 561
56739.png 562
66032.png 563
36638.png 564
189.png 565
33576.png 566
77071.png 567
69413.png 568
65536.png 569
51521.png 570
91810.png 571
58323.png 572
84477.png 573
9333.png 574
61258.png 575
100398.png 576
3565.png 577
3098.png 578
66716.png 579
69870.png 580
44046.png 581
71453.png 582
14853.png 583
14195.png 584
43006.png 585
41995.png 586
88118.png 587
90916.png 588
101843.png 589
87381.png 590
72953.png 591
59626.png 592
80251.png 593
2210.png 594
57125.png 595
17690.png 596
3831.png 597
60282.png 598
19417.png 599
62929.png 600
9006.png 601
94140.png 602
51089.png 603
3080.png 604
75808.png 605
71712.png 606
13167.png 607
34570.png 608
3425.png 609
97911.png 610
96885.png 611
95015.png 612
48277.png 613
24176.png 614
1067.png 615
38178.png 616
36023.png 617
49159.png 618
19740.png 619
11418.png 620
20272.png 621
95564.png 622
78392.png 623
19311.png 624
83677.png 625
86756.png 626
6701.png 627
62661.png 628
72084.png 629
80986.png 630
3682.png 631
73865.png 632
100002.png 633
34537.png 634
40252.png 635
14677.png 636
48990.png 637
88172.png 638
38811.png 639
1949.png 640
43182.png 641
70221.png 642
52894.png 643
11032.png 644
55612.png 645
69522.png 646
18389.png 647
26398.png 648
64411.png 649
45272.png 650
20821.png 651
30183.png 652
61095.png 653
75290.png 654
20285.png 655
94230.png 656
66077.png 657
74203.png 658
48965.png 659
80137.png 660
20788.png 661
100455.png 662
44349.png 663
42582.png 664
24622.png 665
80471.png 666
42062.png 667
29719.png 668
69311.png 669
21873.png 670
78267.png 671
17341.png 672
37108.png 673
87984.png 674
67857.png 675
39510.png 676
80908.png 677
41503.png 678
95824.png 679
33181.png 680
67117.png 681
67904.png 682
75539.png 683
19662.png 684
88659.png 685
80026.png 686
29724.png 687
12646.png 688
23858.png 689
33428.png 690
80897.png 691
84893.png 692
24619.png 693
100040.png 694
35475.png 695
24182.png 696
14520.png 697
20853.png 698
76817.png 699
39229.png 700
19752.png 701
52187.png 702
74212.png 703
60171.png 704
48006.png 705
20159.png 706
95438.png 707
83287.png 708
96192.png 709
15421.png 710
44186.png 711
83427.png 712
27994.png 713
8019.png 714
38976.png 715
31927.png 716
94265.png 717
55358.png 718
79001.png 719
7809.png 720
103205.png 721
27326.png 722
16442.png 723
15104.png 724
63933.png 725
83473.png 726
13008.png 727
5496.png 728
73238.png 729
26442.png 730
67278.png 731
97992.png 732
15476.png 733
99697.png 734
79834.png 735
88759.png 736
18829.png 737
73989.png 738
11021.png 739
64546.png 740
23015.png 741
61415.png 742
6875.png 743
97318.png 744
14602.png 745
13324.png 746
39400.png 747
42986.png 748
41342.png 749
64391.png 750
8637.png 751
17140.png 752
28673.png 753
27108.png 754
47979.png 755
49780.png 756
91112.png 757
62509.png 758
46252.png 759
38449.png 760
77920.png 761
71790.png 762
48575.png 763
9146.png 764
3457.png 765
52622.png 766
76993.png 767
44425.png 768
59095.png 769
8047.png 770
14594.png 771
51697.png 772
5242.png 773
21837.png 774
47101.png 775
25838.png 776
85085.png 777
11550.png 778
81501.png 779
100597.png 780
78866.png 781
46566.png 782
102293.png 783
48510.png 784
49433.png 785
84303.png 786
57728.png 787
72745.png 788
1155.png 789
10784.png 790
27232.png 791
6191.png 792
96432.png 793
80220.png 794
84053.png 795
81013.png 796
98508.png 797
59856.png 798
22164.png 799
60957.png 800
25584.png 801
31225.png 802
50349.png 803
58841.png 804
4165.png 805
68115.png 806
19326.png 807
6797.png 808
6417.png 809
26460.png 810
9085.png 811
22002.png 812
9093.png 813
44766.png 814
14945.png 815
41118.png 816
82084.png 817
35141.png 818
79575.png 819
56263.png 820
48426.png 821
74746.png 822
203.png 823
1888.png 824
101487.png 825
67590.png 826
89453.png 827
95814.png 828
63269.png 829
99148.png 830
74333.png 831
79784.png 832
92561.png 833
84395.png 834
33557.png 835
90081.png 836
13940.png 837
70732.png 838
84114.png 839
61725.png 840
34140.png 841
10984.png 842
50376.png 843
20593.png 844
59147.png 845
48324.png 846
10139.png 847
66052.png 848
16487.png 849
24965.png 850
49118.png 851
5000.png 852
74151.png 853
799.png 854
32208.png 855
78142.png 856
83386.png 857
88561.png 858
72543.png 859
31727.png 860
78729.png 861
71906.png 862
11212.png 863
14500.png 864
88413.png 865
10794.png 866
66215.png 867
14562.png 868
10418.png 869
10945.png 870
74374.png 871
66923.png 872
64320.png 873
9828.png 874
56099.png 875
72769.png 876
45457.png 877
65250.png 878
6729.png 879
92326.png 880
67887.png 881
88311.png 882
94940.png 883
36753.png 884
95734.png 885
26944.png 886
96244.png 887
49244.png 888
100008.png 889
32742.png 890
52239.png 891
63837.png 892
56025.png 893
20318.png 894
58407.png 895
84326.png 896
39617.png 897
64700.png 898
77366.png 899
17647.png 900
95156.png 901
1645.png 902
24519.png 903
32278.png 904
45140.png 905
73161.png 906
83799.png 907
86190.png 908
20829.png 909
62890.png 910
22818.png 911
12705.png 912
11486.png 913
11038.png 914
6596.png 915
64982.png 916
18891.png 917
26235.png 918
24062.png 919
9503.png 920
102502.png 921
3328.png 922
73790.png 923
16363.png 924
93651.png 925
86346.png 926
77705.png 927
43060.png 928
46938.png 929
62860.png 930
72106.png 931
37137.png 932
2869.png 933
29301.png 934
96826.png 935
5334.png 936
53083.png 937
98446.png 938
18175.png 939
15807.png 940
61546.png 941
15665.png 942
4112.png 943
42649.png 944
65000.png 945
25667.png 946
68640.png 947
82499.png 948
63542.png 949
37118.png 950
69521.png 951
51535.png 952
29956.png 953
40436.png 954
85859.png 955
41264.png 956
20465.png 957
83396.png 958
46118.png 959
94228.png 960
28757.png 961
61553.png 962
90638.png 963
83321.png 964
34349.png 965
22694.png 966
55015.png 967
27769.png 968
103212.png 969
93432.png 970
60070.png 971
32018.png 972
82089.png 973
75881.png 974
76107.png 975
93008.png 976
89963.png 977
34572.png 978
100476.png 979
2381.png 980
96753.png 981
47562.png 982
9901.png 983
94356.png 984
94761.png 985
74423.png 986
43014.png 987
3701.png 988
1952.png 989
88562.png 990
103203.png 991
59640.png 992
97867.png 993
64426.png 994
66068.png 995
92008.png 996
51700.png 997
5238.png 998
11218.png 999
9843.png 1000
87857.png 1001
57901.png 1002
77742.png 1003
79895.png 1004
16783.png 1005
57238.png 1006
17205.png 1007
92062.png 1008
64883.png 1009
71715.png 1010
89994.png 1011
31677.png 1012
48633.png 1013
98612.png 1014
36569.png 1015
52473.png 1016
69876.png 1017
25898.png 1018
38755.png 1019
63521.png 1020
94566.png 1021
14847.png 1022
96240.png 1023
93273.png 1024
8076.png 1025
25979.png 1026
50882.png 1027
77359.png 1028
27805.png 1029
70098.png 1030
99052.png 1031
99925.png 1032
66261.png 1033
61179.png 1034
27309.png 1035
85067.png 1036
97760.png 1037
1124.png 1038
39636.png 1039
18856.png 1040
64106.png 1041
74483.png 1042
6990.png 1043
82913.png 1044
45642.png 1045
86054.png 1046
52480.png 1047
7308.png 1048
2711.png 1049
48751.png 1050
96194.png 1051
11604.png 1052
60570.png 1053
89427.png 1054
103005.png 1055
53382.png 1056
31784.png 1057
92527.png 1058
13903.png 1059
33723.png 1060
17427.png 1061
56525.png 1062
96067.png 1063
68880.png 1064
66403.png 1065
16659.png 1066
98802.png 1067
97504.png 1068
58102.png 1069
8038.png 1070
1859.png 1071
71394.png 1072
26268.png 1073
31777.png 1074
7142.png 1075
72143.png 1076
99256.png 1077
64988.png 1078
78340.png 1079
55522.png 1080
78263.png 1081
21107.png 1082
46799.png 1083
52584.png 1084
23109.png 1085
9775.png 1086
20069.png 1087
65884.png 1088
31049.png 1089
8263.png 1090
77137.png 1091
30378.png 1092
28772.png 1093
42642.png 1094
13355.png 1095
22711.png 1096
12808.png 1097
82214.png 1098
98894.png 1099
93309.png 1100
25525.png 1101
99018.png 1102
25203.png 1103
59146.png 1104
3193.png 1105
17040.png 1106
93555.png 1107
17360.png 1108
73558.png 1109
62253.png 1110
57119.png 1111
57118.png 1112
74291.png 1113
93077.png 1114
64951.png 1115
52491.png 1116
39949.png 1117
3958.png 1118
80.png 1119
17037.png 1120
31441.png 1121
10227.png 1122
66246.png 1123
95936.png 1124
56578.png 1125
12166.png 1126
10164.png 1127
28346.png 1128
26995.png 1129
12065.png 1130
25039.png 1131
10657.png 1132
28328.png 1133
45568.png 1134
59042.png 1135
7571.png 1136
22601.png 1137
88522.png 1138
18191.png 1139
13461.png 1140
48349.png 1141
93067.png 1142
46311.png 1143
84885.png 1144
92471.png 1145
62232.png 1146
72433.png 1147
103024.png 1148
58275.png 1149
39682.png 1150
55657.png 1151
58503.png 1152
894.png 1153
80693.png 1154
48423.png 1155
93251.png 1156
14413.png 1157
92310.png 1158
23905.png 1159
47552.png 1160
64723.png 1161
7697.png 1162
81230.png 1163
67298.png 1164
48473.png 1165
84775.png 1166
6071.png 1167
2196.png 1168
39426.png 1169
36892.png 1170
82680.png 1171
13118.png 1172
69611.png 1173
1206.png 1174
67702.png 1175
35650.png 1176
76761.png 1177
68508.png 1178
90236.png 1179
82074.png 1180
101110.png 1181
6634.png 1182
75060.png 1183
83668.png 1184
50551.png 1185
84659.png 1186
67571.png 1187
43154.png 1188
81914.png 1189
61555.png 1190
43612.png 1191
102256.png 1192
91617.png 1193
21084.png 1194
25447.png 1195
54629.png 1196
93385.png 1197
46314.png 1198
92321.png 1199
75324.png 1200
23524.png 1201
1184.png 1202
18608.png 1203
38038.png 1204
78167.png 1205
57663.png 1206
81056.png 1207
45266.png 1208
658.png 1209
32600.png 1210
25437.png 1211
30322.png 1212
91065.png 1213
45657.png 1214
21016.png 1215
24945.png 1216
61891.png 1217
29355.png 1218
49761.png 1219
77056.png 1220
55851.png 1221
15576.png 1222
67868.png 1223
41582.png 1224
69549.png 1225
98957.png 1226
43610.png 1227
42656.png 1228
98426.png 1229
13248.png 1230
1675.png 1231
8130.png 1232
53035.png 1233
18742.png 1234
84266.png 1235
87735.png 1236
74804.png 1237
32333.png 1238
74458.png 1239
2458.png 1240
76520.png 1241
70866.png 1242
44849.png 1243
568.png 1244
10687.png 1245
59745.png 1246
7240.png 1247
5447.png 1248
88111.png 1249
5547.png 1250
56393.png 1251
37864.png 1252
70907.png 1253
89491.png 1254
92202.png 1255
34966.png 1256
21369.png 1257
15545.png 1258
33932.png 1259
66675.png 1260
84082.png 1261
50542.png 1262
84247.png 1263
11675.png 1264
40117.png 1265
89045.png 1266
30673.png 1267
66147.png 1268
25722.png 1269
61049.png 1270
91003.png 1271
17798.png 1272
737.png 1273
43145.png 1274
4100.png 1275
85523.png 1276
61750.png 1277
76116.png 1278
50276.png 1279
30255.png 1280
63757.png 1281
51366.png 1282
69586.png 1283
32632.png 1284
74598.png 1285
11090.png 1286
63117.png 1287
66779.png 1288
86926.png 1289
84157.png 1290
26166.png 1291
36264.png 1292
86283.png 1293
7507.png 1294
19882.png 1295
93907.png 1296
23831.png 1297
19754.png 1298
18190.png 1299
33688.png 1300
46348.png 1301
31613.png 1302
3932.png 1303
89012.png 1304
22994.png 1305
88508.png 1306
21341.png 1307
28147.png 1308
39211.png 1309
26058.png 1310
29722.png 1311
44091.png 1312
10008.png 1313
48100.png 1314
44384.png 1315
74155.png 1316
53500.png 1317
2113.png 1318
102639.png 1319
81604.png 1320
100878.png 1321
57577.png 1322
57342.png 1323
77654.png 1324
96739.png 1325
68985.png 1326
62618.png 1327
25732.png 1328
81036.png 1329
93269.png 1330
81771.png 1331
62987.png 1332
18964.png 1333
45199.png 1334
37885.png 1335
16163.png 1336
62499.png 1337
86399.png 1338
11854.png 1339
72085.png 1340
80922.png 1341
13089.png 1342
43358.png 1343
39497.png 1344
84368.png 1345
8055.png 1346
47672.png 1347
35745.png 1348
39811.png 1349
40164.png 1350
67269.png 1351
61368.png 1352
92633.png 1353
38693.png 1354
91213.png 1355
72825.png 1356
39807.png 1357
33480.png 1358
98049.png 1359
56711.png 1360
33094.png 1361
81299.png 1362
70382.png 1363
48672.png 1364
31361.png 1365
52963.png 1366
11792.png 1367
79463.png 1368
91136.png 1369
26741.png 1370
31452.png 1371
30682.png 1372
16706.png 1373
98586.png 1374
76721.png 1375
70336.png 1376
38056.png 1377
49054.png 1378
35347.png 1379
15710.png 1380
68061.png 1381
55927.png 1382
38297.png 1383
65361.png 1384
70810.png 1385
101225.png 1386
87946.png 1387
66936.png 1388
101592.png 1389
49442.png 1390
2192.png 1391
100812.png 1392
38327.png 1393
78037.png 1394
12990.png 1395
87688.png 1396
212.png 1397
47478.png 1398
14583.png 1399
78154.png 1400
22527.png 1401
74093.png 1402
1867.png 1403
31207.png 1404
60599.png 1405
40365.png 1406
101420.png 1407
48388.png 1408
99376.png 1409
16133.png 1410
49974.png 1411
3802.png 1412
23654.png 1413
103165.png 1414
62835.png 1415
89553.png 1416
36548.png 1417
39087.png 1418
91268.png 1419
68845.png 1420
83225.png 1421
47868.png 1422
34751.png 1423
26409.png 1424
68979.png 1425
9921.png 1426
30363.png 1427
1180.png 1428
20016.png 1429
89150.png 1430
56361.png 1431
69142.png 1432
88028.png 1433
74862.png 1434
8041.png 1435
88971.png 1436
59108.png 1437
1363.png 1438
92331.png 1439
43743.png 1440
77547.png 1441
18552.png 1442
51646.png 1443
11873.png 1444
88527.png 1445
25248.png 1446
102188.png 1447
102143.png 1448
66736.png 1449
47447.png 1450
70522.png 1451
48174.png 1452
87409.png 1453
78203.png 1454
21588.png 1455
49727.png 1456
61568.png 1457
65017.png 1458
28859.png 1459
1890.png 1460
65744.png 1461
78593.png 1462
66706.png 1463
29877.png 1464
41286.png 1465
76781.png 1466
45446.png 1467
97943.png 1468
7492.png 1469
71711.png 1470
83030.png 1471
33594.png 1472
65981.png 1473
32959.png 1474
41859.png 1475
20057.png 1476
102458.png 1477
29052.png 1478
94629.png 1479
103315.png 1480
59012.png 1481
41699.png 1482
84894.png 1483
68583.png 1484
91515.png 1485
86750.png 1486
34450.png 1487
25273.png 1488
63500.png 1489
17400.png 1490
17697.png 1491
68144.png 1492
14309.png 1493
31355.png 1494
11940.png 1495
67758.png 1496
2625.png 1497
55187.png 1498
47767.png 1499
52688.png 1500
74224.png 1501
89535.png 1502
23439.png 1503
42436.png 1504
850.png 1505
76485.png 1506
55227.png 1507
76881.png 1508
64099.png 1509
60860.png 1510
34083.png 1511
13534.png 1512
11126.png 1513
36164.png 1514
43843.png 1515
99431.png 1516
9662.png 1517
41347.png 1518
66208.png 1519
58381.png 1520
73754.png 1521
53627.png 1522
23078.png 1523
41454.png 1524
38390.png 1525
56248.png 1526
3911.png 1527
50263.png 1528
57073.png 1529
21303.png 1530
34950.png 1531
77190.png 1532
49122.png 1533
84305.png 1534
8413.png 1535
170.png 1536
49554.png 1537
38705.png 1538
82223.png 1539
32212.png 1540
67007.png 1541
43293.png 1542
93992.png 1543
66226.png 1544
19318.png 1545
89660.png 1546
93972.png 1547
29000.png 1548
66366.png 1549
94205.png 1550
37483.png 1551
48378.png 1552
31484.png 1553
78150.png 1554
13654.png 1555
70825.png 1556
19770.png 1557
16387.png 1558
98993.png 1559
4880.png 1560
9390.png 1561
8900.png 1562
35013.png 1563
52074.png 1564
11360.png 1565
77034.png 1566
62491.png 1567
15072.png 1568
28791.png 1569
65749.png 1570
64839.png 1571
70699.png 1572
70109.png 1573
24907.png 1574
102334.png 1575
70298.png 1576
25685.png 1577
3213.png 1578
43478.png 1579
53906.png 1580
7729.png 1581
3648.png 1582
76407.png 1583
24099.png 1584
35921.png 1585
2862.png 1586
35807.png 1587
25668.png 1588
46040.png 1589
14574.png 1590
17093.png 1591
46383.png 1592
90643.png 1593
86120.png 1594
81874.png 1595
1746.png 1596
27812.png 1597
83652.png 1598
22253.png 1599
66835.png 1600
65230.png 1601
47217.png 1602
81638.png 1603
76005.png 1604
47534.png 1605
2907.png 1606
34736.png 1607
38286.png 1608
102313.png 1609
52817.png 1610
80476.png 1611
68151.png 1612
47458.png 1613
71732.png 1614
93884.png 1615
71071.png 1616
80527.png 1617
66720.png 1618
101488.png 1619
26727.png 1620
8770.png 1621
89405.png 1622
55676.png 1623
247.png 1624
73075.png 1625
38524.png 1626
23231.png 1627
38753.png 1628
2913.png 1629
32962.png 1630
101925.png 1631
12716.png 1632
99128.png 1633
93069.png 1634
4633.png 1635
15715.png 1636
26068.png 1637
32413.png 1638
20399.png 1639
39144.png 1640
74025.png 1641
9553.png 1642
57447.png 1643
76754.png 1644
93595.png 1645
39029.png 1646
11201.png 1647
97105.png 1648
48061.png 1649
45678.png 1650
73264.png 1651
51264.png 1652
64110.png 1653
102471.png 1654
87011.png 1655
89359.png 1656
53786.png 1657
10096.png 1658
15493.png 1659
11878.png 1660
101034.png 1661
41789.png 1662
101147.png 1663
81505.png 1664
91248.png 1665
55645.png 1666
19771.png 1667
58039.png 1668
30079.png 1669
34271.png 1670
57817.png 1671
24723.png 1672
5801.png 1673
61162.png 1674
99962.png 1675
57631.png 1676
93975.png 1677
102701.png 1678
5474.png 1679
16234.png 1680
65197.png 1681
19176.png 1682
98391.png 1683
99574.png 1684
15435.png 1685
87181.png 1686
89211.png 1687
14607.png 1688
42827.png 1689
9831.png 1690
73454.png 1691
66787.png 1692
96419.png 1693
45343.png 1694
10947.png 1695
53171.png 1696
58032.png 1697
40471.png 1698
46816.png 1699
43796.png 1700
25133.png 1701
61156.png 1702
75130.png 1703
78110.png 1704
43501.png 1705
24208.png 1706
12074.png 1707
61596.png 1708
78638.png 1709
74492.png 1710
69336.png 1711
89774.png 1712
74171.png 1713
71094.png 1714
24815.png 1715
23855.png 1716
89385.png 1717
92258.png 1718
64243.png 1719
82451.png 1720
88838.png 1721
99327.png 1722
18331.png 1723
40194.png 1724
98410.png 1725
72754.png 1726
66488.png 1727
51497.png 1728
100657.png 1729
57507.png 1730
99076.png 1731
100025.png 1732
48662.png 1733
34408.png 1734
29284.png 1735
95111.png 1736
11339.png 1737
24977.png 1738
64637.png 1739
83346.png 1740
49728.png 1741
9496.png 1742
79339.png 1743
57131.png 1744
70324.png 1745
95591.png 1746
93657.png 1747
59408.png 1748
44463.png 1749
99104.png 1750
17414.png 1751
64214.png 1752
94302.png 1753
45022.png 1754
98367.png 1755
64407.png 1756
9029.png 1757
6753.png 1758
36199.png 1759
26787.png 1760
92034.png 1761
79937.png 1762
10247.png 1763
60493.png 1764
93897.png 1765
76673.png 1766
57602.png 1767
14389.png 1768
24997.png 1769
69154.png 1770
51345.png 1771
69869.png 1772
18503.png 1773
11856.png 1774
57953.png 1775
45593.png 1776
2776.png 1777
33973.png 1778
36610.png 1779
44855.png 1780
42021.png 1781
52835.png 1782
94349.png 1783
73124.png 1784
95801.png 1785
51842.png 1786
88266.png 1787
85971.png 1788
61098.png 1789
64467.png 1790
21661.png 1791
29537.png 1792
97306.png 1793
50148.png 1794
75164.png 1795
72346.png 1796
12558.png 1797
84064.png 1798
88212.png 1799
82751.png 1800
100982.png 1801
46779.png 1802
90670.png 1803
43285.png 1804
102138.png 1805
79907.png 1806
88819.png 1807
81901.png 1808
1070.png 1809
55380.png 1810
37002.png 1811
82250.png 1812
23766.png 1813
46289.png 1814
42230.png 1815
44383.png 1816
101383.png 1817
61311.png 1818
94544.png 1819
53364.png 1820
97211.png 1821
48782.png 1822
75152.png 1823
85581.png 1824
13226.png 1825
99212.png 1826
17718.png 1827
31537.png 1828
93450.png 1829
51565.png 1830
3450.png 1831
61032.png 1832
46738.png 1833
8045.png 1834
66353.png 1835
46084.png 1836
5193.png 1837
69243.png 1838
53340.png 1839
16740.png 1840
19500.png 1841
81088.png 1842
68488.png 1843
32903.png 1844
20716.png 1845
78595.png 1846
22140.png 1847
5521.png 1848
72086.png 1849
33249.png 1850
25647.png 1851
69639.png 1852
10638.png 1853
36956.png 1854
16611.png 1855
40796.png 1856
71869.png 1857
91955.png 1858
23094.png 1859
53554.png 1860
39199.png 1861
50145.png 1862
80130.png 1863
19885.png 1864
20785.png 1865
7776.png 1866
20800.png 1867
21481.png 1868
9178.png 1869
7753.png 1870
34519.png 1871
31309.png 1872
67422.png 1873
66064.png 1874
98428.png 1875
73895.png 1876
88938.png 1877
34932.png 1878
100928.png 1879
51262.png 1880
31231.png 1881
83906.png 1882
10959.png 1883
25886.png 1884
91765.png 1885
27340.png 1886
87753.png 1887
65922.png 1888
86410.png 1889
67045.png 1890
66480.png 1891
79748.png 1892
36615.png 1893
60576.png 1894
41073.png 1895
21288.png 1896
30312.png 1897
31959.png 1898
37805.png 1899
18640.png 1900
28400.png 1901
94322.png 1902
5513.png 1903
13662.png 1904
9288.png 1905
3740.png 1906
47349.png 1907
96651.png 1908
72638.png 1909
16185.png 1910
56008.png 1911
46074.png 1912
94576.png 1913
42198.png 1914
29682.png 1915
7039.png 1916
15802.png 1917
9674.png 1918
34913.png 1919
10994.png 1920
70174.png 1921
72608.png 1922
64385.png 1923
62362.png 1924
48436.png 1925
66572.png 1926
25430.png 1927
2681.png 1928
34818.png 1929
72583.png 1930
4497.png 1931
84792.png 1932
83125.png 1933
36489.png 1934
10028.png 1935
17662.png 1936
73576.png 1937
44930.png 1938
86717.png 1939
56944.png 1940
77420.png 1941
101455.png 1942
22834.png 1943
55371.png 1944
89734.png 1945
71901.png 1946
44947.png 1947
34837.png 1948
61515.png 1949
47639.png 1950
28926.png 1951
30543.png 1952
24538.png 1953
94223.png 1954
92867.png 1955
11097.png 1956
13683.png 1957
50762.png 1958
71302.png 1959
35618.png 1960
30102.png 1961
75430.png 1962
3185.png 1963
90653.png 1964
49787.png 1965
91851.png 1966
15696.png 1967
4072.png 1968
89846.png 1969
34713.png 1970
36533.png 1971
72523.png 1972
95694.png 1973
98263.png 1974
10928.png 1975
98987.png 1976
11660.png 1977
13577.png 1978
64459.png 1979
77740.png 1980
93698.png 1981
28596.png 1982
40693.png 1983
30566.png 1984
96703.png 1985
64339.png 1986
14352.png 1987
41877.png 1988
49281.png 1989
18306.png 1990
35264.png 1991
75363.png 1992
75109.png 1993
55463.png 1994
21249.png 1995
28712.png 1996
98453.png 1997
57831.png 1998
66189.png 1999
42877.png 2000
82746.png 2001
22131.png 2002
7080.png 2003
31230.png 2004
58364.png 2005
100097.png 2006
61439.png 2007
57550.png 2008
96630.png 2009
90850.png 2010
61343.png 2011
90048.png 2012
79091.png 2013
64533.png 2014
37580.png 2015
80040.png 2016
74724.png 2017
40340.png 2018
40966.png 2019
22088.png 2020
68890.png 2021
56494.png 2022
97830.png 2023
97023.png 2024
70704.png 2025
101928.png 2026
84798.png 2027
61168.png 2028
62644.png 2029
17459.png 2030
83549.png 2031
90676.png 2032
62521.png 2033
60295.png 2034
58666.png 2035
48724.png 2036
61994.png 2037
4631.png 2038
37622.png 2039
14527.png 2040
92896.png 2041
62501.png 2042
40920.png 2043
21359.png 2044
66059.png 2045
43259.png 2046
45238.png 2047
62951.png 2048
78069.png 2049
24203.png 2050
94115.png 2051
2298.png 2052
33383.png 2053
67634.png 2054
12717.png 2055
43577.png 2056
24528.png 2057
14404.png 2058
70180.png 2059
27127.png 2060
87799.png 2061
102503.png 2062
80154.png 2063
82468.png 2064
45886.png 2065
24248.png 2066
88225.png 2067
69539.png 2068
47197.png 2069
13374.png 2070
99030.png 2071
71695.png 2072
39598.png 2073
82745.png 2074
74858.png 2075
45990.png 2076
77447.png 2077
12442.png 2078
75270.png 2079
5331.png 2080
77008.png 2081
44804.png 2082
22038.png 2083
59404.png 2084
88046.png 2085
37951.png 2086
98795.png 2087
65453.png 2088
84670.png 2089
76481.png 2090
34255.png 2091
100031.png 2092
21915.png 2093
35463.png 2094
14295.png 2095
5775.png 2096
80297.png 2097
45365.png 2098
35583.png 2099
35313.png 2100
12108.png 2101
21368.png 2102
84043.png 2103
17698.png 2104
5640.png 2105
57800.png 2106
13851.png 2107
31836.png 2108
92623.png 2109
40831.png 2110
56264.png 2111
17823.png 2112
85919.png 2113
11824.png 2114
56523.png 2115
2563.png 2116
34177.png 2117
32083.png 2118
34848.png 2119
3462.png 2120
59452.png 2121
29494.png 2122
36435.png 2123
67834.png 2124
75848.png 2125
99661.png 2126
97608.png 2127
75719.png 2128
26590.png 2129
79359.png 2130
87840.png 2131
39330.png 2132
6796.png 2133
78543.png 2134
61463.png 2135
63578.png 2136
89262.png 2137
58047.png 2138
76954.png 2139
28800.png 2140
11355.png 2141
46196.png 2142
69708.png 2143
95535.png 2144
6695.png 2145
9461.png 2146
74572.png 2147
837.png 2148
7618.png 2149
81976.png 2150
65819.png 2151
41316.png 2152
25572.png 2153
94785.png 2154
69967.png 2155
21360.png 2156
36119.png 2157
58685.png 2158
13759.png 2159
8964.png 2160
31937.png 2161
53161.png 2162
2554.png 2163
13870.png 2164
78199.png 2165
7723.png 2166
54341.png 2167
26170.png 2168
88732.png 2169
20884.png 2170
15282.png 2171
33588.png 2172
56627.png 2173
18250.png 2174
102126.png 2175
67160.png 2176
86906.png 2177
71616.png 2178
30314.png 2179
35675.png 2180
91409.png 2181
82548.png 2182
56378.png 2183
5892.png 2184
30965.png 2185
19202.png 2186
41765.png 2187
4821.png 2188
33966.png 2189
97043.png 2190
32631.png 2191
65622.png 2192
94217.png 2193
77983.png 2194
54723.png 2195
43349.png 2196
36315.png 2197
29764.png 2198
69844.png 2199
103362.png 2200
6196.png 2201
78692.png 2202
96604.png 2203
8597.png 2204
50788.png 2205
94225.png 2206
75837.png 2207
8561.png 2208
94751.png 2209
29916.png 2210
81318.png 2211
35117.png 2212
62472.png 2213
22923.png 2214
3136.png 2215
86352.png 2216
22690.png 2217
16030.png 2218
52222.png 2219
86325.png 2220
101139.png 2221
38985.png 2222
63879.png 2223
100133.png 2224
7109.png 2225
84836.png 2226
70706.png 2227
57469.png 2228
53911.png 2229
69003.png 2230
53462.png 2231
78977.png 2232
67279.png 2233
37587.png 2234
10106.png 2235
92257.png 2236
35772.png 2237
8299.png 2238
17960.png 2239
69215.png 2240
10253.png 2241
92624.png 2242
77040.png 2243
97648.png 2244
53308.png 2245
72117.png 2246
57611.png 2247
22826.png 2248
84922.png 2249
72390.png 2250
96530.png 2251
20317.png 2252
100639.png 2253
90157.png 2254
48281.png 2255
12495.png 2256
13092.png 2257
13086.png 2258
97245.png 2259
102792.png 2260
94154.png 2261
80494.png 2262
84008.png 2263
99892.png 2264
45628.png 2265
29364.png 2266
90911.png 2267
36540.png 2268
57903.png 2269
14896.png 2270
15572.png 2271
43151.png 2272
71782.png 2273
56259.png 2274
53482.png 2275
17094.png 2276
57641.png 2277
28323.png 2278
54005.png 2279
12101.png 2280
99286.png 2281
66741.png 2282
28017.png 2283
74442.png 2284
9812.png 2285
66574.png 2286
45215.png 2287
91329.png 2288
97643.png 2289
41684.png 2290
100157.png 2291
44737.png 2292
57503.png 2293
47296.png 2294
20093.png 2295
31118.png 2296
31758.png 2297
13521.png 2298
72625.png 2299
49239.png 2300
8396.png 2301
92246.png 2302
40014.png 2303
9875.png 2304
63321.png 2305
69258.png 2306
91444.png 2307
98031.png 2308
80692.png 2309
40889.png 2310
115.png 2311
38874.png 2312
80212.png 2313
58238.png 2314
86449.png 2315
94762.png 2316
15063.png 2317
101084.png 2318
93415.png 2319
91377.png 2320
88568.png 2321
4406.png 2322
49131.png 2323
21284.png 2324
82758.png 2325
56876.png 2326
91129.png 2327
37878.png 2328
64294.png 2329
92375.png 2330
56051.png 2331
56687.png 2332
63596.png 2333
59111.png 2334
15263.png 2335
4622.png 2336
26958.png 2337
7479.png 2338
78835.png 2339
21330.png 2340
82273.png 2341
101645.png 2342
5291.png 2343
79479.png 2344
82365.png 2345
83696.png 2346
71096.png 2347
98790.png 2348
98547.png 2349
55260.png 2350
61749.png 2351
28558.png 2352
41134.png 2353
49699.png 2354
43979.png 2355
39976.png 2356
3742.png 2357
65968.png 2358
10561.png 2359
99705.png 2360
45579.png 2361
54218.png 2362
100693.png 2363
62413.png 2364
100924.png 2365
86383.png 2366
35198.png 2367
51574.png 2368
44335.png 2369
96700.png 2370
67987.png 2371
7092.png 2372
54130.png 2373
102656.png 2374
92627.png 2375
12837.png 2376
23739.png 2377
53446.png 2378
47607.png 2379
86960.png 2380
47825.png 2381
47743.png 2382
47070.png 2383
46264.png 2384
32854.png 2385
23893.png 2386
69022.png 2387
32743.png 2388
64624.png 2389
77213.png 2390
90249.png 2391
21697.png 2392
2076.png 2393
72713.png 2394
6775.png 2395
50150.png 2396
3234.png 2397
42728.png 2398
21293.png 2399
99896.png 2400
101657.png 2401
8684.png 2402
34792.png 2403
34965.png 2404
30290.png 2405
13528.png 2406
32670.png 2407
31992.png 2408
71825.png 2409
76676.png 2410
26125.png 2411
90441.png 2412
99752.png 2413
95966.png 2414
54329.png 2415
2784.png 2416
19291.png 2417
70207.png 2418
37593.png 2419
69302.png 2420
1197.png 2421
61093.png 2422
102004.png 2423
60002.png 2424
65659.png 2425
12183.png 2426
89925.png 2427
44494.png 2428
77148.png 2429
15384.png 2430
70503.png 2431
34985.png 2432
70407.png 2433
32551.png 2434
101003.png 2435
82099.png 2436
101278.png 2437
81267.png 2438
3594.png 2439
28604.png 2440
35272.png 2441
18782.png 2442
31208.png 2443
59880.png 2444
74729.png 2445
75151.png 2446
97327.png 2447
80956.png 2448
60942.png 2449
30263.png 2450
62988.png 2451
23729.png 2452
96290.png 2453
21909.png 2454
69383.png 2455
98324.png 2456
31811.png 2457
58629.png 2458
25153.png 2459
7068.png 2460
45510.png 2461
72880.png 2462
53419.png 2463
60583.png 2464
29924.png 2465
60186.png 2466
35189.png 2467
38283.png 2468
16192.png 2469
57000.png 2470
741.png 2471
40269.png 2472
85820.png 2473
13155.png 2474
68773.png 2475
9627.png 2476
74192.png 2477
77532.png 2478
27302.png 2479
78088.png 2480
28756.png 2481
75567.png 2482
45455.png 2483
66190.png 2484
16445.png 2485
29697.png 2486
91154.png 2487
98137.png 2488
33366.png 2489
17913.png 2490
88791.png 2491
55060.png 2492
78147.png 2493
103199.png 2494
57096.png 2495
17992.png 2496
58413.png 2497
94973.png 2498
24693.png 2499
91288.png 2500
51774.png 2501
94862.png 2502
46625.png 2503
91031.png 2504
65231.png 2505
14572.png 2506
49303.png 2507
101035.png 2508
89719.png 2509
36397.png 2510
69676.png 2511
91434.png 2512
71935.png 2513
80802.png 2514
8639.png 2515
58362.png 2516
43832.png 2517
99145.png 2518
31586.png 2519
25446.png 2520
42896.png 2521
47660.png 2522
60162.png 2523
71624.png 2524
66521.png 2525
18568.png 2526
20558.png 2527
55327.png 2528
28428.png 2529
43462.png 2530
62205.png 2531
21537.png 2532
12392.png 2533
3767.png 2534
91127.png 2535
45739.png 2536
47796.png 2537
33337.png 2538
55986.png 2539
72921.png 2540
53215.png 2541
83366.png 2542
92231.png 2543
36190.png 2544
33737.png 2545
100160.png 2546
9245.png 2547
49790.png 2548
99464.png 2549
36601.png 2550
26141.png 2551
82208.png 2552
20426.png 2553
3285.png 2554
36773.png 2555
81513.png 2556
103403.png 2557
26491.png 2558
99200.png 2559
82442.png 2560
65448.png 2561
6741.png 2562
71109.png 2563
33855.png 2564
99693.png 2565
20305.png 2566
14287.png 2567
81554.png 2568
60748.png 2569
76831.png 2570
69487.png 2571
17599.png 2572
54089.png 2573
63130.png 2574
8861.png 2575
78822.png 2576
68205.png 2577
100888.png 2578
10288.png 2579
93083.png 2580
1094.png 2581
95649.png 2582
40246.png 2583
66029.png 2584
73659.png 2585
61300.png 2586
37667.png 2587
91385.png 2588
2425.png 2589
83240.png 2590
18096.png 2591
5590.png 2592
64683.png 2593
99580.png 2594
53777.png 2595
12174.png 2596
7678.png 2597
83044.png 2598
99934.png 2599
27664.png 2600
69514.png 2601
15684.png 2602
28672.png 2603
81104.png 2604
99929.png 2605
65186.png 2606
89348.png 2607
5289.png 2608
79660.png 2609
27428.png 2610
10980.png 2611
31590.png 2612
96946.png 2613
23050.png 2614
83626.png 2615
86809.png 2616
99313.png 2617
56046.png 2618
11519.png 2619
65676.png 2620
72186.png 2621
52938.png 2622
25044.png 2623
37442.png 2624
96057.png 2625
94677.png 2626
54459.png 2627
55889.png 2628
30816.png 2629
27187.png 2630
5914.png 2631
38084.png 2632
3339.png 2633
92650.png 2634
88780.png 2635
93397.png 2636
55000.png 2637
64735.png 2638
30632.png 2639
70406.png 2640
93000.png 2641
50417.png 2642
63074.png 2643
47860.png 2644
33889.png 2645
58942.png 2646
12403.png 2647
4033.png 2648
19881.png 2649
97870.png 2650
86229.png 2651
22055.png 2652
11435.png 2653
78978.png 2654
39679.png 2655
54322.png 2656
24095.png 2657
72395.png 2658
100560.png 2659
59885.png 2660
64578.png 2661
7428.png 2662
10198.png 2663
34355.png 2664
76085.png 2665
75129.png 2666
90008.png 2667
82075.png 2668
28004.png 2669
50619.png 2670
69730.png 2671
102990.png 2672
14272.png 2673
65678.png 2674
12236.png 2675
83789.png 2676
34424.png 2677
23166.png 2678
57873.png 2679
41283.png 2680
98804.png 2681
50859.png 2682
84544.png 2683
55222.png 2684
51455.png 2685
87285.png 2686
4851.png 2687
68171.png 2688
39746.png 2689
43074.png 2690
59653.png 2691
22726.png 2692
75656.png 2693
86332.png 2694
6676.png 2695
28264.png 2696
15477.png 2697
71798.png 2698
76822.png 2699
34326.png 2700
3657.png 2701
82991.png 2702
19537.png 2703
11449.png 2704
81464.png 2705
90522.png 2706
91904.png 2707
98738.png 2708
99617.png 2709
48640.png 2710
84803.png 2711
40490.png 2712
24313.png 2713
46682.png 2714
90034.png 2715
54764.png 2716
42520.png 2717
96906.png 2718
36890.png 2719
88739.png 2720
9880.png 2721
92007.png 2722
16316.png 2723
92255.png 2724
63834.png 2725
64092.png 2726
38340.png 2727
48386.png 2728
7192.png 2729
49197.png 2730
20866.png 2731
71789.png 2732
99516.png 2733
25986.png 2734
71297.png 2735
83646.png 2736
57653.png 2737
9790.png 2738
72836.png 2739
90543.png 2740
42942.png 2741
99604.png 2742
30327.png 2743
27242.png 2744
29236.png 2745
9671.png 2746
2133.png 2747
8457.png 2748
87411.png 2749
64036.png 2750
52735.png 2751
80716.png 2752
76616.png 2753
34207.png 2754
67628.png 2755
23000.png 2756
103058.png 2757
24096.png 2758
1506.png 2759
59035.png 2760
41792.png 2761
93223.png 2762
72726.png 2763
26843.png 2764
102253.png 2765
62892.png 2766
3105.png 2767
21384.png 2768
17388.png 2769
103266.png 2770
92400.png 2771
80772.png 2772
75524.png 2773
81881.png 2774
37181.png 2775
57188.png 2776
93521.png 2777
58358.png 2778
99562.png 2779
37875.png 2780
99827.png 2781
52312.png 2782
66139.png 2783
102620.png 2784
6698.png 2785
53856.png 2786
77499.png 2787
5510.png 2788
13741.png 2789
89165.png 2790
35929.png 2791
47131.png 2792
78898.png 2793
16058.png 2794
9768.png 2795
31907.png 2796
95599.png 2797
79745.png 2798
18737.png 2799
50863.png 2800
81030.png 2801
815.png 2802
90574.png 2803
82530.png 2804
24472.png 2805
90984.png 2806
83706.png 2807
102291.png 2808
66960.png 2809
5902.png 2810
69352.png 2811
86600.png 2812
26200.png 2813
33089.png 2814
44873.png 2815
20166.png 2816
74513.png 2817
20368.png 2818
52984.png 2819
63654.png 2820
2281.png 2821
79064.png 2822
94853.png 2823
28575.png 2824
89155.png 2825
790.png 2826
49615.png 2827
7081.png 2828
97423.png 2829
26580.png 2830
63869.png 2831
74571.png 2832
69851.png 2833
29249.png 2834
103268.png 2835
39956.png 2836
82791.png 2837
100494.png 2838
90645.png 2839
88216.png 2840
55256.png 2841
79241.png 2842
19052.png 2843
25780.png 2844
89205.png 2845
79815.png 2846
6459.png 2847
1421.png 2848
36865.png 2849
57530.png 2850
53681.png 2851
72107.png 2852
77619.png 2853
80250.png 2854
91594.png 2855
79666.png 2856
59289.png 2857
43847.png 2858
92613.png 2859
75673.png 2860
767.png 2861
14436.png 2862
24400.png 2863
81485.png 2864
102281.png 2865
70256.png 2866
49450.png 2867
18211.png 2868
35585.png 2869
46530.png 2870
59805.png 2871
16770.png 2872
50823.png 2873
46868.png 2874
32855.png 2875
33309.png 2876
52011.png 2877
22876.png 2878
38347.png 2879
73224.png 2880
50313.png 2881
14701.png 2882
94147.png 2883
71383.png 2884
13592.png 2885
95503.png 2886
28970.png 2887
67026.png 2888
74583.png 2889
81423.png 2890
101234.png 2891
96510.png 2892
58930.png 2893
10820.png 2894
39375.png 2895
17750.png 2896
49331.png 2897
47054.png 2898
54808.png 2899
64058.png 2900
86029.png 2901
38768.png 2902
43005.png 2903
20872.png 2904
43118.png 2905
66373.png 2906
62571.png 2907
68869.png 2908
36403.png 2909
50253.png 2910
87551.png 2911
86226.png 2912
96639.png 2913
30584.png 2914
1447.png 2915
81840.png 2916
54450.png 2917
89679.png 2918
81580.png 2919
93936.png 2920
64322.png 2921
10534.png 2922
84278.png 2923
52962.png 2924
25807.png 2925
49297.png 2926
19616.png 2927
85145.png 2928
88217.png 2929
35767.png 2930
16175.png 2931
82821.png 2932
24274.png 2933
95866.png 2934
37877.png 2935
11075.png 2936
82370.png 2937
29967.png 2938
47256.png 2939
91298.png 2940
9248.png 2941
49921.png 2942
70519.png 2943
70008.png 2944
1750.png 2945
98074.png 2946
3904.png 2947
15127.png 2948
84790.png 2949
72623.png 2950
85935.png 2951
19008.png 2952
95399.png 2953
14688.png 2954
66022.png 2955
102529.png 2956
16036.png 2957
39704.png 2958
99015.png 2959
10633.png 2960
56697.png 2961
25541.png 2962
39042.png 2963
81757.png 2964
4828.png 2965
75384.png 2966
13013.png 2967
49899.png 2968
16756.png 2969
50303.png 2970
36568.png 2971
63872.png 2972
41089.png 2973
19453.png 2974
93328.png 2975
29434.png 2976
26821.png 2977
52080.png 2978
79988.png 2979
76307.png 2980
74517.png 2981
17447.png 2982
19861.png 2983
62507.png 2984
8732.png 2985
18473.png 2986
85459.png 2987
27547.png 2988
37933.png 2989
100076.png 2990
56071.png 2991
95806.png 2992
7034.png 2993
66343.png 2994
17434.png 2995
47854.png 2996
61113.png 2997
14798.png 2998
82815.png 2999
49189.png 3000
101079.png 3001
67089.png 3002
79175.png 3003
64799.png 3004
2475.png 3005
50120.png 3006
61492.png 3007
85929.png 3008
81356.png 3009
35034.png 3010
68947.png 3011
32526.png 3012
30806.png 3013
14985.png 3014
54689.png 3015
12611.png 3016
58758.png 3017
87668.png 3018
45167.png 3019
18048.png 3020
99077.png 3021
29229.png 3022
27996.png 3023
61958.png 3024
87963.png 3025
93288.png 3026
1768.png 3027
22824.png 3028
8858.png 3029
90667.png 3030
63841.png 3031
99111.png 3032
47776.png 3033
23821.png 3034
78565.png 3035
67710.png 3036
15454.png 3037
58771.png 3038
52051.png 3039
51936.png 3040
71436.png 3041
91858.png 3042
35332.png 3043
64253.png 3044
94084.png 3045
70217.png 3046
78281.png 3047
89098.png 3048
22169.png 3049
98060.png 3050
60965.png 3051
98706.png 3052
93478.png 3053
70821.png 3054
51930.png 3055
41224.png 3056
16077.png 3057
86362.png 3058
32720.png 3059
14390.png 3060
41738.png 3061
40224.png 3062
94778.png 3063
25911.png 3064
64552.png 3065
98681.png 3066
29214.png 3067
37886.png 3068
22970.png 3069
23731.png 3070
28934.png 3071
92348.png 3072
29176.png 3073
74982.png 3074
59180.png 3075
6966.png 3076
60558.png 3077
10986.png 3078
60668.png 3079
65214.png 3080
2618.png 3081
39369.png 3082
21380.png 3083
84878.png 3084
27789.png 3085
33378.png 3086
55838.png 3087
48223.png 3088
13564.png 3089
81867.png 3090
2849.png 3091
95166.png 3092
81078.png 3093
76719.png 3094
85990.png 3095
97267.png 3096
102390.png 3097
6962.png 3098
56610.png 3099
63783.png 3100
87100.png 3101
15985.png 3102
71382.png 3103
66049.png 3104
43801.png 3105
90974.png 3106
55231.png 3107
15464.png 3108
101965.png 3109
41810.png 3110
57552.png 3111
86036.png 3112
34170.png 3113
63954.png 3114
17877.png 3115
74431.png 3116
69679.png 3117
84155.png 3118
100177.png 3119
82369.png 3120
91818.png 3121
78961.png 3122
57923.png 3123
50152.png 3124
51491.png 3125
17302.png 3126
4463.png 3127
62630.png 3128
66758.png 3129
80507.png 3130
20410.png 3131
22453.png 3132
18839.png 3133
16309.png 3134
23570.png 3135
78736.png 3136
33223.png 3137
75308.png 3138
49097.png 3139
21665.png 3140
44342.png 3141
89214.png 3142
30406.png 3143
75512.png 3144
37090.png 3145
32711.png 3146
10177.png 3147
100676.png 3148
99312.png 3149
68017.png 3150
6068.png 3151
34043.png 3152
74075.png 3153
76156.png 3154
55674.png 3155
87822.png 3156
99542.png 3157
24762.png 3158
34604.png 3159
34893.png 3160
4089.png 3161
51353.png 3162
70399.png 3163
94521.png 3164
12418.png 3165
15450.png 3166
91002.png 3167
24512.png 3168
21954.png 3169
50912.png 3170
52452.png 3171
51327.png 3172
73031.png 3173
53506.png 3174
11315.png 3175
37679.png 3176
35752.png 3177
34802.png 3178
31516.png 3179
76207.png 3180
70631.png 3181
39991.png 3182
43795.png 3183
40682.png 3184
57450.png 3185
9277.png 3186
28488.png 3187
87653.png 3188
41744.png 3189
78890.png 3190
20237.png 3191
21140.png 3192
60265.png 3193
92599.png 3194
76083.png 3195
34783.png 3196
71899.png 3197
61526.png 3198
1563.png 3199
89455.png 3200
56224.png 3201
3869.png 3202
69492.png 3203
63594.png 3204
15871.png 3205
23777.png 3206
12360.png 3207
46095.png 3208
75799.png 3209
11902.png 3210
86601.png 3211
25855.png 3212
15633.png 3213
16455.png 3214
97951.png 3215
99622.png 3216
100421.png 3217
16761.png 3218
93682.png 3219
51080.png 3220
44571.png 3221
31674.png 3222
79243.png 3223
25397.png 3224
52188.png 3225
81490.png 3226
73407.png 3227
64737.png 3228
13773.png 3229
28958.png 3230
26883.png 3231
11578.png 3232
69066.png 3233
70772.png 3234
65122.png 3235
65517.png 3236
54095.png 3237
73380.png 3238
100184.png 3239
9712.png 3240
47219.png 3241
54274.png 3242
7439.png 3243
82714.png 3244
7519.png 3245
85003.png 3246
85609.png 3247
83124.png 3248
80735.png 3249
82287.png 3250
47021.png 3251
46450.png 3252
58850.png 3253
66750.png 3254
16277.png 3255
10768.png 3256
83006.png 3257
47915.png 3258
64710.png 3259
60349.png 3260
79683.png 3261
25785.png 3262
72702.png 3263
75360.png 3264
74916.png 3265
49072.png 3266
89245.png 3267
61500.png 3268
34668.png 3269
11151.png 3270
39623.png 3271
85253.png 3272
18023.png 3273
4077.png 3274
68034.png 3275
34345.png 3276
69552.png 3277
51043.png 3278
25535.png 3279
56841.png 3280
77877.png 3281
63486.png 3282
72939.png 3283
62469.png 3284
80032.png 3285
11148.png 3286
11947.png 3287
87416.png 3288
64910.png 3289
61557.png 3290
60657.png 3291
50873.png 3292
84773.png 3293
72446.png 3294
23520.png 3295
60391.png 3296
39810.png 3297
92850.png 3298
100091.png 3299
53080.png 3300
96028.png 3301
11202.png 3302
80478.png 3303
484.png 3304
59053.png 3305
75772.png 3306
57975.png 3307
16590.png 3308
49053.png 3309
55768.png 3310
10264.png 3311
76422.png 3312
45104.png 3313
98747.png 3314
96486.png 3315
102024.png 3316
81923.png 3317
71590.png 3318
34498.png 3319
58987.png 3320
25235.png 3321
45239.png 3322
71630.png 3323
14232.png 3324
66223.png 3325
23359.png 3326
90020.png 3327
20483.png 3328
84769.png 3329
62302.png 3330
65905.png 3331
42374.png 3332
58447.png 3333
20644.png 3334
62787.png 3335
2054.png 3336
97317.png 3337
13260.png 3338
98492.png 3339
96787.png 3340
45096.png 3341
58115.png 3342
89298.png 3343
77379.png 3344
27858.png 3345
88741.png 3346
27906.png 3347
35958.png 3348
63311.png 3349
51457.png 3350
2228.png 3351
100469.png 3352
27408.png 3353
57699.png 3354
76862.png 3355
20690.png 3356
52202.png 3357
96860.png 3358
63158.png 3359
35820.png 3360
17630.png 3361
34093.png 3362
15616.png 3363
13965.png 3364
25624.png 3365
69916.png 3366
71672.png 3367
97343.png 3368
84059.png 3369
52849.png 3370
7310.png 3371
86257.png 3372
11809.png 3373
89311.png 3374
2592.png 3375
64492.png 3376
16048.png 3377
24034.png 3378
22962.png 3379
81455.png 3380
49457.png 3381
98817.png 3382
37668.png 3383
90764.png 3384
89579.png 3385
99173.png 3386
66656.png 3387
44170.png 3388
28824.png 3389
27447.png 3390
41030.png 3391
60607.png 3392
57637.png 3393
8354.png 3394
71520.png 3395
94411.png 3396
64983.png 3397
98131.png 3398
79118.png 3399
61403.png 3400
18565.png 3401
84381.png 3402
39390.png 3403
3614.png 3404
63055.png 3405
62926.png 3406
1014.png 3407
95971.png 3408
42651.png 3409
36553.png 3410
40963.png 3411
100568.png 3412
93311.png 3413
11890.png 3414
17935.png 3415
71303.png 3416
57163.png 3417
54961.png 3418
51881.png 3419
41689.png 3420
43722.png 3421
10508.png 3422
21398.png 3423
51587.png 3424
1852.png 3425
72844.png 3426
81669.png 3427
26882.png 3428
21742.png 3429
65973.png 3430
64449.png 3431
42600.png 3432
83018.png 3433
15780.png 3434
5876.png 3435
9056.png 3436
85156.png 3437
12888.png 3438
7221.png 3439
88110.png 3440
94827.png 3441
82495.png 3442
16850.png 3443
70712.png 3444
73216.png 3445
102685.png 3446
13823.png 3447
18862.png 3448
19809.png 3449
92403.png 3450
87927.png 3451
96810.png 3452
95965.png 3453
32739.png 3454
100364.png 3455
8535.png 3456
87443.png 3457
53858.png 3458
30856.png 3459
30103.png 3460
3789.png 3461
22863.png 3462
4639.png 3463
62865.png 3464
74778.png 3465
97260.png 3466
95143.png 3467
103351.png 3468
1260.png 3469
79471.png 3470
34851.png 3471
4545.png 3472
68782.png 3473
72868.png 3474
17110.png 3475
81317.png 3476
93932.png 3477
15291.png 3478
8869.png 3479
7660.png 3480
81284.png 3481
34444.png 3482
52003.png 3483
19554.png 3484
43531.png 3485
43365.png 3486
24952.png 3487
48432.png 3488
59850.png 3489
94280.png 3490
13365.png 3491
19912.png 3492
310.png 3493
51749.png 3494
48950.png 3495
85603.png 3496
81074.png 3497
55481.png 3498
25141.png 3499
83129.png 3500
14151.png 3501
92052.png 3502
44601.png 3503
10115.png 3504
18196.png 3505
34016.png 3506
69414.png 3507
57880.png 3508
16885.png 3509
42832.png 3510
13912.png 3511
94224.png 3512
30896.png 3513
37401.png 3514
53912.png 3515
57983.png 3516
12246.png 3517
103030.png 3518
6683.png 3519
67507.png 3520
45939.png 3521
82890.png 3522
43123.png 3523
90208.png 3524
84097.png 3525
82943.png 3526
100690.png 3527
43155.png 3528
95233.png 3529
52357.png 3530
78643.png 3531
62266.png 3532
94612.png 3533
68597.png 3534
102054.png 3535
17437.png 3536
50108.png 3537
62049.png 3538
79489.png 3539
87871.png 3540
42522.png 3541
3485.png 3542
74033.png 3543
96757.png 3544
55623.png 3545
12574.png 3546
91743.png 3547
30804.png 3548
24886.png 3549
10458.png 3550
14353.png 3551
90992.png 3552
46895.png 3553
36736.png 3554
93258.png 3555
8226.png 3556
23244.png 3557
81763.png 3558
16897.png 3559
28682.png 3560
58206.png 3561
31633.png 3562
64965.png 3563
101394.png 3564
65416.png 3565
24643.png 3566
24384.png 3567
37572.png 3568
92740.png 3569
63341.png 3570
55845.png 3571
36513.png 3572
12023.png 3573
42025.png 3574
63948.png 3575
52044.png 3576
88325.png 3577
21675.png 3578
52477.png 3579
48484.png 3580
72263.png 3581
37548.png 3582
3839.png 3583
87691.png 3584
11945.png 3585
38945.png 3586
92530.png 3587
3247.png 3588
30432.png 3589
69945.png 3590
96539.png 3591
63938.png 3592
97220.png 3593
17600.png 3594
66790.png 3595
98340.png 3596
35795.png 3597
86672.png 3598
30144.png 3599
45134.png 3600
67901.png 3601
55783.png 3602
81834.png 3603
94032.png 3604
22595.png 3605
6505.png 3606
22108.png 3607
68836.png 3608
88265.png 3609
49569.png 3610
8197.png 3611
20225.png 3612
65454.png 3613
10237.png 3614
56692.png 3615
53621.png 3616
26194.png 3617
55420.png 3618
31162.png 3619
44086.png 3620
32871.png 3621
30867.png 3622
38159.png 3623
90709.png 3624
48545.png 3625
32250.png 3626
85844.png 3627
40637.png 3628
50215.png 3629
43210.png 3630
38944.png 3631
24177.png 3632
52538.png 3633
4693.png 3634
56388.png 3635
93141.png 3636
43425.png 3637
15140.png 3638
54356.png 3639
29928.png 3640
23870.png 3641
57126.png 3642
4655.png 3643
24801.png 3644
12089.png 3645
32066.png 3646
67032.png 3647
88892.png 3648
48173.png 3649
29615.png 3650
4208.png 3651
77975.png 3652
39917.png 3653
103291.png 3654
20612.png 3655
5536.png 3656
84970.png 3657
42632.png 3658
1105.png 3659
12319.png 3660
29432.png 3661
15309.png 3662
75071.png 3663
63538.png 3664
53408.png 3665
9019.png 3666
3007.png 3667
103131.png 3668
12665.png 3669
72707.png 3670
20360.png 3671
68926.png 3672
43939.png 3673
55111.png 3674
8071.png 3675
101103.png 3676
70832.png 3677
57561.png 3678
100823.png 3679
45633.png 3680
90540.png 3681
103008.png 3682
36940.png 3683
9507.png 3684
3623.png 3685
19471.png 3686
90922.png 3687
4988.png 3688
5627.png 3689
2789.png 3690
74475.png 3691
12034.png 3692
89201.png 3693
3319.png 3694
31558.png 3695
99086.png 3696
103354.png 3697
90282.png 3698
8368.png 3699
29117.png 3700
91874.png 3701
23757.png 3702
50604.png 3703
71747.png 3704
90939.png 3705
48536.png 3706
57870.png 3707
91793.png 3708
47925.png 3709
27111.png 3710
44582.png 3711
33045.png 3712
65960.png 3713
55837.png 3714
95271.png 3715
29205.png 3716
74831.png 3717
10012.png 3718
86282.png 3719
21803.png 3720
58257.png 3721
85376.png 3722
18770.png 3723
77083.png 3724
9826.png 3725
56222.png 3726
86160.png 3727
93265.png 3728
58999.png 3729
77381.png 3730
11585.png 3731
55022.png 3732
94049.png 3733
82553.png 3734
2368.png 3735
80789.png 3736
99600.png 3737
67296.png 3738
73474.png 3739
73798.png 3740
92230.png 3741
45649.png 3742
45629.png 3743
61043.png 3744
57705.png 3745
62273.png 3746
19957.png 3747
7154.png 3748
4053.png 3749
100219.png 3750
40137.png 3751
74346.png 3752
39123.png 3753
32684.png 3754
69841.png 3755
28294.png 3756
27953.png 3757
92294.png 3758
25607.png 3759
30398.png 3760
60551.png 3761
30501.png 3762
46674.png 3763
23146.png 3764
25175.png 3765
86790.png 3766
41092.png 3767
70123.png 3768
81400.png 3769
65677.png 3770
78858.png 3771
15405.png 3772
24010.png 3773
29334.png 3774
69010.png 3775
98974.png 3776
84890.png 3777
86521.png 3778
80258.png 3779
52438.png 3780
58380.png 3781
66157.png 3782
70514.png 3783
63277.png 3784
13366.png 3785
29894.png 3786
65474.png 3787
49705.png 3788
59163.png 3789
92227.png 3790
14713.png 3791
35819.png 3792
65580.png 3793
103071.png 3794
57688.png 3795
38177.png 3796
76006.png 3797
83899.png 3798
5329.png 3799
88131.png 3800
87987.png 3801
3482.png 3802
40534.png 3803
66618.png 3804
62343.png 3805
3006.png 3806
103289.png 3807
22078.png 3808
68120.png 3809
26578.png 3810
73520.png 3811
90718.png 3812
64389.png 3813
61389.png 3814
72410.png 3815
71310.png 3816
27188.png 3817
21418.png 3818
29447.png 3819
8687.png 3820
38647.png 3821
39119.png 3822
80830.png 3823
2918.png 3824
102205.png 3825
102600.png 3826
75428.png 3827
28993.png 3828
92733.png 3829
53595.png 3830
41691.png 3831
48731.png 3832
64291.png 3833
53343.png 3834
40874.png 3835
19785.png 3836
85872.png 3837
93119.png 3838
38723.png 3839
77779.png 3840
19830.png 3841
89909.png 3842
43518.png 3843
71987.png 3844
97915.png 3845
97449.png 3846
7252.png 3847
27272.png 3848
84437.png 3849
29311.png 3850
69610.png 3851
95388.png 3852
100178.png 3853
82797.png 3854
40865.png 3855
94249.png 3856
19543.png 3857
92756.png 3858
9051.png 3859
96918.png 3860
100272.png 3861
93427.png 3862
100953.png 3863
96468.png 3864
103007.png 3865
83312.png 3866
52376.png 3867
26916.png 3868
26035.png 3869
52407.png 3870
95920.png 3871
62022.png 3872
24179.png 3873
93983.png 3874
43523.png 3875
90770.png 3876
96892.png 3877
76509.png 3878
92168.png 3879
48213.png 3880
52057.png 3881
50845.png 3882
102325.png 3883
94465.png 3884
57002.png 3885
29676.png 3886
7652.png 3887
81667.png 3888
52004.png 3889
13199.png 3890
97677.png 3891
15661.png 3892
71688.png 3893
89002.png 3894
42203.png 3895
24261.png 3896
23415.png 3897
1951.png 3898
45719.png 3899
35085.png 3900
2214.png 3901
59363.png 3902
61658.png 3903
13548.png 3904
33048.png 3905
22822.png 3906
41872.png 3907
55701.png 3908
51361.png 3909
79015.png 3910
18883.png 3911
102120.png 3912
26747.png 3913
61871.png 3914
59765.png 3915
1408.png 3916
60846.png 3917
75117.png 3918
43812.png 3919
37148.png 3920
64815.png 3921
41599.png 3922
30766.png 3923
24194.png 3924
85029.png 3925
21208.png 3926
11415.png 3927
81718.png 3928
85117.png 3929
11518.png 3930
79184.png 3931
39536.png 3932
40458.png 3933
21746.png 3934
96922.png 3935
89825.png 3936
40838.png 3937
38973.png 3938
65071.png 3939
23144.png 3940
86707.png 3941
98144.png 3942
973.png 3943
60655.png 3944
60041.png 3945
60875.png 3946
6094.png 3947
34484.png 3948
65008.png 3949
67812.png 3950
21463.png 3951
42491.png 3952
58610.png 3953
36431.png 3954
19635.png 3955
41470.png 3956
16662.png 3957
71784.png 3958
78974.png 3959
39966.png 3960
85352.png 3961
59985.png 3962
56741.png 3963
19196.png 3964
67402.png 3965
56476.png 3966
77174.png 3967
55841.png 3968
83732.png 3969
18312.png 3970
22156.png 3971
44754.png 3972
39295.png 3973
46163.png 3974
15960.png 3975
12568.png 3976
80782.png 3977
1665.png 3978
86934.png 3979
3192.png 3980
65390.png 3981
8904.png 3982
5313.png 3983
98952.png 3984
102616.png 3985
84519.png 3986
47466.png 3987
11053.png 3988
62353.png 3989
97736.png 3990
51323.png 3991
7824.png 3992
66891.png 3993
11365.png 3994
97323.png 3995
92289.png 3996
73382.png 3997
62590.png 3998
94406.png 3999
99001.png 4000
13970.png 4001
61828.png 4002
87622.png 4003
101529.png 4004
63259.png 4005
84447.png 4006
5260.png 4007
31548.png 4008
67766.png 4009
14385.png 4010
75961.png 4011
13597.png 4012
75759.png 4013
58949.png 4014
36008.png 4015
26526.png 4016
37868.png 4017
3224.png 4018
87829.png 4019
9270.png 4020
6432.png 4021
51735.png 4022
53759.png 4023
45518.png 4024
48073.png 4025
20650.png 4026
40562.png 4027
81531.png 4028
12171.png 4029
18659.png 4030
1627.png 4031
97676.png 4032
61909.png 4033
38016.png 4034
30305.png 4035
20424.png 4036
59707.png 4037
7499.png 4038
6306.png 4039
28703.png 4040
15265.png 4041
47651.png 4042
18585.png 4043
45315.png 4044
88878.png 4045
39842.png 4046
59711.png 4047
55399.png 4048
58783.png 4049
21523.png 4050
33881.png 4051
91058.png 4052
26953.png 4053
26649.png 4054
48623.png 4055
44792.png 4056
40142.png 4057
42927.png 4058
52909.png 4059
55736.png 4060
40006.png 4061
74067.png 4062
24276.png 4063
39256.png 4064
85827.png 4065
97607.png 4066
50680.png 4067
59930.png 4068
64724.png 4069
31028.png 4070
11078.png 4071
43198.png 4072
47928.png 4073
98228.png 4074
34904.png 4075
18339.png 4076
32388.png 4077
80927.png 4078
92665.png 4079
4106.png 4080
63914.png 4081
30425.png 4082
74029.png 4083
83471.png 4084
34729.png 4085
85479.png 4086
38122.png 4087
18858.png 4088
78884.png 4089
18166.png 4090
80350.png 4091
59993.png 4092
35873.png 4093
26356.png 4094
97986.png 4095
71813.png 4096
8752.png 4097
58220.png 4098
49141.png 4099
16600.png 4100
58292.png 4101
27347.png 4102
55555.png 4103
33076.png 4104
47579.png 4105
16215.png 4106
3199.png 4107
70250.png 4108
1508.png 4109
8938.png 4110
75368.png 4111
3077.png 4112
4287.png 4113
12406.png 4114
67193.png 4115
97017.png 4116
26008.png 4117
85753.png 4118
49146.png 4119
35516.png 4120
82966.png 4121
29583.png 4122
14828.png 4123
52377.png 4124
78870.png 4125
41956.png 4126
39674.png 4127
8118.png 4128
19820.png 4129
20071.png 4130
85629.png 4131
13996.png 4132
67562.png 4133
32465.png 4134
96353.png 4135
26324.png 4136
31888.png 4137
41249.png 4138
42618.png 4139
44177.png 4140
3885.png 4141
83667.png 4142
94096.png 4143
65550.png 4144
78783.png 4145
11371.png 4146
59152.png 4147
88358.png 4148
75787.png 4149
33525.png 4150
79877.png 4151
95257.png 4152
100880.png 4153
14037.png 4154
38373.png 4155
5668.png 4156
89058.png 4157
24990.png 4158
24158.png 4159
59761.png 4160
37228.png 4161
72524.png 4162
31942.png 4163
94935.png 4164
63025.png 4165
101800.png 4166
2292.png 4167
8398.png 4168
33751.png 4169
63778.png 4170
43711.png 4171
83139.png 4172
87935.png 4173
77052.png 4174
20325.png 4175
6590.png 4176
92022.png 4177
27081.png 4178
63386.png 4179
54066.png 4180
97935.png 4181
94328.png 4182
38828.png 4183
30637.png 4184
72287.png 4185
68329.png 4186
29220.png 4187
20482.png 4188
36092.png 4189
35695.png 4190
57319.png 4191
27877.png 4192
62749.png 4193
45860.png 4194
9054.png 4195
63510.png 4196
52565.png 4197
81223.png 4198
63550.png 4199
102817.png 4200
50328.png 4201
15531.png 4202
91251.png 4203
96016.png 4204
17865.png 4205
25092.png 4206
95260.png 4207
84968.png 4208
87148.png 4209
43791.png 4210
55304.png 4211
31918.png 4212
96039.png 4213
44117.png 4214
45528.png 4215
59470.png 4216
33854.png 4217
25716.png 4218
97953.png 4219
23040.png 4220
16119.png 4221
76542.png 4222
5737.png 4223
92075.png 4224
92706.png 4225
33599.png 4226
55185.png 4227
67431.png 4228
30106.png 4229
4758.png 4230
102491.png 4231
77012.png 4232
4097.png 4233
42286.png 4234
97507.png 4235
57051.png 4236
52957.png 4237
19163.png 4238
67598.png 4239
83325.png 4240
30380.png 4241
99768.png 4242
70598.png 4243
97375.png 4244
94777.png 4245
93879.png 4246
890.png 4247
61764.png 4248
51105.png 4249
90323.png 4250
56489.png 4251
33391.png 4252
93697.png 4253
11517.png 4254
28971.png 4255
26773.png 4256
60936.png 4257
40583.png 4258
37686.png 4259
60237.png 4260
95820.png 4261
5655.png 4262
12087.png 4263
55416.png 4264
70105.png 4265
61143.png 4266
49249.png 4267
4793.png 4268
7770.png 4269
64022.png 4270
88030.png 4271
6710.png 4272
87187.png 4273
14813.png 4274
95760.png 4275
51913.png 4276
1079.png 4277
77248.png 4278
9687.png 4279
62977.png 4280
44480.png 4281
73612.png 4282
54214.png 4283
100729.png 4284
95937.png 4285
5964.png 4286
41020.png 4287
102872.png 4288
91486.png 4289
55445.png 4290
50546.png 4291
6842.png 4292
92388.png 4293
87428.png 4294
37524.png 4295
50519.png 4296
54041.png 4297
7613.png 4298
11534.png 4299
82995.png 4300
101163.png 4301
24707.png 4302
79149.png 4303
84340.png 4304
98661.png 4305
96998.png 4306
12867.png 4307
89602.png 4308
30399.png 4309
49344.png 4310
23373.png 4311
90093.png 4312
72358.png 4313
43326.png 4314
14538.png 4315
2629.png 4316
65733.png 4317
29051.png 4318
63530.png 4319
87050.png 4320
1339.png 4321
13624.png 4322
62815.png 4323
29874.png 4324
51271.png 4325
57207.png 4326
87030.png 4327
40848.png 4328
66603.png 4329
97884.png 4330
24908.png 4331
53153.png 4332
15627.png 4333
35428.png 4334
82822.png 4335
74238.png 4336
5599.png 4337
40418.png 4338
83529.png 4339
95983.png 4340
7247.png 4341
63011.png 4342
79746.png 4343
54188.png 4344
51138.png 4345
101048.png 4346
81330.png 4347
85650.png 4348
83220.png 4349
81234.png 4350
54346.png 4351
4771.png 4352
50123.png 4353
20606.png 4354
40618.png 4355
92601.png 4356
93629.png 4357
16618.png 4358
80643.png 4359
102754.png 4360
101980.png 4361
102358.png 4362
94004.png 4363
46372.png 4364
9725.png 4365
71860.png 4366
28612.png 4367
21135.png 4368
44340.png 4369
12896.png 4370
9789.png 4371
71005.png 4372
12692.png 4373
72605.png 4374
7657.png 4375
6463.png 4376
867.png 4377
9354.png 4378
10286.png 4379
25743.png 4380
63565.png 4381
44808.png 4382
100541.png 4383
80935.png 4384
31211.png 4385
98494.png 4386
87198.png 4387
19568.png 4388
34945.png 4389
62365.png 4390
58663.png 4391
18115.png 4392
92894.png 4393
37187.png 4394
17476.png 4395
66732.png 4396
14912.png 4397
92394.png 4398
58363.png 4399
31635.png 4400
75141.png 4401
55573.png 4402
25876.png 4403
96272.png 4404
59445.png 4405
12029.png 4406
35995.png 4407
89886.png 4408
9356.png 4409
84962.png 4410
33593.png 4411
98337.png 4412
46099.png 4413
49078.png 4414
50241.png 4415
87558.png 4416
32178.png 4417
34015.png 4418
14937.png 4419
66901.png 4420
81848.png 4421
19547.png 4422
88348.png 4423
71486.png 4424
35187.png 4425
28701.png 4426
60403.png 4427
51650.png 4428
63731.png 4429
55441.png 4430
88097.png 4431
12339.png 4432
39040.png 4433
99225.png 4434
97532.png 4435
50428.png 4436
45720.png 4437
69455.png 4438
20708.png 4439
99297.png 4440
32324.png 4441
46142.png 4442
85066.png 4443
69950.png 4444
16158.png 4445
103527.png 4446
68326.png 4447
14596.png 4448
3850.png 4449
28262.png 4450
29972.png 4451
89434.png 4452
1002.png 4453
41195.png 4454
21531.png 4455
91498.png 4456
26514.png 4457
101028.png 4458
1876.png 4459
98309.png 4460
93976.png 4461
58686.png 4462
53673.png 4463
81179.png 4464
101247.png 4465
51797.png 4466
102927.png 4467
42567.png 4468
80210.png 4469
102266.png 4470
62291.png 4471
102839.png 4472
75730.png 4473
97098.png 4474
66532.png 4475
12245.png 4476
72688.png 4477
27900.png 4478
92351.png 4479
41336.png 4480
64549.png 4481
19921.png 4482
72841.png 4483
29321.png 4484
29793.png 4485
28204.png 4486
83623.png 4487
23639.png 4488
38357.png 4489
90598.png 4490
33227.png 4491
14772.png 4492
37627.png 4493
55143.png 4494
87039.png 4495
49714.png 4496
49184.png 4497
15942.png 4498
63856.png 4499
80995.png 4500
34578.png 4501
55061.png 4502
58000.png 4503
85680.png 4504
101755.png 4505
52658.png 4506
71548.png 4507
93358.png 4508
93540.png 4509
80666.png 4510
10594.png 4511
7539.png 4512
9224.png 4513
27529.png 4514
24246.png 4515
45968.png 4516
16564.png 4517
826.png 4518
4629.png 4519
11608.png 4520
66963.png 4521
23512.png 4522
93362.png 4523
89393.png 4524
98992.png 4525
59740.png 4526
1836.png 4527
95552.png 4528
51211.png 4529
48244.png 4530
27460.png 4531
84199.png 4532
4109.png 4533
8718.png 4534
39111.png 4535
4096.png 4536
20067.png 4537
91219.png 4538
94161.png 4539
49364.png 4540
99417.png 4541
12103.png 4542
99105.png 4543
50813.png 4544
25391.png 4545
27748.png 4546
66135.png 4547
76028.png 4548
45207.png 4549
77199.png 4550
97351.png 4551
41082.png 4552
12350.png 4553
7636.png 4554
45675.png 4555
6362.png 4556
14357.png 4557
89891.png 4558
26418.png 4559
42014.png 4560
8792.png 4561
69159.png 4562
91476.png 4563
18783.png 4564
4073.png 4565
71833.png 4566
54646.png 4567
77067.png 4568
15040.png 4569
44982.png 4570
45355.png 4571
1915.png 4572
79811.png 4573
84905.png 4574
66982.png 4575
81608.png 4576
98334.png 4577
40480.png 4578
11560.png 4579
100211.png 4580
48541.png 4581
29087.png 4582
73664.png 4583
4667.png 4584
61241.png 4585
76081.png 4586
95297.png 4587
83675.png 4588
99673.png 4589
16482.png 4590
97059.png 4591
59066.png 4592
2356.png 4593
15037.png 4594
67097.png 4595
17864.png 4596
99218.png 4597
53757.png 4598
14779.png 4599
70056.png 4600
60828.png 4601
95414.png 4602
3476.png 4603
65447.png 4604
38793.png 4605
9137.png 4606
71224.png 4607
96532.png 4608
97341.png 4609
49901.png 4610
13291.png 4611
5760.png 4612
101032.png 4613
20676.png 4614
86369.png 4615
72383.png 4616
70280.png 4617
89738.png 4618
30878.png 4619
53908.png 4620
92413.png 4621
96410.png 4622
88064.png 4623
23583.png 4624
92909.png 4625
38451.png 4626
41854.png 4627
8841.png 4628
13770.png 4629
50510.png 4630
56861.png 4631
78011.png 4632
28339.png 4633
102838.png 4634
44613.png 4635
24231.png 4636
80965.png 4637
19237.png 4638
17059.png 4639
28671.png 4640
85600.png 4641
11136.png 4642
49269.png 4643
99401.png 4644
99482.png 4645
101557.png 4646
86988.png 4647
91926.png 4648
94503.png 4649
90191.png 4650
26325.png 4651
91939.png 4652
27929.png 4653
36220.png 4654
80596.png 4655
87223.png 4656
5527.png 4657
94709.png 4658
58656.png 4659
32504.png 4660
90792.png 4661
77123.png 4662
10771.png 4663
31576.png 4664
23919.png 4665
15245.png 4666
69480.png 4667
71793.png 4668
18366.png 4669
33441.png 4670
57369.png 4671
93718.png 4672
16406.png 4673
63585.png 4674
44348.png 4675
53885.png 4676
25325.png 4677
77683.png 4678
31155.png 4679
64256.png 4680
29944.png 4681
95002.png 4682
19923.png 4683
15777.png 4684
63262.png 4685
95799.png 4686
64278.png 4687
89685.png 4688
87366.png 4689
52389.png 4690
79521.png 4691
44809.png 4692
67967.png 4693
32926.png 4694
38710.png 4695
5765.png 4696
26260.png 4697
52632.png 4698
842.png 4699
92591.png 4700
60840.png 4701
18612.png 4702
25008.png 4703
87063.png 4704
53467.png 4705
71960.png 4706
56671.png 4707
72354.png 4708
39384.png 4709
78951.png 4710
50886.png 4711
96931.png 4712
25845.png 4713
80284.png 4714
44950.png 4715
38591.png 4716
41064.png 4717
36432.png 4718
31122.png 4719
78895.png 4720
79280.png 4721
62352.png 4722
44072.png 4723
95850.png 4724
48934.png 4725
87369.png 4726
76286.png 4727
47129.png 4728
58625.png 4729
12788.png 4730
37207.png 4731
73709.png 4732
31449.png 4733
33851.png 4734
68228.png 4735
28398.png 4736
11004.png 4737
63108.png 4738
26323.png 4739
93571.png 4740
3293.png 4741
79078.png 4742
79258.png 4743
54320.png 4744
100405.png 4745
7873.png 4746
61805.png 4747
62452.png 4748
20825.png 4749
40121.png 4750
63384.png 4751
54653.png 4752
51859.png 4753
26737.png 4754
78315.png 4755
87231.png 4756
77401.png 4757
5522.png 4758
50386.png 4759
27355.png 4760
34595.png 4761
55397.png 4762
56438.png 4763
57496.png 4764
78573.png 4765
46901.png 4766
8968.png 4767
47834.png 4768
48597.png 4769
95174.png 4770
8069.png 4771
32507.png 4772
53073.png 4773
20428.png 4774
82290.png 4775
35886.png 4776
39065.png 4777
83340.png 4778
25301.png 4779
44474.png 4780
56792.png 4781
47382.png 4782
14424.png 4783
14512.png 4784
48228.png 4785
42172.png 4786
18531.png 4787
24458.png 4788
76074.png 4789
94747.png 4790
82462.png 4791
20602.png 4792
11248.png 4793
80276.png 4794
72597.png 4795
92569.png 4796
35314.png 4797
63425.png 4798
93635.png 4799
22486.png 4800
26607.png 4801
79449.png 4802
723.png 4803
80954.png 4804
51852.png 4805
19000.png 4806
19330.png 4807
65316.png 4808
10801.png 4809
29525.png 4810
99192.png 4811
70459.png 4812
24832.png 4813
61965.png 4814
47626.png 4815
99795.png 4816
82807.png 4817
18490.png 4818
56484.png 4819
35846.png 4820
84132.png 4821
77610.png 4822
70021.png 4823
94378.png 4824
248.png 4825
18030.png 4826
57521.png 4827
57551.png 4828
61670.png 4829
39233.png 4830
88416.png 4831
7135.png 4832
74258.png 4833
77942.png 4834
83290.png 4835
65826.png 4836
35892.png 4837
16677.png 4838
48518.png 4839
23745.png 4840
28497.png 4841
29271.png 4842
67695.png 4843
84140.png 4844
64418.png 4845
47103.png 4846
6054.png 4847
2372.png 4848
72308.png 4849
49294.png 4850
101449.png 4851
12670.png 4852
4332.png 4853
38943.png 4854
47087.png 4855
72.png 4856
53493.png 4857
80813.png 4858
84055.png 4859
90444.png 4860
22942.png 4861
44800.png 4862
95529.png 4863
101201.png 4864
79868.png 4865
18805.png 4866
12486.png 4867
11317.png 4868
76824.png 4869
76166.png 4870
24059.png 4871
47797.png 4872
93237.png 4873
64443.png 4874
60502.png 4875
78303.png 4876
34088.png 4877
93105.png 4878
72897.png 4879
70466.png 4880
7853.png 4881
70460.png 4882
36090.png 4883
84296.png 4884
78024.png 4885
43270.png 4886
58402.png 4887
13974.png 4888
97257.png 4889
64018.png 4890
3613.png 4891
25344.png 4892
20413.png 4893
11758.png 4894
103448.png 4895
64551.png 4896
36095.png 4897
33648.png 4898
102162.png 4899
99949.png 4900
99091.png 4901
60059.png 4902
13735.png 4903
32669.png 4904
54142.png 4905
90052.png 4906
28873.png 4907
76151.png 4908
40389.png 4909
20387.png 4910
41212.png 4911
54228.png 4912
34339.png 4913
53972.png 4914
34277.png 4915
32286.png 4916
18456.png 4917
57323.png 4918
19915.png 4919
96462.png 4920
35826.png 4921
50197.png 4922
31378.png 4923
9585.png 4924
41475.png 4925
17374.png 4926
90729.png 4927
21409.png 4928
42956.png 4929
37013.png 4930
45401.png 4931
17426.png 4932
10323.png 4933
64709.png 4934
1128.png 4935
21752.png 4936
63389.png 4937
53923.png 4938
38374.png 4939
44834.png 4940
53992.png 4941
65267.png 4942
80531.png 4943
79234.png 4944
77852.png 4945
586.png 4946
61638.png 4947
57409.png 4948
52557.png 4949
37167.png 4950
84498.png 4951
44829.png 4952
36570.png 4953
76597.png 4954
76900.png 4955
6685.png 4956
102579.png 4957
97118.png 4958
92519.png 4959
45139.png 4960
51387.png 4961
36849.png 4962
102372.png 4963
35485.png 4964
56651.png 4965
99044.png 4966
71333.png 4967
1290.png 4968
41675.png 4969
48548.png 4970
53810.png 4971
75165.png 4972
44313.png 4973
57278.png 4974
65011.png 4975
20728.png 4976
84733.png 4977
50193.png 4978
9420.png 4979
100734.png 4980
54473.png 4981
27949.png 4982
9517.png 4983
5568.png 4984
65239.png 4985
34332.png 4986
81396.png 4987
77022.png 4988
101175.png 4989
57996.png 4990
17650.png 4991
33629.png 4992
83852.png 4993
76061.png 4994
36522.png 4995
49943.png 4996
6829.png 4997
54979.png 4998
