formulaire021-equation040.png 100
formulaire022-equation004.png 101
formulaire022-equation006.png 102
formulaire022-equation028.png 103
formulaire023-equation003.png 104
formulaire023-equation008.png 105
formulaire023-equation011.png 106
formulaire023-equation026.png 107
formulaire023-equation035.png 108
formulaire023-equation038.png 109
formulaire023-equation046.png 110
formulaire023-equation066.png 111
formulaire024-equation033.png 112
formulaire024-equation043.png 113
formulaire024-equation068.png 114
formulaire025-equation001.png 115
formulaire025-equation027.png 116
formulaire025-equation041.png 117
formulaire025-equation049.png 118
formulaire025-equation056.png 119
formulaire025-equation063.png 120
formulaire026-equation061.png 121
formulaire026-equation063.png 122
formulaire026-equation068.png 123
formulaire026-equation070.png 124
formulaire028-equation016.png 125
formulaire028-equation024.png 126
formulaire028-equation056.png 127
formulaire028-equation058.png 128
formulaire029-equation006.png 129
formulaire029-equation010.png 130
formulaire029-equation013.png 131
formulaire029-equation031.png 132
formulaire029-equation054.png 133
formulaire029-equation073.png 134
formulaire030-equation049.png 135
formulaire030-equation056.png 136
formulaire031-equation024.png 137
formulaire031-equation027.png 138
formulaire031-equation054.png 139
formulaire031-equation068.png 140
formulaire032-equation020.png 141
formulaire032-equation021.png 142
formulaire032-equation025.png 143
formulaire032-equation028.png 144
formulaire032-equation040.png 145
formulaire032-equation068.png 146
formulaire033-equation009.png 147
formulaire033-equation026.png 148
formulaire033-equation067.png 149
formulaire034-equation018.png 150
formulaire034-equation043.png 151
formulaire034-equation051.png 152
formulaire036-equation007.png 153
formulaire036-equation068.png 154
formulaire037-equation028.png 155
formulaire037-equation050.png 156
formulaire037-equation051.png 157
formulaire037-equation056.png 158
formulaire037-equation066.png 159
formulaire038-equation000.png 160
formulaire038-equation006.png 161
formulaire038-equation011.png 162
formulaire038-equation039.png 163
formulaire038-equation047.png 164
formulaire038-equation055.png 165
formulaire038-equation072.png 166
formulaire039-equation011.png 167
formulaire039-equation031.png 168
formulaire039-equation033.png 169
formulaire039-equation036.png 170
formulaire039-equation062.png 171
TrainData2_0_sub_20.png 172
TrainData2_10_sub_20.png 173
TrainData2_11_sub_20.png 174
TrainData2_12_sub_20.png 175
TrainData2_13_sub_20.png 176
TrainData2_14_sub_20.png 177
TrainData2_15_sub_20.png 178
TrainData2_16_sub_20.png 179
TrainData2_17_sub_20.png 180
TrainData2_18_sub_20.png 181
TrainData2_19_sub_20.png 182
TrainData2_1_sub_20.png 183
TrainData2_20_sub_20.png 184
TrainData2_21_sub_20.png 185
TrainData2_22_sub_20.png 186
TrainData2_23_sub_20.png 187
TrainData2_24_sub_20.png 188
TrainData2_25_sub_20.png 189
TrainData2_26_sub_20.png 190
TrainData2_2_sub_20.png 191
TrainData2_3_sub_20.png 192
TrainData2_4_sub_20.png 193
TrainData2_5_sub_20.png 194
TrainData2_6_sub_20.png 195
TrainData2_7_sub_20.png 196
TrainData2_8_sub_20.png 197
TrainData2_9_sub_20.png 198
2009210-947-102.png 199
2009210-947-122.png 200
2009210-947-155.png 201
2009210-947-16.png 202
2009210-947-172.png 203
2009210-947-176.png 204
2009210-947-179.png 205
2009210-947-185.png 206
2009210-947-195.png 207
2009210-947-203.png 208
2009210-947-207.png 209
2009210-947-21.png 210
2009210-947-215.png 211
2009210-947-220.png 212
2009210-947-40.png 213
2009210-947-87.png 214
2009210-947-93.png 215
2009210-947-94.png 216
2009210-947-99.png 217
2009212-1031-14.png 218
2009212-1031-15.png 219
2009212-1031-150.png 220
2009212-1031-45.png 221
2009212-1031-47.png 222
2009212-1031-63.png 223
2009212-1031-79.png 224
2009212-1031-86.png 225
2009212-952-11.png 226
2009212-952-114.png 227
2009212-952-76.png 228
2009212-952-82.png 229
2009213-137-114.png 230
2009213-137-131.png 231
2009213-137-145.png 232
2009213-137-149.png 233
2009213-137-159.png 234
2009213-137-160.png 235
2009213-137-166.png 236
2009213-137-171.png 237
2009213-137-187.png 238
2009213-137-210.png 239
2009213-137-236.png 240
2009213-137-247.png 241
2009213-137-47.png 242
2009213-137-51.png 243
2009213-137-69.png 244
2009213-137-81.png 245
2009213-139-152.png 246
2009213-139-211.png 247
2009213-139-221.png 248
2009213-139-228.png 249
2009213-139-232.png 250
2009213-139-233.png 251
2009213-139-45.png 252
200922-1017-102.png 253
200922-1017-124.png 254
200922-1017-142.png 255
200922-1017-145.png 256
200922-1017-148.png 257
200922-1017-151.png 258
200922-1017-75.png 259
200922-1017-86.png 260
200922-1017-90.png 261
200922-1017-93.png 262
200922-947-114.png 263
200922-947-120.png 264
200922-947-129.png 265
200922-947-168.png 266
200922-947-176.png 267
200922-947-191.png 268
200922-947-200.png 269
200922-947-227.png 270
200922-947-40.png 271
200922-947-93.png 272
200922-949-109.png 273
200922-949-164.png 274
200922-949-180.png 275
200922-949-191.png 276
200922-949-218.png 277
200922-949-221.png 278
200922-949-243.png 279
200922-949-266.png 280
200922-949-267.png 281
200922-949-40.png 282
200922-949-63.png 283
200922-949-91.png 284
200922-949-99.png 285
2009220-1327-117.png 286
2009220-1327-121.png 287
2009220-1327-23.png 288
2009220-1327-52.png 289
2009220-1327-88.png 290
200923-1251-106.png 291
200923-1251-107.png 292
200923-1251-111.png 293
200923-1251-115.png 294
200923-1251-145.png 295
200923-1251-175.png 296
200923-1251-191.png 297
200923-1251-201.png 298
200923-1251-210.png 299
200923-1251-215.png 300
200923-1251-226.png 301
200923-1251-245.png 302
200923-1251-252.png 303
200923-1251-264.png 304
200923-1251-5.png 305
200923-1251-9.png 306
200923-1253-101.png 307
200923-1253-116.png 308
200923-1253-130.png 309
200923-1253-15.png 310
200923-1253-161.png 311
200923-1253-186.png 312
200923-1253-191.png 313
200923-1253-200.png 314
200923-1253-210.png 315
200923-1253-211.png 316
200923-1253-221.png 317
200923-1253-222.png 318
200923-1253-242.png 319
200923-1253-244.png 320
200923-1253-289.png 321
200923-1253-3.png 322
200923-1254-107.png 323
200923-1254-121.png 324
200923-1254-141.png 325
200923-1254-153.png 326
200923-1254-165.png 327
200923-1254-166.png 328
200923-1254-168.png 329
200923-1254-169.png 330
200923-1254-21.png 331
200923-1254-213.png 332
200923-1254-214.png 333
200923-1254-242.png 334
200923-1254-243.png 335
200923-1254-250.png 336
200923-1254-263.png 337
200923-1254-264.png 338
200923-1254-265.png 339
200923-1254-272.png 340
200923-1254-273.png 341
200923-1254-283.png 342
200923-1254-346.png 343
200923-1254-366.png 344
200923-1254-380.png 345
200923-1254-4.png 346
200923-131-118.png 347
200923-131-126.png 348
200923-131-130.png 349
200923-131-131.png 350
200923-131-167.png 351
200923-131-185.png 352
200923-131-186.png 353
200923-131-189.png 354
200923-131-190.png 355
200923-131-233.png 356
200923-131-234.png 357
200923-131-243.png 358
200923-131-261.png 359
200923-131-263.png 360
200923-131-264.png 361
200923-131-265.png 362
200923-131-28.png 363
200923-131-289.png 364
200923-131-29.png 365
200923-131-290.png 366
200923-131-295.png 367
200923-131-307.png 368
200923-131-325.png 369
200923-131-33.png 370
200923-131-341.png 371
200923-131-63.png 372
200923-1553-117.png 373
200923-1553-122.png 374
200923-1553-130.png 375
200923-1553-152.png 376
200923-1553-167.png 377
200923-1553-182.png 378
200923-1553-183.png 379
200923-1553-187.png 380
200923-1553-188.png 381
200923-1553-196.png 382
200923-1553-220.png 383
200923-1553-222.png 384
200923-1553-227.png 385
200923-1553-228.png 386
200923-1553-238.png 387
200923-1553-251.png 388
200923-1553-269.png 389
200923-1553-270.png 390
200923-1553-309.png 391
200923-1553-34.png 392
200923-1556-103.png 393
200923-1556-153.png 394
200923-1556-190.png 395
200923-1556-199.png 396
200923-1556-207.png 397
200923-1556-218.png 398
200923-1556-22.png 399
200923-1556-228.png 400
200923-1556-33.png 401
200923-1556-70.png 402
200924-1312-114.png 403
200924-1312-132.png 404
200924-1312-15.png 405
200924-1312-192.png 406
200924-1312-196.png 407
200924-1312-215.png 408
200924-1312-223.png 409
200924-1312-289.png 410
200924-1312-294.png 411
200924-1312-306.png 412
200924-1312-308.png 413
200924-1312-33.png 414
200924-1312-76.png 415
200924-1312-9.png 416
200924-1331-105.png 417
200924-1331-106.png 418
200924-1331-111.png 419
200924-1331-112.png 420
200924-1331-122.png 421
200924-1331-158.png 422
200924-1331-159.png 423
200924-1331-182.png 424
200924-1331-183.png 425
200924-1331-186.png 426
200924-1331-197.png 427
200924-1331-201.png 428
200924-1331-216.png 429
200924-1331-220.png 430
200924-1331-222.png 431
200924-1331-239.png 432
200924-1331-260.png 433
200924-1331-268.png 434
200924-1331-52.png 435
200924-1331-58.png 436
200925-1126-156.png 437
200925-1126-171.png 438
200925-1126-176.png 439
200925-1126-178.png 440
200925-1126-184.png 441
200925-1126-198.png 442
200925-1126-51.png 443
200925-1126-69.png 444
200925-1126-81.png 445
200925-1126-83.png 446
200925-1126-87.png 447
200926-131-141.png 448
200926-131-183.png 449
200926-131-197.png 450
200926-131-229.png 451
200926-131-5.png 452
200926-131-59.png 453
200926-131-69.png 454
200926-131-70.png 455
200926-1550-11.png 456
200926-1550-126.png 457
200926-1550-137.png 458
200926-1550-144.png 459
200926-1617-121.png 460
200926-1617-193.png 461
200926-1617-214.png 462
200926-1617-225.png 463
200926-1617-246.png 464
200926-1617-252.png 465
200926-1617-3.png 466
200926-1617-47.png 467
200926-1617-57.png 468
