37436.png 0
50043.png 1
82314.png 2
57179.png 3
33934.png 4
81131.png 5
77885.png 6
78878.png 7
74824.png 8
39773.png 9
55508.png 10
68587.png 11
55119.png 12
92116.png 13
44490.png 14
7924.png 15
60024.png 16
92161.png 17
32467.png 18
100464.png 19
38638.png 20
65597.png 21
90218.png 22
101919.png 23
81451.png 24
28728.png 25
29186.png 26
60181.png 27
77425.png 28
631.png 29
99069.png 30
61642.png 31
99829.png 32
95574.png 33
91850.png 34
61736.png 35
11645.png 36
56307.png 37
51342.png 38
23630.png 39
95150.png 40
64035.png 41
25810.png 42
88238.png 43
57744.png 44
66957.png 45
28692.png 46
59552.png 47
35730.png 48
27367.png 49
67452.png 50
70830.png 51
96607.png 52
68719.png 53
70269.png 54
42868.png 55
44970.png 56
50738.png 57
39148.png 58
28739.png 59
27109.png 60
11612.png 61
96521.png 62
19666.png 63
39640.png 64
6600.png 65
94697.png 66
61.png 67
50692.png 68
70548.png 69
92136.png 70
61060.png 71
32087.png 72
48497.png 73
10826.png 74
80568.png 75
73652.png 76
48786.png 77
34657.png 78
91186.png 79
12923.png 80
8906.png 81
63199.png 82
43054.png 83
86807.png 84
81672.png 85
69389.png 86
38995.png 87
52301.png 88
91468.png 89
47799.png 90
82425.png 91
76857.png 92
51033.png 93
57138.png 94
28079.png 95
29982.png 96
100014.png 97
26946.png 98
13646.png 99
49288.png 100
22628.png 101
102875.png 102
11709.png 103
93895.png 104
3353.png 105
86795.png 106
91069.png 107
1958.png 108
69334.png 109
14492.png 110
81416.png 111
92595.png 112
34735.png 113
95037.png 114
23860.png 115
47203.png 116
10667.png 117
93977.png 118
82184.png 119
70303.png 120
57590.png 121
19745.png 122
6095.png 123
11508.png 124
100699.png 125
37657.png 126
39971.png 127
6184.png 128
86297.png 129
58297.png 130
21500.png 131
43046.png 132
81135.png 133
8487.png 134
93295.png 135
82677.png 136
34123.png 137
63146.png 138
83566.png 139
50104.png 140
95506.png 141
38106.png 142
78118.png 143
100660.png 144
99576.png 145
15582.png 146
27093.png 147
41785.png 148
54675.png 149
46144.png 150
3542.png 151
2870.png 152
79473.png 153
21028.png 154
93293.png 155
67995.png 156
62132.png 157
14301.png 158
72145.png 159
8992.png 160
13740.png 161
40641.png 162
15639.png 163
94059.png 164
77014.png 165
44240.png 166
18449.png 167
22692.png 168
53548.png 169
25897.png 170
11195.png 171
35688.png 172
65731.png 173
37916.png 174
74186.png 175
70418.png 176
97848.png 177
46746.png 178
72516.png 179
27835.png 180
42175.png 181
68298.png 182
62346.png 183
96157.png 184
5886.png 185
78023.png 186
63176.png 187
31217.png 188
88349.png 189
56577.png 190
23596.png 191
25261.png 192
50635.png 193
67973.png 194
69731.png 195
22465.png 196
31424.png 197
15902.png 198
33077.png 199
49815.png 200
89092.png 201
74285.png 202
46555.png 203
103434.png 204
79945.png 205
26512.png 206
65089.png 207
68698.png 208
26202.png 209
89775.png 210
72893.png 211
18170.png 212
15966.png 213
30249.png 214
90707.png 215
60212.png 216
15821.png 217
100694.png 218
9310.png 219
57224.png 220
80067.png 221
43777.png 222
22066.png 223
56194.png 224
53903.png 225
35738.png 226
71218.png 227
42057.png 228
27557.png 229
94738.png 230
58795.png 231
52346.png 232
22135.png 233
14416.png 234
37494.png 235
50203.png 236
93381.png 237
39018.png 238
2570.png 239
71819.png 240
92520.png 241
10355.png 242
94807.png 243
87432.png 244
79312.png 245
69937.png 246
91993.png 247
91283.png 248
42328.png 249
6418.png 250
9493.png 251
21387.png 252
77572.png 253
100678.png 254
32578.png 255
61220.png 256
84374.png 257
61601.png 258
83932.png 259
71182.png 260
97502.png 261
92374.png 262
80492.png 263
4977.png 264
87855.png 265
100661.png 266
75690.png 267
12829.png 268
81833.png 269
65407.png 270
88132.png 271
58844.png 272
28747.png 273
12492.png 274
9558.png 275
66031.png 276
3664.png 277
30308.png 278
57472.png 279
76332.png 280
60624.png 281
69392.png 282
37702.png 283
58066.png 284
8650.png 285
34930.png 286
35782.png 287
94142.png 288
55294.png 289
29027.png 290
39093.png 291
22655.png 292
32211.png 293
82773.png 294
75104.png 295
19955.png 296
66039.png 297
50132.png 298
97699.png 299
99478.png 300
26650.png 301
30998.png 302
27399.png 303
47141.png 304
27443.png 305
32440.png 306
95858.png 307
15259.png 308
19118.png 309
47150.png 310
13809.png 311
24201.png 312
35166.png 313
91067.png 314
74673.png 315
40666.png 316
40093.png 317
66588.png 318
35266.png 319
26041.png 320
78948.png 321
47888.png 322
18596.png 323
88748.png 324
83680.png 325
33913.png 326
1222.png 327
70183.png 328
55500.png 329
30189.png 330
82875.png 331
37775.png 332
86472.png 333
51875.png 334
783.png 335
12384.png 336
39925.png 337
57478.png 338
102398.png 339
18696.png 340
91645.png 341
71838.png 342
85950.png 343
98268.png 344
87706.png 345
76621.png 346
2277.png 347
15257.png 348
62983.png 349
2459.png 350
14643.png 351
47485.png 352
4683.png 353
65163.png 354
11181.png 355
73765.png 356
48159.png 357
16927.png 358
96226.png 359
86711.png 360
31846.png 361
27476.png 362
92629.png 363
72224.png 364
85157.png 365
56107.png 366
46785.png 367
62154.png 368
53055.png 369
52218.png 370
15203.png 371
42550.png 372
20353.png 373
1999.png 374
29549.png 375
95749.png 376
33129.png 377
72913.png 378
11074.png 379
27470.png 380
79869.png 381
8719.png 382
8583.png 383
58437.png 384
23464.png 385
487.png 386
45567.png 387
41155.png 388
93562.png 389
54233.png 390
68596.png 391
10168.png 392
91846.png 393
72000.png 394
69305.png 395
1317.png 396
73297.png 397
46484.png 398
25891.png 399
91290.png 400
21628.png 401
95370.png 402
13642.png 403
3822.png 404
25223.png 405
24774.png 406
58409.png 407
80625.png 408
78066.png 409
31987.png 410
5971.png 411
63645.png 412
15686.png 413
48218.png 414
80035.png 415
86755.png 416
38921.png 417
90198.png 418
53905.png 419
36562.png 420
78876.png 421
51163.png 422
77375.png 423
58090.png 424
5937.png 425
61939.png 426
56564.png 427
4728.png 428
23099.png 429
33404.png 430
21137.png 431
26523.png 432
72661.png 433
77493.png 434
52946.png 435
56101.png 436
70680.png 437
60830.png 438
45205.png 439
71069.png 440
13095.png 441
52153.png 442
4660.png 443
80096.png 444
19187.png 445
89129.png 446
76736.png 447
36143.png 448
5960.png 449
98702.png 450
24560.png 451
56088.png 452
34238.png 453
48853.png 454
41241.png 455
27672.png 456
100756.png 457
90841.png 458
52887.png 459
87868.png 460
17487.png 461
63067.png 462
24025.png 463
28702.png 464
58480.png 465
16530.png 466
85812.png 467
2149.png 468
97985.png 469
10620.png 470
52112.png 471
16378.png 472
55939.png 473
96794.png 474
103430.png 475
3915.png 476
29506.png 477
26844.png 478
88713.png 479
26892.png 480
65915.png 481
69974.png 482
67822.png 483
25227.png 484
32064.png 485
25554.png 486
31121.png 487
65649.png 488
30421.png 489
85953.png 490
37357.png 491
29409.png 492
97362.png 493
51630.png 494
26059.png 495
47273.png 496
48146.png 497
28935.png 498
53089.png 499
38583.png 500
77313.png 501
82262.png 502
89692.png 503
102236.png 504
22051.png 505
44649.png 506
56737.png 507
67526.png 508
33350.png 509
92711.png 510
15050.png 511
65900.png 512
39657.png 513
50291.png 514
74436.png 515
75578.png 516
32117.png 517
76579.png 518
98631.png 519
97254.png 520
52852.png 521
20665.png 522
12710.png 523
5273.png 524
31555.png 525
22788.png 526
88233.png 527
16397.png 528
56824.png 529
686.png 530
83764.png 531
76293.png 532
18774.png 533
97294.png 534
27534.png 535
6486.png 536
2994.png 537
97422.png 538
72735.png 539
78258.png 540
32432.png 541
45407.png 542
49886.png 543
98746.png 544
91360.png 545
81995.png 546
12184.png 547
98327.png 548
102327.png 549
77044.png 550
23862.png 551
67221.png 552
6140.png 553
41133.png 554
56160.png 555
36204.png 556
10982.png 557
83553.png 558
90296.png 559
102654.png 560
58395.png 561
56739.png 562
66032.png 563
36638.png 564
189.png 565
33576.png 566
77071.png 567
69413.png 568
65536.png 569
51521.png 570
91810.png 571
58323.png 572
84477.png 573
9333.png 574
61258.png 575
100398.png 576
3565.png 577
3098.png 578
66716.png 579
69870.png 580
44046.png 581
71453.png 582
14853.png 583
14195.png 584
43006.png 585
41995.png 586
88118.png 587
90916.png 588
101843.png 589
87381.png 590
72953.png 591
59626.png 592
80251.png 593
2210.png 594
57125.png 595
17690.png 596
3831.png 597
60282.png 598
19417.png 599
62929.png 600
9006.png 601
94140.png 602
51089.png 603
3080.png 604
75808.png 605
71712.png 606
13167.png 607
34570.png 608
3425.png 609
97911.png 610
96885.png 611
95015.png 612
48277.png 613
24176.png 614
1067.png 615
38178.png 616
36023.png 617
49159.png 618
19740.png 619
11418.png 620
20272.png 621
95564.png 622
78392.png 623
19311.png 624
83677.png 625
86756.png 626
6701.png 627
62661.png 628
72084.png 629
80986.png 630
3682.png 631
73865.png 632
100002.png 633
34537.png 634
40252.png 635
14677.png 636
48990.png 637
88172.png 638
38811.png 639
1949.png 640
43182.png 641
70221.png 642
52894.png 643
11032.png 644
55612.png 645
69522.png 646
18389.png 647
26398.png 648
64411.png 649
45272.png 650
20821.png 651
30183.png 652
61095.png 653
75290.png 654
20285.png 655
94230.png 656
66077.png 657
74203.png 658
48965.png 659
80137.png 660
20788.png 661
100455.png 662
44349.png 663
42582.png 664
24622.png 665
80471.png 666
42062.png 667
29719.png 668
69311.png 669
21873.png 670
78267.png 671
17341.png 672
37108.png 673
87984.png 674
67857.png 675
39510.png 676
80908.png 677
41503.png 678
95824.png 679
33181.png 680
67117.png 681
67904.png 682
75539.png 683
19662.png 684
88659.png 685
80026.png 686
29724.png 687
12646.png 688
23858.png 689
33428.png 690
80897.png 691
84893.png 692
24619.png 693
100040.png 694
35475.png 695
24182.png 696
14520.png 697
20853.png 698
76817.png 699
39229.png 700
19752.png 701
52187.png 702
74212.png 703
60171.png 704
48006.png 705
20159.png 706
95438.png 707
83287.png 708
96192.png 709
15421.png 710
44186.png 711
83427.png 712
27994.png 713
8019.png 714
38976.png 715
31927.png 716
94265.png 717
55358.png 718
79001.png 719
7809.png 720
103205.png 721
27326.png 722
16442.png 723
15104.png 724
63933.png 725
83473.png 726
13008.png 727
5496.png 728
73238.png 729
26442.png 730
67278.png 731
97992.png 732
15476.png 733
99697.png 734
79834.png 735
88759.png 736
18829.png 737
73989.png 738
11021.png 739
64546.png 740
23015.png 741
61415.png 742
6875.png 743
97318.png 744
14602.png 745
13324.png 746
39400.png 747
42986.png 748
41342.png 749
64391.png 750
8637.png 751
17140.png 752
28673.png 753
27108.png 754
47979.png 755
49780.png 756
91112.png 757
62509.png 758
46252.png 759
38449.png 760
77920.png 761
71790.png 762
48575.png 763
9146.png 764
3457.png 765
52622.png 766
76993.png 767
44425.png 768
59095.png 769
8047.png 770
14594.png 771
51697.png 772
5242.png 773
21837.png 774
47101.png 775
25838.png 776
85085.png 777
11550.png 778
81501.png 779
100597.png 780
78866.png 781
46566.png 782
102293.png 783
48510.png 784
49433.png 785
84303.png 786
57728.png 787
72745.png 788
1155.png 789
10784.png 790
27232.png 791
6191.png 792
96432.png 793
80220.png 794
84053.png 795
81013.png 796
98508.png 797
59856.png 798
22164.png 799
60957.png 800
25584.png 801
31225.png 802
50349.png 803
58841.png 804
4165.png 805
68115.png 806
19326.png 807
6797.png 808
6417.png 809
26460.png 810
9085.png 811
22002.png 812
9093.png 813
44766.png 814
14945.png 815
41118.png 816
82084.png 817
35141.png 818
79575.png 819
56263.png 820
48426.png 821
74746.png 822
203.png 823
1888.png 824
101487.png 825
67590.png 826
89453.png 827
95814.png 828
63269.png 829
99148.png 830
74333.png 831
79784.png 832
92561.png 833
84395.png 834
33557.png 835
90081.png 836
13940.png 837
70732.png 838
84114.png 839
61725.png 840
34140.png 841
10984.png 842
50376.png 843
20593.png 844
59147.png 845
48324.png 846
10139.png 847
66052.png 848
16487.png 849
24965.png 850
49118.png 851
5000.png 852
74151.png 853
799.png 854
32208.png 855
78142.png 856
83386.png 857
88561.png 858
72543.png 859
31727.png 860
78729.png 861
71906.png 862
11212.png 863
14500.png 864
88413.png 865
10794.png 866
66215.png 867
14562.png 868
10418.png 869
10945.png 870
74374.png 871
66923.png 872
64320.png 873
9828.png 874
56099.png 875
72769.png 876
45457.png 877
65250.png 878
6729.png 879
92326.png 880
67887.png 881
88311.png 882
94940.png 883
36753.png 884
95734.png 885
26944.png 886
96244.png 887
49244.png 888
100008.png 889
32742.png 890
52239.png 891
63837.png 892
56025.png 893
20318.png 894
58407.png 895
84326.png 896
39617.png 897
64700.png 898
77366.png 899
17647.png 900
95156.png 901
1645.png 902
24519.png 903
32278.png 904
45140.png 905
73161.png 906
83799.png 907
86190.png 908
20829.png 909
62890.png 910
22818.png 911
12705.png 912
11486.png 913
11038.png 914
6596.png 915
64982.png 916
18891.png 917
26235.png 918
24062.png 919
9503.png 920
102502.png 921
3328.png 922
73790.png 923
16363.png 924
93651.png 925
86346.png 926
77705.png 927
43060.png 928
46938.png 929
62860.png 930
72106.png 931
37137.png 932
2869.png 933
29301.png 934
96826.png 935
5334.png 936
53083.png 937
98446.png 938
18175.png 939
15807.png 940
61546.png 941
15665.png 942
4112.png 943
42649.png 944
65000.png 945
25667.png 946
68640.png 947
82499.png 948
63542.png 949
37118.png 950
69521.png 951
51535.png 952
29956.png 953
40436.png 954
85859.png 955
41264.png 956
20465.png 957
83396.png 958
46118.png 959
94228.png 960
28757.png 961
61553.png 962
90638.png 963
83321.png 964
34349.png 965
22694.png 966
55015.png 967
27769.png 968
103212.png 969
93432.png 970
60070.png 971
32018.png 972
82089.png 973
75881.png 974
76107.png 975
93008.png 976
89963.png 977
34572.png 978
100476.png 979
2381.png 980
96753.png 981
47562.png 982
9901.png 983
94356.png 984
94761.png 985
74423.png 986
43014.png 987
3701.png 988
1952.png 989
88562.png 990
103203.png 991
59640.png 992
97867.png 993
64426.png 994
66068.png 995
92008.png 996
51700.png 997
5238.png 998
