37436.png 0
50043.png 1
82314.png 2
57179.png 3
33934.png 4
81131.png 5
77885.png 6
78878.png 7
74824.png 8
39773.png 9
55508.png 10
68587.png 11
55119.png 12
92116.png 13
44490.png 14
7924.png 15
60024.png 16
92161.png 17
32467.png 18
100464.png 19
38638.png 20
65597.png 21
90218.png 22
101919.png 23
81451.png 24
28728.png 25
29186.png 26
60181.png 27
77425.png 28
631.png 29
99069.png 30
61642.png 31
99829.png 32
95574.png 33
91850.png 34
61736.png 35
11645.png 36
56307.png 37
51342.png 38
23630.png 39
95150.png 40
64035.png 41
25810.png 42
88238.png 43
57744.png 44
66957.png 45
28692.png 46
59552.png 47
35730.png 48
27367.png 49
67452.png 50
70830.png 51
96607.png 52
68719.png 53
70269.png 54
42868.png 55
44970.png 56
50738.png 57
39148.png 58
28739.png 59
27109.png 60
11612.png 61
96521.png 62
19666.png 63
39640.png 64
6600.png 65
94697.png 66
61.png 67
50692.png 68
70548.png 69
92136.png 70
61060.png 71
32087.png 72
48497.png 73
10826.png 74
80568.png 75
73652.png 76
48786.png 77
34657.png 78
91186.png 79
12923.png 80
8906.png 81
63199.png 82
43054.png 83
86807.png 84
81672.png 85
69389.png 86
38995.png 87
52301.png 88
91468.png 89
47799.png 90
82425.png 91
76857.png 92
51033.png 93
57138.png 94
28079.png 95
29982.png 96
100014.png 97
26946.png 98
13646.png 99
49288.png 100
22628.png 101
102875.png 102
11709.png 103
93895.png 104
3353.png 105
86795.png 106
91069.png 107
1958.png 108
69334.png 109
14492.png 110
81416.png 111
92595.png 112
34735.png 113
95037.png 114
23860.png 115
47203.png 116
10667.png 117
93977.png 118
82184.png 119
70303.png 120
57590.png 121
19745.png 122
6095.png 123
11508.png 124
100699.png 125
37657.png 126
39971.png 127
6184.png 128
86297.png 129
58297.png 130
21500.png 131
43046.png 132
81135.png 133
8487.png 134
93295.png 135
82677.png 136
34123.png 137
63146.png 138
83566.png 139
50104.png 140
95506.png 141
38106.png 142
78118.png 143
100660.png 144
99576.png 145
15582.png 146
27093.png 147
41785.png 148
54675.png 149
46144.png 150
3542.png 151
2870.png 152
79473.png 153
21028.png 154
93293.png 155
67995.png 156
62132.png 157
14301.png 158
72145.png 159
8992.png 160
13740.png 161
40641.png 162
15639.png 163
94059.png 164
77014.png 165
44240.png 166
18449.png 167
22692.png 168
53548.png 169
25897.png 170
11195.png 171
35688.png 172
65731.png 173
37916.png 174
74186.png 175
70418.png 176
97848.png 177
46746.png 178
72516.png 179
27835.png 180
42175.png 181
68298.png 182
62346.png 183
96157.png 184
5886.png 185
78023.png 186
63176.png 187
31217.png 188
88349.png 189
56577.png 190
23596.png 191
25261.png 192
50635.png 193
67973.png 194
69731.png 195
22465.png 196
31424.png 197
15902.png 198
33077.png 199
49815.png 200
89092.png 201
74285.png 202
46555.png 203
103434.png 204
79945.png 205
26512.png 206
65089.png 207
68698.png 208
26202.png 209
89775.png 210
72893.png 211
18170.png 212
15966.png 213
30249.png 214
90707.png 215
60212.png 216
15821.png 217
100694.png 218
9310.png 219
57224.png 220
80067.png 221
43777.png 222
22066.png 223
56194.png 224
53903.png 225
35738.png 226
71218.png 227
42057.png 228
27557.png 229
94738.png 230
58795.png 231
52346.png 232
22135.png 233
14416.png 234
37494.png 235
50203.png 236
93381.png 237
39018.png 238
2570.png 239
71819.png 240
92520.png 241
10355.png 242
94807.png 243
87432.png 244
79312.png 245
69937.png 246
91993.png 247
91283.png 248
42328.png 249
6418.png 250
9493.png 251
21387.png 252
77572.png 253
100678.png 254
32578.png 255
61220.png 256
84374.png 257
61601.png 258
83932.png 259
71182.png 260
97502.png 261
92374.png 262
80492.png 263
4977.png 264
87855.png 265
100661.png 266
75690.png 267
12829.png 268
81833.png 269
65407.png 270
88132.png 271
58844.png 272
28747.png 273
12492.png 274
9558.png 275
66031.png 276
3664.png 277
30308.png 278
57472.png 279
76332.png 280
60624.png 281
69392.png 282
37702.png 283
58066.png 284
8650.png 285
34930.png 286
35782.png 287
94142.png 288
55294.png 289
29027.png 290
39093.png 291
22655.png 292
32211.png 293
82773.png 294
75104.png 295
19955.png 296
66039.png 297
50132.png 298
97699.png 299
99478.png 300
26650.png 301
30998.png 302
27399.png 303
47141.png 304
27443.png 305
32440.png 306
95858.png 307
15259.png 308
19118.png 309
47150.png 310
13809.png 311
24201.png 312
35166.png 313
91067.png 314
74673.png 315
40666.png 316
40093.png 317
66588.png 318
35266.png 319
26041.png 320
78948.png 321
47888.png 322
18596.png 323
88748.png 324
83680.png 325
33913.png 326
1222.png 327
70183.png 328
55500.png 329
30189.png 330
82875.png 331
37775.png 332
86472.png 333
51875.png 334
783.png 335
12384.png 336
39925.png 337
57478.png 338
102398.png 339
18696.png 340
91645.png 341
71838.png 342
85950.png 343
98268.png 344
87706.png 345
76621.png 346
2277.png 347
15257.png 348
62983.png 349
2459.png 350
14643.png 351
47485.png 352
4683.png 353
65163.png 354
11181.png 355
73765.png 356
48159.png 357
16927.png 358
96226.png 359
86711.png 360
31846.png 361
27476.png 362
92629.png 363
72224.png 364
85157.png 365
56107.png 366
46785.png 367
62154.png 368
53055.png 369
52218.png 370
15203.png 371
42550.png 372
20353.png 373
1999.png 374
29549.png 375
95749.png 376
33129.png 377
72913.png 378
11074.png 379
27470.png 380
79869.png 381
8719.png 382
8583.png 383
58437.png 384
23464.png 385
487.png 386
45567.png 387
41155.png 388
93562.png 389
54233.png 390
68596.png 391
10168.png 392
91846.png 393
72000.png 394
69305.png 395
1317.png 396
73297.png 397
46484.png 398
25891.png 399
91290.png 400
21628.png 401
95370.png 402
13642.png 403
3822.png 404
25223.png 405
24774.png 406
58409.png 407
80625.png 408
78066.png 409
31987.png 410
5971.png 411
63645.png 412
15686.png 413
48218.png 414
80035.png 415
86755.png 416
38921.png 417
90198.png 418
53905.png 419
36562.png 420
78876.png 421
51163.png 422
77375.png 423
58090.png 424
5937.png 425
61939.png 426
56564.png 427
4728.png 428
23099.png 429
33404.png 430
21137.png 431
26523.png 432
72661.png 433
77493.png 434
52946.png 435
56101.png 436
70680.png 437
60830.png 438
45205.png 439
71069.png 440
13095.png 441
52153.png 442
4660.png 443
80096.png 444
19187.png 445
89129.png 446
76736.png 447
36143.png 448
5960.png 449
98702.png 450
24560.png 451
56088.png 452
34238.png 453
48853.png 454
41241.png 455
27672.png 456
100756.png 457
90841.png 458
52887.png 459
87868.png 460
17487.png 461
63067.png 462
24025.png 463
28702.png 464
58480.png 465
16530.png 466
85812.png 467
2149.png 468
97985.png 469
10620.png 470
52112.png 471
16378.png 472
55939.png 473
96794.png 474
103430.png 475
3915.png 476
29506.png 477
26844.png 478
88713.png 479
26892.png 480
65915.png 481
69974.png 482
67822.png 483
25227.png 484
32064.png 485
25554.png 486
31121.png 487
65649.png 488
30421.png 489
85953.png 490
37357.png 491
29409.png 492
97362.png 493
51630.png 494
26059.png 495
47273.png 496
48146.png 497
28935.png 498
53089.png 499
38583.png 500
77313.png 501
82262.png 502
89692.png 503
102236.png 504
22051.png 505
44649.png 506
56737.png 507
67526.png 508
33350.png 509
92711.png 510
15050.png 511
65900.png 512
39657.png 513
50291.png 514
74436.png 515
75578.png 516
32117.png 517
76579.png 518
98631.png 519
97254.png 520
52852.png 521
20665.png 522
12710.png 523
5273.png 524
31555.png 525
22788.png 526
88233.png 527
16397.png 528
56824.png 529
686.png 530
83764.png 531
76293.png 532
18774.png 533
97294.png 534
27534.png 535
6486.png 536
2994.png 537
97422.png 538
72735.png 539
78258.png 540
32432.png 541
45407.png 542
49886.png 543
98746.png 544
91360.png 545
81995.png 546
12184.png 547
98327.png 548
102327.png 549
77044.png 550
23862.png 551
67221.png 552
6140.png 553
41133.png 554
56160.png 555
36204.png 556
10982.png 557
83553.png 558
90296.png 559
102654.png 560
58395.png 561
56739.png 562
66032.png 563
36638.png 564
189.png 565
33576.png 566
77071.png 567
69413.png 568
65536.png 569
51521.png 570
91810.png 571
58323.png 572
84477.png 573
9333.png 574
61258.png 575
100398.png 576
3565.png 577
3098.png 578
66716.png 579
69870.png 580
44046.png 581
71453.png 582
14853.png 583
14195.png 584
43006.png 585
41995.png 586
88118.png 587
90916.png 588
101843.png 589
87381.png 590
72953.png 591
59626.png 592
80251.png 593
2210.png 594
57125.png 595
17690.png 596
3831.png 597
60282.png 598
19417.png 599
62929.png 600
9006.png 601
94140.png 602
51089.png 603
3080.png 604
75808.png 605
71712.png 606
13167.png 607
34570.png 608
3425.png 609
97911.png 610
96885.png 611
95015.png 612
48277.png 613
24176.png 614
1067.png 615
38178.png 616
36023.png 617
49159.png 618
19740.png 619
11418.png 620
20272.png 621
95564.png 622
78392.png 623
19311.png 624
83677.png 625
86756.png 626
6701.png 627
62661.png 628
72084.png 629
80986.png 630
3682.png 631
73865.png 632
100002.png 633
34537.png 634
40252.png 635
14677.png 636
48990.png 637
88172.png 638
38811.png 639
1949.png 640
43182.png 641
70221.png 642
52894.png 643
11032.png 644
55612.png 645
69522.png 646
18389.png 647
26398.png 648
64411.png 649
45272.png 650
20821.png 651
30183.png 652
61095.png 653
75290.png 654
20285.png 655
94230.png 656
66077.png 657
74203.png 658
48965.png 659
80137.png 660
20788.png 661
100455.png 662
44349.png 663
42582.png 664
24622.png 665
80471.png 666
42062.png 667
29719.png 668
69311.png 669
21873.png 670
78267.png 671
17341.png 672
37108.png 673
87984.png 674
67857.png 675
39510.png 676
80908.png 677
41503.png 678
95824.png 679
33181.png 680
67117.png 681
67904.png 682
75539.png 683
19662.png 684
88659.png 685
80026.png 686
29724.png 687
12646.png 688
23858.png 689
33428.png 690
80897.png 691
84893.png 692
24619.png 693
100040.png 694
35475.png 695
24182.png 696
14520.png 697
20853.png 698
76817.png 699
39229.png 700
19752.png 701
52187.png 702
74212.png 703
60171.png 704
48006.png 705
20159.png 706
95438.png 707
83287.png 708
96192.png 709
15421.png 710
44186.png 711
83427.png 712
27994.png 713
8019.png 714
38976.png 715
31927.png 716
94265.png 717
55358.png 718
79001.png 719
7809.png 720
103205.png 721
27326.png 722
16442.png 723
15104.png 724
63933.png 725
83473.png 726
13008.png 727
5496.png 728
73238.png 729
26442.png 730
67278.png 731
97992.png 732
15476.png 733
99697.png 734
79834.png 735
88759.png 736
18829.png 737
73989.png 738
11021.png 739
64546.png 740
23015.png 741
61415.png 742
6875.png 743
97318.png 744
14602.png 745
13324.png 746
39400.png 747
42986.png 748
41342.png 749
64391.png 750
8637.png 751
17140.png 752
28673.png 753
27108.png 754
47979.png 755
49780.png 756
91112.png 757
62509.png 758
46252.png 759
38449.png 760
77920.png 761
71790.png 762
48575.png 763
9146.png 764
3457.png 765
52622.png 766
76993.png 767
44425.png 768
59095.png 769
8047.png 770
14594.png 771
51697.png 772
5242.png 773
21837.png 774
47101.png 775
25838.png 776
85085.png 777
11550.png 778
81501.png 779
100597.png 780
78866.png 781
46566.png 782
102293.png 783
48510.png 784
49433.png 785
84303.png 786
57728.png 787
72745.png 788
1155.png 789
10784.png 790
27232.png 791
6191.png 792
96432.png 793
80220.png 794
84053.png 795
81013.png 796
98508.png 797
59856.png 798
22164.png 799
60957.png 800
25584.png 801
31225.png 802
50349.png 803
58841.png 804
4165.png 805
68115.png 806
19326.png 807
6797.png 808
6417.png 809
26460.png 810
9085.png 811
22002.png 812
9093.png 813
44766.png 814
14945.png 815
41118.png 816
82084.png 817
35141.png 818
79575.png 819
56263.png 820
48426.png 821
74746.png 822
203.png 823
1888.png 824
101487.png 825
67590.png 826
89453.png 827
95814.png 828
63269.png 829
99148.png 830
74333.png 831
79784.png 832
92561.png 833
84395.png 834
33557.png 835
90081.png 836
13940.png 837
70732.png 838
84114.png 839
61725.png 840
34140.png 841
10984.png 842
50376.png 843
20593.png 844
59147.png 845
48324.png 846
10139.png 847
66052.png 848
16487.png 849
24965.png 850
49118.png 851
5000.png 852
74151.png 853
799.png 854
32208.png 855
78142.png 856
83386.png 857
88561.png 858
72543.png 859
31727.png 860
78729.png 861
71906.png 862
11212.png 863
14500.png 864
88413.png 865
10794.png 866
66215.png 867
14562.png 868
10418.png 869
10945.png 870
74374.png 871
66923.png 872
64320.png 873
9828.png 874
56099.png 875
72769.png 876
45457.png 877
65250.png 878
6729.png 879
92326.png 880
67887.png 881
88311.png 882
94940.png 883
36753.png 884
95734.png 885
26944.png 886
96244.png 887
49244.png 888
100008.png 889
32742.png 890
52239.png 891
63837.png 892
56025.png 893
20318.png 894
58407.png 895
84326.png 896
39617.png 897
64700.png 898
77366.png 899
17647.png 900
95156.png 901
1645.png 902
24519.png 903
32278.png 904
45140.png 905
73161.png 906
83799.png 907
86190.png 908
20829.png 909
62890.png 910
22818.png 911
12705.png 912
11486.png 913
11038.png 914
6596.png 915
64982.png 916
18891.png 917
26235.png 918
24062.png 919
9503.png 920
102502.png 921
3328.png 922
73790.png 923
16363.png 924
93651.png 925
86346.png 926
77705.png 927
43060.png 928
46938.png 929
62860.png 930
72106.png 931
37137.png 932
2869.png 933
29301.png 934
96826.png 935
5334.png 936
53083.png 937
98446.png 938
18175.png 939
15807.png 940
61546.png 941
15665.png 942
4112.png 943
42649.png 944
65000.png 945
25667.png 946
68640.png 947
82499.png 948
63542.png 949
37118.png 950
69521.png 951
51535.png 952
29956.png 953
40436.png 954
85859.png 955
41264.png 956
20465.png 957
83396.png 958
46118.png 959
94228.png 960
28757.png 961
61553.png 962
90638.png 963
83321.png 964
34349.png 965
22694.png 966
55015.png 967
27769.png 968
103212.png 969
93432.png 970
60070.png 971
32018.png 972
82089.png 973
75881.png 974
76107.png 975
93008.png 976
89963.png 977
34572.png 978
100476.png 979
2381.png 980
96753.png 981
47562.png 982
9901.png 983
94356.png 984
94761.png 985
74423.png 986
43014.png 987
3701.png 988
1952.png 989
88562.png 990
103203.png 991
59640.png 992
97867.png 993
64426.png 994
66068.png 995
92008.png 996
51700.png 997
5238.png 998
11218.png 999
9843.png 1000
87857.png 1001
57901.png 1002
77742.png 1003
79895.png 1004
16783.png 1005
57238.png 1006
17205.png 1007
92062.png 1008
64883.png 1009
71715.png 1010
89994.png 1011
31677.png 1012
48633.png 1013
98612.png 1014
36569.png 1015
52473.png 1016
69876.png 1017
25898.png 1018
38755.png 1019
63521.png 1020
94566.png 1021
14847.png 1022
96240.png 1023
93273.png 1024
8076.png 1025
25979.png 1026
50882.png 1027
77359.png 1028
27805.png 1029
70098.png 1030
99052.png 1031
99925.png 1032
66261.png 1033
61179.png 1034
27309.png 1035
85067.png 1036
97760.png 1037
1124.png 1038
39636.png 1039
18856.png 1040
64106.png 1041
74483.png 1042
6990.png 1043
82913.png 1044
45642.png 1045
86054.png 1046
52480.png 1047
7308.png 1048
2711.png 1049
48751.png 1050
96194.png 1051
11604.png 1052
60570.png 1053
89427.png 1054
103005.png 1055
53382.png 1056
31784.png 1057
92527.png 1058
13903.png 1059
33723.png 1060
17427.png 1061
56525.png 1062
96067.png 1063
68880.png 1064
66403.png 1065
16659.png 1066
98802.png 1067
97504.png 1068
58102.png 1069
8038.png 1070
1859.png 1071
71394.png 1072
26268.png 1073
31777.png 1074
7142.png 1075
72143.png 1076
99256.png 1077
64988.png 1078
78340.png 1079
55522.png 1080
78263.png 1081
21107.png 1082
46799.png 1083
52584.png 1084
23109.png 1085
9775.png 1086
20069.png 1087
65884.png 1088
31049.png 1089
8263.png 1090
77137.png 1091
30378.png 1092
28772.png 1093
42642.png 1094
13355.png 1095
22711.png 1096
12808.png 1097
82214.png 1098
98894.png 1099
93309.png 1100
25525.png 1101
99018.png 1102
25203.png 1103
59146.png 1104
3193.png 1105
17040.png 1106
93555.png 1107
17360.png 1108
73558.png 1109
62253.png 1110
57119.png 1111
57118.png 1112
74291.png 1113
93077.png 1114
64951.png 1115
52491.png 1116
39949.png 1117
3958.png 1118
80.png 1119
17037.png 1120
31441.png 1121
10227.png 1122
66246.png 1123
95936.png 1124
56578.png 1125
12166.png 1126
10164.png 1127
28346.png 1128
26995.png 1129
12065.png 1130
25039.png 1131
10657.png 1132
28328.png 1133
45568.png 1134
59042.png 1135
7571.png 1136
22601.png 1137
88522.png 1138
18191.png 1139
13461.png 1140
48349.png 1141
93067.png 1142
46311.png 1143
84885.png 1144
92471.png 1145
62232.png 1146
72433.png 1147
103024.png 1148
58275.png 1149
39682.png 1150
55657.png 1151
58503.png 1152
894.png 1153
80693.png 1154
48423.png 1155
93251.png 1156
14413.png 1157
92310.png 1158
23905.png 1159
47552.png 1160
64723.png 1161
7697.png 1162
81230.png 1163
67298.png 1164
48473.png 1165
84775.png 1166
6071.png 1167
2196.png 1168
39426.png 1169
36892.png 1170
82680.png 1171
13118.png 1172
69611.png 1173
1206.png 1174
67702.png 1175
35650.png 1176
76761.png 1177
68508.png 1178
90236.png 1179
82074.png 1180
101110.png 1181
6634.png 1182
75060.png 1183
83668.png 1184
50551.png 1185
84659.png 1186
67571.png 1187
43154.png 1188
81914.png 1189
61555.png 1190
43612.png 1191
102256.png 1192
91617.png 1193
21084.png 1194
25447.png 1195
54629.png 1196
93385.png 1197
46314.png 1198
92321.png 1199
75324.png 1200
23524.png 1201
1184.png 1202
18608.png 1203
38038.png 1204
78167.png 1205
57663.png 1206
81056.png 1207
45266.png 1208
658.png 1209
32600.png 1210
25437.png 1211
30322.png 1212
91065.png 1213
45657.png 1214
21016.png 1215
24945.png 1216
61891.png 1217
29355.png 1218
49761.png 1219
77056.png 1220
55851.png 1221
15576.png 1222
67868.png 1223
41582.png 1224
69549.png 1225
98957.png 1226
43610.png 1227
42656.png 1228
98426.png 1229
13248.png 1230
1675.png 1231
8130.png 1232
53035.png 1233
18742.png 1234
84266.png 1235
87735.png 1236
74804.png 1237
32333.png 1238
74458.png 1239
2458.png 1240
76520.png 1241
70866.png 1242
44849.png 1243
568.png 1244
10687.png 1245
59745.png 1246
7240.png 1247
5447.png 1248
88111.png 1249
5547.png 1250
56393.png 1251
37864.png 1252
70907.png 1253
89491.png 1254
92202.png 1255
34966.png 1256
21369.png 1257
15545.png 1258
33932.png 1259
66675.png 1260
84082.png 1261
50542.png 1262
84247.png 1263
11675.png 1264
40117.png 1265
89045.png 1266
30673.png 1267
66147.png 1268
25722.png 1269
61049.png 1270
91003.png 1271
17798.png 1272
737.png 1273
43145.png 1274
4100.png 1275
85523.png 1276
61750.png 1277
76116.png 1278
50276.png 1279
30255.png 1280
63757.png 1281
51366.png 1282
69586.png 1283
32632.png 1284
74598.png 1285
11090.png 1286
63117.png 1287
66779.png 1288
86926.png 1289
84157.png 1290
26166.png 1291
36264.png 1292
86283.png 1293
7507.png 1294
19882.png 1295
93907.png 1296
23831.png 1297
19754.png 1298
18190.png 1299
33688.png 1300
46348.png 1301
31613.png 1302
3932.png 1303
89012.png 1304
22994.png 1305
88508.png 1306
21341.png 1307
28147.png 1308
39211.png 1309
26058.png 1310
29722.png 1311
44091.png 1312
10008.png 1313
48100.png 1314
44384.png 1315
74155.png 1316
53500.png 1317
2113.png 1318
102639.png 1319
81604.png 1320
100878.png 1321
57577.png 1322
57342.png 1323
77654.png 1324
96739.png 1325
68985.png 1326
62618.png 1327
25732.png 1328
81036.png 1329
93269.png 1330
81771.png 1331
62987.png 1332
18964.png 1333
45199.png 1334
37885.png 1335
16163.png 1336
62499.png 1337
86399.png 1338
11854.png 1339
72085.png 1340
80922.png 1341
13089.png 1342
43358.png 1343
39497.png 1344
84368.png 1345
8055.png 1346
47672.png 1347
35745.png 1348
39811.png 1349
40164.png 1350
67269.png 1351
61368.png 1352
92633.png 1353
38693.png 1354
91213.png 1355
72825.png 1356
39807.png 1357
33480.png 1358
98049.png 1359
56711.png 1360
33094.png 1361
81299.png 1362
70382.png 1363
48672.png 1364
31361.png 1365
52963.png 1366
11792.png 1367
79463.png 1368
91136.png 1369
26741.png 1370
31452.png 1371
30682.png 1372
16706.png 1373
98586.png 1374
76721.png 1375
70336.png 1376
38056.png 1377
49054.png 1378
35347.png 1379
15710.png 1380
68061.png 1381
55927.png 1382
38297.png 1383
65361.png 1384
70810.png 1385
101225.png 1386
87946.png 1387
66936.png 1388
101592.png 1389
49442.png 1390
2192.png 1391
100812.png 1392
38327.png 1393
78037.png 1394
12990.png 1395
87688.png 1396
212.png 1397
47478.png 1398
14583.png 1399
78154.png 1400
22527.png 1401
74093.png 1402
1867.png 1403
31207.png 1404
60599.png 1405
40365.png 1406
101420.png 1407
48388.png 1408
99376.png 1409
16133.png 1410
49974.png 1411
3802.png 1412
23654.png 1413
103165.png 1414
62835.png 1415
89553.png 1416
36548.png 1417
39087.png 1418
91268.png 1419
68845.png 1420
83225.png 1421
47868.png 1422
34751.png 1423
26409.png 1424
68979.png 1425
9921.png 1426
30363.png 1427
1180.png 1428
20016.png 1429
89150.png 1430
56361.png 1431
69142.png 1432
88028.png 1433
74862.png 1434
8041.png 1435
88971.png 1436
59108.png 1437
1363.png 1438
92331.png 1439
43743.png 1440
77547.png 1441
18552.png 1442
51646.png 1443
11873.png 1444
88527.png 1445
25248.png 1446
102188.png 1447
102143.png 1448
66736.png 1449
47447.png 1450
70522.png 1451
48174.png 1452
87409.png 1453
78203.png 1454
21588.png 1455
49727.png 1456
61568.png 1457
65017.png 1458
28859.png 1459
1890.png 1460
65744.png 1461
78593.png 1462
66706.png 1463
29877.png 1464
41286.png 1465
76781.png 1466
45446.png 1467
97943.png 1468
7492.png 1469
71711.png 1470
83030.png 1471
33594.png 1472
65981.png 1473
32959.png 1474
41859.png 1475
20057.png 1476
102458.png 1477
29052.png 1478
94629.png 1479
103315.png 1480
59012.png 1481
41699.png 1482
84894.png 1483
68583.png 1484
91515.png 1485
86750.png 1486
34450.png 1487
25273.png 1488
63500.png 1489
17400.png 1490
17697.png 1491
68144.png 1492
14309.png 1493
31355.png 1494
11940.png 1495
67758.png 1496
2625.png 1497
55187.png 1498
47767.png 1499
52688.png 1500
74224.png 1501
89535.png 1502
23439.png 1503
42436.png 1504
850.png 1505
76485.png 1506
55227.png 1507
76881.png 1508
64099.png 1509
60860.png 1510
34083.png 1511
13534.png 1512
11126.png 1513
36164.png 1514
43843.png 1515
99431.png 1516
9662.png 1517
41347.png 1518
66208.png 1519
58381.png 1520
73754.png 1521
53627.png 1522
23078.png 1523
41454.png 1524
38390.png 1525
56248.png 1526
3911.png 1527
50263.png 1528
57073.png 1529
21303.png 1530
34950.png 1531
77190.png 1532
49122.png 1533
84305.png 1534
8413.png 1535
170.png 1536
49554.png 1537
38705.png 1538
82223.png 1539
32212.png 1540
67007.png 1541
43293.png 1542
93992.png 1543
66226.png 1544
19318.png 1545
89660.png 1546
93972.png 1547
29000.png 1548
66366.png 1549
94205.png 1550
37483.png 1551
48378.png 1552
31484.png 1553
78150.png 1554
13654.png 1555
70825.png 1556
19770.png 1557
16387.png 1558
98993.png 1559
4880.png 1560
9390.png 1561
8900.png 1562
35013.png 1563
52074.png 1564
11360.png 1565
77034.png 1566
62491.png 1567
15072.png 1568
28791.png 1569
65749.png 1570
64839.png 1571
70699.png 1572
70109.png 1573
24907.png 1574
102334.png 1575
70298.png 1576
25685.png 1577
3213.png 1578
43478.png 1579
53906.png 1580
7729.png 1581
3648.png 1582
76407.png 1583
24099.png 1584
35921.png 1585
2862.png 1586
35807.png 1587
25668.png 1588
46040.png 1589
14574.png 1590
17093.png 1591
46383.png 1592
90643.png 1593
86120.png 1594
81874.png 1595
1746.png 1596
27812.png 1597
83652.png 1598
22253.png 1599
66835.png 1600
65230.png 1601
47217.png 1602
81638.png 1603
76005.png 1604
47534.png 1605
2907.png 1606
34736.png 1607
38286.png 1608
102313.png 1609
52817.png 1610
80476.png 1611
68151.png 1612
47458.png 1613
71732.png 1614
93884.png 1615
71071.png 1616
80527.png 1617
66720.png 1618
101488.png 1619
26727.png 1620
8770.png 1621
89405.png 1622
55676.png 1623
247.png 1624
73075.png 1625
38524.png 1626
23231.png 1627
38753.png 1628
2913.png 1629
32962.png 1630
101925.png 1631
12716.png 1632
99128.png 1633
93069.png 1634
4633.png 1635
15715.png 1636
26068.png 1637
32413.png 1638
20399.png 1639
39144.png 1640
74025.png 1641
9553.png 1642
57447.png 1643
76754.png 1644
93595.png 1645
39029.png 1646
11201.png 1647
97105.png 1648
48061.png 1649
45678.png 1650
73264.png 1651
51264.png 1652
64110.png 1653
102471.png 1654
87011.png 1655
89359.png 1656
53786.png 1657
10096.png 1658
15493.png 1659
11878.png 1660
101034.png 1661
41789.png 1662
101147.png 1663
81505.png 1664
91248.png 1665
55645.png 1666
19771.png 1667
58039.png 1668
30079.png 1669
34271.png 1670
57817.png 1671
24723.png 1672
5801.png 1673
61162.png 1674
99962.png 1675
57631.png 1676
93975.png 1677
102701.png 1678
5474.png 1679
16234.png 1680
65197.png 1681
19176.png 1682
98391.png 1683
99574.png 1684
15435.png 1685
87181.png 1686
89211.png 1687
14607.png 1688
42827.png 1689
9831.png 1690
73454.png 1691
66787.png 1692
96419.png 1693
45343.png 1694
10947.png 1695
53171.png 1696
58032.png 1697
40471.png 1698
46816.png 1699
43796.png 1700
25133.png 1701
61156.png 1702
75130.png 1703
78110.png 1704
43501.png 1705
24208.png 1706
12074.png 1707
61596.png 1708
78638.png 1709
74492.png 1710
69336.png 1711
89774.png 1712
74171.png 1713
71094.png 1714
24815.png 1715
23855.png 1716
89385.png 1717
92258.png 1718
64243.png 1719
82451.png 1720
88838.png 1721
99327.png 1722
18331.png 1723
40194.png 1724
98410.png 1725
72754.png 1726
66488.png 1727
51497.png 1728
100657.png 1729
57507.png 1730
99076.png 1731
100025.png 1732
48662.png 1733
34408.png 1734
29284.png 1735
95111.png 1736
11339.png 1737
24977.png 1738
64637.png 1739
83346.png 1740
49728.png 1741
9496.png 1742
79339.png 1743
57131.png 1744
70324.png 1745
95591.png 1746
93657.png 1747
59408.png 1748
44463.png 1749
99104.png 1750
17414.png 1751
64214.png 1752
94302.png 1753
45022.png 1754
98367.png 1755
64407.png 1756
9029.png 1757
6753.png 1758
36199.png 1759
26787.png 1760
92034.png 1761
79937.png 1762
10247.png 1763
60493.png 1764
93897.png 1765
76673.png 1766
57602.png 1767
14389.png 1768
24997.png 1769
69154.png 1770
51345.png 1771
69869.png 1772
18503.png 1773
11856.png 1774
57953.png 1775
45593.png 1776
2776.png 1777
33973.png 1778
36610.png 1779
44855.png 1780
42021.png 1781
52835.png 1782
94349.png 1783
73124.png 1784
95801.png 1785
51842.png 1786
88266.png 1787
85971.png 1788
61098.png 1789
64467.png 1790
21661.png 1791
29537.png 1792
97306.png 1793
50148.png 1794
75164.png 1795
72346.png 1796
12558.png 1797
84064.png 1798
88212.png 1799
82751.png 1800
100982.png 1801
46779.png 1802
90670.png 1803
43285.png 1804
102138.png 1805
79907.png 1806
88819.png 1807
81901.png 1808
1070.png 1809
55380.png 1810
37002.png 1811
82250.png 1812
23766.png 1813
46289.png 1814
42230.png 1815
44383.png 1816
101383.png 1817
61311.png 1818
94544.png 1819
53364.png 1820
97211.png 1821
48782.png 1822
75152.png 1823
85581.png 1824
13226.png 1825
99212.png 1826
17718.png 1827
31537.png 1828
93450.png 1829
51565.png 1830
3450.png 1831
61032.png 1832
46738.png 1833
8045.png 1834
66353.png 1835
46084.png 1836
5193.png 1837
69243.png 1838
53340.png 1839
16740.png 1840
19500.png 1841
81088.png 1842
68488.png 1843
32903.png 1844
20716.png 1845
78595.png 1846
22140.png 1847
5521.png 1848
72086.png 1849
33249.png 1850
25647.png 1851
69639.png 1852
10638.png 1853
36956.png 1854
16611.png 1855
40796.png 1856
71869.png 1857
91955.png 1858
23094.png 1859
53554.png 1860
39199.png 1861
50145.png 1862
80130.png 1863
19885.png 1864
20785.png 1865
7776.png 1866
20800.png 1867
21481.png 1868
9178.png 1869
7753.png 1870
34519.png 1871
31309.png 1872
67422.png 1873
66064.png 1874
98428.png 1875
73895.png 1876
88938.png 1877
34932.png 1878
100928.png 1879
51262.png 1880
31231.png 1881
83906.png 1882
10959.png 1883
25886.png 1884
91765.png 1885
27340.png 1886
87753.png 1887
65922.png 1888
86410.png 1889
67045.png 1890
66480.png 1891
79748.png 1892
36615.png 1893
60576.png 1894
41073.png 1895
21288.png 1896
30312.png 1897
31959.png 1898
37805.png 1899
18640.png 1900
28400.png 1901
94322.png 1902
5513.png 1903
13662.png 1904
9288.png 1905
3740.png 1906
47349.png 1907
96651.png 1908
72638.png 1909
16185.png 1910
56008.png 1911
46074.png 1912
94576.png 1913
42198.png 1914
29682.png 1915
7039.png 1916
15802.png 1917
9674.png 1918
34913.png 1919
10994.png 1920
70174.png 1921
72608.png 1922
64385.png 1923
62362.png 1924
48436.png 1925
66572.png 1926
25430.png 1927
2681.png 1928
34818.png 1929
72583.png 1930
4497.png 1931
84792.png 1932
83125.png 1933
36489.png 1934
10028.png 1935
17662.png 1936
73576.png 1937
44930.png 1938
86717.png 1939
56944.png 1940
77420.png 1941
101455.png 1942
22834.png 1943
55371.png 1944
89734.png 1945
71901.png 1946
44947.png 1947
34837.png 1948
61515.png 1949
47639.png 1950
28926.png 1951
30543.png 1952
24538.png 1953
94223.png 1954
92867.png 1955
11097.png 1956
13683.png 1957
50762.png 1958
71302.png 1959
35618.png 1960
30102.png 1961
75430.png 1962
3185.png 1963
90653.png 1964
49787.png 1965
91851.png 1966
15696.png 1967
4072.png 1968
89846.png 1969
34713.png 1970
36533.png 1971
72523.png 1972
95694.png 1973
98263.png 1974
10928.png 1975
98987.png 1976
11660.png 1977
13577.png 1978
64459.png 1979
77740.png 1980
93698.png 1981
28596.png 1982
40693.png 1983
30566.png 1984
96703.png 1985
64339.png 1986
14352.png 1987
41877.png 1988
49281.png 1989
18306.png 1990
35264.png 1991
75363.png 1992
75109.png 1993
55463.png 1994
21249.png 1995
28712.png 1996
98453.png 1997
57831.png 1998
66189.png 1999
42877.png 2000
82746.png 2001
22131.png 2002
7080.png 2003
31230.png 2004
58364.png 2005
100097.png 2006
61439.png 2007
57550.png 2008
96630.png 2009
90850.png 2010
61343.png 2011
90048.png 2012
79091.png 2013
64533.png 2014
37580.png 2015
80040.png 2016
74724.png 2017
40340.png 2018
40966.png 2019
22088.png 2020
68890.png 2021
56494.png 2022
97830.png 2023
97023.png 2024
70704.png 2025
101928.png 2026
84798.png 2027
61168.png 2028
62644.png 2029
17459.png 2030
83549.png 2031
90676.png 2032
62521.png 2033
60295.png 2034
58666.png 2035
48724.png 2036
61994.png 2037
4631.png 2038
37622.png 2039
14527.png 2040
92896.png 2041
62501.png 2042
40920.png 2043
21359.png 2044
66059.png 2045
43259.png 2046
45238.png 2047
62951.png 2048
78069.png 2049
24203.png 2050
94115.png 2051
2298.png 2052
33383.png 2053
67634.png 2054
12717.png 2055
43577.png 2056
24528.png 2057
14404.png 2058
70180.png 2059
27127.png 2060
87799.png 2061
102503.png 2062
80154.png 2063
82468.png 2064
45886.png 2065
24248.png 2066
88225.png 2067
69539.png 2068
47197.png 2069
13374.png 2070
99030.png 2071
71695.png 2072
39598.png 2073
82745.png 2074
74858.png 2075
45990.png 2076
77447.png 2077
12442.png 2078
75270.png 2079
5331.png 2080
77008.png 2081
44804.png 2082
22038.png 2083
59404.png 2084
88046.png 2085
37951.png 2086
98795.png 2087
65453.png 2088
84670.png 2089
76481.png 2090
34255.png 2091
100031.png 2092
21915.png 2093
35463.png 2094
14295.png 2095
5775.png 2096
80297.png 2097
45365.png 2098
35583.png 2099
35313.png 2100
12108.png 2101
21368.png 2102
84043.png 2103
17698.png 2104
5640.png 2105
57800.png 2106
13851.png 2107
31836.png 2108
92623.png 2109
40831.png 2110
56264.png 2111
17823.png 2112
85919.png 2113
11824.png 2114
56523.png 2115
2563.png 2116
34177.png 2117
32083.png 2118
34848.png 2119
3462.png 2120
59452.png 2121
29494.png 2122
36435.png 2123
67834.png 2124
75848.png 2125
99661.png 2126
97608.png 2127
75719.png 2128
26590.png 2129
79359.png 2130
87840.png 2131
39330.png 2132
6796.png 2133
78543.png 2134
61463.png 2135
63578.png 2136
89262.png 2137
58047.png 2138
76954.png 2139
28800.png 2140
11355.png 2141
46196.png 2142
69708.png 2143
95535.png 2144
6695.png 2145
9461.png 2146
74572.png 2147
837.png 2148
7618.png 2149
81976.png 2150
65819.png 2151
41316.png 2152
25572.png 2153
94785.png 2154
69967.png 2155
21360.png 2156
36119.png 2157
58685.png 2158
13759.png 2159
8964.png 2160
31937.png 2161
53161.png 2162
2554.png 2163
13870.png 2164
78199.png 2165
7723.png 2166
54341.png 2167
26170.png 2168
88732.png 2169
20884.png 2170
15282.png 2171
33588.png 2172
56627.png 2173
18250.png 2174
102126.png 2175
67160.png 2176
86906.png 2177
71616.png 2178
30314.png 2179
35675.png 2180
91409.png 2181
82548.png 2182
56378.png 2183
5892.png 2184
30965.png 2185
19202.png 2186
41765.png 2187
4821.png 2188
33966.png 2189
97043.png 2190
32631.png 2191
65622.png 2192
94217.png 2193
77983.png 2194
54723.png 2195
43349.png 2196
36315.png 2197
29764.png 2198
69844.png 2199
103362.png 2200
6196.png 2201
78692.png 2202
96604.png 2203
8597.png 2204
50788.png 2205
94225.png 2206
75837.png 2207
8561.png 2208
94751.png 2209
29916.png 2210
81318.png 2211
35117.png 2212
62472.png 2213
22923.png 2214
3136.png 2215
86352.png 2216
22690.png 2217
16030.png 2218
52222.png 2219
86325.png 2220
101139.png 2221
38985.png 2222
63879.png 2223
100133.png 2224
7109.png 2225
84836.png 2226
70706.png 2227
57469.png 2228
53911.png 2229
69003.png 2230
53462.png 2231
78977.png 2232
67279.png 2233
37587.png 2234
10106.png 2235
92257.png 2236
35772.png 2237
8299.png 2238
17960.png 2239
69215.png 2240
10253.png 2241
92624.png 2242
77040.png 2243
97648.png 2244
53308.png 2245
72117.png 2246
57611.png 2247
22826.png 2248
84922.png 2249
72390.png 2250
96530.png 2251
20317.png 2252
100639.png 2253
90157.png 2254
48281.png 2255
12495.png 2256
13092.png 2257
13086.png 2258
97245.png 2259
102792.png 2260
94154.png 2261
80494.png 2262
84008.png 2263
99892.png 2264
45628.png 2265
29364.png 2266
90911.png 2267
36540.png 2268
57903.png 2269
14896.png 2270
15572.png 2271
43151.png 2272
71782.png 2273
56259.png 2274
53482.png 2275
17094.png 2276
57641.png 2277
28323.png 2278
54005.png 2279
12101.png 2280
99286.png 2281
66741.png 2282
28017.png 2283
74442.png 2284
9812.png 2285
66574.png 2286
45215.png 2287
91329.png 2288
97643.png 2289
41684.png 2290
100157.png 2291
44737.png 2292
57503.png 2293
47296.png 2294
20093.png 2295
31118.png 2296
31758.png 2297
13521.png 2298
72625.png 2299
49239.png 2300
8396.png 2301
92246.png 2302
40014.png 2303
9875.png 2304
63321.png 2305
69258.png 2306
91444.png 2307
98031.png 2308
80692.png 2309
40889.png 2310
115.png 2311
38874.png 2312
80212.png 2313
58238.png 2314
86449.png 2315
94762.png 2316
15063.png 2317
101084.png 2318
93415.png 2319
91377.png 2320
88568.png 2321
4406.png 2322
49131.png 2323
21284.png 2324
82758.png 2325
56876.png 2326
91129.png 2327
37878.png 2328
64294.png 2329
92375.png 2330
56051.png 2331
56687.png 2332
63596.png 2333
59111.png 2334
15263.png 2335
4622.png 2336
26958.png 2337
7479.png 2338
78835.png 2339
21330.png 2340
82273.png 2341
101645.png 2342
5291.png 2343
79479.png 2344
82365.png 2345
83696.png 2346
71096.png 2347
98790.png 2348
98547.png 2349
55260.png 2350
61749.png 2351
28558.png 2352
41134.png 2353
49699.png 2354
43979.png 2355
39976.png 2356
3742.png 2357
65968.png 2358
10561.png 2359
99705.png 2360
45579.png 2361
54218.png 2362
100693.png 2363
62413.png 2364
100924.png 2365
86383.png 2366
35198.png 2367
51574.png 2368
44335.png 2369
96700.png 2370
67987.png 2371
7092.png 2372
54130.png 2373
102656.png 2374
92627.png 2375
12837.png 2376
23739.png 2377
53446.png 2378
47607.png 2379
86960.png 2380
47825.png 2381
47743.png 2382
47070.png 2383
46264.png 2384
32854.png 2385
23893.png 2386
69022.png 2387
32743.png 2388
64624.png 2389
77213.png 2390
90249.png 2391
21697.png 2392
2076.png 2393
72713.png 2394
6775.png 2395
50150.png 2396
3234.png 2397
42728.png 2398
21293.png 2399
99896.png 2400
101657.png 2401
8684.png 2402
34792.png 2403
34965.png 2404
30290.png 2405
13528.png 2406
32670.png 2407
31992.png 2408
71825.png 2409
76676.png 2410
26125.png 2411
90441.png 2412
99752.png 2413
95966.png 2414
54329.png 2415
2784.png 2416
19291.png 2417
70207.png 2418
37593.png 2419
69302.png 2420
1197.png 2421
61093.png 2422
102004.png 2423
60002.png 2424
65659.png 2425
12183.png 2426
89925.png 2427
44494.png 2428
77148.png 2429
15384.png 2430
70503.png 2431
34985.png 2432
70407.png 2433
32551.png 2434
101003.png 2435
82099.png 2436
101278.png 2437
81267.png 2438
3594.png 2439
28604.png 2440
35272.png 2441
18782.png 2442
31208.png 2443
59880.png 2444
74729.png 2445
75151.png 2446
97327.png 2447
80956.png 2448
60942.png 2449
30263.png 2450
62988.png 2451
23729.png 2452
96290.png 2453
21909.png 2454
69383.png 2455
98324.png 2456
31811.png 2457
58629.png 2458
25153.png 2459
7068.png 2460
45510.png 2461
72880.png 2462
53419.png 2463
60583.png 2464
29924.png 2465
60186.png 2466
35189.png 2467
38283.png 2468
16192.png 2469
57000.png 2470
741.png 2471
40269.png 2472
85820.png 2473
13155.png 2474
68773.png 2475
9627.png 2476
74192.png 2477
77532.png 2478
27302.png 2479
78088.png 2480
28756.png 2481
75567.png 2482
45455.png 2483
66190.png 2484
16445.png 2485
29697.png 2486
91154.png 2487
98137.png 2488
33366.png 2489
17913.png 2490
88791.png 2491
55060.png 2492
78147.png 2493
103199.png 2494
57096.png 2495
17992.png 2496
58413.png 2497
94973.png 2498
24693.png 2499
91288.png 2500
51774.png 2501
94862.png 2502
46625.png 2503
91031.png 2504
65231.png 2505
14572.png 2506
49303.png 2507
101035.png 2508
89719.png 2509
36397.png 2510
69676.png 2511
91434.png 2512
71935.png 2513
80802.png 2514
8639.png 2515
58362.png 2516
43832.png 2517
99145.png 2518
31586.png 2519
25446.png 2520
42896.png 2521
47660.png 2522
60162.png 2523
71624.png 2524
66521.png 2525
18568.png 2526
20558.png 2527
55327.png 2528
28428.png 2529
43462.png 2530
62205.png 2531
21537.png 2532
12392.png 2533
3767.png 2534
91127.png 2535
45739.png 2536
47796.png 2537
33337.png 2538
55986.png 2539
72921.png 2540
53215.png 2541
83366.png 2542
92231.png 2543
36190.png 2544
33737.png 2545
100160.png 2546
9245.png 2547
49790.png 2548
99464.png 2549
36601.png 2550
26141.png 2551
82208.png 2552
20426.png 2553
3285.png 2554
36773.png 2555
81513.png 2556
103403.png 2557
26491.png 2558
99200.png 2559
82442.png 2560
65448.png 2561
6741.png 2562
71109.png 2563
33855.png 2564
99693.png 2565
20305.png 2566
14287.png 2567
81554.png 2568
60748.png 2569
76831.png 2570
69487.png 2571
17599.png 2572
54089.png 2573
63130.png 2574
8861.png 2575
78822.png 2576
68205.png 2577
100888.png 2578
10288.png 2579
93083.png 2580
1094.png 2581
95649.png 2582
40246.png 2583
66029.png 2584
73659.png 2585
61300.png 2586
37667.png 2587
91385.png 2588
2425.png 2589
83240.png 2590
18096.png 2591
5590.png 2592
64683.png 2593
99580.png 2594
53777.png 2595
12174.png 2596
7678.png 2597
83044.png 2598
99934.png 2599
27664.png 2600
69514.png 2601
15684.png 2602
28672.png 2603
81104.png 2604
99929.png 2605
65186.png 2606
89348.png 2607
5289.png 2608
79660.png 2609
27428.png 2610
10980.png 2611
31590.png 2612
96946.png 2613
23050.png 2614
83626.png 2615
86809.png 2616
99313.png 2617
56046.png 2618
11519.png 2619
65676.png 2620
72186.png 2621
52938.png 2622
25044.png 2623
37442.png 2624
96057.png 2625
94677.png 2626
54459.png 2627
55889.png 2628
30816.png 2629
27187.png 2630
5914.png 2631
38084.png 2632
3339.png 2633
92650.png 2634
88780.png 2635
93397.png 2636
55000.png 2637
64735.png 2638
30632.png 2639
70406.png 2640
93000.png 2641
50417.png 2642
63074.png 2643
47860.png 2644
33889.png 2645
58942.png 2646
12403.png 2647
4033.png 2648
19881.png 2649
97870.png 2650
86229.png 2651
22055.png 2652
11435.png 2653
78978.png 2654
39679.png 2655
54322.png 2656
24095.png 2657
72395.png 2658
100560.png 2659
59885.png 2660
64578.png 2661
7428.png 2662
10198.png 2663
34355.png 2664
76085.png 2665
75129.png 2666
90008.png 2667
82075.png 2668
28004.png 2669
50619.png 2670
69730.png 2671
102990.png 2672
14272.png 2673
65678.png 2674
12236.png 2675
83789.png 2676
34424.png 2677
23166.png 2678
57873.png 2679
41283.png 2680
98804.png 2681
50859.png 2682
84544.png 2683
55222.png 2684
51455.png 2685
87285.png 2686
4851.png 2687
68171.png 2688
39746.png 2689
43074.png 2690
59653.png 2691
22726.png 2692
75656.png 2693
86332.png 2694
6676.png 2695
28264.png 2696
15477.png 2697
71798.png 2698
76822.png 2699
34326.png 2700
3657.png 2701
82991.png 2702
19537.png 2703
11449.png 2704
81464.png 2705
90522.png 2706
91904.png 2707
98738.png 2708
99617.png 2709
48640.png 2710
84803.png 2711
40490.png 2712
24313.png 2713
46682.png 2714
90034.png 2715
54764.png 2716
42520.png 2717
96906.png 2718
36890.png 2719
88739.png 2720
9880.png 2721
92007.png 2722
16316.png 2723
92255.png 2724
63834.png 2725
64092.png 2726
38340.png 2727
48386.png 2728
7192.png 2729
49197.png 2730
20866.png 2731
71789.png 2732
99516.png 2733
25986.png 2734
71297.png 2735
83646.png 2736
57653.png 2737
9790.png 2738
72836.png 2739
90543.png 2740
42942.png 2741
99604.png 2742
30327.png 2743
27242.png 2744
29236.png 2745
9671.png 2746
2133.png 2747
8457.png 2748
87411.png 2749
64036.png 2750
52735.png 2751
80716.png 2752
76616.png 2753
34207.png 2754
67628.png 2755
23000.png 2756
103058.png 2757
24096.png 2758
1506.png 2759
59035.png 2760
41792.png 2761
93223.png 2762
72726.png 2763
26843.png 2764
102253.png 2765
62892.png 2766
3105.png 2767
21384.png 2768
17388.png 2769
103266.png 2770
92400.png 2771
80772.png 2772
75524.png 2773
81881.png 2774
37181.png 2775
57188.png 2776
93521.png 2777
58358.png 2778
99562.png 2779
37875.png 2780
99827.png 2781
52312.png 2782
66139.png 2783
102620.png 2784
6698.png 2785
53856.png 2786
77499.png 2787
5510.png 2788
13741.png 2789
89165.png 2790
35929.png 2791
47131.png 2792
78898.png 2793
16058.png 2794
9768.png 2795
31907.png 2796
95599.png 2797
79745.png 2798
18737.png 2799
50863.png 2800
81030.png 2801
815.png 2802
90574.png 2803
82530.png 2804
24472.png 2805
90984.png 2806
83706.png 2807
102291.png 2808
66960.png 2809
5902.png 2810
69352.png 2811
86600.png 2812
26200.png 2813
33089.png 2814
44873.png 2815
20166.png 2816
74513.png 2817
20368.png 2818
52984.png 2819
63654.png 2820
2281.png 2821
79064.png 2822
94853.png 2823
28575.png 2824
89155.png 2825
790.png 2826
49615.png 2827
7081.png 2828
97423.png 2829
26580.png 2830
63869.png 2831
74571.png 2832
69851.png 2833
29249.png 2834
103268.png 2835
39956.png 2836
82791.png 2837
100494.png 2838
90645.png 2839
88216.png 2840
55256.png 2841
79241.png 2842
19052.png 2843
25780.png 2844
89205.png 2845
79815.png 2846
6459.png 2847
1421.png 2848
36865.png 2849
57530.png 2850
53681.png 2851
72107.png 2852
77619.png 2853
80250.png 2854
91594.png 2855
79666.png 2856
59289.png 2857
43847.png 2858
92613.png 2859
75673.png 2860
767.png 2861
14436.png 2862
24400.png 2863
81485.png 2864
102281.png 2865
70256.png 2866
49450.png 2867
18211.png 2868
35585.png 2869
46530.png 2870
59805.png 2871
16770.png 2872
50823.png 2873
46868.png 2874
32855.png 2875
33309.png 2876
52011.png 2877
22876.png 2878
38347.png 2879
73224.png 2880
50313.png 2881
14701.png 2882
94147.png 2883
71383.png 2884
13592.png 2885
95503.png 2886
28970.png 2887
67026.png 2888
74583.png 2889
81423.png 2890
101234.png 2891
96510.png 2892
58930.png 2893
10820.png 2894
39375.png 2895
17750.png 2896
49331.png 2897
47054.png 2898
54808.png 2899
64058.png 2900
86029.png 2901
38768.png 2902
43005.png 2903
20872.png 2904
43118.png 2905
66373.png 2906
62571.png 2907
68869.png 2908
36403.png 2909
50253.png 2910
87551.png 2911
86226.png 2912
96639.png 2913
30584.png 2914
1447.png 2915
81840.png 2916
54450.png 2917
89679.png 2918
81580.png 2919
93936.png 2920
64322.png 2921
10534.png 2922
84278.png 2923
52962.png 2924
25807.png 2925
49297.png 2926
19616.png 2927
85145.png 2928
88217.png 2929
35767.png 2930
16175.png 2931
82821.png 2932
24274.png 2933
95866.png 2934
37877.png 2935
11075.png 2936
82370.png 2937
29967.png 2938
47256.png 2939
91298.png 2940
9248.png 2941
49921.png 2942
70519.png 2943
70008.png 2944
1750.png 2945
98074.png 2946
3904.png 2947
15127.png 2948
84790.png 2949
72623.png 2950
85935.png 2951
19008.png 2952
95399.png 2953
14688.png 2954
66022.png 2955
102529.png 2956
16036.png 2957
39704.png 2958
99015.png 2959
10633.png 2960
56697.png 2961
25541.png 2962
39042.png 2963
81757.png 2964
4828.png 2965
75384.png 2966
13013.png 2967
49899.png 2968
16756.png 2969
50303.png 2970
36568.png 2971
63872.png 2972
41089.png 2973
19453.png 2974
93328.png 2975
29434.png 2976
26821.png 2977
52080.png 2978
79988.png 2979
76307.png 2980
74517.png 2981
17447.png 2982
19861.png 2983
62507.png 2984
8732.png 2985
18473.png 2986
85459.png 2987
27547.png 2988
37933.png 2989
100076.png 2990
56071.png 2991
95806.png 2992
7034.png 2993
66343.png 2994
17434.png 2995
47854.png 2996
61113.png 2997
14798.png 2998
