formulaire019-equation039.png 600
formulaire019-equation044.png 601
formulaire019-equation050.png 602
formulaire019-equation052.png 603
formulaire019-equation057.png 604
formulaire019-equation058.png 605
formulaire019-equation063.png 606
formulaire019-equation064.png 607
formulaire019-equation070.png 608
formulaire019-equation071.png 609
formulaire020-equation000.png 610
formulaire020-equation002.png 611
formulaire020-equation003.png 612
formulaire020-equation005.png 613
formulaire020-equation006.png 614
formulaire020-equation007.png 615
formulaire020-equation008.png 616
formulaire020-equation009.png 617
formulaire020-equation011.png 618
formulaire020-equation012.png 619
formulaire020-equation013.png 620
formulaire020-equation017.png 621
formulaire020-equation018.png 622
formulaire020-equation020.png 623
formulaire020-equation023.png 624
formulaire020-equation026.png 625
formulaire020-equation030.png 626
formulaire020-equation031.png 627
formulaire020-equation038.png 628
formulaire020-equation040.png 629
formulaire020-equation045.png 630
formulaire020-equation046.png 631
formulaire020-equation047.png 632
formulaire020-equation048.png 633
formulaire020-equation050.png 634
formulaire020-equation058.png 635
formulaire020-equation060.png 636
formulaire020-equation062.png 637
formulaire020-equation063.png 638
formulaire020-equation068.png 639
formulaire020-equation069.png 640
formulaire020-equation070.png 641
formulaire020-equation071.png 642
formulaire020-equation073.png 643
formulaire020-equation074.png 644
formulaire021-equation003.png 645
formulaire021-equation007.png 646
formulaire021-equation010.png 647
formulaire021-equation011.png 648
formulaire021-equation015.png 649
formulaire021-equation016.png 650
formulaire021-equation018.png 651
formulaire021-equation020.png 652
formulaire021-equation028.png 653
formulaire021-equation030.png 654
formulaire021-equation033.png 655
formulaire021-equation035.png 656
formulaire021-equation040.png 657
formulaire021-equation041.png 658
formulaire021-equation043.png 659
formulaire021-equation046.png 660
formulaire021-equation048.png 661
formulaire021-equation050.png 662
formulaire021-equation054.png 663
formulaire021-equation057.png 664
formulaire021-equation058.png 665
formulaire021-equation060.png 666
formulaire021-equation065.png 667
formulaire021-equation067.png 668
formulaire021-equation070.png 669
formulaire021-equation074.png 670
formulaire022-equation000.png 671
formulaire022-equation004.png 672
formulaire022-equation005.png 673
formulaire022-equation006.png 674
formulaire022-equation016.png 675
formulaire022-equation023.png 676
formulaire022-equation025.png 677
formulaire022-equation028.png 678
formulaire022-equation030.png 679
formulaire022-equation035.png 680
formulaire022-equation037.png 681
formulaire022-equation041.png 682
formulaire022-equation045.png 683
formulaire022-equation049.png 684
formulaire022-equation050.png 685
formulaire022-equation051.png 686
formulaire022-equation052.png 687
formulaire022-equation055.png 688
formulaire022-equation065.png 689
formulaire023-equation003.png 690
formulaire023-equation006.png 691
formulaire023-equation008.png 692
formulaire023-equation011.png 693
formulaire023-equation018.png 694
formulaire023-equation022.png 695
formulaire023-equation026.png 696
formulaire023-equation028.png 697
formulaire023-equation035.png 698
formulaire023-equation038.png 699
formulaire023-equation040.png 700
formulaire023-equation042.png 701
formulaire023-equation044.png 702
formulaire023-equation046.png 703
formulaire023-equation047.png 704
formulaire023-equation048.png 705
formulaire023-equation050.png 706
formulaire023-equation051.png 707
formulaire023-equation054.png 708
formulaire023-equation056.png 709
formulaire023-equation058.png 710
formulaire023-equation061.png 711
formulaire023-equation062.png 712
formulaire023-equation064.png 713
formulaire023-equation066.png 714
formulaire023-equation069.png 715
formulaire023-equation070.png 716
formulaire024-equation003.png 717
formulaire024-equation011.png 718
formulaire024-equation013.png 719
formulaire024-equation028.png 720
formulaire024-equation033.png 721
formulaire024-equation038.png 722
formulaire024-equation040.png 723
formulaire024-equation041.png 724
formulaire024-equation043.png 725
formulaire024-equation046.png 726
formulaire024-equation050.png 727
formulaire024-equation053.png 728
formulaire024-equation055.png 729
formulaire024-equation057.png 730
formulaire024-equation058.png 731
formulaire024-equation063.png 732
formulaire024-equation066.png 733
formulaire024-equation068.png 734
formulaire024-equation070.png 735
formulaire024-equation071.png 736
formulaire025-equation001.png 737
formulaire025-equation010.png 738
formulaire025-equation018.png 739
formulaire025-equation020.png 740
formulaire025-equation023.png 741
formulaire025-equation027.png 742
formulaire025-equation030.png 743
formulaire025-equation031.png 744
formulaire025-equation041.png 745
formulaire025-equation048.png 746
formulaire025-equation049.png 747
formulaire025-equation050.png 748
formulaire025-equation056.png 749
formulaire025-equation057.png 750
formulaire025-equation060.png 751
formulaire025-equation061.png 752
formulaire025-equation063.png 753
formulaire025-equation065.png 754
formulaire025-equation066.png 755
formulaire025-equation068.png 756
formulaire025-equation070.png 757
formulaire026-equation000.png 758
formulaire026-equation003.png 759
formulaire026-equation010.png 760
formulaire026-equation015.png 761
formulaire026-equation018.png 762
formulaire026-equation023.png 763
formulaire026-equation027.png 764
formulaire026-equation028.png 765
formulaire026-equation030.png 766
formulaire026-equation031.png 767
formulaire026-equation038.png 768
formulaire026-equation039.png 769
formulaire026-equation040.png 770
formulaire026-equation044.png 771
formulaire026-equation046.png 772
formulaire026-equation055.png 773
formulaire026-equation061.png 774
formulaire026-equation063.png 775
formulaire026-equation066.png 776
formulaire026-equation068.png 777
formulaire026-equation070.png 778
formulaire026-equation072.png 779
formulaire027-equation001.png 780
formulaire027-equation011.png 781
formulaire027-equation016.png 782
formulaire027-equation020.png 783
formulaire027-equation022.png 784
formulaire027-equation025.png 785
formulaire027-equation028.png 786
formulaire027-equation029.png 787
formulaire027-equation032.png 788
formulaire027-equation040.png 789
formulaire027-equation041.png 790
formulaire027-equation043.png 791
formulaire027-equation049.png 792
formulaire027-equation050.png 793
formulaire027-equation054.png 794
formulaire027-equation055.png 795
formulaire027-equation056.png 796
formulaire027-equation057.png 797
formulaire027-equation058.png 798
formulaire027-equation061.png 799
formulaire027-equation064.png 800
formulaire027-equation065.png 801
formulaire027-equation069.png 802
formulaire027-equation070.png 803
formulaire027-equation071.png 804
formulaire028-equation005.png 805
formulaire028-equation006.png 806
formulaire028-equation010.png 807
formulaire028-equation014.png 808
formulaire028-equation016.png 809
formulaire028-equation020.png 810
formulaire028-equation024.png 811
formulaire028-equation027.png 812
formulaire028-equation033.png 813
formulaire028-equation050.png 814
formulaire028-equation051.png 815
formulaire028-equation053.png 816
formulaire028-equation056.png 817
formulaire028-equation058.png 818
formulaire028-equation061.png 819
formulaire028-equation065.png 820
formulaire028-equation068.png 821
formulaire028-equation071.png 822
formulaire029-equation001.png 823
formulaire029-equation002.png 824
formulaire029-equation006.png 825
formulaire029-equation010.png 826
formulaire029-equation013.png 827
formulaire029-equation014.png 828
formulaire029-equation015.png 829
formulaire029-equation020.png 830
formulaire029-equation024.png 831
formulaire029-equation025.png 832
formulaire029-equation031.png 833
formulaire029-equation033.png 834
formulaire029-equation035.png 835
formulaire029-equation036.png 836
formulaire029-equation040.png 837
formulaire029-equation045.png 838
formulaire029-equation049.png 839
formulaire029-equation052.png 840
formulaire029-equation053.png 841
formulaire029-equation054.png 842
formulaire029-equation055.png 843
formulaire029-equation060.png 844
formulaire029-equation064.png 845
formulaire029-equation071.png 846
formulaire029-equation073.png 847
formulaire030-equation000.png 848
formulaire030-equation001.png 849
formulaire030-equation005.png 850
formulaire030-equation006.png 851
formulaire030-equation009.png 852
formulaire030-equation014.png 853
formulaire030-equation019.png 854
formulaire030-equation025.png 855
formulaire030-equation033.png 856
formulaire030-equation035.png 857
formulaire030-equation040.png 858
formulaire030-equation041.png 859
formulaire030-equation044.png 860
formulaire030-equation045.png 861
formulaire030-equation049.png 862
formulaire030-equation052.png 863
formulaire030-equation055.png 864
formulaire030-equation056.png 865
formulaire030-equation060.png 866
formulaire030-equation061.png 867
formulaire030-equation066.png 868
formulaire030-equation067.png 869
formulaire030-equation071.png 870
formulaire030-equation074.png 871
formulaire031-equation000.png 872
formulaire031-equation008.png 873
formulaire031-equation010.png 874
formulaire031-equation013.png 875
formulaire031-equation018.png 876
formulaire031-equation023.png 877
formulaire031-equation024.png 878
formulaire031-equation025.png 879
formulaire031-equation027.png 880
formulaire031-equation028.png 881
formulaire031-equation030.png 882
formulaire031-equation041.png 883
formulaire031-equation045.png 884
formulaire031-equation048.png 885
formulaire031-equation053.png 886
formulaire031-equation054.png 887
formulaire031-equation055.png 888
formulaire031-equation060.png 889
formulaire031-equation067.png 890
formulaire031-equation068.png 891
formulaire031-equation071.png 892
formulaire031-equation073.png 893
formulaire031-equation074.png 894
formulaire032-equation001.png 895
formulaire032-equation003.png 896
formulaire032-equation008.png 897
formulaire032-equation010.png 898
formulaire032-equation016.png 899
formulaire032-equation020.png 900
formulaire032-equation021.png 901
formulaire032-equation025.png 902
formulaire032-equation028.png 903
formulaire032-equation029.png 904
formulaire032-equation030.png 905
formulaire032-equation031.png 906
formulaire032-equation033.png 907
formulaire032-equation036.png 908
formulaire032-equation040.png 909
formulaire032-equation045.png 910
formulaire032-equation046.png 911
formulaire032-equation048.png 912
formulaire032-equation049.png 913
formulaire032-equation050.png 914
formulaire032-equation060.png 915
formulaire032-equation061.png 916
formulaire032-equation063.png 917
formulaire032-equation066.png 918
formulaire032-equation068.png 919
formulaire032-equation070.png 920
formulaire033-equation001.png 921
formulaire033-equation003.png 922
formulaire033-equation009.png 923
formulaire033-equation015.png 924
formulaire033-equation016.png 925
formulaire033-equation017.png 926
formulaire033-equation020.png 927
formulaire033-equation026.png 928
formulaire033-equation027.png 929
formulaire033-equation030.png 930
formulaire033-equation038.png 931
formulaire033-equation040.png 932
formulaire033-equation045.png 933
formulaire033-equation050.png 934
formulaire033-equation052.png 935
formulaire033-equation055.png 936
formulaire033-equation056.png 937
formulaire033-equation057.png 938
formulaire033-equation063.png 939
formulaire033-equation065.png 940
formulaire033-equation067.png 941
formulaire033-equation068.png 942
formulaire033-equation070.png 943
formulaire034-equation006.png 944
formulaire034-equation008.png 945
formulaire034-equation010.png 946
formulaire034-equation015.png 947
formulaire034-equation016.png 948
formulaire034-equation018.png 949
formulaire034-equation020.png 950
formulaire034-equation021.png 951
formulaire034-equation025.png 952
formulaire034-equation030.png 953
formulaire034-equation033.png 954
formulaire034-equation035.png 955
formulaire034-equation043.png 956
formulaire034-equation045.png 957
formulaire034-equation050.png 958
formulaire034-equation051.png 959
formulaire034-equation054.png 960
formulaire034-equation055.png 961
formulaire034-equation058.png 962
formulaire034-equation059.png 963
formulaire034-equation060.png 964
formulaire034-equation061.png 965
formulaire034-equation068.png 966
formulaire034-equation069.png 967
formulaire034-equation071.png 968
formulaire035-equation000.png 969
formulaire035-equation001.png 970
formulaire035-equation005.png 971
formulaire035-equation008.png 972
formulaire035-equation010.png 973
formulaire035-equation018.png 974
formulaire035-equation021.png 975
formulaire035-equation024.png 976
formulaire035-equation025.png 977
formulaire035-equation031.png 978
formulaire035-equation035.png 979
formulaire035-equation036.png 980
formulaire035-equation038.png 981
formulaire035-equation050.png 982
formulaire035-equation052.png 983
formulaire035-equation053.png 984
formulaire035-equation056.png 985
formulaire035-equation067.png 986
formulaire035-equation070.png 987
formulaire035-equation073.png 988
formulaire036-equation001.png 989
formulaire036-equation005.png 990
formulaire036-equation007.png 991
formulaire036-equation011.png 992
formulaire036-equation015.png 993
formulaire036-equation019.png 994
formulaire036-equation026.png 995
formulaire036-equation034.png 996
formulaire036-equation038.png 997
formulaire036-equation040.png 998
formulaire036-equation045.png 999
formulaire036-equation046.png 1000
formulaire036-equation051.png 1001
formulaire036-equation055.png 1002
formulaire036-equation056.png 1003
formulaire036-equation058.png 1004
formulaire036-equation060.png 1005
formulaire036-equation061.png 1006
formulaire036-equation068.png 1007
formulaire036-equation070.png 1008
formulaire037-equation005.png 1009
formulaire037-equation011.png 1010
formulaire037-equation015.png 1011
formulaire037-equation018.png 1012
formulaire037-equation019.png 1013
formulaire037-equation023.png 1014
formulaire037-equation024.png 1015
formulaire037-equation028.png 1016
formulaire037-equation031.png 1017
formulaire037-equation032.png 1018
formulaire037-equation033.png 1019
formulaire037-equation034.png 1020
formulaire037-equation038.png 1021
formulaire037-equation041.png 1022
formulaire037-equation045.png 1023
formulaire037-equation046.png 1024
formulaire037-equation049.png 1025
formulaire037-equation050.png 1026
formulaire037-equation051.png 1027
formulaire037-equation054.png 1028
formulaire037-equation056.png 1029
formulaire037-equation058.png 1030
formulaire037-equation065.png 1031
formulaire037-equation066.png 1032
formulaire037-equation068.png 1033
formulaire037-equation070.png 1034
formulaire038-equation000.png 1035
formulaire038-equation006.png 1036
formulaire038-equation008.png 1037
formulaire038-equation009.png 1038
formulaire038-equation011.png 1039
formulaire038-equation016.png 1040
formulaire038-equation019.png 1041
formulaire038-equation022.png 1042
formulaire038-equation023.png 1043
formulaire038-equation026.png 1044
formulaire038-equation038.png 1045
formulaire038-equation039.png 1046
formulaire038-equation042.png 1047
formulaire038-equation046.png 1048
formulaire038-equation047.png 1049
formulaire038-equation049.png 1050
formulaire038-equation055.png 1051
formulaire038-equation068.png 1052
formulaire038-equation070.png 1053
formulaire038-equation071.png 1054
formulaire038-equation072.png 1055
formulaire038-equation073.png 1056
formulaire038-equation074.png 1057
formulaire039-equation000.png 1058
formulaire039-equation005.png 1059
formulaire039-equation011.png 1060
formulaire039-equation025.png 1061
formulaire039-equation028.png 1062
formulaire039-equation030.png 1063
formulaire039-equation031.png 1064
formulaire039-equation033.png 1065
formulaire039-equation036.png 1066
formulaire039-equation042.png 1067
formulaire039-equation045.png 1068
formulaire039-equation048.png 1069
formulaire039-equation050.png 1070
formulaire039-equation052.png 1071
formulaire039-equation053.png 1072
formulaire039-equation054.png 1073
formulaire039-equation055.png 1074
formulaire039-equation056.png 1075
formulaire039-equation058.png 1076
formulaire039-equation062.png 1077
formulaire039-equation065.png 1078
formulaire039-equation068.png 1079
formulaire039-equation071.png 1080
KME1G3_0_sub_21.png 1081
KME1G3_10_sub_21.png 1082
KME1G3_11_sub_21.png 1083
KME1G3_12_sub_21.png 1084
KME1G3_1_sub_21.png 1085
KME1G3_2_sub_21.png 1086
KME1G3_3_sub_21.png 1087
KME1G3_4_sub_21.png 1088
KME1G3_5_sub_21.png 1089
KME1G3_6_sub_21.png 1090
KME1G3_7_sub_21.png 1091
KME1G3_8_sub_21.png 1092
KME1G3_9_sub_21.png 1093
KME2G3_0_sub_95.png 1094
KME2G3_10_sub_95.png 1095
KME2G3_11_sub_95.png 1096
KME2G3_12_sub_95.png 1097
KME2G3_13_sub_95.png 1098
KME2G3_14_sub_95.png 1099
KME2G3_15_sub_95.png 1100
KME2G3_16_sub_95.png 1101
KME2G3_17_sub_95.png 1102
KME2G3_18_sub_95.png 1103
KME2G3_19_sub_95.png 1104
KME2G3_1_sub_95.png 1105
KME2G3_20_sub_95.png 1106
KME2G3_21_sub_95.png 1107
KME2G3_22_sub_95.png 1108
KME2G3_23_sub_95.png 1109
KME2G3_24_sub_95.png 1110
KME2G3_25_sub_95.png 1111
KME2G3_26_sub_95.png 1112
KME2G3_27_sub_95.png 1113
KME2G3_28_sub_95.png 1114
KME2G3_29_sub_95.png 1115
KME2G3_2_sub_95.png 1116
KME2G3_30_sub_95.png 1117
KME2G3_3_sub_95.png 1118
KME2G3_4_sub_95.png 1119
KME2G3_5_sub_95.png 1120
KME2G3_6_sub_95.png 1121
KME2G3_7_sub_95.png 1122
KME2G3_8_sub_95.png 1123
KME2G3_9_sub_95.png 1124
TrainData1_0_sub_21.png 1125
TrainData1_0_sub_7.png 1126
TrainData1_1_sub_21.png 1127
TrainData1_1_sub_7.png 1128
TrainData1_2_sub_21.png 1129
TrainData1_2_sub_7.png 1130
TrainData1_3_sub_21.png 1131
TrainData1_3_sub_7.png 1132
TrainData1_4_sub_21.png 1133
TrainData1_4_sub_7.png 1134
TrainData1_5_sub_21.png 1135
TrainData1_5_sub_7.png 1136
TrainData1_6_sub_21.png 1137
TrainData1_6_sub_7.png 1138
TrainData1_7_sub_21.png 1139
TrainData1_7_sub_7.png 1140
TrainData1_8_sub_21.png 1141
TrainData1_8_sub_7.png 1142
TrainData2_0_sub_13.png 1143
TrainData2_0_sub_20.png 1144
TrainData2_0_sub_39.png 1145
TrainData2_0_sub_41.png 1146
TrainData2_0_sub_63.png 1147
TrainData2_0_sub_71.png 1148
TrainData2_0_sub_95.png 1149
TrainData2_10_sub_13.png 1150
TrainData2_10_sub_20.png 1151
TrainData2_10_sub_39.png 1152
TrainData2_10_sub_41.png 1153
TrainData2_10_sub_63.png 1154
TrainData2_10_sub_71.png 1155
TrainData2_10_sub_95.png 1156
TrainData2_11_sub_13.png 1157
TrainData2_11_sub_20.png 1158
TrainData2_11_sub_39.png 1159
TrainData2_11_sub_41.png 1160
TrainData2_11_sub_63.png 1161
TrainData2_11_sub_71.png 1162
TrainData2_11_sub_95.png 1163
TrainData2_12_sub_13.png 1164
TrainData2_12_sub_20.png 1165
TrainData2_12_sub_39.png 1166
TrainData2_12_sub_41.png 1167
TrainData2_12_sub_63.png 1168
TrainData2_12_sub_71.png 1169
TrainData2_12_sub_95.png 1170
TrainData2_13_sub_13.png 1171
TrainData2_13_sub_20.png 1172
TrainData2_13_sub_39.png 1173
TrainData2_13_sub_41.png 1174
TrainData2_13_sub_63.png 1175
TrainData2_13_sub_71.png 1176
TrainData2_13_sub_95.png 1177
TrainData2_14_sub_13.png 1178
TrainData2_14_sub_20.png 1179
TrainData2_14_sub_39.png 1180
TrainData2_14_sub_41.png 1181
TrainData2_14_sub_63.png 1182
TrainData2_14_sub_71.png 1183
TrainData2_14_sub_95.png 1184
TrainData2_15_sub_13.png 1185
TrainData2_15_sub_20.png 1186
TrainData2_15_sub_39.png 1187
TrainData2_15_sub_41.png 1188
TrainData2_15_sub_63.png 1189
TrainData2_15_sub_71.png 1190
TrainData2_15_sub_95.png 1191
TrainData2_16_sub_13.png 1192
TrainData2_16_sub_20.png 1193
TrainData2_16_sub_39.png 1194
TrainData2_16_sub_41.png 1195
TrainData2_16_sub_63.png 1196
TrainData2_16_sub_71.png 1197
TrainData2_16_sub_95.png 1198
TrainData2_17_sub_13.png 1199
TrainData2_17_sub_20.png 1200
TrainData2_17_sub_39.png 1201
TrainData2_17_sub_41.png 1202
TrainData2_17_sub_63.png 1203
TrainData2_17_sub_71.png 1204
TrainData2_17_sub_95.png 1205
TrainData2_18_sub_13.png 1206
TrainData2_18_sub_20.png 1207
TrainData2_18_sub_39.png 1208
TrainData2_18_sub_41.png 1209
TrainData2_18_sub_63.png 1210
TrainData2_18_sub_71.png 1211
TrainData2_18_sub_95.png 1212
TrainData2_19_sub_13.png 1213
TrainData2_19_sub_20.png 1214
TrainData2_19_sub_39.png 1215
TrainData2_19_sub_41.png 1216
TrainData2_19_sub_63.png 1217
TrainData2_19_sub_71.png 1218
TrainData2_19_sub_95.png 1219
TrainData2_1_sub_13.png 1220
TrainData2_1_sub_20.png 1221
TrainData2_1_sub_39.png 1222
TrainData2_1_sub_41.png 1223
TrainData2_1_sub_63.png 1224
TrainData2_1_sub_71.png 1225
TrainData2_1_sub_95.png 1226
TrainData2_20_sub_13.png 1227
TrainData2_20_sub_20.png 1228
TrainData2_20_sub_39.png 1229
TrainData2_20_sub_41.png 1230
TrainData2_20_sub_63.png 1231
TrainData2_20_sub_71.png 1232
TrainData2_20_sub_95.png 1233
TrainData2_21_sub_13.png 1234
TrainData2_21_sub_20.png 1235
TrainData2_21_sub_39.png 1236
TrainData2_21_sub_41.png 1237
TrainData2_21_sub_63.png 1238
TrainData2_21_sub_71.png 1239
TrainData2_21_sub_95.png 1240
TrainData2_22_sub_13.png 1241
TrainData2_22_sub_20.png 1242
TrainData2_22_sub_39.png 1243
TrainData2_22_sub_41.png 1244
TrainData2_22_sub_63.png 1245
TrainData2_22_sub_71.png 1246
TrainData2_22_sub_95.png 1247
TrainData2_23_sub_13.png 1248
TrainData2_23_sub_20.png 1249
TrainData2_23_sub_39.png 1250
TrainData2_23_sub_41.png 1251
TrainData2_23_sub_63.png 1252
TrainData2_23_sub_71.png 1253
TrainData2_23_sub_95.png 1254
TrainData2_24_sub_13.png 1255
TrainData2_24_sub_20.png 1256
TrainData2_24_sub_39.png 1257
TrainData2_24_sub_41.png 1258
TrainData2_24_sub_63.png 1259
TrainData2_24_sub_71.png 1260
TrainData2_24_sub_95.png 1261
TrainData2_25_sub_13.png 1262
TrainData2_25_sub_20.png 1263
TrainData2_25_sub_39.png 1264
TrainData2_25_sub_41.png 1265
TrainData2_25_sub_63.png 1266
TrainData2_25_sub_71.png 1267
TrainData2_25_sub_95.png 1268
TrainData2_26_sub_13.png 1269
TrainData2_26_sub_20.png 1270
TrainData2_26_sub_39.png 1271
TrainData2_26_sub_41.png 1272
TrainData2_26_sub_63.png 1273
TrainData2_26_sub_71.png 1274
TrainData2_26_sub_95.png 1275
TrainData2_2_sub_13.png 1276
TrainData2_2_sub_20.png 1277
TrainData2_2_sub_39.png 1278
TrainData2_2_sub_41.png 1279
TrainData2_2_sub_63.png 1280
TrainData2_2_sub_71.png 1281
TrainData2_2_sub_95.png 1282
TrainData2_3_sub_13.png 1283
TrainData2_3_sub_20.png 1284
TrainData2_3_sub_39.png 1285
TrainData2_3_sub_41.png 1286
TrainData2_3_sub_63.png 1287
TrainData2_3_sub_71.png 1288
TrainData2_3_sub_95.png 1289
TrainData2_4_sub_13.png 1290
TrainData2_4_sub_20.png 1291
TrainData2_4_sub_39.png 1292
TrainData2_4_sub_41.png 1293
TrainData2_4_sub_63.png 1294
TrainData2_4_sub_71.png 1295
TrainData2_4_sub_95.png 1296
TrainData2_5_sub_13.png 1297
TrainData2_5_sub_20.png 1298
TrainData2_5_sub_39.png 1299
TrainData2_5_sub_41.png 1300
TrainData2_5_sub_63.png 1301
TrainData2_5_sub_71.png 1302
TrainData2_5_sub_95.png 1303
TrainData2_6_sub_13.png 1304
TrainData2_6_sub_20.png 1305
TrainData2_6_sub_39.png 1306
TrainData2_6_sub_41.png 1307
TrainData2_6_sub_63.png 1308
TrainData2_6_sub_71.png 1309
TrainData2_6_sub_95.png 1310
TrainData2_7_sub_13.png 1311
TrainData2_7_sub_20.png 1312
TrainData2_7_sub_39.png 1313
TrainData2_7_sub_41.png 1314
TrainData2_7_sub_63.png 1315
TrainData2_7_sub_71.png 1316
TrainData2_7_sub_95.png 1317
TrainData2_8_sub_13.png 1318
TrainData2_8_sub_20.png 1319
TrainData2_8_sub_39.png 1320
TrainData2_8_sub_41.png 1321
TrainData2_8_sub_63.png 1322
TrainData2_8_sub_71.png 1323
TrainData2_8_sub_95.png 1324
TrainData2_9_sub_13.png 1325
TrainData2_9_sub_20.png 1326
TrainData2_9_sub_39.png 1327
TrainData2_9_sub_41.png 1328
TrainData2_9_sub_63.png 1329
TrainData2_9_sub_71.png 1330
TrainData2_9_sub_95.png 1331
2009210-947-102.png 1332
2009210-947-105.png 1333
2009210-947-111.png 1334
2009210-947-113.png 1335
2009210-947-114.png 1336
2009210-947-115.png 1337
2009210-947-119.png 1338
2009210-947-122.png 1339
2009210-947-123.png 1340
2009210-947-133.png 1341
2009210-947-134.png 1342
2009210-947-137.png 1343
2009210-947-14.png 1344
2009210-947-142.png 1345
2009210-947-146.png 1346
2009210-947-147.png 1347
2009210-947-151.png 1348
2009210-947-154.png 1349
2009210-947-155.png 1350
2009210-947-159.png 1351
2009210-947-16.png 1352
2009210-947-160.png 1353
2009210-947-165.png 1354
2009210-947-166.png 1355
2009210-947-169.png 1356
2009210-947-172.png 1357
2009210-947-175.png 1358
2009210-947-176.png 1359
2009210-947-179.png 1360
2009210-947-181.png 1361
2009210-947-183.png 1362
2009210-947-185.png 1363
2009210-947-189.png 1364
2009210-947-195.png 1365
2009210-947-196.png 1366
2009210-947-198.png 1367
2009210-947-199.png 1368
2009210-947-201.png 1369
2009210-947-203.png 1370
2009210-947-204.png 1371
2009210-947-205.png 1372
2009210-947-207.png 1373
2009210-947-21.png 1374
2009210-947-211.png 1375
2009210-947-213.png 1376
2009210-947-215.png 1377
2009210-947-216.png 1378
2009210-947-218.png 1379
2009210-947-220.png 1380
2009210-947-221.png 1381
2009210-947-223.png 1382
2009210-947-225.png 1383
2009210-947-235.png 1384
2009210-947-236.png 1385
2009210-947-26.png 1386
2009210-947-3.png 1387
2009210-947-33.png 1388
2009210-947-35.png 1389
2009210-947-4.png 1390
2009210-947-40.png 1391
2009210-947-44.png 1392
2009210-947-45.png 1393
2009210-947-48.png 1394
2009210-947-5.png 1395
2009210-947-55.png 1396
2009210-947-56.png 1397
2009210-947-58.png 1398
2009210-947-59.png 1399
2009210-947-60.png 1400
2009210-947-64.png 1401
2009210-947-70.png 1402
2009210-947-71.png 1403
2009210-947-72.png 1404
2009210-947-77.png 1405
2009210-947-84.png 1406
2009210-947-87.png 1407
2009210-947-93.png 1408
2009210-947-94.png 1409
2009210-947-99.png 1410
2009212-1031-0.png 1411
2009212-1031-1.png 1412
2009212-1031-101.png 1413
2009212-1031-103.png 1414
2009212-1031-105.png 1415
2009212-1031-109.png 1416
2009212-1031-110.png 1417
2009212-1031-112.png 1418
2009212-1031-116.png 1419
2009212-1031-117.png 1420
2009212-1031-118.png 1421
2009212-1031-120.png 1422
2009212-1031-124.png 1423
2009212-1031-127.png 1424
2009212-1031-128.png 1425
2009212-1031-131.png 1426
2009212-1031-134.png 1427
2009212-1031-135.png 1428
2009212-1031-137.png 1429
2009212-1031-139.png 1430
2009212-1031-14.png 1431
2009212-1031-142.png 1432
2009212-1031-143.png 1433
2009212-1031-15.png 1434
2009212-1031-150.png 1435
2009212-1031-151.png 1436
2009212-1031-16.png 1437
2009212-1031-17.png 1438
2009212-1031-21.png 1439
2009212-1031-22.png 1440
2009212-1031-26.png 1441
2009212-1031-27.png 1442
2009212-1031-3.png 1443
2009212-1031-34.png 1444
2009212-1031-36.png 1445
2009212-1031-37.png 1446
2009212-1031-42.png 1447
2009212-1031-43.png 1448
2009212-1031-44.png 1449
2009212-1031-45.png 1450
2009212-1031-47.png 1451
2009212-1031-51.png 1452
2009212-1031-53.png 1453
2009212-1031-56.png 1454
2009212-1031-58.png 1455
2009212-1031-61.png 1456
2009212-1031-63.png 1457
2009212-1031-64.png 1458
2009212-1031-72.png 1459
2009212-1031-76.png 1460
2009212-1031-79.png 1461
2009212-1031-81.png 1462
2009212-1031-82.png 1463
2009212-1031-83.png 1464
2009212-1031-86.png 1465
2009212-1031-87.png 1466
2009212-1031-9.png 1467
2009212-1031-94.png 1468
2009212-1031-96.png 1469
2009212-1031-98.png 1470
2009212-952-100.png 1471
2009212-952-104.png 1472
2009212-952-108.png 1473
2009212-952-11.png 1474
2009212-952-112.png 1475
2009212-952-113.png 1476
2009212-952-114.png 1477
2009212-952-115.png 1478
2009212-952-117.png 1479
2009212-952-120.png 1480
2009212-952-14.png 1481
2009212-952-15.png 1482
2009212-952-21.png 1483
2009212-952-22.png 1484
2009212-952-26.png 1485
2009212-952-27.png 1486
2009212-952-29.png 1487
2009212-952-33.png 1488
2009212-952-39.png 1489
2009212-952-4.png 1490
2009212-952-41.png 1491
2009212-952-44.png 1492
2009212-952-45.png 1493
2009212-952-48.png 1494
2009212-952-49.png 1495
2009212-952-56.png 1496
2009212-952-59.png 1497
2009212-952-60.png 1498
2009212-952-63.png 1499
2009212-952-64.png 1500
2009212-952-67.png 1501
2009212-952-68.png 1502
2009212-952-71.png 1503
2009212-952-72.png 1504
2009212-952-76.png 1505
2009212-952-77.png 1506
2009212-952-82.png 1507
2009212-952-84.png 1508
2009212-952-95.png 1509
2009213-137-113.png 1510
2009213-137-114.png 1511
2009213-137-116.png 1512
2009213-137-117.png 1513
2009213-137-126.png 1514
2009213-137-128.png 1515
2009213-137-129.png 1516
2009213-137-131.png 1517
2009213-137-132.png 1518
2009213-137-136.png 1519
2009213-137-137.png 1520
2009213-137-138.png 1521
2009213-137-14.png 1522
2009213-137-141.png 1523
2009213-137-145.png 1524
2009213-137-146.png 1525
2009213-137-148.png 1526
2009213-137-149.png 1527
2009213-137-152.png 1528
2009213-137-153.png 1529
2009213-137-156.png 1530
2009213-137-159.png 1531
2009213-137-160.png 1532
2009213-137-161.png 1533
2009213-137-162.png 1534
2009213-137-164.png 1535
2009213-137-166.png 1536
2009213-137-170.png 1537
2009213-137-171.png 1538
2009213-137-172.png 1539
2009213-137-177.png 1540
2009213-137-182.png 1541
2009213-137-183.png 1542
2009213-137-187.png 1543
2009213-137-188.png 1544
2009213-137-20.png 1545
2009213-137-200.png 1546
2009213-137-202.png 1547
2009213-137-203.png 1548
2009213-137-205.png 1549
2009213-137-210.png 1550
2009213-137-213.png 1551
2009213-137-216.png 1552
2009213-137-219.png 1553
2009213-137-22.png 1554
2009213-137-221.png 1555
2009213-137-223.png 1556
2009213-137-224.png 1557
2009213-137-225.png 1558
2009213-137-226.png 1559
2009213-137-228.png 1560
2009213-137-236.png 1561
2009213-137-237.png 1562
2009213-137-238.png 1563
2009213-137-240.png 1564
2009213-137-241.png 1565
2009213-137-242.png 1566
2009213-137-243.png 1567
2009213-137-244.png 1568
2009213-137-245.png 1569
2009213-137-247.png 1570
2009213-137-26.png 1571
2009213-137-29.png 1572
2009213-137-35.png 1573
2009213-137-4.png 1574
2009213-137-40.png 1575
2009213-137-44.png 1576
2009213-137-47.png 1577
2009213-137-48.png 1578
2009213-137-49.png 1579
2009213-137-51.png 1580
2009213-137-52.png 1581
2009213-137-55.png 1582
2009213-137-56.png 1583
2009213-137-57.png 1584
2009213-137-59.png 1585
2009213-137-60.png 1586
2009213-137-64.png 1587
2009213-137-67.png 1588
2009213-137-68.png 1589
2009213-137-69.png 1590
2009213-137-71.png 1591
2009213-137-72.png 1592
2009213-137-77.png 1593
2009213-137-81.png 1594
2009213-137-84.png 1595
2009213-139-10.png 1596
2009213-139-101.png 1597
2009213-139-103.png 1598
2009213-139-104.png 1599
2009213-139-109.png 1600
2009213-139-112.png 1601
2009213-139-118.png 1602
2009213-139-119.png 1603
2009213-139-123.png 1604
2009213-139-124.png 1605
2009213-139-127.png 1606
2009213-139-129.png 1607
2009213-139-130.png 1608
2009213-139-135.png 1609
2009213-139-139.png 1610
2009213-139-14.png 1611
2009213-139-140.png 1612
2009213-139-141.png 1613
2009213-139-148.png 1614
2009213-139-152.png 1615
2009213-139-156.png 1616
2009213-139-157.png 1617
2009213-139-159.png 1618
2009213-139-16.png 1619
2009213-139-161.png 1620
2009213-139-162.png 1621
2009213-139-168.png 1622
2009213-139-17.png 1623
2009213-139-173.png 1624
2009213-139-174.png 1625
2009213-139-178.png 1626
2009213-139-181.png 1627
2009213-139-187.png 1628
2009213-139-195.png 1629
2009213-139-197.png 1630
2009213-139-198.png 1631
2009213-139-199.png 1632
2009213-139-205.png 1633
2009213-139-211.png 1634
2009213-139-213.png 1635
2009213-139-221.png 1636
2009213-139-228.png 1637
2009213-139-23.png 1638
2009213-139-232.png 1639
2009213-139-233.png 1640
2009213-139-234.png 1641
2009213-139-237.png 1642
2009213-139-238.png 1643
2009213-139-244.png 1644
2009213-139-246.png 1645
2009213-139-248.png 1646
2009213-139-249.png 1647
2009213-139-250.png 1648
2009213-139-26.png 1649
2009213-139-33.png 1650
2009213-139-35.png 1651
2009213-139-41.png 1652
2009213-139-45.png 1653
2009213-139-56.png 1654
2009213-139-60.png 1655
2009213-139-63.png 1656
2009213-139-65.png 1657
2009213-139-69.png 1658
2009213-139-72.png 1659
2009213-139-83.png 1660
2009213-139-84.png 1661
200922-1017-100.png 1662
200922-1017-101.png 1663
200922-1017-102.png 1664
200922-1017-109.png 1665
200922-1017-113.png 1666
200922-1017-115.png 1667
200922-1017-124.png 1668
200922-1017-126.png 1669
200922-1017-130.png 1670
200922-1017-133.png 1671
200922-1017-135.png 1672
200922-1017-14.png 1673
200922-1017-140.png 1674
200922-1017-141.png 1675
200922-1017-142.png 1676
200922-1017-143.png 1677
200922-1017-145.png 1678
200922-1017-148.png 1679
200922-1017-15.png 1680
200922-1017-151.png 1681
200922-1017-157.png 1682
200922-1017-165.png 1683
200922-1017-167.png 1684
200922-1017-17.png 1685
200922-1017-172.png 1686
200922-1017-177.png 1687
200922-1017-180.png 1688
200922-1017-20.png 1689
200922-1017-26.png 1690
200922-1017-29.png 1691
200922-1017-4.png 1692
200922-1017-41.png 1693
200922-1017-44.png 1694
200922-1017-47.png 1695
200922-1017-48.png 1696
200922-1017-49.png 1697
200922-1017-53.png 1698
200922-1017-55.png 1699
200922-1017-56.png 1700
200922-1017-60.png 1701
200922-1017-67.png 1702
200922-1017-68.png 1703
200922-1017-69.png 1704
200922-1017-72.png 1705
200922-1017-75.png 1706
200922-1017-77.png 1707
200922-1017-83.png 1708
200922-1017-84.png 1709
200922-1017-86.png 1710
200922-1017-90.png 1711
200922-1017-91.png 1712
200922-1017-92.png 1713
200922-1017-93.png 1714
200922-1017-94.png 1715
200922-947-103.png 1716
200922-947-107.png 1717
200922-947-108.png 1718
200922-947-11.png 1719
200922-947-111.png 1720
200922-947-114.png 1721
200922-947-120.png 1722
200922-947-122.png 1723
200922-947-129.png 1724
200922-947-135.png 1725
200922-947-136.png 1726
200922-947-139.png 1727
200922-947-14.png 1728
200922-947-143.png 1729
200922-947-144.png 1730
200922-947-147.png 1731
200922-947-149.png 1732
200922-947-154.png 1733
200922-947-155.png 1734
200922-947-156.png 1735
200922-947-159.png 1736
200922-947-168.png 1737
200922-947-170.png 1738
200922-947-175.png 1739
200922-947-176.png 1740
200922-947-177.png 1741
200922-947-178.png 1742
200922-947-180.png 1743
200922-947-183.png 1744
200922-947-184.png 1745
200922-947-190.png 1746
200922-947-191.png 1747
200922-947-192.png 1748
200922-947-193.png 1749
200922-947-194.png 1750
200922-947-197.png 1751
200922-947-200.png 1752
200922-947-201.png 1753
200922-947-202.png 1754
200922-947-207.png 1755
200922-947-21.png 1756
200922-947-211.png 1757
200922-947-216.png 1758
200922-947-221.png 1759
200922-947-225.png 1760
200922-947-227.png 1761
200922-947-230.png 1762
200922-947-232.png 1763
200922-947-26.png 1764
200922-947-27.png 1765
200922-947-3.png 1766
200922-947-40.png 1767
200922-947-41.png 1768
200922-947-44.png 1769
200922-947-45.png 1770
200922-947-46.png 1771
200922-947-48.png 1772
200922-947-49.png 1773
200922-947-5.png 1774
200922-947-55.png 1775
200922-947-56.png 1776
200922-947-60.png 1777
200922-947-67.png 1778
200922-947-68.png 1779
200922-947-72.png 1780
200922-947-77.png 1781
200922-947-84.png 1782
200922-947-87.png 1783
200922-947-88.png 1784
200922-947-9.png 1785
200922-947-93.png 1786
200922-947-98.png 1787
200922-947-99.png 1788
200922-949-100.png 1789
200922-949-101.png 1790
200922-949-103.png 1791
200922-949-104.png 1792
200922-949-105.png 1793
200922-949-107.png 1794
200922-949-109.png 1795
200922-949-11.png 1796
200922-949-113.png 1797
200922-949-115.png 1798
200922-949-116.png 1799
200922-949-118.png 1800
200922-949-122.png 1801
200922-949-123.png 1802
200922-949-128.png 1803
200922-949-135.png 1804
200922-949-138.png 1805
200922-949-14.png 1806
200922-949-140.png 1807
200922-949-145.png 1808
200922-949-155.png 1809
200922-949-158.png 1810
200922-949-16.png 1811
200922-949-163.png 1812
200922-949-164.png 1813
200922-949-166.png 1814
200922-949-168.png 1815
200922-949-169.png 1816
200922-949-174.png 1817
200922-949-175.png 1818
200922-949-178.png 1819
200922-949-179.png 1820
200922-949-180.png 1821
200922-949-181.png 1822
200922-949-183.png 1823
200922-949-184.png 1824
200922-949-185.png 1825
200922-949-186.png 1826
200922-949-191.png 1827
200922-949-196.png 1828
200922-949-20.png 1829
200922-949-204.png 1830
200922-949-210.png 1831
200922-949-214.png 1832
200922-949-215.png 1833
200922-949-216.png 1834
200922-949-217.png 1835
200922-949-218.png 1836
200922-949-221.png 1837
200922-949-222.png 1838
200922-949-223.png 1839
200922-949-227.png 1840
200922-949-230.png 1841
200922-949-234.png 1842
200922-949-236.png 1843
200922-949-238.png 1844
200922-949-240.png 1845
200922-949-243.png 1846
200922-949-244.png 1847
200922-949-245.png 1848
200922-949-251.png 1849
200922-949-254.png 1850
200922-949-255.png 1851
200922-949-256.png 1852
200922-949-26.png 1853
200922-949-260.png 1854
200922-949-266.png 1855
200922-949-267.png 1856
200922-949-27.png 1857
200922-949-270.png 1858
200922-949-271.png 1859
200922-949-28.png 1860
200922-949-29.png 1861
200922-949-35.png 1862
200922-949-40.png 1863
200922-949-44.png 1864
200922-949-47.png 1865
200922-949-48.png 1866
200922-949-49.png 1867
200922-949-5.png 1868
200922-949-51.png 1869
200922-949-52.png 1870
200922-949-55.png 1871
200922-949-56.png 1872
200922-949-59.png 1873
200922-949-60.png 1874
200922-949-63.png 1875
200922-949-65.png 1876
200922-949-67.png 1877
200922-949-68.png 1878
200922-949-71.png 1879
200922-949-72.png 1880
200922-949-73.png 1881
200922-949-81.png 1882
200922-949-82.png 1883
200922-949-86.png 1884
200922-949-87.png 1885
200922-949-9.png 1886
200922-949-91.png 1887
200922-949-96.png 1888
200922-949-98.png 1889
200922-949-99.png 1890
2009220-1327-104.png 1891
2009220-1327-108.png 1892
2009220-1327-113.png 1893
2009220-1327-114.png 1894
2009220-1327-115.png 1895
2009220-1327-117.png 1896
2009220-1327-120.png 1897
2009220-1327-121.png 1898
2009220-1327-14.png 1899
2009220-1327-20.png 1900
2009220-1327-21.png 1901
2009220-1327-23.png 1902
2009220-1327-26.png 1903
2009220-1327-27.png 1904
2009220-1327-44.png 1905
2009220-1327-45.png 1906
2009220-1327-48.png 1907
2009220-1327-5.png 1908
2009220-1327-51.png 1909
2009220-1327-52.png 1910
2009220-1327-53.png 1911
2009220-1327-55.png 1912
2009220-1327-56.png 1913
2009220-1327-65.png 1914
2009220-1327-67.png 1915
2009220-1327-68.png 1916
2009220-1327-72.png 1917
2009220-1327-84.png 1918
2009220-1327-88.png 1919
2009220-1327-95.png 1920
2009220-1327-99.png 1921
200923-1251-103.png 1922
200923-1251-104.png 1923
200923-1251-106.png 1924
200923-1251-107.png 1925
200923-1251-109.png 1926
200923-1251-11.png 1927
200923-1251-111.png 1928
200923-1251-112.png 1929
200923-1251-114.png 1930
200923-1251-115.png 1931
200923-1251-117.png 1932
200923-1251-119.png 1933
200923-1251-120.png 1934
200923-1251-123.png 1935
200923-1251-125.png 1936
200923-1251-131.png 1937
200923-1251-135.png 1938
200923-1251-137.png 1939
200923-1251-14.png 1940
200923-1251-141.png 1941
200923-1251-142.png 1942
200923-1251-145.png 1943
200923-1251-146.png 1944
200923-1251-147.png 1945
200923-1251-148.png 1946
200923-1251-15.png 1947
200923-1251-152.png 1948
200923-1251-166.png 1949
200923-1251-167.png 1950
200923-1251-168.png 1951
200923-1251-17.png 1952
200923-1251-173.png 1953
200923-1251-174.png 1954
200923-1251-175.png 1955
200923-1251-177.png 1956
200923-1251-183.png 1957
200923-1251-185.png 1958
200923-1251-188.png 1959
200923-1251-189.png 1960
200923-1251-191.png 1961
200923-1251-192.png 1962
200923-1251-193.png 1963
200923-1251-194.png 1964
200923-1251-199.png 1965
200923-1251-201.png 1966
200923-1251-203.png 1967
200923-1251-207.png 1968
200923-1251-210.png 1969
200923-1251-212.png 1970
200923-1251-215.png 1971
200923-1251-216.png 1972
200923-1251-221.png 1973
200923-1251-226.png 1974
200923-1251-227.png 1975
200923-1251-228.png 1976
200923-1251-229.png 1977
200923-1251-234.png 1978
200923-1251-238.png 1979
200923-1251-240.png 1980
200923-1251-241.png 1981
200923-1251-245.png 1982
200923-1251-246.png 1983
200923-1251-247.png 1984
200923-1251-248.png 1985
200923-1251-249.png 1986
200923-1251-252.png 1987
200923-1251-254.png 1988
200923-1251-259.png 1989
200923-1251-26.png 1990
200923-1251-263.png 1991
200923-1251-264.png 1992
200923-1251-265.png 1993
200923-1251-267.png 1994
200923-1251-272.png 1995
200923-1251-279.png 1996
200923-1251-280.png 1997
200923-1251-281.png 1998
200923-1251-288.png 1999
200923-1251-290.png 2000
200923-1251-291.png 2001
200923-1251-44.png 2002
200923-1251-48.png 2003
200923-1251-5.png 2004
200923-1251-51.png 2005
200923-1251-55.png 2006
200923-1251-56.png 2007
200923-1251-57.png 2008
200923-1251-60.png 2009
200923-1251-67.png 2010
200923-1251-70.png 2011
200923-1251-71.png 2012
200923-1251-72.png 2013
200923-1251-75.png 2014
200923-1251-77.png 2015
200923-1251-82.png 2016
200923-1251-83.png 2017
200923-1251-84.png 2018
200923-1251-87.png 2019
200923-1251-89.png 2020
200923-1251-9.png 2021
200923-1253-101.png 2022
200923-1253-103.png 2023
200923-1253-104.png 2024
200923-1253-105.png 2025
200923-1253-108.png 2026
200923-1253-113.png 2027
200923-1253-116.png 2028
200923-1253-122.png 2029
200923-1253-123.png 2030
200923-1253-127.png 2031
200923-1253-129.png 2032
200923-1253-130.png 2033
200923-1253-133.png 2034
200923-1253-134.png 2035
200923-1253-138.png 2036
200923-1253-14.png 2037
200923-1253-140.png 2038
200923-1253-143.png 2039
200923-1253-144.png 2040
200923-1253-145.png 2041
200923-1253-148.png 2042
200923-1253-15.png 2043
200923-1253-150.png 2044
200923-1253-153.png 2045
200923-1253-155.png 2046
200923-1253-156.png 2047
200923-1253-158.png 2048
200923-1253-161.png 2049
200923-1253-166.png 2050
200923-1253-167.png 2051
200923-1253-168.png 2052
200923-1253-171.png 2053
200923-1253-172.png 2054
200923-1253-176.png 2055
200923-1253-177.png 2056
200923-1253-179.png 2057
200923-1253-180.png 2058
200923-1253-181.png 2059
200923-1253-183.png 2060
200923-1253-184.png 2061
200923-1253-186.png 2062
200923-1253-190.png 2063
200923-1253-191.png 2064
200923-1253-194.png 2065
200923-1253-196.png 2066
200923-1253-197.png 2067
200923-1253-200.png 2068
200923-1253-208.png 2069
200923-1253-21.png 2070
200923-1253-210.png 2071
200923-1253-211.png 2072
200923-1253-213.png 2073
200923-1253-217.png 2074
200923-1253-219.png 2075
200923-1253-221.png 2076
200923-1253-222.png 2077
200923-1253-223.png 2078
200923-1253-227.png 2079
200923-1253-230.png 2080
200923-1253-231.png 2081
200923-1253-232.png 2082
200923-1253-234.png 2083
200923-1253-237.png 2084
200923-1253-241.png 2085
200923-1253-242.png 2086
200923-1253-243.png 2087
200923-1253-244.png 2088
200923-1253-245.png 2089
200923-1253-246.png 2090
200923-1253-249.png 2091
200923-1253-250.png 2092
200923-1253-253.png 2093
200923-1253-255.png 2094
200923-1253-26.png 2095
200923-1253-265.png 2096
200923-1253-269.png 2097
200923-1253-27.png 2098
200923-1253-272.png 2099
200923-1253-279.png 2100
200923-1253-28.png 2101
200923-1253-280.png 2102
200923-1253-284.png 2103
200923-1253-288.png 2104
200923-1253-289.png 2105
200923-1253-3.png 2106
200923-1253-44.png 2107
200923-1253-48.png 2108
200923-1253-53.png 2109
200923-1253-55.png 2110
200923-1253-56.png 2111
200923-1253-64.png 2112
200923-1253-71.png 2113
200923-1253-72.png 2114
200923-1253-81.png 2115
200923-1253-82.png 2116
200923-1253-83.png 2117
200923-1253-84.png 2118
200923-1253-89.png 2119
200923-1253-9.png 2120
200923-1253-99.png 2121
200923-1254-10.png 2122
200923-1254-100.png 2123
200923-1254-102.png 2124
200923-1254-103.png 2125
200923-1254-104.png 2126
200923-1254-105.png 2127
200923-1254-107.png 2128
200923-1254-112.png 2129
200923-1254-119.png 2130
200923-1254-121.png 2131
200923-1254-124.png 2132
200923-1254-127.png 2133
200923-1254-129.png 2134
200923-1254-130.png 2135
200923-1254-138.png 2136
200923-1254-139.png 2137
200923-1254-14.png 2138
200923-1254-141.png 2139
200923-1254-142.png 2140
200923-1254-144.png 2141
200923-1254-145.png 2142
200923-1254-146.png 2143
200923-1254-147.png 2144
200923-1254-149.png 2145
200923-1254-15.png 2146
200923-1254-153.png 2147
200923-1254-156.png 2148
200923-1254-159.png 2149
200923-1254-16.png 2150
200923-1254-165.png 2151
200923-1254-166.png 2152
200923-1254-168.png 2153
200923-1254-169.png 2154
200923-1254-173.png 2155
200923-1254-179.png 2156
200923-1254-185.png 2157
200923-1254-189.png 2158
200923-1254-190.png 2159
200923-1254-191.png 2160
200923-1254-198.png 2161
200923-1254-199.png 2162
200923-1254-20.png 2163
200923-1254-202.png 2164
200923-1254-208.png 2165
200923-1254-209.png 2166
200923-1254-21.png 2167
200923-1254-212.png 2168
200923-1254-213.png 2169
200923-1254-214.png 2170
200923-1254-220.png 2171
200923-1254-221.png 2172
200923-1254-222.png 2173
200923-1254-224.png 2174
200923-1254-228.png 2175
200923-1254-229.png 2176
200923-1254-230.png 2177
200923-1254-231.png 2178
200923-1254-238.png 2179
200923-1254-239.png 2180
200923-1254-240.png 2181
200923-1254-242.png 2182
200923-1254-243.png 2183
200923-1254-249.png 2184
200923-1254-250.png 2185
200923-1254-251.png 2186
200923-1254-253.png 2187
200923-1254-254.png 2188
200923-1254-256.png 2189
200923-1254-263.png 2190
200923-1254-264.png 2191
200923-1254-265.png 2192
200923-1254-268.png 2193
200923-1254-269.png 2194
200923-1254-27.png 2195
200923-1254-272.png 2196
200923-1254-273.png 2197
200923-1254-274.png 2198
200923-1254-276.png 2199
200923-1254-282.png 2200
200923-1254-283.png 2201
200923-1254-293.png 2202
200923-1254-296.png 2203
200923-1254-299.png 2204
200923-1254-300.png 2205
200923-1254-301.png 2206
200923-1254-302.png 2207
200923-1254-303.png 2208
200923-1254-305.png 2209
200923-1254-306.png 2210
200923-1254-311.png 2211
200923-1254-321.png 2212
200923-1254-323.png 2213
200923-1254-324.png 2214
200923-1254-327.png 2215
200923-1254-33.png 2216
200923-1254-332.png 2217
200923-1254-333.png 2218
200923-1254-334.png 2219
200923-1254-337.png 2220
200923-1254-339.png 2221
200923-1254-34.png 2222
200923-1254-340.png 2223
200923-1254-346.png 2224
200923-1254-347.png 2225
200923-1254-352.png 2226
200923-1254-353.png 2227
200923-1254-355.png 2228
200923-1254-356.png 2229
200923-1254-357.png 2230
200923-1254-360.png 2231
200923-1254-366.png 2232
200923-1254-380.png 2233
200923-1254-39.png 2234
200923-1254-4.png 2235
200923-1254-40.png 2236
200923-1254-41.png 2237
200923-1254-44.png 2238
200923-1254-46.png 2239
200923-1254-48.png 2240
200923-1254-49.png 2241
200923-1254-55.png 2242
200923-1254-56.png 2243
200923-1254-57.png 2244
200923-1254-60.png 2245
200923-1254-65.png 2246
200923-1254-67.png 2247
200923-1254-68.png 2248
200923-1254-72.png 2249
200923-1254-77.png 2250
200923-1254-84.png 2251
200923-1254-87.png 2252
200923-1254-88.png 2253
200923-1254-99.png 2254
200923-131-100.png 2255
200923-131-107.png 2256
200923-131-108.png 2257
200923-131-11.png 2258
200923-131-110.png 2259
200923-131-111.png 2260
200923-131-113.png 2261
200923-131-117.png 2262
200923-131-118.png 2263
200923-131-119.png 2264
200923-131-126.png 2265
200923-131-129.png 2266
200923-131-130.png 2267
200923-131-131.png 2268
200923-131-132.png 2269
200923-131-133.png 2270
200923-131-134.png 2271
200923-131-135.png 2272
200923-131-14.png 2273
200923-131-141.png 2274
200923-131-142.png 2275
200923-131-148.png 2276
200923-131-150.png 2277
200923-131-151.png 2278
200923-131-154.png 2279
200923-131-156.png 2280
200923-131-157.png 2281
200923-131-160.png 2282
200923-131-167.png 2283
200923-131-173.png 2284
200923-131-179.png 2285
200923-131-180.png 2286
200923-131-182.png 2287
200923-131-185.png 2288
200923-131-186.png 2289
200923-131-189.png 2290
200923-131-190.png 2291
200923-131-193.png 2292
200923-131-197.png 2293
200923-131-201.png 2294
200923-131-207.png 2295
200923-131-211.png 2296
200923-131-213.png 2297
200923-131-214.png 2298
200923-131-216.png 2299
200923-131-219.png 2300
200923-131-22.png 2301
200923-131-223.png 2302
200923-131-224.png 2303
200923-131-225.png 2304
200923-131-231.png 2305
200923-131-233.png 2306
200923-131-234.png 2307
200923-131-235.png 2308
200923-131-236.png 2309
200923-131-242.png 2310
200923-131-243.png 2311
200923-131-246.png 2312
200923-131-249.png 2313
200923-131-252.png 2314
200923-131-253.png 2315
200923-131-254.png 2316
200923-131-255.png 2317
200923-131-257.png 2318
200923-131-26.png 2319
200923-131-260.png 2320
200923-131-261.png 2321
200923-131-262.png 2322
200923-131-263.png 2323
200923-131-264.png 2324
200923-131-265.png 2325
200923-131-266.png 2326
200923-131-267.png 2327
200923-131-269.png 2328
200923-131-271.png 2329
200923-131-279.png 2330
200923-131-28.png 2331
200923-131-280.png 2332
200923-131-287.png 2333
200923-131-289.png 2334
200923-131-29.png 2335
200923-131-290.png 2336
200923-131-291.png 2337
200923-131-294.png 2338
200923-131-295.png 2339
200923-131-298.png 2340
200923-131-303.png 2341
200923-131-304.png 2342
200923-131-307.png 2343
200923-131-308.png 2344
200923-131-309.png 2345
200923-131-310.png 2346
200923-131-311.png 2347
200923-131-316.png 2348
200923-131-317.png 2349
200923-131-320.png 2350
200923-131-321.png 2351
200923-131-323.png 2352
200923-131-324.png 2353
200923-131-325.png 2354
200923-131-328.png 2355
200923-131-33.png 2356
200923-131-335.png 2357
200923-131-341.png 2358
200923-131-343.png 2359
200923-131-344.png 2360
200923-131-346.png 2361
200923-131-349.png 2362
200923-131-350.png 2363
200923-131-356.png 2364
200923-131-357.png 2365
200923-131-360.png 2366
200923-131-361.png 2367
200923-131-41.png 2368
200923-131-44.png 2369
200923-131-45.png 2370
200923-131-46.png 2371
200923-131-48.png 2372
200923-131-51.png 2373
200923-131-53.png 2374
200923-131-55.png 2375
200923-131-56.png 2376
200923-131-58.png 2377
200923-131-60.png 2378
200923-131-63.png 2379
200923-131-67.png 2380
200923-131-69.png 2381
200923-131-70.png 2382
200923-131-74.png 2383
200923-131-75.png 2384
200923-131-78.png 2385
200923-131-80.png 2386
200923-131-81.png 2387
200923-131-82.png 2388
200923-131-83.png 2389
200923-131-93.png 2390
200923-1553-100.png 2391
200923-1553-101.png 2392
200923-1553-107.png 2393
200923-1553-113.png 2394
200923-1553-115.png 2395
200923-1553-117.png 2396
200923-1553-122.png 2397
200923-1553-123.png 2398
200923-1553-124.png 2399
200923-1553-125.png 2400
200923-1553-126.png 2401
200923-1553-130.png 2402
200923-1553-131.png 2403
200923-1553-139.png 2404
200923-1553-14.png 2405
200923-1553-140.png 2406
200923-1553-142.png 2407
200923-1553-144.png 2408
200923-1553-145.png 2409
200923-1553-150.png 2410
200923-1553-151.png 2411
200923-1553-152.png 2412
200923-1553-153.png 2413
200923-1553-156.png 2414
200923-1553-158.png 2415
200923-1553-164.png 2416
200923-1553-167.png 2417
200923-1553-17.png 2418
200923-1553-172.png 2419
200923-1553-179.png 2420
200923-1553-180.png 2421
200923-1553-181.png 2422
200923-1553-182.png 2423
200923-1553-183.png 2424
200923-1553-186.png 2425
200923-1553-187.png 2426
200923-1553-188.png 2427
200923-1553-189.png 2428
200923-1553-190.png 2429
200923-1553-195.png 2430
200923-1553-196.png 2431
200923-1553-197.png 2432
200923-1553-200.png 2433
200923-1553-206.png 2434
200923-1553-21.png 2435
200923-1553-213.png 2436
200923-1553-219.png 2437
200923-1553-220.png 2438
200923-1553-221.png 2439
200923-1553-222.png 2440
200923-1553-227.png 2441
200923-1553-228.png 2442
200923-1553-23.png 2443
200923-1553-231.png 2444
200923-1553-237.png 2445
200923-1553-238.png 2446
200923-1553-251.png 2447
200923-1553-257.png 2448
200923-1553-26.png 2449
200923-1553-261.png 2450
200923-1553-263.png 2451
200923-1553-266.png 2452
200923-1553-269.png 2453
200923-1553-270.png 2454
200923-1553-271.png 2455
200923-1553-273.png 2456
200923-1553-276.png 2457
200923-1553-28.png 2458
200923-1553-281.png 2459
200923-1553-283.png 2460
200923-1553-289.png 2461
200923-1553-29.png 2462
200923-1553-290.png 2463
200923-1553-292.png 2464
200923-1553-293.png 2465
200923-1553-3.png 2466
200923-1553-300.png 2467
200923-1553-303.png 2468
200923-1553-306.png 2469
200923-1553-309.png 2470
200923-1553-313.png 2471
200923-1553-34.png 2472
200923-1553-41.png 2473
200923-1553-44.png 2474
200923-1553-46.png 2475
200923-1553-48.png 2476
200923-1553-51.png 2477
200923-1553-52.png 2478
200923-1553-53.png 2479
200923-1553-55.png 2480
200923-1553-56.png 2481
200923-1553-60.png 2482
200923-1553-64.png 2483
200923-1553-67.png 2484
200923-1553-74.png 2485
200923-1553-80.png 2486
200923-1553-83.png 2487
200923-1553-84.png 2488
200923-1553-85.png 2489
200923-1553-89.png 2490
200923-1553-9.png 2491
200923-1553-99.png 2492
200923-1556-103.png 2493
200923-1556-109.png 2494
200923-1556-110.png 2495
200923-1556-114.png 2496
200923-1556-118.png 2497
200923-1556-119.png 2498
200923-1556-123.png 2499
200923-1556-125.png 2500
200923-1556-126.png 2501
200923-1556-128.png 2502
200923-1556-131.png 2503
200923-1556-133.png 2504
200923-1556-136.png 2505
200923-1556-137.png 2506
200923-1556-14.png 2507
200923-1556-141.png 2508
200923-1556-142.png 2509
200923-1556-143.png 2510
200923-1556-145.png 2511
200923-1556-146.png 2512
200923-1556-152.png 2513
200923-1556-153.png 2514
200923-1556-157.png 2515
200923-1556-16.png 2516
200923-1556-161.png 2517
200923-1556-166.png 2518
200923-1556-172.png 2519
200923-1556-173.png 2520
200923-1556-177.png 2521
200923-1556-178.png 2522
200923-1556-179.png 2523
200923-1556-188.png 2524
200923-1556-190.png 2525
200923-1556-196.png 2526
200923-1556-198.png 2527
200923-1556-199.png 2528
200923-1556-20.png 2529
200923-1556-202.png 2530
200923-1556-205.png 2531
200923-1556-207.png 2532
200923-1556-208.png 2533
200923-1556-211.png 2534
200923-1556-213.png 2535
200923-1556-215.png 2536
200923-1556-218.png 2537
200923-1556-22.png 2538
200923-1556-220.png 2539
200923-1556-223.png 2540
200923-1556-226.png 2541
200923-1556-227.png 2542
200923-1556-228.png 2543
200923-1556-23.png 2544
200923-1556-234.png 2545
200923-1556-237.png 2546
200923-1556-239.png 2547
200923-1556-243.png 2548
200923-1556-245.png 2549
200923-1556-246.png 2550
200923-1556-249.png 2551
200923-1556-251.png 2552
200923-1556-252.png 2553
200923-1556-255.png 2554
200923-1556-256.png 2555
200923-1556-259.png 2556
200923-1556-26.png 2557
200923-1556-265.png 2558
200923-1556-29.png 2559
200923-1556-33.png 2560
200923-1556-44.png 2561
200923-1556-48.png 2562
200923-1556-49.png 2563
200923-1556-5.png 2564
200923-1556-51.png 2565
200923-1556-55.png 2566
200923-1556-56.png 2567
200923-1556-60.png 2568
200923-1556-64.png 2569
200923-1556-65.png 2570
200923-1556-67.png 2571
200923-1556-68.png 2572
200923-1556-70.png 2573
200923-1556-71.png 2574
200923-1556-72.png 2575
200923-1556-76.png 2576
200923-1556-84.png 2577
200923-1556-95.png 2578
200923-1556-99.png 2579
200924-1312-105.png 2580
200924-1312-108.png 2581
200924-1312-113.png 2582
200924-1312-114.png 2583
200924-1312-115.png 2584
200924-1312-120.png 2585
200924-1312-123.png 2586
200924-1312-124.png 2587
200924-1312-132.png 2588
200924-1312-133.png 2589
200924-1312-134.png 2590
200924-1312-136.png 2591
200924-1312-14.png 2592
200924-1312-143.png 2593
200924-1312-144.png 2594
200924-1312-146.png 2595
200924-1312-148.png 2596
200924-1312-149.png 2597
200924-1312-15.png 2598
200924-1312-155.png 2599
200924-1312-156.png 2600
200924-1312-159.png 2601
200924-1312-165.png 2602
200924-1312-168.png 2603
200924-1312-169.png 2604
200924-1312-17.png 2605
200924-1312-170.png 2606
200924-1312-174.png 2607
200924-1312-175.png 2608
200924-1312-176.png 2609
200924-1312-177.png 2610
200924-1312-183.png 2611
200924-1312-185.png 2612
200924-1312-189.png 2613
200924-1312-192.png 2614
200924-1312-195.png 2615
200924-1312-196.png 2616
200924-1312-198.png 2617
200924-1312-20.png 2618
200924-1312-205.png 2619
200924-1312-210.png 2620
200924-1312-215.png 2621
200924-1312-22.png 2622
200924-1312-222.png 2623
200924-1312-223.png 2624
200924-1312-224.png 2625
200924-1312-225.png 2626
200924-1312-227.png 2627
200924-1312-234.png 2628
200924-1312-245.png 2629
200924-1312-254.png 2630
200924-1312-255.png 2631
200924-1312-256.png 2632
200924-1312-26.png 2633
200924-1312-264.png 2634
200924-1312-265.png 2635
200924-1312-266.png 2636
200924-1312-270.png 2637
200924-1312-272.png 2638
200924-1312-276.png 2639
200924-1312-279.png 2640
200924-1312-281.png 2641
200924-1312-287.png 2642
200924-1312-289.png 2643
200924-1312-291.png 2644
200924-1312-292.png 2645
200924-1312-293.png 2646
200924-1312-294.png 2647
200924-1312-297.png 2648
200924-1312-298.png 2649
200924-1312-305.png 2650
200924-1312-306.png 2651
200924-1312-307.png 2652
200924-1312-308.png 2653
200924-1312-310.png 2654
200924-1312-312.png 2655
200924-1312-33.png 2656
200924-1312-34.png 2657
200924-1312-44.png 2658
200924-1312-47.png 2659
200924-1312-48.png 2660
200924-1312-49.png 2661
200924-1312-52.png 2662
200924-1312-55.png 2663
200924-1312-56.png 2664
200924-1312-60.png 2665
200924-1312-65.png 2666
200924-1312-67.png 2667
200924-1312-68.png 2668
200924-1312-71.png 2669
200924-1312-72.png 2670
200924-1312-75.png 2671
200924-1312-76.png 2672
200924-1312-77.png 2673
200924-1312-81.png 2674
200924-1312-82.png 2675
200924-1312-84.png 2676
200924-1312-9.png 2677
200924-1312-93.png 2678
200924-1312-99.png 2679
200924-1331-103.png 2680
200924-1331-104.png 2681
200924-1331-105.png 2682
200924-1331-106.png 2683
200924-1331-110.png 2684
200924-1331-111.png 2685
200924-1331-112.png 2686
200924-1331-114.png 2687
200924-1331-115.png 2688
200924-1331-116.png 2689
200924-1331-117.png 2690
200924-1331-122.png 2691
200924-1331-125.png 2692
200924-1331-127.png 2693
200924-1331-136.png 2694
200924-1331-14.png 2695
200924-1331-145.png 2696
200924-1331-146.png 2697
200924-1331-151.png 2698
200924-1331-154.png 2699
200924-1331-158.png 2700
200924-1331-159.png 2701
200924-1331-162.png 2702
200924-1331-168.png 2703
200924-1331-17.png 2704
200924-1331-175.png 2705
200924-1331-178.png 2706
200924-1331-181.png 2707
200924-1331-182.png 2708
200924-1331-183.png 2709
200924-1331-185.png 2710
200924-1331-186.png 2711
200924-1331-189.png 2712
200924-1331-191.png 2713
200924-1331-192.png 2714
200924-1331-195.png 2715
200924-1331-196.png 2716
200924-1331-197.png 2717
200924-1331-201.png 2718
200924-1331-202.png 2719
200924-1331-203.png 2720
200924-1331-205.png 2721
200924-1331-21.png 2722
200924-1331-212.png 2723
200924-1331-216.png 2724
200924-1331-220.png 2725
200924-1331-222.png 2726
200924-1331-224.png 2727
200924-1331-23.png 2728
200924-1331-233.png 2729
200924-1331-234.png 2730
200924-1331-237.png 2731
200924-1331-238.png 2732
200924-1331-239.png 2733
200924-1331-242.png 2734
200924-1331-247.png 2735
200924-1331-248.png 2736
200924-1331-252.png 2737
200924-1331-253.png 2738
200924-1331-259.png 2739
200924-1331-26.png 2740
200924-1331-260.png 2741
200924-1331-261.png 2742
200924-1331-264.png 2743
200924-1331-267.png 2744
200924-1331-268.png 2745
200924-1331-269.png 2746
200924-1331-273.png 2747
200924-1331-274.png 2748
200924-1331-278.png 2749
200924-1331-279.png 2750
200924-1331-283.png 2751
200924-1331-288.png 2752
200924-1331-289.png 2753
200924-1331-29.png 2754
200924-1331-291.png 2755
200924-1331-292.png 2756
200924-1331-293.png 2757
200924-1331-33.png 2758
200924-1331-39.png 2759
200924-1331-40.png 2760
200924-1331-41.png 2761
200924-1331-47.png 2762
200924-1331-51.png 2763
200924-1331-52.png 2764
200924-1331-56.png 2765
200924-1331-58.png 2766
200924-1331-59.png 2767
200924-1331-60.png 2768
200924-1331-67.png 2769
200924-1331-68.png 2770
200924-1331-78.png 2771
200924-1331-88.png 2772
200924-1331-89.png 2773
200924-1331-94.png 2774
200925-1126-10.png 2775
200925-1126-105.png 2776
200925-1126-107.png 2777
200925-1126-108.png 2778
200925-1126-110.png 2779
200925-1126-114.png 2780
200925-1126-119.png 2781
200925-1126-120.png 2782
200925-1126-122.png 2783
200925-1126-125.png 2784
200925-1126-126.png 2785
200925-1126-130.png 2786
200925-1126-131.png 2787
200925-1126-132.png 2788
200925-1126-135.png 2789
200925-1126-136.png 2790
200925-1126-137.png 2791
200925-1126-138.png 2792
200925-1126-14.png 2793
200925-1126-143.png 2794
200925-1126-147.png 2795
200925-1126-156.png 2796
200925-1126-160.png 2797
200925-1126-164.png 2798
200925-1126-167.png 2799
200925-1126-17.png 2800
200925-1126-170.png 2801
200925-1126-171.png 2802
200925-1126-172.png 2803
200925-1126-173.png 2804
200925-1126-176.png 2805
200925-1126-178.png 2806
200925-1126-180.png 2807
200925-1126-184.png 2808
200925-1126-190.png 2809
200925-1126-198.png 2810
200925-1126-206.png 2811
200925-1126-208.png 2812
200925-1126-26.png 2813
200925-1126-27.png 2814
200925-1126-28.png 2815
200925-1126-39.png 2816
200925-1126-4.png 2817
200925-1126-44.png 2818
200925-1126-48.png 2819
200925-1126-49.png 2820
200925-1126-51.png 2821
200925-1126-55.png 2822
200925-1126-56.png 2823
200925-1126-60.png 2824
200925-1126-64.png 2825
200925-1126-65.png 2826
200925-1126-67.png 2827
200925-1126-69.png 2828
200925-1126-70.png 2829
200925-1126-72.png 2830
200925-1126-81.png 2831
200925-1126-83.png 2832
200925-1126-84.png 2833
200925-1126-87.png 2834
200925-1126-88.png 2835
200925-1126-9.png 2836
200925-1126-93.png 2837
200926-131-10.png 2838
200926-131-101.png 2839
200926-131-105.png 2840
200926-131-112.png 2841
200926-131-114.png 2842
200926-131-122.png 2843
200926-131-126.png 2844
200926-131-129.png 2845
200926-131-130.png 2846
200926-131-131.png 2847
200926-131-133.png 2848
200926-131-135.png 2849
200926-131-139.png 2850
200926-131-14.png 2851
200926-131-140.png 2852
200926-131-141.png 2853
200926-131-142.png 2854
200926-131-151.png 2855
200926-131-152.png 2856
200926-131-153.png 2857
200926-131-156.png 2858
200926-131-158.png 2859
200926-131-162.png 2860
200926-131-165.png 2861
200926-131-166.png 2862
200926-131-167.png 2863
200926-131-169.png 2864
200926-131-174.png 2865
200926-131-175.png 2866
200926-131-180.png 2867
200926-131-183.png 2868
200926-131-184.png 2869
200926-131-190.png 2870
200926-131-191.png 2871
200926-131-197.png 2872
200926-131-200.png 2873
200926-131-206.png 2874
200926-131-215.png 2875
200926-131-217.png 2876
200926-131-218.png 2877
200926-131-223.png 2878
200926-131-228.png 2879
200926-131-229.png 2880
200926-131-23.png 2881
200926-131-233.png 2882
200926-131-234.png 2883
200926-131-235.png 2884
200926-131-236.png 2885
200926-131-244.png 2886
200926-131-246.png 2887
200926-131-26.png 2888
200926-131-27.png 2889
200926-131-4.png 2890
200926-131-44.png 2891
200926-131-45.png 2892
200926-131-46.png 2893
200926-131-48.png 2894
200926-131-5.png 2895
200926-131-52.png 2896
200926-131-55.png 2897
200926-131-58.png 2898
200926-131-59.png 2899
200926-131-69.png 2900
200926-131-70.png 2901
200926-131-72.png 2902
200926-131-75.png 2903
200926-131-76.png 2904
200926-131-81.png 2905
200926-131-84.png 2906
200926-131-93.png 2907
200926-1550-10.png 2908
200926-1550-101.png 2909
200926-1550-103.png 2910
200926-1550-108.png 2911
200926-1550-11.png 2912
200926-1550-110.png 2913
200926-1550-111.png 2914
200926-1550-112.png 2915
200926-1550-117.png 2916
200926-1550-118.png 2917
200926-1550-123.png 2918
200926-1550-124.png 2919
200926-1550-126.png 2920
200926-1550-127.png 2921
200926-1550-132.png 2922
200926-1550-135.png 2923
200926-1550-137.png 2924
200926-1550-14.png 2925
200926-1550-143.png 2926
200926-1550-144.png 2927
200926-1550-147.png 2928
200926-1550-148.png 2929
200926-1550-15.png 2930
200926-1550-152.png 2931
200926-1550-159.png 2932
200926-1550-162.png 2933
200926-1550-163.png 2934
200926-1550-20.png 2935
200926-1550-21.png 2936
200926-1550-26.png 2937
200926-1550-27.png 2938
200926-1550-34.png 2939
200926-1550-35.png 2940
200926-1550-41.png 2941
200926-1550-44.png 2942
200926-1550-48.png 2943
200926-1550-49.png 2944
200926-1550-55.png 2945
200926-1550-56.png 2946
200926-1550-59.png 2947
200926-1550-60.png 2948
200926-1550-63.png 2949
200926-1550-65.png 2950
200926-1550-67.png 2951
200926-1550-68.png 2952
200926-1550-69.png 2953
200926-1550-72.png 2954
200926-1550-81.png 2955
200926-1550-84.png 2956
200926-1617-100.png 2957
200926-1617-103.png 2958
200926-1617-106.png 2959
200926-1617-107.png 2960
200926-1617-109.png 2961
200926-1617-115.png 2962
200926-1617-118.png 2963
200926-1617-119.png 2964
200926-1617-121.png 2965
200926-1617-122.png 2966
200926-1617-125.png 2967
200926-1617-130.png 2968
200926-1617-133.png 2969
200926-1617-134.png 2970
200926-1617-138.png 2971
200926-1617-14.png 2972
200926-1617-142.png 2973
200926-1617-145.png 2974
200926-1617-15.png 2975
200926-1617-150.png 2976
200926-1617-152.png 2977
200926-1617-153.png 2978
200926-1617-156.png 2979
200926-1617-16.png 2980
200926-1617-160.png 2981
200926-1617-161.png 2982
200926-1617-162.png 2983
200926-1617-163.png 2984
200926-1617-167.png 2985
200926-1617-170.png 2986
200926-1617-174.png 2987
200926-1617-175.png 2988
200926-1617-176.png 2989
200926-1617-184.png 2990
200926-1617-185.png 2991
200926-1617-186.png 2992
200926-1617-187.png 2993
200926-1617-188.png 2994
200926-1617-192.png 2995
200926-1617-193.png 2996
200926-1617-194.png 2997
200926-1617-197.png 2998
200926-1617-204.png 2999
200926-1617-209.png 3000
200926-1617-21.png 3001
200926-1617-212.png 3002
200926-1617-214.png 3003
200926-1617-215.png 3004
200926-1617-218.png 3005
200926-1617-220.png 3006
200926-1617-225.png 3007
200926-1617-226.png 3008
200926-1617-231.png 3009
200926-1617-234.png 3010
200926-1617-237.png 3011
200926-1617-239.png 3012
200926-1617-240.png 3013
200926-1617-246.png 3014
200926-1617-250.png 3015
200926-1617-252.png 3016
200926-1617-253.png 3017
200926-1617-26.png 3018
200926-1617-3.png 3019
200926-1617-47.png 3020
200926-1617-48.png 3021
200926-1617-55.png 3022
200926-1617-56.png 3023
200926-1617-57.png 3024
200926-1617-60.png 3025
200926-1617-64.png 3026
200926-1617-71.png 3027
200926-1617-72.png 3028
200926-1617-76.png 3029
200926-1617-82.png 3030
200926-1617-84.png 3031
200926-1617-87.png 3032
200926-1617-88.png 3033
200926-1617-9.png 3034
